Mplus VERSION 8.3
MUTHEN & MUTHEN
05/07/2019  10:09 AM

INPUT INSTRUCTIONS

  TITLE: Political ability equivalence testing SI - configural;

  DATA: FILE = "data4.dat";

  VARIABLE:
  NAMES = idno cntry w6part w5part w5q38 w5q39 w5q40 w5q41 psppsgva actrolga psppipla
       cptppola w5q32 w5q33 w5q34 w5q35 w5q36 w5q37 wrkprty wrkorg badge sgnptit
       pbldmn pstplonl w5q44 w5q46 w5q48 testgc33 testgc34 testgc35 w5q57 w5q58 w5q59
       w6q5 w6q6 w6q7 ppltrst pplfair pplhlp w5q63 w5q64 w5q65 w5q66 sbstrec sbprvpv
       sbeqsoc sbbsntx w6q9 w6q10 w6q11 w6q12 w6q13 w6q14 trstlgl trstplc trstplt
       trstprt trstep trstun comp;

  USEVARIABLES = psppsgva actrolga psppipla
       cptppola w5q38 w5q39 w5q40 w5q41;

  MISSING=.;

  USEOBSERVATIONS ARE w5part EQ 1 AND cntry EQ 3;



   Model:

   phy_ab_ess BY
      psppsgva (a)
      actrolga (b)
      psppipla (c)
      cptppola (d);

   phy_ab_cro BY
      w5q38 (a)
      w5q39 (b)
      w5q40 (c)
      w5q41 (d);

      psppsgva WITH w5q38;
      actrolga WITH w5q39;
      psppipla WITH w5q40;
      cptppola WITH w5q41;


   Output:
      STANDARDIZED(STDYX) MODINDICES(.1) ;



INPUT READING TERMINATED NORMALLY



Political ability equivalence testing SI - configural;

SUMMARY OF ANALYSIS

Number of groups                                                 1
Number of observations                                         615

Number of dependent variables                                    8
Number of independent variables                                  0
Number of continuous latent variables                            2

Observed dependent variables

  Continuous
   PSPPSGVA    ACTROLGA    PSPPIPLA    CPTPPOLA    W5Q38       W5Q39
   W5Q40       W5Q41

Continuous latent variables
   PHY_AB_E    PHY_AB_C


Estimator                                                       ML
Information matrix                                        OBSERVED
Maximum number of iterations                                  1000
Convergence criterion                                    0.500D-04
Maximum number of steepest descent iterations                   20
Maximum number of iterations for H1                           2000
Convergence criterion for H1                             0.100D-03

Input data file(s)
  data4.dat

Input data format  FREE


SUMMARY OF DATA

     Number of missing data patterns            16


COVARIANCE COVERAGE OF DATA

Minimum covariance coverage value   0.100


     PROPORTION OF DATA PRESENT


           Covariance Coverage
              PSPPSGVA      ACTROLGA      PSPPIPLA      CPTPPOLA      W5Q38
              ________      ________      ________      ________      ________
 PSPPSGVA       0.995
 ACTROLGA       0.985         0.989
 PSPPIPLA       0.989         0.984         0.992
 CPTPPOLA       0.982         0.984         0.980         0.985
 W5Q38          0.985         0.979         0.982         0.976         0.990
 W5Q39          0.972         0.969         0.969         0.966         0.977
 W5Q40          0.980         0.974         0.977         0.971         0.985
 W5Q41          0.974         0.971         0.971         0.967         0.979


           Covariance Coverage
              W5Q39         W5Q40         W5Q41
              ________      ________      ________
 W5Q39          0.977
 W5Q40          0.974         0.985
 W5Q41          0.974         0.977         0.979



UNIVARIATE SAMPLE STATISTICS


     UNIVARIATE HIGHER-ORDER MOMENT DESCRIPTIVE STATISTICS

         Variable/         Mean/     Skewness/   Minimum/ % with                Percentiles
        Sample Size      Variance    Kurtosis    Maximum  Min/Max      20%/60%    40%/80%    Median

     PSPPSGVA              1.871       0.748       1.000   34.15%       1.000      2.000      2.000
             612.000       0.606       0.789       5.000    0.65%       2.000      2.000
     ACTROLGA              2.033       0.758       1.000   35.53%       1.000      2.000      2.000
             608.000       0.956       0.184       5.000    2.14%       2.000      3.000
     PSPPIPLA              1.943       0.453       1.000   30.82%       1.000      2.000      2.000
             610.000       0.608      -0.236       5.000    0.16%       2.000      3.000
     CPTPPOLA              2.102       0.695       1.000   30.86%       1.000      2.000      2.000
             606.000       0.933       0.222       5.000    2.31%       2.000      3.000
     W5Q38                 1.882       0.674       1.000   36.95%       1.000      2.000      2.000
             609.000       0.686       0.009       5.000    0.33%       2.000      3.000
     W5Q39                 2.166       0.824       1.000   28.79%       1.000      2.000      2.000
             601.000       1.044       0.475       5.000    4.16%       2.000      3.000
     W5Q40                 1.914       0.855       1.000   33.17%       1.000      2.000      2.000
             606.000       0.676       1.085       5.000    1.16%       2.000      3.000
     W5Q41                 2.040       0.854       1.000   33.55%       1.000      2.000      2.000
             602.000       0.952       0.433       5.000    2.33%       2.000      3.000


THE MODEL ESTIMATION TERMINATED NORMALLY



MODEL FIT INFORMATION

Number of Free Parameters                       26

Loglikelihood

          H0 Value                       -5684.663
          H1 Value                       -5340.390

Information Criteria

          Akaike (AIC)                   11421.326
          Bayesian (BIC)                 11536.288
          Sample-Size Adjusted BIC       11453.743
            (n* = (n + 2) / 24)

Chi-Square Test of Model Fit

          Value                            688.545
          Degrees of Freedom                    18
          P-Value                           0.0000

RMSEA (Root Mean Square Error Of Approximation)

          Estimate                           0.246
          90 Percent C.I.                    0.231  0.262
          Probability RMSEA <= .05           0.000

CFI/TLI

          CFI                                0.650
          TLI                                0.456

Chi-Square Test of Model Fit for the Baseline Model

          Value                           1944.001
          Degrees of Freedom                    28
          P-Value                           0.0000

SRMR (Standardized Root Mean Square Residual)

          Value                              0.152



MODEL RESULTS

                                                    Two-Tailed
                    Estimate       S.E.  Est./S.E.    P-Value

 PHY_AB_E BY
    PSPPSGVA           1.000      0.000    999.000    999.000
    ACTROLGA           0.665      0.065     10.205      0.000
    PSPPIPLA           1.158      0.060     19.213      0.000
    CPTPPOLA           0.661      0.063     10.433      0.000

 PHY_AB_C BY
    W5Q38              1.000      0.000    999.000    999.000
    W5Q39              0.665      0.065     10.205      0.000
    W5Q40              1.158      0.060     19.213      0.000
    W5Q41              0.661      0.063     10.433      0.000

 PHY_AB_C WITH
    PHY_AB_ESS         0.177      0.022      7.948      0.000

 PSPPSGVA WITH
    W5Q38              0.046      0.017      2.675      0.007

 ACTROLGA WITH
    W5Q39              0.430      0.040     10.689      0.000

 PSPPIPLA WITH
    W5Q40             -0.061      0.018     -3.436      0.001

 CPTPPOLA WITH
    W5Q41              0.372      0.037      9.959      0.000

 Intercepts
    PSPPSGVA           1.870      0.032     58.388      0.000
    ACTROLGA           2.028      0.039     52.066      0.000
    PSPPIPLA           1.941      0.032     60.972      0.000
    CPTPPOLA           2.097      0.039     54.409      0.000
    W5Q38              1.881      0.033     56.948      0.000
    W5Q39              2.167      0.042     51.308      0.000
    W5Q40              1.915      0.033     57.774      0.000
    W5Q41              2.036      0.040     50.277      0.000

 Variances
    PHY_AB_ESS         0.309      0.030     10.276      0.000
    PHY_AB_CRO         0.364      0.035     10.371      0.000

 Residual Variances
    PSPPSGVA           0.320      0.025     12.940      0.000
    ACTROLGA           0.789      0.049     16.115      0.000
    PSPPIPLA           0.205      0.028      7.350      0.000
    CPTPPOLA           0.769      0.047     16.192      0.000
    W5Q38              0.301      0.024     12.416      0.000
    W5Q39              0.918      0.055     16.557      0.000
    W5Q40              0.179      0.029      6.079      0.000
    W5Q41              0.833      0.051     16.452      0.000


STANDARDIZED MODEL RESULTS


STDYX Standardization

                                                    Two-Tailed
                    Estimate       S.E.  Est./S.E.    P-Value

 PHY_AB_E BY
    PSPPSGVA           0.701      0.024     28.771      0.000
    ACTROLGA           0.384      0.036     10.604      0.000
    PSPPIPLA           0.818      0.026     31.060      0.000
    CPTPPOLA           0.386      0.036     10.877      0.000

 PHY_AB_C BY
    W5Q38              0.740      0.024     30.936      0.000
    W5Q39              0.386      0.034     11.461      0.000
    W5Q40              0.855      0.026     32.823      0.000
    W5Q41              0.401      0.034     11.884      0.000

 PHY_AB_C WITH
    PHY_AB_ESS         0.527      0.043     12.316      0.000

 PSPPSGVA WITH
    W5Q38              0.148      0.053      2.793      0.005

 ACTROLGA WITH
    W5Q39              0.505      0.032     15.772      0.000

 PSPPIPLA WITH
    W5Q40             -0.317      0.113     -2.811      0.005

 CPTPPOLA WITH
    W5Q41              0.465      0.034     13.751      0.000

 Intercepts
    PSPPSGVA           2.358      0.076     30.862      0.000
    ACTROLGA           2.109      0.070     30.037      0.000
    PSPPIPLA           2.465      0.080     30.946      0.000
    CPTPPOLA           2.206      0.072     30.462      0.000
    W5Q38              2.306      0.075     30.836      0.000
    W5Q39              2.086      0.072     29.106      0.000
    W5Q40              2.343      0.077     30.539      0.000
    W5Q41              2.044      0.071     28.760      0.000

 Variances
    PHY_AB_ESS         1.000      0.000    999.000    999.000
    PHY_AB_CRO         1.000      0.000    999.000    999.000

 Residual Variances
    PSPPSGVA           0.509      0.034     14.900      0.000
    ACTROLGA           0.852      0.028     30.641      0.000
    PSPPIPLA           0.331      0.043      7.697      0.000
    CPTPPOLA           0.851      0.027     30.974      0.000
    W5Q38              0.452      0.035     12.778      0.000
    W5Q39              0.851      0.026     32.688      0.000
    W5Q40              0.268      0.045      6.020      0.000
    W5Q41              0.840      0.027     31.101      0.000


R-SQUARE

    Observed                                        Two-Tailed
    Variable        Estimate       S.E.  Est./S.E.    P-Value

    PSPPSGVA           0.491      0.034     14.385      0.000
    ACTROLGA           0.148      0.028      5.302      0.000
    PSPPIPLA           0.669      0.043     15.530      0.000
    CPTPPOLA           0.149      0.027      5.438      0.000
    W5Q38              0.548      0.035     15.468      0.000
    W5Q39              0.149      0.026      5.730      0.000
    W5Q40              0.732      0.045     16.411      0.000
    W5Q41              0.160      0.027      5.942      0.000


QUALITY OF NUMERICAL RESULTS

     Condition Number for the Information Matrix              0.171E-01
       (ratio of smallest to largest eigenvalue)


MODEL MODIFICATION INDICES

NOTE:  Modification indices for direct effects of observed dependent variables
regressed on covariates may not be included.  To include these, request
MODINDICES (ALL).

Minimum M.I. value for printing the modification index     0.100

                                   M.I.     E.P.C.  Std E.P.C.  StdYX E.P.C.

BY Statements

PHY_AB_E BY PSPPSGVA               5.067    -0.199     -0.111       -0.139
PHY_AB_E BY ACTROLGA               6.551     0.110      0.061        0.064
PHY_AB_E BY PSPPIPLA               1.865    -0.086     -0.048       -0.060
PHY_AB_E BY CPTPPOLA               5.577     0.107      0.059        0.062
PHY_AB_E BY W5Q38                  1.880     0.091      0.051        0.062
PHY_AB_E BY W5Q39                  3.071    -0.128     -0.071       -0.068
PHY_AB_E BY W5Q40                  0.531     0.055      0.031        0.037
PHY_AB_E BY W5Q41                  2.942    -0.123     -0.068       -0.069
PHY_AB_C BY PSPPSGVA               3.361    -0.107     -0.065       -0.082
PHY_AB_C BY ACTROLGA               3.528     0.114      0.069        0.071
PHY_AB_C BY CPTPPOLA               0.927     0.059      0.036        0.038
PHY_AB_C BY W5Q38                  5.066     0.199      0.120        0.147
PHY_AB_C BY W5Q39                  6.555    -0.099     -0.060       -0.057
PHY_AB_C BY W5Q40                  1.866     0.065      0.039        0.048
PHY_AB_C BY W5Q41                  5.579    -0.087     -0.053       -0.053

WITH Statements

ACTROLGA WITH PSPPSGVA             3.416    -0.042     -0.042       -0.083
PSPPIPLA WITH PSPPSGVA            10.813     0.110      0.110        0.428
PSPPIPLA WITH ACTROLGA            14.483    -0.091     -0.091       -0.226
CPTPPOLA WITH PSPPSGVA            13.412    -0.084     -0.084       -0.169
CPTPPOLA WITH ACTROLGA           180.553     0.352      0.352        0.452
CPTPPOLA WITH PSPPIPLA             3.162    -0.043     -0.043       -0.108
W5Q38    WITH ACTROLGA             1.240     0.022      0.022        0.046
W5Q39    WITH PSPPSGVA             0.216    -0.010     -0.010       -0.019
W5Q39    WITH PSPPIPLA             1.266     0.025      0.025        0.058
W5Q39    WITH CPTPPOLA            10.665    -0.092     -0.092       -0.109
W5Q39    WITH W5Q38               23.347    -0.117     -0.117       -0.223
W5Q40    WITH PSPPSGVA             1.925    -0.030     -0.030       -0.127
W5Q40    WITH ACTROLGA             1.439     0.025      0.025        0.065
W5Q40    WITH CPTPPOLA             1.620     0.026      0.026        0.071
W5Q40    WITH W5Q38               87.754     0.355      0.355        1.528
W5Q40    WITH W5Q39               15.026    -0.100     -0.100       -0.246
W5Q41    WITH PSPPSGVA             0.601     0.017      0.017        0.033
W5Q41    WITH ACTROLGA             9.016    -0.081     -0.081       -0.100
W5Q41    WITH W5Q38               13.563    -0.088     -0.088       -0.176
W5Q41    WITH W5Q39              185.310     0.399      0.399        0.456
W5Q41    WITH W5Q40               22.059    -0.120     -0.120       -0.311


DIAGRAM INFORMATION

  Use View Diagram under the Diagram menu in the Mplus Editor to view the diagram.
  If running Mplus from the Mplus Diagrammer, the diagram opens automatically.

  Diagram output
    c:\users\msassac6\dropbox (the university of manchester)\papers\melanie revilla\ess_cronos\mplus\pol_ab_si_metric.dg

     Beginning Time:  10:09:06
        Ending Time:  10:09:06
       Elapsed Time:  00:00:00



MUTHEN & MUTHEN
3463 Stoner Ave.
Los Angeles, CA  90066

Tel: (310) 391-9971
Fax: (310) 391-8971
Web: www.StatModel.com
Support: Support@StatModel.com

Copyright (c) 1998-2019 Muthen & Muthen
