Mplus VERSION 8.3
MUTHEN & MUTHEN
05/07/2019  10:04 AM

INPUT INSTRUCTIONS

  TITLE: Political ability equivalence testing Estonia - configural;

  DATA: FILE = "data4.dat";

  VARIABLE:
  NAMES = idno cntry w6part w5part w5q38 w5q39 w5q40 w5q41 psppsgva actrolga psppipla
       cptppola w5q32 w5q33 w5q34 w5q35 w5q36 w5q37 wrkprty wrkorg badge sgnptit
       pbldmn pstplonl w5q44 w5q46 w5q48 testgc33 testgc34 testgc35 w5q57 w5q58 w5q59
       w6q5 w6q6 w6q7 ppltrst pplfair pplhlp w5q63 w5q64 w5q65 w5q66 sbstrec sbprvpv
       sbeqsoc sbbsntx w6q9 w6q10 w6q11 w6q12 w6q13 w6q14 trstlgl trstplc trstplt
       trstprt trstep trstun comp;

  USEVARIABLES = psppsgva actrolga psppipla
       cptppola w5q38 w5q39 w5q40 w5q41;

  MISSING=.;

  USEOBSERVATIONS ARE w5part EQ 1 AND cntry EQ 1;



   Model:

   phy_ab_ess BY
      psppsgva (a)
      actrolga (b)
      psppipla (c)
      cptppola (d);

   phy_ab_cro BY
      w5q38 (e)
      w5q39 (f)
      w5q40 (g)
      w5q41 (h);

      psppsgva WITH w5q38;
      actrolga WITH w5q39;
      psppipla WITH w5q40;
      cptppola WITH w5q41;


   Output:
      STANDARDIZED(STDYX) MODINDICES(.1) ;



INPUT READING TERMINATED NORMALLY



Political ability equivalence testing Estonia - configural;

SUMMARY OF ANALYSIS

Number of groups                                                 1
Number of observations                                         601

Number of dependent variables                                    8
Number of independent variables                                  0
Number of continuous latent variables                            2

Observed dependent variables

  Continuous
   PSPPSGVA    ACTROLGA    PSPPIPLA    CPTPPOLA    W5Q38       W5Q39
   W5Q40       W5Q41

Continuous latent variables
   PHY_AB_E    PHY_AB_C


Estimator                                                       ML
Information matrix                                        OBSERVED
Maximum number of iterations                                  1000
Convergence criterion                                    0.500D-04
Maximum number of steepest descent iterations                   20
Maximum number of iterations for H1                           2000
Convergence criterion for H1                             0.100D-03

Input data file(s)
  data4.dat

Input data format  FREE


SUMMARY OF DATA

     Number of missing data patterns            10


COVARIANCE COVERAGE OF DATA

Minimum covariance coverage value   0.100


     PROPORTION OF DATA PRESENT


           Covariance Coverage
              PSPPSGVA      ACTROLGA      PSPPIPLA      CPTPPOLA      W5Q38
              ________      ________      ________      ________      ________
 PSPPSGVA       0.995
 ACTROLGA       0.992         0.997
 PSPPIPLA       0.995         0.997         1.000
 CPTPPOLA       0.993         0.995         0.998         0.998
 W5Q38          0.962         0.963         0.967         0.965         0.967
 W5Q39          0.963         0.965         0.968         0.967         0.963
 W5Q40          0.963         0.965         0.968         0.967         0.965
 W5Q41          0.968         0.970         0.973         0.972         0.967


           Covariance Coverage
              W5Q39         W5Q40         W5Q41
              ________      ________      ________
 W5Q39          0.968
 W5Q40          0.965         0.968
 W5Q41          0.968         0.968         0.973



UNIVARIATE SAMPLE STATISTICS


     UNIVARIATE HIGHER-ORDER MOMENT DESCRIPTIVE STATISTICS

         Variable/         Mean/     Skewness/   Minimum/ % with                Percentiles
        Sample Size      Variance    Kurtosis    Maximum  Min/Max      20%/60%    40%/80%    Median

     PSPPSGVA              2.092       0.416       1.000   28.09%       1.000      2.000      2.000
             598.000       0.769      -0.366       5.000    0.50%       2.000      3.000
     ACTROLGA              2.102       0.770       1.000   30.22%       1.000      2.000      2.000
             599.000       0.956       0.234       5.000    2.17%       2.000      3.000
     PSPPIPLA              2.098       0.436       1.000   27.29%       1.000      2.000      2.000
             601.000       0.764      -0.305       5.000    0.50%       2.000      3.000
     CPTPPOLA              1.942       0.893       1.000   36.33%       1.000      2.000      2.000
             600.000       0.832       0.638       5.000    1.50%       2.000      3.000
     W5Q38                 2.098       0.301       1.000   25.99%       1.000      2.000      2.000
             581.000       0.691      -0.330       5.000    0.52%       2.000      3.000
     W5Q39                 2.132       0.775       1.000   28.01%       1.000      2.000      2.000
             582.000       0.946       0.329       5.000    2.41%       2.000      3.000
     W5Q40                 2.014       0.524       1.000   28.35%       1.000      2.000      2.000
             582.000       0.666       0.181       5.000    0.69%       2.000      3.000
     W5Q41                 1.925       0.959       1.000   40.85%       1.000      1.000      2.000
             585.000       0.941       0.552       5.000    2.05%       2.000      3.000


THE MODEL ESTIMATION TERMINATED NORMALLY



MODEL FIT INFORMATION

Number of Free Parameters                       29

Loglikelihood

          H0 Value                       -5463.714
          H1 Value                       -5121.044

Information Criteria

          Akaike (AIC)                   10985.428
          Bayesian (BIC)                 11112.987
          Sample-Size Adjusted BIC       11020.920
            (n* = (n + 2) / 24)

Chi-Square Test of Model Fit

          Value                            685.339
          Degrees of Freedom                    15
          P-Value                           0.0000

RMSEA (Root Mean Square Error Of Approximation)

          Estimate                           0.273
          90 Percent C.I.                    0.255  0.290
          Probability RMSEA <= .05           0.000

CFI/TLI

          CFI                                0.691
          TLI                                0.424

Chi-Square Test of Model Fit for the Baseline Model

          Value                           2200.859
          Degrees of Freedom                    28
          P-Value                           0.0000

SRMR (Standardized Root Mean Square Residual)

          Value                              0.148



MODEL RESULTS

                                                    Two-Tailed
                    Estimate       S.E.  Est./S.E.    P-Value

 PHY_AB_E BY
    PSPPSGVA           1.000      0.000    999.000    999.000
    ACTROLGA           0.823      0.084      9.816      0.000
    PSPPIPLA           1.245      0.080     15.485      0.000
    CPTPPOLA           0.756      0.078      9.732      0.000

 PHY_AB_C BY
    W5Q38              1.000      0.000    999.000    999.000
    W5Q39              0.571      0.067      8.563      0.000
    W5Q40              1.244      0.074     16.878      0.000
    W5Q41              0.604      0.066      9.201      0.000

 PHY_AB_C WITH
    PHY_AB_ESS         0.199      0.025      8.034      0.000

 PSPPSGVA WITH
    W5Q38              0.068      0.019      3.659      0.000

 ACTROLGA WITH
    W5Q39              0.353      0.037      9.629      0.000

 PSPPIPLA WITH
    W5Q40             -0.036      0.018     -1.948      0.051

 CPTPPOLA WITH
    W5Q41              0.334      0.034      9.977      0.000

 Intercepts
    PSPPSGVA           2.090      0.036     58.247      0.000
    ACTROLGA           2.103      0.039     53.370      0.000
    PSPPIPLA           2.098      0.036     58.988      0.000
    CPTPPOLA           1.942      0.036     53.452      0.000
    W5Q38              2.097      0.034     60.971      0.000
    W5Q39              2.132      0.040     52.904      0.000
    W5Q40              2.014      0.034     59.610      0.000
    W5Q41              1.923      0.040     48.184      0.000

 Variances
    PHY_AB_ESS         0.352      0.041      8.562      0.000
    PHY_AB_CRO         0.385      0.039      9.820      0.000

 Residual Variances
    PSPPSGVA           0.419      0.030     14.008      0.000
    ACTROLGA           0.692      0.048     14.359      0.000
    PSPPIPLA           0.215      0.038      5.614      0.000
    CPTPPOLA           0.591      0.042     14.216      0.000
    W5Q38              0.307      0.024     12.866      0.000
    W5Q39              0.826      0.050     16.443      0.000
    W5Q40              0.073      0.032      2.284      0.022
    W5Q41              0.798      0.048     16.456      0.000


STANDARDIZED MODEL RESULTS


STDYX Standardization

                                                    Two-Tailed
                    Estimate       S.E.  Est./S.E.    P-Value

 PHY_AB_E BY
    PSPPSGVA           0.676      0.028     24.361      0.000
    ACTROLGA           0.506      0.040     12.697      0.000
    PSPPIPLA           0.847      0.030     28.031      0.000
    CPTPPOLA           0.504      0.041     12.420      0.000

 PHY_AB_C BY
    W5Q38              0.746      0.024     31.593      0.000
    W5Q39              0.363      0.039      9.262      0.000
    W5Q40              0.944      0.026     36.963      0.000
    W5Q41              0.387      0.038     10.131      0.000

 PHY_AB_C WITH
    PHY_AB_ESS         0.540      0.040     13.335      0.000

 PSPPSGVA WITH
    W5Q38              0.190      0.049      3.888      0.000

 ACTROLGA WITH
    W5Q39              0.466      0.035     13.494      0.000

 PSPPIPLA WITH
    W5Q40             -0.285      0.192     -1.481      0.139

 CPTPPOLA WITH
    W5Q41              0.487      0.033     14.552      0.000

 Intercepts
    PSPPSGVA           2.380      0.080     29.738      0.000
    ACTROLGA           2.179      0.073     29.797      0.000
    PSPPIPLA           2.406      0.080     29.936      0.000
    CPTPPOLA           2.181      0.072     30.131      0.000
    W5Q38              2.521      0.085     29.831      0.000
    W5Q39              2.185      0.076     28.797      0.000
    W5Q40              2.463      0.083     29.630      0.000
    W5Q41              1.986      0.070     28.175      0.000

 Variances
    PHY_AB_ESS         1.000      0.000    999.000    999.000
    PHY_AB_CRO         1.000      0.000    999.000    999.000

 Residual Variances
    PSPPSGVA           0.543      0.037     14.499      0.000
    ACTROLGA           0.744      0.040     18.415      0.000
    PSPPIPLA           0.282      0.051      5.511      0.000
    CPTPPOLA           0.746      0.041     18.249      0.000
    W5Q38              0.444      0.035     12.590      0.000
    W5Q39              0.868      0.028     30.523      0.000
    W5Q40              0.109      0.048      2.264      0.024
    W5Q41              0.850      0.030     28.805      0.000


R-SQUARE

    Observed                                        Two-Tailed
    Variable        Estimate       S.E.  Est./S.E.    P-Value

    PSPPSGVA           0.457      0.037     12.181      0.000
    ACTROLGA           0.256      0.040      6.349      0.000
    PSPPIPLA           0.718      0.051     14.015      0.000
    CPTPPOLA           0.254      0.041      6.210      0.000
    W5Q38              0.556      0.035     15.796      0.000
    W5Q39              0.132      0.028      4.631      0.000
    W5Q40              0.891      0.048     18.481      0.000
    W5Q41              0.150      0.030      5.065      0.000


QUALITY OF NUMERICAL RESULTS

     Condition Number for the Information Matrix              0.787E-02
       (ratio of smallest to largest eigenvalue)


MODEL MODIFICATION INDICES

NOTE:  Modification indices for direct effects of observed dependent variables
regressed on covariates may not be included.  To include these, request
MODINDICES (ALL).

Minimum M.I. value for printing the modification index     0.100

                                   M.I.     E.P.C.  Std E.P.C.  StdYX E.P.C.

BY Statements

PHY_AB_E BY W5Q38                  0.682    -0.061     -0.036       -0.043
PHY_AB_E BY W5Q39                  5.061     0.201      0.119        0.122
PHY_AB_E BY W5Q40                  4.914    -0.197     -0.117       -0.143
PHY_AB_E BY W5Q41                 16.467     0.356      0.211        0.218
PHY_AB_C BY ACTROLGA               0.192    -0.034     -0.021       -0.022

WITH Statements

ACTROLGA WITH PSPPSGVA            25.272    -0.131     -0.131       -0.243
PSPPIPLA WITH PSPPSGVA            90.269     0.355      0.355        1.184
PSPPIPLA WITH ACTROLGA            20.428    -0.138     -0.138       -0.357
CPTPPOLA WITH PSPPSGVA            25.394    -0.119     -0.119       -0.240
CPTPPOLA WITH ACTROLGA           149.061     0.289      0.289        0.452
CPTPPOLA WITH PSPPIPLA            23.757    -0.135     -0.135       -0.380
W5Q38    WITH ACTROLGA             0.285     0.010      0.010        0.022
W5Q38    WITH PSPPIPLA             6.773    -0.064     -0.064       -0.250
W5Q38    WITH CPTPPOLA             2.128     0.025      0.025        0.060
W5Q39    WITH PSPPSGVA             7.021     0.064      0.064        0.109
W5Q39    WITH PSPPIPLA             2.468     0.038      0.038        0.090
W5Q39    WITH CPTPPOLA             8.234    -0.069     -0.069       -0.099
W5Q39    WITH W5Q38               15.653    -0.089     -0.089       -0.176
W5Q40    WITH PSPPSGVA             6.206    -0.061     -0.061       -0.349
W5Q40    WITH W5Q38              168.238     0.787      0.787        5.261
W5Q40    WITH W5Q39               16.034    -0.106     -0.106       -0.432
W5Q41    WITH PSPPSGVA             7.438     0.064      0.064        0.111
W5Q41    WITH ACTROLGA             5.270    -0.059     -0.059       -0.079
W5Q41    WITH PSPPIPLA             7.313     0.064      0.064        0.154
W5Q41    WITH W5Q38               27.927    -0.119     -0.119       -0.240
W5Q41    WITH W5Q39              201.418     0.389      0.389        0.479
W5Q41    WITH W5Q40               11.429    -0.091     -0.091       -0.377


DIAGRAM INFORMATION

  Use View Diagram under the Diagram menu in the Mplus Editor to view the diagram.
  If running Mplus from the Mplus Diagrammer, the diagram opens automatically.

  Diagram output
    c:\users\msassac6\dropbox (the university of manchester)\papers\melanie revilla\ess_cronos\mplus\pol_ab_ee_config.dg

     Beginning Time:  10:04:53
        Ending Time:  10:04:53
       Elapsed Time:  00:00:00



MUTHEN & MUTHEN
3463 Stoner Ave.
Los Angeles, CA  90066

Tel: (310) 391-9971
Fax: (310) 391-8971
Web: www.StatModel.com
Support: Support@StatModel.com

Copyright (c) 1998-2019 Muthen & Muthen
