Mplus VERSION 8.3
MUTHEN & MUTHEN
05/07/2019  10:25 AM

INPUT INSTRUCTIONS

  TITLE: Political participation equivalence testing GB - config;

  DATA: FILE = "data4.dat";

  VARIABLE:
  NAMES = idno cntry w6part w5part w5q38 w5q39 w5q40 w5q41 psppsgva actrolga psppipla
       cptppola w5q32 w5q33 w5q34 w5q35 w5q36 w5q37 wrkprty wrkorg badge sgnptit
       pbldmn pstplonl w5q44 w5q46 w5q48 testgc33 testgc34 testgc35 w5q57 w5q58 w5q59
       w6q5 w6q6 w6q7 ppltrst pplfair pplhlp w5q63 w5q64 w5q65 w5q66 sbstrec sbprvpv
       sbeqsoc sbbsntx w6q9 w6q10 w6q11 w6q12 w6q13 w6q14 trstlgl trstplc trstplt
       trstprt trstep trstun comp;

  USEVARIABLES = wrkprty wrkorg badge sgnptit
       pbldmn pstplonl
       w5q32 w5q33 w5q34 w5q35 w5q36 w5q37;

  CATEGORICAL = wrkprty wrkorg badge sgnptit
       pbldmn pstplonl
       w5q32 w5q33 w5q34 w5q35 w5q36 w5q37;

  MISSING=.;

  USEOBSERVATIONS ARE w5part EQ 1 AND cntry EQ 2;



   Model:

   phy_part_ess BY
      wrkprty
      wrkorg
      badge
      sgnptit
      pbldmn
      pstplonl ;

   phy_part_cro BY
       w5q32
       w5q33
       w5q34
       w5q35
       w5q36
       w5q37 ;


      [wrkprty$1];
      [wrkorg$1];
      [badge$1];
      [sgnptit$1];
      [pbldmn$1];
      [pstplonl$1];

       [w5q32$1];
       [w5q33$1];
       [w5q34$1];
       [w5q35$1];
       [w5q36$1];
       [w5q37$1];



      w5q32 WITH wrkprty;
      w5q33 WITH wrkorg;
      w5q34 WITH badge;
      w5q35 WITH sgnptit;
      w5q36 WITH pbldmn;
      w5q37 WITH pstplonl;


   Output:
      STANDARDIZED(STDYX) MODINDICES(.1) ;



INPUT READING TERMINATED NORMALLY



Political participation equivalence testing GB - config;

SUMMARY OF ANALYSIS

Number of groups                                                 1
Number of observations                                         633

Number of dependent variables                                   12
Number of independent variables                                  0
Number of continuous latent variables                            2

Observed dependent variables

  Binary and ordered categorical (ordinal)
   WRKPRTY     WRKORG      BADGE       SGNPTIT     PBLDMN      PSTPLONL
   W5Q32       W5Q33       W5Q34       W5Q35       W5Q36       W5Q37

Continuous latent variables
   PHY_PART    PHY_PART


Estimator                                                    WLSMV
Maximum number of iterations                                  1000
Convergence criterion                                    0.500D-04
Maximum number of steepest descent iterations                   20
Maximum number of iterations for H1                           2000
Convergence criterion for H1                             0.100D-03
Parameterization                                             DELTA
Link                                                        PROBIT

Input data file(s)
  data4.dat

Input data format  FREE


SUMMARY OF DATA

     Number of missing data patterns             5


COVARIANCE COVERAGE OF DATA

Minimum covariance coverage value   0.100


     PROPORTION OF DATA PRESENT


           Covariance Coverage
              WRKPRTY       WRKORG        BADGE         SGNPTIT       PBLDMN
              ________      ________      ________      ________      ________
 WRKPRTY        1.000
 WRKORG         0.997         0.997
 BADGE          1.000         0.997         1.000
 SGNPTIT        0.998         0.995         0.998         0.998
 PBLDMN         1.000         0.997         1.000         0.998         1.000
 PSTPLONL       1.000         0.997         1.000         0.998         1.000
 W5Q32          0.973         0.970         0.973         0.972         0.973
 W5Q33          0.973         0.970         0.973         0.972         0.973
 W5Q34          0.973         0.970         0.973         0.972         0.973
 W5Q35          0.975         0.972         0.975         0.973         0.975
 W5Q36          0.975         0.972         0.975         0.973         0.975
 W5Q37          0.975         0.972         0.975         0.973         0.975


           Covariance Coverage
              PSTPLONL      W5Q32         W5Q33         W5Q34         W5Q35
              ________      ________      ________      ________      ________
 PSTPLONL       1.000
 W5Q32          0.973         0.973
 W5Q33          0.973         0.973         0.973
 W5Q34          0.973         0.973         0.973         0.973
 W5Q35          0.975         0.973         0.973         0.973         0.975
 W5Q36          0.975         0.973         0.973         0.973         0.975
 W5Q37          0.975         0.973         0.973         0.973         0.975


           Covariance Coverage
              W5Q36         W5Q37
              ________      ________
 W5Q36          0.975
 W5Q37          0.975         0.975


UNIVARIATE PROPORTIONS AND COUNTS FOR CATEGORICAL VARIABLES

    WRKPRTY
      Category 1    0.052           33.000
      Category 2    0.948          600.000
    WRKORG
      Category 1    0.109           69.000
      Category 2    0.891          562.000
    BADGE
      Category 1    0.115           73.000
      Category 2    0.885          560.000
    SGNPTIT
      Category 1    0.568          359.000
      Category 2    0.432          273.000
    PBLDMN
      Category 1    0.060           38.000
      Category 2    0.940          595.000
    PSTPLONL
      Category 1    0.362          229.000
      Category 2    0.638          404.000
    W5Q32
      Category 1    0.054           33.000
      Category 2    0.946          583.000
    W5Q33
      Category 1    0.169          104.000
      Category 2    0.831          512.000
    W5Q34
      Category 1    0.149           92.000
      Category 2    0.851          524.000
    W5Q35
      Category 1    0.558          344.000
      Category 2    0.442          273.000
    W5Q36
      Category 1    0.057           35.000
      Category 2    0.943          582.000
    W5Q37
      Category 1    0.301          186.000
      Category 2    0.699          431.000



THE MODEL ESTIMATION TERMINATED NORMALLY



MODEL FIT INFORMATION

Number of Free Parameters                       31

Chi-Square Test of Model Fit

          Value                            113.869*
          Degrees of Freedom                    47
          P-Value                           0.0000

*   The chi-square value for MLM, MLMV, MLR, ULSMV, WLSM and WLSMV cannot be used
    for chi-square difference testing in the regular way.  MLM, MLR and WLSM
    chi-square difference testing is described on the Mplus website.  MLMV, WLSMV,
    and ULSMV difference testing is done using the DIFFTEST option.

RMSEA (Root Mean Square Error Of Approximation)

          Estimate                           0.047
          90 Percent C.I.                    0.036  0.059
          Probability RMSEA <= .05           0.633

CFI/TLI

          CFI                                0.969
          TLI                                0.957

Chi-Square Test of Model Fit for the Baseline Model

          Value                           2257.724
          Degrees of Freedom                    66
          P-Value                           0.0000

SRMR (Standardized Root Mean Square Residual)

          Value                              0.092

Optimum Function Value for Weighted Least-Squares Estimator

          Value                     0.72957052D-01



MODEL RESULTS

                                                    Two-Tailed
                    Estimate       S.E.  Est./S.E.    P-Value

 PHY_PART BY
    WRKPRTY            1.000      0.000    999.000    999.000
    WRKORG             0.798      0.120      6.671      0.000
    BADGE              0.938      0.125      7.522      0.000
    SGNPTIT            0.975      0.142      6.848      0.000
    PBLDMN             0.840      0.144      5.825      0.000
    PSTPLONL           0.936      0.118      7.955      0.000

 PHY_PART BY
    W5Q32              1.000      0.000    999.000    999.000
    W5Q33              0.679      0.108      6.268      0.000
    W5Q34              1.018      0.120      8.506      0.000
    W5Q35              0.910      0.131      6.971      0.000
    W5Q36              1.066      0.140      7.635      0.000
    W5Q37              0.901      0.105      8.601      0.000

 PHY_PART WITH
    PHY_PART_E         0.455      0.082      5.567      0.000

 W5Q32    WITH
    WRKPRTY            0.379      0.080      4.717      0.000

 W5Q33    WITH
    WRKORG             0.391      0.073      5.396      0.000

 W5Q34    WITH
    BADGE              0.298      0.070      4.222      0.000

 W5Q35    WITH
    SGNPTIT            0.314      0.073      4.293      0.000

 W5Q36    WITH
    PBLDMN             0.360      0.078      4.598      0.000

 W5Q37    WITH
    PSTPLONL           0.443      0.058      7.584      0.000

 Thresholds
    WRKPRTY$1         -1.625      0.083    -19.604      0.000
    WRKORG$1          -1.230      0.066    -18.537      0.000
    BADGE$1           -1.199      0.065    -18.364      0.000
    SGNPTIT$1          0.171      0.050      3.419      0.001
    PBLDMN$1          -1.555      0.079    -19.621      0.000
    PSTPLONL$1        -0.354      0.051     -6.941      0.000
    W5Q32$1           -1.611      0.083    -19.348      0.000
    W5Q33$1           -0.959      0.060    -16.004      0.000
    W5Q34$1           -1.039      0.062    -16.823      0.000
    W5Q35$1            0.145      0.051      2.857      0.004
    W5Q36$1           -1.583      0.082    -19.375      0.000
    W5Q37$1           -0.520      0.053     -9.812      0.000

 Variances
    PHY_PART_E         0.524      0.106      4.921      0.000
    PHY_PART_C         0.574      0.110      5.191      0.000


STANDARDIZED MODEL RESULTS


STDYX Standardization

                                                    Two-Tailed
                    Estimate       S.E.  Est./S.E.    P-Value

 PHY_PART BY
    WRKPRTY            0.724      0.074      9.842      0.000
    WRKORG             0.577      0.069      8.323      0.000
    BADGE              0.679      0.063     10.698      0.000
    SGNPTIT            0.706      0.064     11.045      0.000
    PBLDMN             0.608      0.080      7.645      0.000
    PSTPLONL           0.677      0.052     12.949      0.000

 PHY_PART BY
    W5Q32              0.757      0.073     10.382      0.000
    W5Q33              0.515      0.066      7.825      0.000
    W5Q34              0.771      0.052     14.726      0.000
    W5Q35              0.690      0.064     10.704      0.000
    W5Q36              0.807      0.059     13.705      0.000
    W5Q37              0.682      0.053     12.914      0.000

 PHY_PART WITH
    PHY_PART_E         0.830      0.037     22.265      0.000

 W5Q32    WITH
    WRKPRTY            0.842      0.113      7.445      0.000

 W5Q33    WITH
    WRKORG             0.559      0.087      6.458      0.000

 W5Q34    WITH
    BADGE              0.636      0.106      6.001      0.000

 W5Q35    WITH
    SGNPTIT            0.613      0.079      7.760      0.000

 W5Q36    WITH
    PBLDMN             0.768      0.130      5.913      0.000

 W5Q37    WITH
    PSTPLONL           0.824      0.056     14.610      0.000

 Thresholds
    WRKPRTY$1         -1.625      0.083    -19.604      0.000
    WRKORG$1          -1.230      0.066    -18.537      0.000
    BADGE$1           -1.199      0.065    -18.364      0.000
    SGNPTIT$1          0.171      0.050      3.419      0.001
    PBLDMN$1          -1.555      0.079    -19.621      0.000
    PSTPLONL$1        -0.354      0.051     -6.941      0.000
    W5Q32$1           -1.611      0.083    -19.348      0.000
    W5Q33$1           -0.959      0.060    -16.004      0.000
    W5Q34$1           -1.039      0.062    -16.823      0.000
    W5Q35$1            0.145      0.051      2.857      0.004
    W5Q36$1           -1.583      0.082    -19.375      0.000
    W5Q37$1           -0.520      0.053     -9.812      0.000

 Variances
    PHY_PART_E         1.000      0.000    999.000    999.000
    PHY_PART_C         1.000      0.000    999.000    999.000


R-SQUARE

    Observed                                        Two-Tailed   Residual
    Variable        Estimate       S.E.  Est./S.E.    P-Value    Variance

    WRKPRTY            0.524      0.106      4.921      0.000      0.476
    WRKORG             0.333      0.080      4.161      0.000      0.667
    BADGE              0.461      0.086      5.349      0.000      0.539
    SGNPTIT            0.498      0.090      5.523      0.000      0.502
    PBLDMN             0.369      0.097      3.823      0.000      0.631
    PSTPLONL           0.459      0.071      6.475      0.000      0.541
    W5Q32              0.574      0.110      5.191      0.000      0.426
    W5Q33              0.265      0.068      3.913      0.000      0.735
    W5Q34              0.594      0.081      7.363      0.000      0.406
    W5Q35              0.475      0.089      5.352      0.000      0.525
    W5Q36              0.652      0.095      6.852      0.000      0.348
    W5Q37              0.466      0.072      6.457      0.000      0.534


QUALITY OF NUMERICAL RESULTS

     Condition Number for the Information Matrix              0.468E-02
       (ratio of smallest to largest eigenvalue)


MODEL MODIFICATION INDICES

NOTE:  Modification indices for direct effects of observed dependent variables
regressed on covariates and residual covariances among observed dependent
variables may not be included.  To include these, request MODINDICES (ALL).

Minimum M.I. value for printing the modification index     0.100

                                   M.I.     E.P.C.  Std E.P.C.  StdYX E.P.C.

BY Statements

PHY_PART BY W5Q32                  0.346    -0.232     -0.168       -0.168
PHY_PART BY W5Q34                  0.673    -0.281     -0.203       -0.203
PHY_PART BY W5Q35                  0.595    -0.252     -0.183       -0.183
PHY_PART BY W5Q36                  2.199     0.582      0.421        0.421
PHY_PART BY W5Q37                  0.648     0.256      0.185        0.185
PHY_PART BY WRKORG                 1.141    -0.342     -0.259       -0.259
PHY_PART BY BADGE                  0.386     0.211      0.159        0.159
PHY_PART BY SGNPTIT                1.429     0.388      0.293        0.293
PHY_PART BY PBLDMN                 0.347    -0.223     -0.169       -0.169

WITH Statements

WRKORG   WITH WRKPRTY              8.957     0.271      0.271        0.481
BADGE    WITH WRKPRTY              5.196     0.209      0.209        0.412
BADGE    WITH WRKORG               0.377    -0.059     -0.059       -0.099
SGNPTIT  WITH WRKPRTY              8.760    -0.329     -0.329       -0.673
SGNPTIT  WITH WRKORG               2.204    -0.131     -0.131       -0.226
SGNPTIT  WITH BADGE                1.375    -0.101     -0.101       -0.195
PBLDMN   WITH WRKPRTY              0.165    -0.051     -0.051       -0.093
PBLDMN   WITH WRKORG               0.889     0.097      0.097        0.150
PSTPLONL WITH WRKPRTY              3.600    -0.197     -0.197       -0.388
PSTPLONL WITH BADGE                1.982    -0.118     -0.118       -0.218
PSTPLONL WITH SGNPTIT              6.166     0.167      0.167        0.320
W5Q32    WITH WRKORG               5.937     0.229      0.229        0.430
W5Q32    WITH SGNPTIT              6.427    -0.274     -0.274       -0.592
W5Q32    WITH PBLDMN               0.482     0.082      0.082        0.158
W5Q32    WITH PSTPLONL             2.026    -0.145     -0.145       -0.302
W5Q33    WITH WRKPRTY              0.666     0.083      0.083        0.140
W5Q33    WITH BADGE                1.736     0.111      0.111        0.176
W5Q33    WITH PBLDMN               6.063    -0.292     -0.292       -0.430
W5Q33    WITH W5Q32                3.028     0.162      0.162        0.290
W5Q34    WITH WRKPRTY              1.795     0.125      0.125        0.283
W5Q34    WITH WRKORG               0.727    -0.079     -0.079       -0.152
W5Q34    WITH SGNPTIT              1.203    -0.087     -0.087       -0.194
W5Q34    WITH PBLDMN               0.852    -0.100     -0.100       -0.198
W5Q34    WITH W5Q32                5.932     0.206      0.206        0.496
W5Q34    WITH W5Q33                0.125     0.029      0.029        0.053
W5Q35    WITH WRKPRTY              2.824    -0.179     -0.179       -0.358
W5Q35    WITH WRKORG               3.087    -0.151     -0.151       -0.256
W5Q35    WITH BADGE                0.637    -0.068     -0.068       -0.127
W5Q35    WITH PBLDMN               0.241     0.049      0.049        0.086
W5Q35    WITH PSTPLONL             2.362     0.099      0.099        0.186
W5Q35    WITH W5Q32                8.415    -0.318     -0.318       -0.671
W5Q35    WITH W5Q34                0.411    -0.051     -0.051       -0.110
W5Q36    WITH WRKPRTY              0.117     0.039      0.039        0.095
W5Q36    WITH WRKORG               0.213    -0.052     -0.052       -0.107
W5Q36    WITH BADGE                0.806     0.088      0.088        0.203
W5Q36    WITH SGNPTIT              4.923     0.227      0.227        0.543
W5Q36    WITH PSTPLONL             0.429    -0.064     -0.064       -0.146
W5Q36    WITH W5Q32                0.198     0.046      0.046        0.119
W5Q36    WITH W5Q33                4.759    -0.249     -0.249       -0.492
W5Q36    WITH W5Q34                0.210    -0.044     -0.044       -0.116
W5Q36    WITH W5Q35                1.839     0.142      0.142        0.331
W5Q37    WITH WRKPRTY              2.413    -0.161     -0.161       -0.319
W5Q37    WITH WRKORG               1.361    -0.100     -0.100       -0.167
W5Q37    WITH SGNPTIT              7.279     0.173      0.173        0.335
W5Q37    WITH PBLDMN               0.150     0.037      0.037        0.064
W5Q37    WITH W5Q32                2.892    -0.173     -0.173       -0.363
W5Q37    WITH W5Q34                0.416    -0.050     -0.050       -0.107
W5Q37    WITH W5Q35                5.733     0.158      0.158        0.299
W5Q37    WITH W5Q36                3.420    -0.185     -0.185       -0.429


DIAGRAM INFORMATION

  Use View Diagram under the Diagram menu in the Mplus Editor to view the diagram.
  If running Mplus from the Mplus Diagrammer, the diagram opens automatically.

  Diagram output
    c:\users\msassac6\dropbox (the university of manchester)\papers\melanie revilla\ess_cronos\mplus\pol_part_gb_config.

     Beginning Time:  10:25:57
        Ending Time:  10:25:57
       Elapsed Time:  00:00:00



MUTHEN & MUTHEN
3463 Stoner Ave.
Los Angeles, CA  90066

Tel: (310) 391-9971
Fax: (310) 391-8971
Web: www.StatModel.com
Support: Support@StatModel.com

Copyright (c) 1998-2019 Muthen & Muthen
