Mplus VERSION 8.3
MUTHEN & MUTHEN
05/07/2019  10:05 AM

INPUT INSTRUCTIONS

  TITLE: Political ability equivalence testing Estonia - configural;

  DATA: FILE = "data4.dat";

  VARIABLE:
  NAMES = idno cntry w6part w5part w5q38 w5q39 w5q40 w5q41 psppsgva actrolga psppipla
       cptppola w5q32 w5q33 w5q34 w5q35 w5q36 w5q37 wrkprty wrkorg badge sgnptit
       pbldmn pstplonl w5q44 w5q46 w5q48 testgc33 testgc34 testgc35 w5q57 w5q58 w5q59
       w6q5 w6q6 w6q7 ppltrst pplfair pplhlp w5q63 w5q64 w5q65 w5q66 sbstrec sbprvpv
       sbeqsoc sbbsntx w6q9 w6q10 w6q11 w6q12 w6q13 w6q14 trstlgl trstplc trstplt
       trstprt trstep trstun comp;

  USEVARIABLES = psppsgva actrolga psppipla
       cptppola w5q38 w5q39 w5q40 w5q41;

  MISSING=.;

  USEOBSERVATIONS ARE w5part EQ 1 AND cntry EQ 1;



   Model:

   phy_ab_ess BY
      psppsgva (a)
      actrolga (b)
      psppipla (c)
      cptppola (d);

   phy_ab_cro BY
      w5q38 (a)
      w5q39 (b)
      w5q40 (c)
      w5q41 (d);

      psppsgva WITH w5q38;
      actrolga WITH w5q39;
      psppipla WITH w5q40;
      cptppola WITH w5q41;


   Output:
      STANDARDIZED(STDYX) MODINDICES(.1) ;



INPUT READING TERMINATED NORMALLY



Political ability equivalence testing Estonia - configural;

SUMMARY OF ANALYSIS

Number of groups                                                 1
Number of observations                                         601

Number of dependent variables                                    8
Number of independent variables                                  0
Number of continuous latent variables                            2

Observed dependent variables

  Continuous
   PSPPSGVA    ACTROLGA    PSPPIPLA    CPTPPOLA    W5Q38       W5Q39
   W5Q40       W5Q41

Continuous latent variables
   PHY_AB_E    PHY_AB_C


Estimator                                                       ML
Information matrix                                        OBSERVED
Maximum number of iterations                                  1000
Convergence criterion                                    0.500D-04
Maximum number of steepest descent iterations                   20
Maximum number of iterations for H1                           2000
Convergence criterion for H1                             0.100D-03

Input data file(s)
  data4.dat

Input data format  FREE


SUMMARY OF DATA

     Number of missing data patterns            10


COVARIANCE COVERAGE OF DATA

Minimum covariance coverage value   0.100


     PROPORTION OF DATA PRESENT


           Covariance Coverage
              PSPPSGVA      ACTROLGA      PSPPIPLA      CPTPPOLA      W5Q38
              ________      ________      ________      ________      ________
 PSPPSGVA       0.995
 ACTROLGA       0.992         0.997
 PSPPIPLA       0.995         0.997         1.000
 CPTPPOLA       0.993         0.995         0.998         0.998
 W5Q38          0.962         0.963         0.967         0.965         0.967
 W5Q39          0.963         0.965         0.968         0.967         0.963
 W5Q40          0.963         0.965         0.968         0.967         0.965
 W5Q41          0.968         0.970         0.973         0.972         0.967


           Covariance Coverage
              W5Q39         W5Q40         W5Q41
              ________      ________      ________
 W5Q39          0.968
 W5Q40          0.965         0.968
 W5Q41          0.968         0.968         0.973



UNIVARIATE SAMPLE STATISTICS


     UNIVARIATE HIGHER-ORDER MOMENT DESCRIPTIVE STATISTICS

         Variable/         Mean/     Skewness/   Minimum/ % with                Percentiles
        Sample Size      Variance    Kurtosis    Maximum  Min/Max      20%/60%    40%/80%    Median

     PSPPSGVA              2.092       0.416       1.000   28.09%       1.000      2.000      2.000
             598.000       0.769      -0.366       5.000    0.50%       2.000      3.000
     ACTROLGA              2.102       0.770       1.000   30.22%       1.000      2.000      2.000
             599.000       0.956       0.234       5.000    2.17%       2.000      3.000
     PSPPIPLA              2.098       0.436       1.000   27.29%       1.000      2.000      2.000
             601.000       0.764      -0.305       5.000    0.50%       2.000      3.000
     CPTPPOLA              1.942       0.893       1.000   36.33%       1.000      2.000      2.000
             600.000       0.832       0.638       5.000    1.50%       2.000      3.000
     W5Q38                 2.098       0.301       1.000   25.99%       1.000      2.000      2.000
             581.000       0.691      -0.330       5.000    0.52%       2.000      3.000
     W5Q39                 2.132       0.775       1.000   28.01%       1.000      2.000      2.000
             582.000       0.946       0.329       5.000    2.41%       2.000      3.000
     W5Q40                 2.014       0.524       1.000   28.35%       1.000      2.000      2.000
             582.000       0.666       0.181       5.000    0.69%       2.000      3.000
     W5Q41                 1.925       0.959       1.000   40.85%       1.000      1.000      2.000
             585.000       0.941       0.552       5.000    2.05%       2.000      3.000


THE MODEL ESTIMATION TERMINATED NORMALLY



MODEL FIT INFORMATION

Number of Free Parameters                       26

Loglikelihood

          H0 Value                       -5468.974
          H1 Value                       -5121.044

Information Criteria

          Akaike (AIC)                   10989.948
          Bayesian (BIC)                 11104.311
          Sample-Size Adjusted BIC       11021.768
            (n* = (n + 2) / 24)

Chi-Square Test of Model Fit

          Value                            695.859
          Degrees of Freedom                    18
          P-Value                           0.0000

RMSEA (Root Mean Square Error Of Approximation)

          Estimate                           0.250
          90 Percent C.I.                    0.235  0.266
          Probability RMSEA <= .05           0.000

CFI/TLI

          CFI                                0.688
          TLI                                0.515

Chi-Square Test of Model Fit for the Baseline Model

          Value                           2200.859
          Degrees of Freedom                    28
          P-Value                           0.0000

SRMR (Standardized Root Mean Square Residual)

          Value                              0.150



MODEL RESULTS

                                                    Two-Tailed
                    Estimate       S.E.  Est./S.E.    P-Value

 PHY_AB_E BY
    PSPPSGVA           1.000      0.000    999.000    999.000
    ACTROLGA           0.681      0.058     11.747      0.000
    PSPPIPLA           1.242      0.058     21.374      0.000
    CPTPPOLA           0.665      0.055     12.036      0.000

 PHY_AB_C BY
    W5Q38              1.000      0.000    999.000    999.000
    W5Q39              0.681      0.058     11.747      0.000
    W5Q40              1.242      0.058     21.374      0.000
    W5Q41              0.665      0.055     12.036      0.000

 PHY_AB_C WITH
    PHY_AB_ESS         0.206      0.025      8.227      0.000

 PSPPSGVA WITH
    W5Q38              0.068      0.019      3.621      0.000

 ACTROLGA WITH
    W5Q39              0.357      0.037      9.682      0.000

 PSPPIPLA WITH
    W5Q40             -0.041      0.018     -2.248      0.025

 CPTPPOLA WITH
    W5Q41              0.339      0.034     10.086      0.000

 Intercepts
    PSPPSGVA           2.090      0.036     57.321      0.000
    ACTROLGA           2.103      0.039     54.170      0.000
    PSPPIPLA           2.098      0.036     58.613      0.000
    CPTPPOLA           1.941      0.036     53.647      0.000
    W5Q38              2.097      0.034     61.733      0.000
    W5Q39              2.132      0.041     51.927      0.000
    W5Q40              2.014      0.034     59.951      0.000
    W5Q41              1.924      0.040     47.895      0.000

 Variances
    PHY_AB_ESS         0.384      0.036     10.569      0.000
    PHY_AB_CRO         0.368      0.034     10.766      0.000

 Residual Variances
    PSPPSGVA           0.412      0.029     14.059      0.000
    ACTROLGA           0.725      0.046     15.643      0.000
    PSPPIPLA           0.178      0.033      5.302      0.000
    CPTPPOLA           0.616      0.040     15.486      0.000
    W5Q38              0.307      0.022     13.714      0.000
    W5Q39              0.818      0.050     16.219      0.000
    W5Q40              0.093      0.028      3.288      0.001
    W5Q41              0.787      0.048     16.301      0.000


STANDARDIZED MODEL RESULTS


STDYX Standardization

                                                    Two-Tailed
                    Estimate       S.E.  Est./S.E.    P-Value

 PHY_AB_E BY
    PSPPSGVA           0.695      0.023     30.604      0.000
    ACTROLGA           0.444      0.036     12.440      0.000
    PSPPIPLA           0.877      0.024     36.036      0.000
    CPTPPOLA           0.465      0.036     13.050      0.000

 PHY_AB_C BY
    W5Q38              0.739      0.022     34.270      0.000
    W5Q39              0.416      0.032     12.901      0.000
    W5Q40              0.927      0.023     39.934      0.000
    W5Q41              0.414      0.032     12.969      0.000

 PHY_AB_C WITH
    PHY_AB_ESS         0.547      0.040     13.623      0.000

 PSPPSGVA WITH
    W5Q38              0.192      0.050      3.855      0.000

 ACTROLGA WITH
    W5Q39              0.463      0.034     13.512      0.000

 PSPPIPLA WITH
    W5Q40             -0.319      0.186     -1.716      0.086

 CPTPPOLA WITH
    W5Q41              0.487      0.033     14.671      0.000

 Intercepts
    PSPPSGVA           2.342      0.076     30.938      0.000
    ACTROLGA           2.212      0.072     30.739      0.000
    PSPPIPLA           2.391      0.079     30.330      0.000
    CPTPPOLA           2.189      0.071     30.633      0.000
    W5Q38              2.552      0.082     31.305      0.000
    W5Q39              2.144      0.074     29.022      0.000
    W5Q40              2.477      0.082     30.077      0.000
    W5Q41              1.974      0.069     28.745      0.000

 Variances
    PHY_AB_ESS         1.000      0.000    999.000    999.000
    PHY_AB_CRO         1.000      0.000    999.000    999.000

 Residual Variances
    PSPPSGVA           0.517      0.032     16.406      0.000
    ACTROLGA           0.803      0.032     25.280      0.000
    PSPPIPLA           0.231      0.043      5.398      0.000
    CPTPPOLA           0.784      0.033     23.653      0.000
    W5Q38              0.454      0.032     14.269      0.000
    W5Q39              0.827      0.027     30.831      0.000
    W5Q40              0.141      0.043      3.265      0.001
    W5Q41              0.828      0.026     31.309      0.000


R-SQUARE

    Observed                                        Two-Tailed
    Variable        Estimate       S.E.  Est./S.E.    P-Value

    PSPPSGVA           0.483      0.032     15.302      0.000
    ACTROLGA           0.197      0.032      6.220      0.000
    PSPPIPLA           0.769      0.043     18.018      0.000
    CPTPPOLA           0.216      0.033      6.525      0.000
    W5Q38              0.546      0.032     17.135      0.000
    W5Q39              0.173      0.027      6.451      0.000
    W5Q40              0.859      0.043     19.967      0.000
    W5Q41              0.172      0.026      6.485      0.000


QUALITY OF NUMERICAL RESULTS

     Condition Number for the Information Matrix              0.171E-01
       (ratio of smallest to largest eigenvalue)


MODEL MODIFICATION INDICES

NOTE:  Modification indices for direct effects of observed dependent variables
regressed on covariates may not be included.  To include these, request
MODINDICES (ALL).

Minimum M.I. value for printing the modification index     0.100

                                   M.I.     E.P.C.  Std E.P.C.  StdYX E.P.C.

BY Statements

PHY_AB_E BY PSPPSGVA               2.246    -0.116     -0.072       -0.081
PHY_AB_E BY ACTROLGA               6.331     0.089      0.055        0.058
PHY_AB_E BY PSPPIPLA               1.151    -0.056     -0.035       -0.039
PHY_AB_E BY CPTPPOLA               1.092     0.032      0.020        0.022
PHY_AB_E BY W5Q40                  0.505    -0.044     -0.027       -0.033
PHY_AB_E BY W5Q41                  3.736     0.115      0.071        0.073
PHY_AB_C BY PSPPSGVA               0.791    -0.052     -0.032       -0.035
PHY_AB_C BY ACTROLGA               2.890     0.100      0.060        0.064
PHY_AB_C BY PSPPIPLA               1.145    -0.072     -0.044       -0.050
PHY_AB_C BY CPTPPOLA               1.512     0.066      0.040        0.045
PHY_AB_C BY W5Q38                  2.246     0.116      0.070        0.086
PHY_AB_C BY W5Q39                  6.334    -0.099     -0.060       -0.060
PHY_AB_C BY W5Q40                  1.152     0.049      0.030        0.037
PHY_AB_C BY W5Q41                  1.093    -0.041     -0.025       -0.026

WITH Statements

ACTROLGA WITH PSPPSGVA            14.642    -0.093     -0.093       -0.170
PSPPIPLA WITH PSPPSGVA            28.847     0.194      0.194        0.717
PSPPIPLA WITH ACTROLGA             6.422    -0.066     -0.066       -0.183
CPTPPOLA WITH PSPPSGVA            16.084    -0.091     -0.091       -0.180
CPTPPOLA WITH ACTROLGA           145.360     0.281      0.281        0.421
CPTPPOLA WITH PSPPIPLA            10.928    -0.081     -0.081       -0.245
W5Q38    WITH ACTROLGA             0.482     0.013      0.013        0.028
W5Q38    WITH PSPPIPLA             6.352    -0.056     -0.056       -0.239
W5Q38    WITH CPTPPOLA             2.683     0.029      0.029        0.067
W5Q39    WITH PSPPSGVA             6.164     0.059      0.059        0.102
W5Q39    WITH PSPPIPLA             0.377     0.014      0.014        0.037
W5Q39    WITH CPTPPOLA             9.604    -0.075     -0.075       -0.106
W5Q39    WITH W5Q38               21.744    -0.104     -0.104       -0.208
W5Q40    WITH PSPPSGVA             8.531    -0.065     -0.065       -0.334
W5Q40    WITH ACTROLGA             1.067     0.020      0.020        0.076
W5Q40    WITH CPTPPOLA             0.541     0.013      0.013        0.054
W5Q40    WITH W5Q38              127.789     0.394      0.394        2.333
W5Q40    WITH W5Q39               24.927    -0.119     -0.119       -0.432
W5Q41    WITH PSPPSGVA             6.230     0.057      0.057        0.101
W5Q41    WITH ACTROLGA             5.527    -0.060     -0.060       -0.080
W5Q41    WITH PSPPIPLA             3.700     0.043      0.043        0.116
W5Q41    WITH W5Q38               32.904    -0.123     -0.123       -0.251
W5Q41    WITH W5Q39              203.932     0.390      0.390        0.486
W5Q41    WITH W5Q40               15.694    -0.091     -0.091       -0.335


DIAGRAM INFORMATION

  Use View Diagram under the Diagram menu in the Mplus Editor to view the diagram.
  If running Mplus from the Mplus Diagrammer, the diagram opens automatically.

  Diagram output
    c:\users\msassac6\dropbox (the university of manchester)\papers\melanie revilla\ess_cronos\mplus\pol_ab_ee_metric.dg

     Beginning Time:  10:05:02
        Ending Time:  10:05:03
       Elapsed Time:  00:00:01



MUTHEN & MUTHEN
3463 Stoner Ave.
Los Angeles, CA  90066

Tel: (310) 391-9971
Fax: (310) 391-8971
Web: www.StatModel.com
Support: Support@StatModel.com

Copyright (c) 1998-2019 Muthen & Muthen
