Mplus VERSION 8.3
MUTHEN & MUTHEN
05/07/2019  10:07 AM

INPUT INSTRUCTIONS

  TITLE: Political ability equivalence testing GB - configural;

  DATA: FILE = "data4.dat";

  VARIABLE:
  NAMES = idno cntry w6part w5part w5q38 w5q39 w5q40 w5q41 psppsgva actrolga psppipla
       cptppola w5q32 w5q33 w5q34 w5q35 w5q36 w5q37 wrkprty wrkorg badge sgnptit
       pbldmn pstplonl w5q44 w5q46 w5q48 testgc33 testgc34 testgc35 w5q57 w5q58 w5q59
       w6q5 w6q6 w6q7 ppltrst pplfair pplhlp w5q63 w5q64 w5q65 w5q66 sbstrec sbprvpv
       sbeqsoc sbbsntx w6q9 w6q10 w6q11 w6q12 w6q13 w6q14 trstlgl trstplc trstplt
       trstprt trstep trstun comp;

  USEVARIABLES = psppsgva actrolga psppipla
       cptppola w5q38 w5q39 w5q40 w5q41;

  MISSING=.;

  USEOBSERVATIONS ARE w5part EQ 1 AND cntry EQ 2;



   Model:

   phy_ab_ess BY
      psppsgva (a)
      actrolga (b)
      psppipla (c)
      cptppola (d);

   phy_ab_cro BY
      w5q38 (e)
      w5q39 (f)
      w5q40 (g)
      w5q41 (h);

      psppsgva WITH w5q38;
      actrolga WITH w5q39;
      psppipla WITH w5q40;
      cptppola WITH w5q41;


   Output:
      STANDARDIZED(STDYX) MODINDICES(.1) ;



INPUT READING TERMINATED NORMALLY



Political ability equivalence testing GB - configural;

SUMMARY OF ANALYSIS

Number of groups                                                 1
Number of observations                                         633

Number of dependent variables                                    8
Number of independent variables                                  0
Number of continuous latent variables                            2

Observed dependent variables

  Continuous
   PSPPSGVA    ACTROLGA    PSPPIPLA    CPTPPOLA    W5Q38       W5Q39
   W5Q40       W5Q41

Continuous latent variables
   PHY_AB_E    PHY_AB_C


Estimator                                                       ML
Information matrix                                        OBSERVED
Maximum number of iterations                                  1000
Convergence criterion                                    0.500D-04
Maximum number of steepest descent iterations                   20
Maximum number of iterations for H1                           2000
Convergence criterion for H1                             0.100D-03

Input data file(s)
  data4.dat

Input data format  FREE


SUMMARY OF DATA

     Number of missing data patterns             8


COVARIANCE COVERAGE OF DATA

Minimum covariance coverage value   0.100


     PROPORTION OF DATA PRESENT


           Covariance Coverage
              PSPPSGVA      ACTROLGA      PSPPIPLA      CPTPPOLA      W5Q38
              ________      ________      ________      ________      ________
 PSPPSGVA       0.995
 ACTROLGA       0.992         0.997
 PSPPIPLA       0.989         0.991         0.992
 CPTPPOLA       0.994         0.997         0.991         0.998
 W5Q38          0.968         0.970         0.965         0.972         0.973
 W5Q39          0.965         0.967         0.962         0.968         0.970
 W5Q40          0.968         0.970         0.965         0.972         0.973
 W5Q41          0.968         0.970         0.965         0.972         0.973


           Covariance Coverage
              W5Q39         W5Q40         W5Q41
              ________      ________      ________
 W5Q39          0.970
 W5Q40          0.970         0.973
 W5Q41          0.970         0.973         0.973



UNIVARIATE SAMPLE STATISTICS


     UNIVARIATE HIGHER-ORDER MOMENT DESCRIPTIVE STATISTICS

         Variable/         Mean/     Skewness/   Minimum/ % with                Percentiles
        Sample Size      Variance    Kurtosis    Maximum  Min/Max      20%/60%    40%/80%    Median

     PSPPSGVA              2.590       0.394       1.000    6.35%       2.000      2.000      3.000
             630.000       0.670       0.293       5.000    1.90%       3.000      3.000
     ACTROLGA              2.534       0.389       1.000   20.44%       1.000      2.000      2.000
             631.000       1.273      -0.518       5.000    6.18%       3.000      3.000
     PSPPIPLA              2.454       0.345       1.000   10.99%       2.000      2.000      2.000
             628.000       0.710       0.157       5.000    1.43%       3.000      3.000
     CPTPPOLA              2.547       0.315       1.000   20.89%       1.000      2.000      3.000
             632.000       1.267      -0.585       5.000    5.70%       3.000      3.000
     W5Q38                 2.536       0.400       1.000    9.09%       2.000      2.000      3.000
             616.000       0.726       0.414       5.000    2.44%       3.000      3.000
     W5Q39                 2.476       0.407       1.000   21.17%       1.000      2.000      2.000
             614.000       1.194      -0.416       5.000    5.05%       3.000      3.000
     W5Q40                 2.362       0.270       1.000   13.64%       2.000      2.000      2.000
             616.000       0.673       0.107       5.000    0.97%       3.000      3.000
     W5Q41                 2.315       0.562       1.000   25.65%       1.000      2.000      2.000
             616.000       1.131      -0.163       5.000    4.22%       3.000      3.000


THE MODEL ESTIMATION TERMINATED NORMALLY



MODEL FIT INFORMATION

Number of Free Parameters                       29

Loglikelihood

          H0 Value                       -6138.577
          H1 Value                       -5913.566

Information Criteria

          Akaike (AIC)                   12335.153
          Bayesian (BIC)                 12464.217
          Sample-Size Adjusted BIC       12372.145
            (n* = (n + 2) / 24)

Chi-Square Test of Model Fit

          Value                            450.021
          Degrees of Freedom                    15
          P-Value                           0.0000

RMSEA (Root Mean Square Error Of Approximation)

          Estimate                           0.214
          90 Percent C.I.                    0.197  0.231
          Probability RMSEA <= .05           0.000

CFI/TLI

          CFI                                0.767
          TLI                                0.564

Chi-Square Test of Model Fit for the Baseline Model

          Value                           1891.489
          Degrees of Freedom                    28
          P-Value                           0.0000

SRMR (Standardized Root Mean Square Residual)

          Value                              0.132



MODEL RESULTS

                                                    Two-Tailed
                    Estimate       S.E.  Est./S.E.    P-Value

 PHY_AB_E BY
    PSPPSGVA           1.000      0.000    999.000    999.000
    ACTROLGA           0.858      0.093      9.259      0.000
    PSPPIPLA           1.240      0.096     12.972      0.000
    CPTPPOLA           0.623      0.086      7.252      0.000

 PHY_AB_C BY
    W5Q38              1.000      0.000    999.000    999.000
    W5Q39              0.713      0.074      9.670      0.000
    W5Q40              1.187      0.082     14.425      0.000
    W5Q41              0.452      0.067      6.752      0.000

 PHY_AB_C WITH
    PHY_AB_ESS         0.211      0.025      8.299      0.000

 PSPPSGVA WITH
    W5Q38              0.085      0.019      4.403      0.000

 ACTROLGA WITH
    W5Q39              0.443      0.047      9.351      0.000

 PSPPIPLA WITH
    W5Q40             -0.034      0.021     -1.598      0.110

 CPTPPOLA WITH
    W5Q41              0.651      0.052     12.617      0.000

 Intercepts
    PSPPSGVA           2.587      0.033     79.371      0.000
    ACTROLGA           2.532      0.045     56.062      0.000
    PSPPIPLA           2.453      0.034     73.141      0.000
    CPTPPOLA           2.546      0.045     56.982      0.000
    W5Q38              2.538      0.034     74.228      0.000
    W5Q39              2.478      0.044     56.172      0.000
    W5Q40              2.364      0.033     71.776      0.000
    W5Q41              2.316      0.042     54.644      0.000

 Variances
    PHY_AB_ESS         0.316      0.037      8.482      0.000
    PHY_AB_CRO         0.391      0.042      9.335      0.000

 Residual Variances
    PSPPSGVA           0.354      0.028     12.630      0.000
    ACTROLGA           1.056      0.064     16.481      0.000
    PSPPIPLA           0.222      0.037      5.933      0.000
    CPTPPOLA           1.140      0.067     17.012      0.000
    W5Q38              0.333      0.029     11.639      0.000
    W5Q39              1.004      0.061     16.595      0.000
    W5Q40              0.121      0.036      3.414      0.001
    W5Q41              1.038      0.060     17.291      0.000


STANDARDIZED MODEL RESULTS


STDYX Standardization

                                                    Two-Tailed
                    Estimate       S.E.  Est./S.E.    P-Value

 PHY_AB_E BY
    PSPPSGVA           0.687      0.030     23.072      0.000
    ACTROLGA           0.425      0.038     11.317      0.000
    PSPPIPLA           0.829      0.033     25.384      0.000
    CPTPPOLA           0.312      0.040      7.875      0.000

 PHY_AB_C BY
    W5Q38              0.734      0.027     27.104      0.000
    W5Q39              0.406      0.038     10.758      0.000
    W5Q40              0.905      0.030     30.509      0.000
    W5Q41              0.267      0.038      7.058      0.000

 PHY_AB_C WITH
    PHY_AB_ESS         0.601      0.038     16.013      0.000

 PSPPSGVA WITH
    W5Q38              0.247      0.049      5.036      0.000

 ACTROLGA WITH
    W5Q39              0.430      0.035     12.359      0.000

 PSPPIPLA WITH
    W5Q40             -0.205      0.155     -1.322      0.186

 CPTPPOLA WITH
    W5Q41              0.598      0.026     22.650      0.000

 Intercepts
    PSPPSGVA           3.160      0.097     32.445      0.000
    ACTROLGA           2.231      0.074     29.979      0.000
    PSPPIPLA           2.914      0.091     31.933      0.000
    CPTPPOLA           2.266      0.074     30.512      0.000
    W5Q38              2.983      0.093     31.907      0.000
    W5Q39              2.259      0.076     29.854      0.000
    W5Q40              2.884      0.091     31.609      0.000
    W5Q41              2.191      0.073     29.988      0.000

 Variances
    PHY_AB_ESS         1.000      0.000    999.000    999.000
    PHY_AB_CRO         1.000      0.000    999.000    999.000

 Residual Variances
    PSPPSGVA           0.528      0.041     12.906      0.000
    ACTROLGA           0.819      0.032     25.636      0.000
    PSPPIPLA           0.314      0.054      5.798      0.000
    CPTPPOLA           0.903      0.025     36.554      0.000
    W5Q38              0.461      0.040     11.569      0.000
    W5Q39              0.835      0.031     27.229      0.000
    W5Q40              0.181      0.054      3.369      0.001
    W5Q41              0.929      0.020     45.850      0.000


R-SQUARE

    Observed                                        Two-Tailed
    Variable        Estimate       S.E.  Est./S.E.    P-Value

    PSPPSGVA           0.472      0.041     11.536      0.000
    ACTROLGA           0.181      0.032      5.659      0.000
    PSPPIPLA           0.686      0.054     12.692      0.000
    CPTPPOLA           0.097      0.025      3.938      0.000
    W5Q38              0.539      0.040     13.552      0.000
    W5Q39              0.165      0.031      5.379      0.000
    W5Q40              0.819      0.054     15.255      0.000
    W5Q41              0.071      0.020      3.529      0.000


QUALITY OF NUMERICAL RESULTS

     Condition Number for the Information Matrix              0.600E-02
       (ratio of smallest to largest eigenvalue)


MODEL MODIFICATION INDICES

NOTE:  Modification indices for direct effects of observed dependent variables
regressed on covariates may not be included.  To include these, request
MODINDICES (ALL).

Minimum M.I. value for printing the modification index     0.100

                                   M.I.     E.P.C.  Std E.P.C.  StdYX E.P.C.

BY Statements

PHY_AB_E BY W5Q38                  0.337     0.059      0.033        0.039
PHY_AB_E BY W5Q39                  2.291    -0.172     -0.097       -0.088
PHY_AB_E BY W5Q41                  0.155     0.042      0.024        0.022
PHY_AB_C BY PSPPSGVA               0.159     0.036      0.022        0.027
PHY_AB_C BY ACTROLGA               1.405    -0.122     -0.076       -0.067
PHY_AB_C BY CPTPPOLA               0.798     0.087      0.055        0.049

WITH Statements

ACTROLGA WITH PSPPSGVA            12.247    -0.106     -0.106       -0.173
PSPPIPLA WITH PSPPSGVA            25.276     0.221      0.221        0.788
PSPPIPLA WITH ACTROLGA             0.866    -0.034     -0.034       -0.069
CPTPPOLA WITH PSPPSGVA             4.928    -0.056     -0.056       -0.089
CPTPPOLA WITH ACTROLGA            95.577     0.334      0.334        0.304
CPTPPOLA WITH PSPPIPLA            18.954    -0.129     -0.129       -0.256
W5Q38    WITH ACTROLGA             1.761    -0.032     -0.032       -0.054
W5Q38    WITH PSPPIPLA             1.214     0.031      0.031        0.113
W5Q38    WITH CPTPPOLA             0.861     0.020      0.020        0.033
W5Q39    WITH PSPPSGVA             3.882     0.048      0.048        0.081
W5Q39    WITH PSPPIPLA             6.897    -0.069     -0.069       -0.147
W5Q39    WITH CPTPPOLA             1.441    -0.039     -0.039       -0.037
W5Q39    WITH W5Q38                1.767    -0.038     -0.038       -0.066
W5Q40    WITH PSPPSGVA             1.331    -0.030     -0.030       -0.146
W5Q40    WITH ACTROLGA             1.473     0.030      0.030        0.084
W5Q40    WITH CPTPPOLA             0.146     0.008      0.008        0.023
W5Q40    WITH W5Q38               21.354     0.266      0.266        1.322
W5Q40    WITH W5Q39                5.162    -0.076     -0.076       -0.217
W5Q41    WITH PSPPSGVA             0.386     0.014      0.014        0.023
W5Q41    WITH ACTROLGA            12.428    -0.113     -0.113       -0.108
W5Q41    WITH PSPPIPLA             2.535     0.037      0.037        0.078
W5Q41    WITH W5Q38               14.470    -0.085     -0.085       -0.144
W5Q41    WITH W5Q39              125.785     0.349      0.349        0.342
W5Q41    WITH W5Q40                4.018    -0.050     -0.050       -0.141


DIAGRAM INFORMATION

  Use View Diagram under the Diagram menu in the Mplus Editor to view the diagram.
  If running Mplus from the Mplus Diagrammer, the diagram opens automatically.

  Diagram output
    c:\users\msassac6\dropbox (the university of manchester)\papers\melanie revilla\ess_cronos\mplus\pol_ab_gb_config.dg

     Beginning Time:  10:07:25
        Ending Time:  10:07:25
       Elapsed Time:  00:00:00



MUTHEN & MUTHEN
3463 Stoner Ave.
Los Angeles, CA  90066

Tel: (310) 391-9971
Fax: (310) 391-8971
Web: www.StatModel.com
Support: Support@StatModel.com

Copyright (c) 1998-2019 Muthen & Muthen
