Mplus VERSION 8.3
MUTHEN & MUTHEN
05/08/2019   8:40 AM

INPUT INSTRUCTIONS

  TITLE: Political ability equivalence testing SI - configural;

  DATA: FILE = "data4.dat";

  VARIABLE:
  NAMES = idno cntry w6part w5part w5q38 w5q39 w5q40 w5q41 psppsgva actrolga psppipla
       cptppola w5q32 w5q33 w5q34 w5q35 w5q36 w5q37 wrkprty wrkorg badge sgnptit
       pbldmn pstplonl w5q44 w5q46 w5q48 testgc33 testgc34 testgc35 w5q57 w5q58 w5q59
       w6q5 w6q6 w6q7 ppltrst pplfair pplhlp w5q63 w5q64 w5q65 w5q66 sbstrec sbprvpv
       sbeqsoc sbbsntx w6q9 w6q10 w6q11 w6q12 w6q13 w6q14 trstlgl trstplc trstplt
       trstprt trstep trstun comp;

  USEVARIABLES = psppsgva actrolga psppipla
       cptppola w5q38 w5q39 w5q40 w5q41;

  MISSING=.;

  USEOBSERVATIONS ARE w5part EQ 1 AND cntry EQ 3;



   Model:

   phy_ab_ess BY
      psppsgva (a)
      actrolga
      psppipla (c)
      cptppola ;

   phy_ab_cro BY
      w5q38 (a)
      w5q39 (b)
      w5q40 (c)
      w5q41 (d);


      [psppsgva] (e);
      [actrolga] (f);
      [psppipla] (g);
      [cptppola] (h);

      [w5q38] (e);
      [w5q39] (f);
      [w5q40] (g);
      [w5q41] (h);



      psppsgva WITH w5q38;
      actrolga WITH w5q39;
      psppipla WITH w5q40;
      cptppola WITH w5q41;


   Output:
      STANDARDIZED(STDYX) MODINDICES(.1) ;



INPUT READING TERMINATED NORMALLY



Political ability equivalence testing SI - configural;

SUMMARY OF ANALYSIS

Number of groups                                                 1
Number of observations                                         615

Number of dependent variables                                    8
Number of independent variables                                  0
Number of continuous latent variables                            2

Observed dependent variables

  Continuous
   PSPPSGVA    ACTROLGA    PSPPIPLA    CPTPPOLA    W5Q38       W5Q39
   W5Q40       W5Q41

Continuous latent variables
   PHY_AB_E    PHY_AB_C


Estimator                                                       ML
Information matrix                                        OBSERVED
Maximum number of iterations                                  1000
Convergence criterion                                    0.500D-04
Maximum number of steepest descent iterations                   20
Maximum number of iterations for H1                           2000
Convergence criterion for H1                             0.100D-03

Input data file(s)
  data4.dat

Input data format  FREE


SUMMARY OF DATA

     Number of missing data patterns            16


COVARIANCE COVERAGE OF DATA

Minimum covariance coverage value   0.100


     PROPORTION OF DATA PRESENT


           Covariance Coverage
              PSPPSGVA      ACTROLGA      PSPPIPLA      CPTPPOLA      W5Q38
              ________      ________      ________      ________      ________
 PSPPSGVA       0.995
 ACTROLGA       0.985         0.989
 PSPPIPLA       0.989         0.984         0.992
 CPTPPOLA       0.982         0.984         0.980         0.985
 W5Q38          0.985         0.979         0.982         0.976         0.990
 W5Q39          0.972         0.969         0.969         0.966         0.977
 W5Q40          0.980         0.974         0.977         0.971         0.985
 W5Q41          0.974         0.971         0.971         0.967         0.979


           Covariance Coverage
              W5Q39         W5Q40         W5Q41
              ________      ________      ________
 W5Q39          0.977
 W5Q40          0.974         0.985
 W5Q41          0.974         0.977         0.979



UNIVARIATE SAMPLE STATISTICS


     UNIVARIATE HIGHER-ORDER MOMENT DESCRIPTIVE STATISTICS

         Variable/         Mean/     Skewness/   Minimum/ % with                Percentiles
        Sample Size      Variance    Kurtosis    Maximum  Min/Max      20%/60%    40%/80%    Median

     PSPPSGVA              1.871       0.748       1.000   34.15%       1.000      2.000      2.000
             612.000       0.606       0.789       5.000    0.65%       2.000      2.000
     ACTROLGA              2.033       0.758       1.000   35.53%       1.000      2.000      2.000
             608.000       0.956       0.184       5.000    2.14%       2.000      3.000
     PSPPIPLA              1.943       0.453       1.000   30.82%       1.000      2.000      2.000
             610.000       0.608      -0.236       5.000    0.16%       2.000      3.000
     CPTPPOLA              2.102       0.695       1.000   30.86%       1.000      2.000      2.000
             606.000       0.933       0.222       5.000    2.31%       2.000      3.000
     W5Q38                 1.882       0.674       1.000   36.95%       1.000      2.000      2.000
             609.000       0.686       0.009       5.000    0.33%       2.000      3.000
     W5Q39                 2.166       0.824       1.000   28.79%       1.000      2.000      2.000
             601.000       1.044       0.475       5.000    4.16%       2.000      3.000
     W5Q40                 1.914       0.855       1.000   33.17%       1.000      2.000      2.000
             606.000       0.676       1.085       5.000    1.16%       2.000      3.000
     W5Q41                 2.040       0.854       1.000   33.55%       1.000      2.000      2.000
             602.000       0.952       0.433       5.000    2.33%       2.000      3.000


THE MODEL ESTIMATION TERMINATED NORMALLY



MODEL FIT INFORMATION

Number of Free Parameters                       24

Loglikelihood

          H0 Value                       -5683.753
          H1 Value                       -5340.390

Information Criteria

          Akaike (AIC)                   11415.507
          Bayesian (BIC)                 11521.625
          Sample-Size Adjusted BIC       11445.430
            (n* = (n + 2) / 24)

Chi-Square Test of Model Fit

          Value                            686.726
          Degrees of Freedom                    20
          P-Value                           0.0000

RMSEA (Root Mean Square Error Of Approximation)

          Estimate                           0.233
          90 Percent C.I.                    0.218  0.248
          Probability RMSEA <= .05           0.000

CFI/TLI

          CFI                                0.652
          TLI                                0.513

Chi-Square Test of Model Fit for the Baseline Model

          Value                           1944.001
          Degrees of Freedom                    28
          P-Value                           0.0000

SRMR (Standardized Root Mean Square Residual)

          Value                              0.148



MODEL RESULTS

                                                    Two-Tailed
                    Estimate       S.E.  Est./S.E.    P-Value

 PHY_AB_E BY
    PSPPSGVA           1.000      0.000    999.000    999.000
    ACTROLGA           0.905      0.115      7.900      0.000
    PSPPIPLA           1.147      0.059     19.311      0.000
    CPTPPOLA           0.894      0.112      7.963      0.000

 PHY_AB_C BY
    W5Q38              1.000      0.000    999.000    999.000
    W5Q39              0.550      0.071      7.769      0.000
    W5Q40              1.147      0.059     19.311      0.000
    W5Q41              0.557      0.068      8.154      0.000

 PHY_AB_C WITH
    PHY_AB_ESS         0.170      0.022      7.686      0.000

 PSPPSGVA WITH
    W5Q38              0.044      0.017      2.661      0.008

 ACTROLGA WITH
    W5Q39              0.419      0.040     10.484      0.000

 PSPPIPLA WITH
    W5Q40             -0.053      0.018     -2.995      0.003

 CPTPPOLA WITH
    W5Q41              0.365      0.037      9.840      0.000

 Intercepts
    PSPPSGVA           1.883      0.026     71.553      0.000
    ACTROLGA           2.086      0.035     58.794      0.000
    PSPPIPLA           1.934      0.026     75.362      0.000
    CPTPPOLA           2.077      0.034     61.027      0.000
    W5Q38              1.883      0.026     71.553      0.000
    W5Q39              2.086      0.035     58.794      0.000
    W5Q40              1.934      0.026     75.362      0.000
    W5Q41              2.077      0.034     61.027      0.000

 Variances
    PHY_AB_ESS         0.268      0.031      8.507      0.000
    PHY_AB_CRO         0.394      0.037     10.652      0.000

 Residual Variances
    PSPPSGVA           0.336      0.027     12.553      0.000
    ACTROLGA           0.734      0.054     13.491      0.000
    PSPPIPLA           0.256      0.034      7.573      0.000
    CPTPPOLA           0.716      0.052     13.698      0.000
    W5Q38              0.293      0.025     11.602      0.000
    W5Q39              0.938      0.056     16.725      0.000
    W5Q40              0.162      0.030      5.414      0.000
    W5Q41              0.845      0.051     16.717      0.000


STANDARDIZED MODEL RESULTS


STDYX Standardization

                                                    Two-Tailed
                    Estimate       S.E.  Est./S.E.    P-Value

 PHY_AB_E BY
    PSPPSGVA           0.666      0.031     21.817      0.000
    ACTROLGA           0.480      0.046     10.339      0.000
    PSPPIPLA           0.761      0.035     21.484      0.000
    CPTPPOLA           0.480      0.046     10.516      0.000

 PHY_AB_C BY
    W5Q38              0.758      0.023     32.481      0.000
    W5Q39              0.336      0.040      8.502      0.000
    W5Q40              0.873      0.025     34.646      0.000
    W5Q41              0.356      0.039      9.009      0.000

 PHY_AB_C WITH
    PHY_AB_ESS         0.523      0.043     12.206      0.000

 PSPPSGVA WITH
    W5Q38              0.142      0.051      2.765      0.006

 ACTROLGA WITH
    W5Q39              0.506      0.033     15.409      0.000

 PSPPIPLA WITH
    W5Q40             -0.261      0.104     -2.510      0.012

 CPTPPOLA WITH
    W5Q41              0.470      0.034     13.671      0.000

 Intercepts
    PSPPSGVA           2.423      0.074     32.780      0.000
    ACTROLGA           2.136      0.068     31.563      0.000
    PSPPIPLA           2.479      0.076     32.828      0.000
    CPTPPOLA           2.153      0.071     30.192      0.000
    W5Q38              2.272      0.071     32.151      0.000
    W5Q39              2.029      0.071     28.606      0.000
    W5Q40              2.344      0.073     32.317      0.000
    W5Q41              2.111      0.069     30.764      0.000

 Variances
    PHY_AB_ESS         1.000      0.000    999.000    999.000
    PHY_AB_CRO         1.000      0.000    999.000    999.000

 Residual Variances
    PSPPSGVA           0.556      0.041     13.682      0.000
    ACTROLGA           0.770      0.045     17.300      0.000
    PSPPIPLA           0.421      0.054      7.795      0.000
    CPTPPOLA           0.770      0.044     17.600      0.000
    W5Q38              0.426      0.035     12.062      0.000
    W5Q39              0.887      0.027     33.436      0.000
    W5Q40              0.238      0.044      5.396      0.000
    W5Q41              0.874      0.028     31.120      0.000


R-SQUARE

    Observed                                        Two-Tailed
    Variable        Estimate       S.E.  Est./S.E.    P-Value

    PSPPSGVA           0.444      0.041     10.908      0.000
    ACTROLGA           0.230      0.045      5.169      0.000
    PSPPIPLA           0.579      0.054     10.742      0.000
    CPTPPOLA           0.230      0.044      5.258      0.000
    W5Q38              0.574      0.035     16.241      0.000
    W5Q39              0.113      0.027      4.251      0.000
    W5Q40              0.762      0.044     17.323      0.000
    W5Q41              0.126      0.028      4.504      0.000


QUALITY OF NUMERICAL RESULTS

     Condition Number for the Information Matrix              0.459E-02
       (ratio of smallest to largest eigenvalue)


MODEL MODIFICATION INDICES

NOTE:  Modification indices for direct effects of observed dependent variables
regressed on covariates may not be included.  To include these, request
MODINDICES (ALL).

Minimum M.I. value for printing the modification index     0.100

                                   M.I.     E.P.C.  Std E.P.C.  StdYX E.P.C.

BY Statements

PHY_AB_E BY W5Q39                  0.249     0.056      0.029        0.028
PHY_AB_E BY W5Q40                  0.154    -0.033     -0.017       -0.021
PHY_AB_C BY ACTROLGA               0.447    -0.055     -0.035       -0.035
PHY_AB_C BY PSPPIPLA               1.881     0.089      0.056        0.071
PHY_AB_C BY CPTPPOLA               3.140    -0.145     -0.091       -0.094

WITH Statements

ACTROLGA WITH PSPPSGVA            13.118    -0.086     -0.086       -0.174
PSPPIPLA WITH PSPPSGVA            90.639     0.301      0.301        1.028
PSPPIPLA WITH ACTROLGA            41.734    -0.173     -0.173       -0.399
CPTPPOLA WITH PSPPSGVA            30.027    -0.131     -0.131       -0.267
CPTPPOLA WITH ACTROLGA           179.890     0.360      0.360        0.496
CPTPPOLA WITH PSPPIPLA            16.578    -0.109     -0.109       -0.254
W5Q38    WITH ACTROLGA             0.306     0.011      0.011        0.024
W5Q38    WITH CPTPPOLA             0.133    -0.007     -0.007       -0.016
W5Q39    WITH PSPPIPLA             5.337     0.055      0.055        0.112
W5Q39    WITH CPTPPOLA             6.638    -0.072     -0.072       -0.088
W5Q39    WITH W5Q38               13.806    -0.088     -0.088       -0.167
W5Q40    WITH PSPPSGVA             0.101    -0.007     -0.007       -0.030
W5Q40    WITH W5Q38               77.096     0.616      0.616        2.833
W5Q40    WITH W5Q39                5.157    -0.061     -0.061       -0.156
W5Q41    WITH PSPPSGVA             1.021     0.023      0.023        0.042
W5Q41    WITH ACTROLGA             5.233    -0.062     -0.062       -0.078
W5Q41    WITH PSPPIPLA             0.857     0.021      0.021        0.046
W5Q41    WITH W5Q38                7.422    -0.064     -0.064       -0.128
W5Q41    WITH W5Q39              168.069     0.383      0.383        0.430
W5Q41    WITH W5Q40                9.233    -0.081     -0.081       -0.219

Means/Intercepts/Thresholds

[ ACTROLGA ]                      14.556    -0.066     -0.066       -0.067
[ PSPPIPLA ]                       1.382     0.019      0.019        0.025
[ CPTPPOLA ]                       3.289     0.034      0.034        0.035
[ W5Q39    ]                      14.556     0.083      0.083        0.081
[ W5Q40    ]                       1.381    -0.022     -0.022       -0.027
[ W5Q41    ]                       3.289    -0.037     -0.037       -0.037
[ PHY_AB_E ]                       0.212    -0.012     -0.024       -0.024


DIAGRAM INFORMATION

  Use View Diagram under the Diagram menu in the Mplus Editor to view the diagram.
  If running Mplus from the Mplus Diagrammer, the diagram opens automatically.

  Diagram output
    c:\users\msassac6\dropbox (the university of manchester)\papers\melanie revilla\ess_cronos\mplus\pol_ab_si_scalar20.

     Beginning Time:  08:40:29
        Ending Time:  08:40:29
       Elapsed Time:  00:00:00



MUTHEN & MUTHEN
3463 Stoner Ave.
Los Angeles, CA  90066

Tel: (310) 391-9971
Fax: (310) 391-8971
Web: www.StatModel.com
Support: Support@StatModel.com

Copyright (c) 1998-2019 Muthen & Muthen
