Mplus VERSION 8.3
MUTHEN & MUTHEN
05/08/2019   8:53 AM

INPUT INSTRUCTIONS

  TITLE: Political participation equivalence testing GB - scalar;

  DATA: FILE = "data4.dat";

  VARIABLE:
  NAMES = idno cntry w6part w5part w5q38 w5q39 w5q40 w5q41 psppsgva actrolga psppipla
       cptppola w5q32 w5q33 w5q34 w5q35 w5q36 w5q37 wrkprty wrkorg badge sgnptit
       pbldmn pstplonl w5q44 w5q46 w5q48 testgc33 testgc34 testgc35 w5q57 w5q58 w5q59
       w6q5 w6q6 w6q7 ppltrst pplfair pplhlp w5q63 w5q64 w5q65 w5q66 sbstrec sbprvpv
       sbeqsoc sbbsntx w6q9 w6q10 w6q11 w6q12 w6q13 w6q14 trstlgl trstplc trstplt
       trstprt trstep trstun comp;

  USEVARIABLES = wrkprty wrkorg badge sgnptit
       pbldmn pstplonl
       w5q32 w5q33 w5q34 w5q35 w5q36 w5q37;

  CATEGORICAL = wrkprty wrkorg badge sgnptit
       pbldmn pstplonl
       w5q32 w5q33 w5q34 w5q35 w5q36 w5q37;

  MISSING=.;

  USEOBSERVATIONS ARE w5part EQ 1 AND cntry EQ 2;



   Model:

   phy_part_ess BY
      wrkprty (a)
      wrkorg (b)
      badge (c)
      sgnptit (d)
      pbldmn
      pstplonl (f);

   phy_part_cro BY
       w5q32 (a)
       w5q33 (b)
       w5q34 (c)
       w5q35 (d)
       w5q36 (e)
       w5q37 (f);


      [wrkprty$1] (g);
      [wrkorg$1] ;
      [badge$1] (i);
      [sgnptit$1] (j);
      [pbldmn$1] (k);
      [pstplonl$1] ;

       [w5q32$1] (g);
       [w5q33$1] (h);
       [w5q34$1] (i);
       [w5q35$1] (j);
       [w5q36$1] (k);
       [w5q37$1] (l);



      w5q32 WITH wrkprty;
      w5q33 WITH wrkorg;
      w5q34 WITH badge;
      w5q35 WITH sgnptit;
      w5q36 WITH pbldmn;
      w5q37 WITH pstplonl;


   Output:
      STANDARDIZED(STDYX) MODINDICES(.1) ;



INPUT READING TERMINATED NORMALLY



Political participation equivalence testing GB - scalar;

SUMMARY OF ANALYSIS

Number of groups                                                 1
Number of observations                                         633

Number of dependent variables                                   12
Number of independent variables                                  0
Number of continuous latent variables                            2

Observed dependent variables

  Binary and ordered categorical (ordinal)
   WRKPRTY     WRKORG      BADGE       SGNPTIT     PBLDMN      PSTPLONL
   W5Q32       W5Q33       W5Q34       W5Q35       W5Q36       W5Q37

Continuous latent variables
   PHY_PART    PHY_PART


Estimator                                                    WLSMV
Maximum number of iterations                                  1000
Convergence criterion                                    0.500D-04
Maximum number of steepest descent iterations                   20
Maximum number of iterations for H1                           2000
Convergence criterion for H1                             0.100D-03
Parameterization                                             DELTA
Link                                                        PROBIT

Input data file(s)
  data4.dat

Input data format  FREE


SUMMARY OF DATA

     Number of missing data patterns             5


COVARIANCE COVERAGE OF DATA

Minimum covariance coverage value   0.100


     PROPORTION OF DATA PRESENT


           Covariance Coverage
              WRKPRTY       WRKORG        BADGE         SGNPTIT       PBLDMN
              ________      ________      ________      ________      ________
 WRKPRTY        1.000
 WRKORG         0.997         0.997
 BADGE          1.000         0.997         1.000
 SGNPTIT        0.998         0.995         0.998         0.998
 PBLDMN         1.000         0.997         1.000         0.998         1.000
 PSTPLONL       1.000         0.997         1.000         0.998         1.000
 W5Q32          0.973         0.970         0.973         0.972         0.973
 W5Q33          0.973         0.970         0.973         0.972         0.973
 W5Q34          0.973         0.970         0.973         0.972         0.973
 W5Q35          0.975         0.972         0.975         0.973         0.975
 W5Q36          0.975         0.972         0.975         0.973         0.975
 W5Q37          0.975         0.972         0.975         0.973         0.975


           Covariance Coverage
              PSTPLONL      W5Q32         W5Q33         W5Q34         W5Q35
              ________      ________      ________      ________      ________
 PSTPLONL       1.000
 W5Q32          0.973         0.973
 W5Q33          0.973         0.973         0.973
 W5Q34          0.973         0.973         0.973         0.973
 W5Q35          0.975         0.973         0.973         0.973         0.975
 W5Q36          0.975         0.973         0.973         0.973         0.975
 W5Q37          0.975         0.973         0.973         0.973         0.975


           Covariance Coverage
              W5Q36         W5Q37
              ________      ________
 W5Q36          0.975
 W5Q37          0.975         0.975


UNIVARIATE PROPORTIONS AND COUNTS FOR CATEGORICAL VARIABLES

    WRKPRTY
      Category 1    0.052           33.000
      Category 2    0.948          600.000
    WRKORG
      Category 1    0.109           69.000
      Category 2    0.891          562.000
    BADGE
      Category 1    0.115           73.000
      Category 2    0.885          560.000
    SGNPTIT
      Category 1    0.568          359.000
      Category 2    0.432          273.000
    PBLDMN
      Category 1    0.060           38.000
      Category 2    0.940          595.000
    PSTPLONL
      Category 1    0.362          229.000
      Category 2    0.638          404.000
    W5Q32
      Category 1    0.054           33.000
      Category 2    0.946          583.000
    W5Q33
      Category 1    0.169          104.000
      Category 2    0.831          512.000
    W5Q34
      Category 1    0.149           92.000
      Category 2    0.851          524.000
    W5Q35
      Category 1    0.558          344.000
      Category 2    0.442          273.000
    W5Q36
      Category 1    0.057           35.000
      Category 2    0.943          582.000
    W5Q37
      Category 1    0.301          186.000
      Category 2    0.699          431.000



THE MODEL ESTIMATION TERMINATED NORMALLY



MODEL FIT INFORMATION

Number of Free Parameters                       23

Chi-Square Test of Model Fit

          Value                            120.075*
          Degrees of Freedom                    55
          P-Value                           0.0000

*   The chi-square value for MLM, MLMV, MLR, ULSMV, WLSM and WLSMV cannot be used
    for chi-square difference testing in the regular way.  MLM, MLR and WLSM
    chi-square difference testing is described on the Mplus website.  MLMV, WLSMV,
    and ULSMV difference testing is done using the DIFFTEST option.

RMSEA (Root Mean Square Error Of Approximation)

          Estimate                           0.043
          90 Percent C.I.                    0.033  0.054
          Probability RMSEA <= .05           0.849

CFI/TLI

          CFI                                0.970
          TLI                                0.964

Chi-Square Test of Model Fit for the Baseline Model

          Value                           2257.724
          Degrees of Freedom                    66
          P-Value                           0.0000

SRMR (Standardized Root Mean Square Residual)

          Value                              0.094

Optimum Function Value for Weighted Least-Squares Estimator

          Value                     0.78599020D-01



MODEL RESULTS

                                                    Two-Tailed
                    Estimate       S.E.  Est./S.E.    P-Value

 PHY_PART BY
    WRKPRTY            1.000      0.000    999.000    999.000
    WRKORG             0.732      0.093      7.866      0.000
    BADGE              0.986      0.106      9.291      0.000
    SGNPTIT            0.941      0.123      7.651      0.000
    PBLDMN             0.825      0.135      6.125      0.000
    PSTPLONL           0.917      0.096      9.584      0.000

 PHY_PART BY
    W5Q32              1.000      0.000    999.000    999.000
    W5Q33              0.732      0.093      7.866      0.000
    W5Q34              0.986      0.106      9.291      0.000
    W5Q35              0.941      0.123      7.651      0.000
    W5Q36              1.080      0.131      8.223      0.000
    W5Q37              0.917      0.096      9.584      0.000

 PHY_PART WITH
    PHY_PART_E         0.456      0.082      5.531      0.000

 W5Q32    WITH
    WRKPRTY            0.378      0.081      4.660      0.000

 W5Q33    WITH
    WRKORG             0.393      0.072      5.442      0.000

 W5Q34    WITH
    BADGE              0.288      0.070      4.101      0.000

 W5Q35    WITH
    SGNPTIT            0.315      0.073      4.291      0.000

 W5Q36    WITH
    PBLDMN             0.360      0.078      4.601      0.000

 W5Q37    WITH
    PSTPLONL           0.443      0.058      7.587      0.000

 Thresholds
    WRKPRTY$1         -1.618      0.072    -22.346      0.000
    WRKORG$1          -1.230      0.066    -18.537      0.000
    BADGE$1           -1.115      0.054    -20.679      0.000
    SGNPTIT$1          0.158      0.044      3.622      0.000
    PBLDMN$1          -1.568      0.068    -23.028      0.000
    PSTPLONL$1        -0.354      0.051     -6.941      0.000
    W5Q32$1           -1.618      0.072    -22.346      0.000
    W5Q33$1           -0.959      0.060    -16.004      0.000
    W5Q34$1           -1.115      0.054    -20.679      0.000
    W5Q35$1            0.158      0.044      3.622      0.000
    W5Q36$1           -1.568      0.068    -23.028      0.000
    W5Q37$1           -0.520      0.053     -9.812      0.000

 Variances
    PHY_PART_E         0.539      0.095      5.672      0.000
    PHY_PART_C         0.560      0.097      5.799      0.000


STANDARDIZED MODEL RESULTS


STDYX Standardization

                                                    Two-Tailed
                    Estimate       S.E.  Est./S.E.    P-Value

 PHY_PART BY
    WRKPRTY            0.734      0.065     11.345      0.000
    WRKORG             0.538      0.055      9.849      0.000
    BADGE              0.724      0.052     13.983      0.000
    SGNPTIT            0.691      0.060     11.496      0.000
    PBLDMN             0.606      0.080      7.596      0.000
    PSTPLONL           0.673      0.048     14.040      0.000

 PHY_PART BY
    W5Q32              0.748      0.065     11.597      0.000
    W5Q33              0.548      0.056      9.827      0.000
    W5Q34              0.738      0.050     14.809      0.000
    W5Q35              0.704      0.062     11.366      0.000
    W5Q36              0.808      0.059     13.674      0.000
    W5Q37              0.686      0.050     13.617      0.000

 PHY_PART WITH
    PHY_PART_E         0.830      0.037     22.408      0.000

 W5Q32    WITH
    WRKPRTY            0.840      0.113      7.458      0.000

 W5Q33    WITH
    WRKORG             0.557      0.086      6.479      0.000

 W5Q34    WITH
    BADGE              0.619      0.107      5.781      0.000

 W5Q35    WITH
    SGNPTIT            0.613      0.079      7.759      0.000

 W5Q36    WITH
    PBLDMN             0.770      0.130      5.915      0.000

 W5Q37    WITH
    PSTPLONL           0.824      0.056     14.652      0.000

 Thresholds
    WRKPRTY$1         -1.618      0.072    -22.346      0.000
    WRKORG$1          -1.230      0.066    -18.537      0.000
    BADGE$1           -1.115      0.054    -20.679      0.000
    SGNPTIT$1          0.158      0.044      3.622      0.000
    PBLDMN$1          -1.568      0.068    -23.028      0.000
    PSTPLONL$1        -0.354      0.051     -6.941      0.000
    W5Q32$1           -1.618      0.072    -22.346      0.000
    W5Q33$1           -0.959      0.060    -16.004      0.000
    W5Q34$1           -1.115      0.054    -20.679      0.000
    W5Q35$1            0.158      0.044      3.622      0.000
    W5Q36$1           -1.568      0.068    -23.028      0.000
    W5Q37$1           -0.520      0.053     -9.812      0.000

 Variances
    PHY_PART_E         1.000      0.000    999.000    999.000
    PHY_PART_C         1.000      0.000    999.000    999.000


R-SQUARE

    Observed                                        Two-Tailed   Residual
    Variable        Estimate       S.E.  Est./S.E.    P-Value    Variance

    WRKPRTY            0.539      0.095      5.672      0.000      0.461
    WRKORG             0.289      0.059      4.924      0.000      0.711
    BADGE              0.524      0.075      6.992      0.000      0.476
    SGNPTIT            0.477      0.083      5.748      0.000      0.523
    PBLDMN             0.367      0.097      3.798      0.000      0.633
    PSTPLONL           0.453      0.065      7.020      0.000      0.547
    W5Q32              0.560      0.097      5.799      0.000      0.440
    W5Q33              0.300      0.061      4.913      0.000      0.700
    W5Q34              0.544      0.073      7.404      0.000      0.456
    W5Q35              0.496      0.087      5.683      0.000      0.504
    W5Q36              0.654      0.096      6.837      0.000      0.346
    W5Q37              0.470      0.069      6.808      0.000      0.530


QUALITY OF NUMERICAL RESULTS

     Condition Number for the Information Matrix              0.586E-02
       (ratio of smallest to largest eigenvalue)


MODEL MODIFICATION INDICES

NOTE:  Modification indices for direct effects of observed dependent variables
regressed on covariates and residual covariances among observed dependent
variables may not be included.  To include these, request MODINDICES (ALL).

Minimum M.I. value for printing the modification index     0.100

                                   M.I.     E.P.C.  Std E.P.C.  StdYX E.P.C.

BY Statements

PHY_PART BY WRKPRTY                0.140    -0.037     -0.027       -0.027
PHY_PART BY WRKORG                 1.884     0.062      0.046        0.046
PHY_PART BY BADGE                  2.518    -0.077     -0.057       -0.057
PHY_PART BY SGNPTIT                0.407     0.027      0.020        0.020
PHY_PART BY W5Q33                  1.788    -0.109     -0.080       -0.080
PHY_PART BY W5Q34                  1.771     0.114      0.084        0.084
PHY_PART BY W5Q35                  0.635    -0.064     -0.047       -0.047
PHY_PART BY W5Q36                  1.886     0.540      0.396        0.396
PHY_PART BY WRKPRTY                0.182    -0.040     -0.030       -0.030
PHY_PART BY WRKORG                 1.159     0.083      0.062        0.062
PHY_PART BY BADGE                  1.955    -0.114     -0.085       -0.085
PHY_PART BY SGNPTIT                0.781     0.066      0.050        0.050
PHY_PART BY PBLDMN                 0.336    -0.226     -0.169       -0.169
PHY_PART BY W5Q32                  0.140     0.037      0.028        0.028
PHY_PART BY W5Q33                  1.879    -0.050     -0.037       -0.037
PHY_PART BY W5Q34                  2.519     0.061      0.046        0.046
PHY_PART BY W5Q35                  0.407    -0.025     -0.019       -0.019

WITH Statements

WRKORG   WITH WRKPRTY              9.439     0.264      0.264        0.461
BADGE    WITH WRKPRTY              2.289     0.132      0.132        0.282
BADGE    WITH WRKORG               0.300    -0.051     -0.051       -0.088
SGNPTIT  WITH WRKPRTY              7.606    -0.299     -0.299       -0.609
SGNPTIT  WITH WRKORG               0.788    -0.075     -0.075       -0.123
SGNPTIT  WITH BADGE                1.997    -0.118     -0.118       -0.237
PBLDMN   WITH WRKPRTY              0.193    -0.055     -0.055       -0.102
PBLDMN   WITH WRKORG               1.400     0.121      0.121        0.180
PSTPLONL WITH WRKPRTY              3.367    -0.186     -0.186       -0.370
PSTPLONL WITH BADGE                3.053    -0.142     -0.142       -0.277
PSTPLONL WITH SGNPTIT              6.239     0.151      0.151        0.281
PSTPLONL WITH PBLDMN               0.125     0.033      0.033        0.057
W5Q32    WITH WRKORG               6.909     0.239      0.239        0.427
W5Q32    WITH SGNPTIT              5.102    -0.239     -0.239       -0.499
W5Q32    WITH PBLDMN               0.533     0.086      0.086        0.164
W5Q32    WITH PSTPLONL             1.603    -0.126     -0.126       -0.258
W5Q33    WITH WRKPRTY              0.268     0.052      0.052        0.091
W5Q33    WITH BADGE                0.553     0.062      0.062        0.107
W5Q33    WITH SGNPTIT              0.229    -0.036     -0.036       -0.059
W5Q33    WITH PBLDMN               6.546    -0.308     -0.308       -0.462
W5Q33    WITH PSTPLONL             0.279    -0.039     -0.039       -0.063
W5Q33    WITH W5Q32                1.953     0.128      0.128        0.231
W5Q34    WITH WRKPRTY              1.965     0.124      0.124        0.270
W5Q34    WITH WRKORG               0.104    -0.029     -0.029       -0.051
W5Q34    WITH SGNPTIT              0.320    -0.043     -0.043       -0.087
W5Q34    WITH PBLDMN               0.507    -0.078     -0.078       -0.144
W5Q34    WITH W5Q32                7.457     0.213      0.213        0.475
W5Q35    WITH WRKPRTY              3.086    -0.184     -0.184       -0.382
W5Q35    WITH WRKORG               2.100    -0.121     -0.121       -0.203
W5Q35    WITH BADGE                1.498    -0.101     -0.101       -0.206
W5Q35    WITH PBLDMN               0.167     0.041      0.041        0.073
W5Q35    WITH PSTPLONL             1.570     0.074      0.074        0.141
W5Q35    WITH W5Q32                7.974    -0.305     -0.305       -0.647
W5Q35    WITH W5Q33                0.281    -0.040     -0.040       -0.067
W5Q35    WITH W5Q34                0.144    -0.029     -0.029       -0.060
W5Q36    WITH BADGE                0.233     0.047      0.047        0.116
W5Q36    WITH SGNPTIT              5.060     0.229      0.229        0.538
W5Q36    WITH PSTPLONL             0.366    -0.059     -0.059       -0.134
W5Q36    WITH W5Q32                0.255     0.051      0.051        0.130
W5Q36    WITH W5Q33                5.695    -0.272     -0.272       -0.553
W5Q36    WITH W5Q35                1.340     0.120      0.120        0.288
W5Q37    WITH WRKPRTY              2.448    -0.159     -0.159       -0.321
W5Q37    WITH WRKORG               0.690    -0.069     -0.069       -0.112
W5Q37    WITH BADGE                0.394    -0.050     -0.050       -0.099
W5Q37    WITH SGNPTIT              6.279     0.146      0.146        0.278
W5Q37    WITH PBLDMN               0.135     0.035      0.035        0.061
W5Q37    WITH W5Q32                2.484    -0.157     -0.157       -0.326
W5Q37    WITH W5Q33                0.195    -0.033     -0.033       -0.054
W5Q37    WITH W5Q35                3.457     0.114      0.114        0.221
W5Q37    WITH W5Q36                3.322    -0.181     -0.181       -0.423

Means/Intercepts/Thresholds

[ BADGE    ]                       3.335     0.159      0.159        0.159
[ SGNPTIT  ]                       0.148    -0.027     -0.027       -0.027
[ W5Q34    ]                       3.336    -0.159     -0.159       -0.159
[ W5Q35    ]                       0.148     0.027      0.027        0.027
[ PHY_PART ]                       0.473     0.033      0.044        0.044
[ PHY_PART ]                       0.399    -0.029     -0.038       -0.038
[ BADGE$1  ]                       3.335    -0.084     -0.084       -0.084
[ SGNPTIT$ ]                       0.148     0.013      0.013        0.013
[ W5Q34$1  ]                       3.336     0.075      0.075        0.075
[ W5Q35$1  ]                       0.148    -0.013     -0.013       -0.013


DIAGRAM INFORMATION

  Use View Diagram under the Diagram menu in the Mplus Editor to view the diagram.
  If running Mplus from the Mplus Diagrammer, the diagram opens automatically.

  Diagram output
    c:\users\msassac6\dropbox (the university of manchester)\papers\melanie revilla\ess_cronos\mplus\pol_part_gb_scalar1

     Beginning Time:  08:53:26
        Ending Time:  08:53:26
       Elapsed Time:  00:00:00



MUTHEN & MUTHEN
3463 Stoner Ave.
Los Angeles, CA  90066

Tel: (310) 391-9971
Fax: (310) 391-8971
Web: www.StatModel.com
Support: Support@StatModel.com

Copyright (c) 1998-2019 Muthen & Muthen
