Mplus VERSION 8.3
MUTHEN & MUTHEN
05/07/2019  11:21 AM

INPUT INSTRUCTIONS

  TITLE: Social benefits equivalence testing SI - scalar;

  DATA: FILE = "data4.dat";

  VARIABLE:
  NAMES = idno cntry w6part w5part w5q38 w5q39 w5q40 w5q41 psppsgva actrolga psppipla
       cptppola w5q32 w5q33 w5q34 w5q35 w5q36 w5q37 wrkprty wrkorg badge sgnptit
       pbldmn pstplonl w5q44 w5q46 w5q48 testgc33 testgc34 testgc35 w5q57 w5q58 w5q59
       w6q5 w6q6 w6q7 ppltrst pplfair pplhlp w5q63 w5q64 w5q65 w5q66 sbstrec sbprvpv
       sbeqsoc sbbsntx w6q9 w6q10 w6q11 w6q12 w6q13 w6q14 trstlgl trstplc trstplt
       trstprt trstep trstun comp;

  USEVARIABLES = w5q63 w5q64 w5q65 w5q66 sbstrec sbprvpv
       sbeqsoc sbbsntx;

  MISSING=.;

  USEOBSERVATIONS ARE w5part EQ 1 AND cntry EQ 3;



   Model:

   soc_ben_ess BY
      sbstrec (a)
      sbprvpv (b)
      sbeqsoc (c)
      sbbsntx (d);

   soc_ben_cro BY
      w5q63 (a)
      w5q64 (b)
      w5q65 (c)
      w5q66 (d);

      [sbstrec] (e);
      [sbprvpv] (f);
      [sbeqsoc] (g);
      [sbbsntx] (h);

      [w5q63] (e);
      [w5q64] (f);
      [w5q65] (g);
      [w5q66] (h);

      sbstrec WITH w5q63;
      sbprvpv WITH w5q64;
      sbeqsoc WITH w5q65;
      sbbsntx WITH w5q66;


   Output:
      STANDARDIZED(STDYX) MODINDICES(.1) ;



INPUT READING TERMINATED NORMALLY



Social benefits equivalence testing SI - scalar;

SUMMARY OF ANALYSIS

Number of groups                                                 1
Number of observations                                         615

Number of dependent variables                                    8
Number of independent variables                                  0
Number of continuous latent variables                            2

Observed dependent variables

  Continuous
   W5Q63       W5Q64       W5Q65       W5Q66       SBSTREC     SBPRVPV
   SBEQSOC     SBBSNTX

Continuous latent variables
   SOC_BEN_    SOC_BEN_


Estimator                                                       ML
Information matrix                                        OBSERVED
Maximum number of iterations                                  1000
Convergence criterion                                    0.500D-04
Maximum number of steepest descent iterations                   20
Maximum number of iterations for H1                           2000
Convergence criterion for H1                             0.100D-03

Input data file(s)
  data4.dat

Input data format  FREE


SUMMARY OF DATA

     Number of missing data patterns            19


COVARIANCE COVERAGE OF DATA

Minimum covariance coverage value   0.100


     PROPORTION OF DATA PRESENT


           Covariance Coverage
              W5Q63         W5Q64         W5Q65         W5Q66         SBSTREC
              ________      ________      ________      ________      ________
 W5Q63          0.985
 W5Q64          0.980         0.984
 W5Q65          0.980         0.982         0.984
 W5Q66          0.982         0.979         0.979         0.982
 SBSTREC        0.967         0.966         0.966         0.964         0.982
 SBPRVPV        0.971         0.969         0.969         0.967         0.969
 SBEQSOC        0.971         0.967         0.967         0.967         0.967
 SBBSNTX        0.971         0.969         0.969         0.967         0.967


           Covariance Coverage
              SBPRVPV       SBEQSOC       SBBSNTX
              ________      ________      ________
 SBPRVPV        0.985
 SBEQSOC        0.972         0.984
 SBBSNTX        0.974         0.972         0.985



UNIVARIATE SAMPLE STATISTICS


     UNIVARIATE HIGHER-ORDER MOMENT DESCRIPTIVE STATISTICS

         Variable/         Mean/     Skewness/   Minimum/ % with                Percentiles
        Sample Size      Variance    Kurtosis    Maximum  Min/Max      20%/60%    40%/80%    Median

     W5Q63                 3.023      -0.074       1.000    6.60%       2.000      3.000      3.000
             606.000       1.042      -0.633       5.000    6.11%       3.000      4.000
     W5Q64                 2.760       0.358       1.000    6.28%       2.000      2.000      3.000
             605.000       0.916      -0.349       5.000    4.30%       3.000      4.000
     W5Q65                 3.139      -0.011       1.000    2.81%       2.000      3.000      3.000
             605.000       0.847      -0.402       5.000    6.28%       3.000      4.000
     W5Q66                 2.886       0.113       1.000    7.28%       2.000      3.000      3.000
             604.000       1.015      -0.563       5.000    5.30%       3.000      4.000
     SBSTREC               2.929       0.050       1.000    6.95%       2.000      2.000      3.000
             604.000       1.119      -0.958       5.000    5.13%       3.000      4.000
     SBPRVPV               2.700       0.295       1.000    6.60%       2.000      2.000      2.000
             606.000       0.923      -0.876       5.000    1.65%       3.000      4.000
     SBEQSOC               2.764       0.256       1.000    6.45%       2.000      2.000      3.000
             605.000       0.964      -0.812       5.000    2.81%       3.000      4.000
     SBBSNTX               2.888       0.182       1.000    5.94%       2.000      2.000      3.000
             606.000       1.100      -0.974       5.000    5.12%       3.000      4.000


THE MODEL ESTIMATION TERMINATED NORMALLY



MODEL FIT INFORMATION

Number of Free Parameters                       22

Loglikelihood

          H0 Value                       -6628.957
          H1 Value                       -6387.191

Information Criteria

          Akaike (AIC)                   13301.915
          Bayesian (BIC)                 13399.191
          Sample-Size Adjusted BIC       13329.345
            (n* = (n + 2) / 24)

Chi-Square Test of Model Fit

          Value                            483.533
          Degrees of Freedom                    22
          P-Value                           0.0000

RMSEA (Root Mean Square Error Of Approximation)

          Estimate                           0.185
          90 Percent C.I.                    0.171  0.199
          Probability RMSEA <= .05           0.000

CFI/TLI

          CFI                                0.470
          TLI                                0.326

Chi-Square Test of Model Fit for the Baseline Model

          Value                            899.150
          Degrees of Freedom                    28
          P-Value                           0.0000

SRMR (Standardized Root Mean Square Residual)

          Value                              0.133



MODEL RESULTS

                                                    Two-Tailed
                    Estimate       S.E.  Est./S.E.    P-Value

 SOC_BEN_ BY
    SBSTREC            1.000      0.000    999.000    999.000
    SBPRVPV            0.024      0.054      0.436      0.663
    SBEQSOC           -0.065      0.065     -1.006      0.314
    SBBSNTX            1.156      1.386      0.834      0.404

 SOC_BEN_ BY
    W5Q63              1.000      0.000    999.000    999.000
    W5Q64              0.024      0.054      0.436      0.663
    W5Q65             -0.065      0.065     -1.006      0.314
    W5Q66              1.156      1.386      0.834      0.404

 SOC_BEN_ WITH
    SOC_BEN_ES         0.266      0.319      0.833      0.405

 SBSTREC  WITH
    W5Q63              0.065      0.320      0.203      0.839

 SBPRVPV  WITH
    W5Q64              0.156      0.038      4.063      0.000

 SBEQSOC  WITH
    W5Q65              0.147      0.039      3.785      0.000

 SBBSNTX  WITH
    W5Q66             -0.039      0.428     -0.092      0.927

 Intercepts
    W5Q63              2.974      0.034     87.272      0.000
    W5Q64              2.730      0.030     91.570      0.000
    W5Q65              2.964      0.031     94.587      0.000
    W5Q66              2.891      0.034     86.296      0.000
    SBSTREC            2.974      0.034     87.272      0.000
    SBPRVPV            2.730      0.030     91.570      0.000
    SBEQSOC            2.964      0.031     94.587      0.000
    SBBSNTX            2.891      0.034     86.296      0.000

 Variances
    SOC_BEN_ES         0.513      0.618      0.829      0.407
    SOC_BEN_CR         0.383      0.459      0.834      0.404

 Residual Variances
    W5Q63              0.675      0.459      1.471      0.141
    W5Q64              0.918      0.053     17.372      0.000
    W5Q65              0.880      0.052     16.959      0.000
    W5Q66              0.485      0.615      0.788      0.431
    SBSTREC            0.593      0.618      0.960      0.337
    SBPRVPV            0.923      0.053     17.384      0.000
    SBEQSOC            0.997      0.059     16.889      0.000
    SBBSNTX            0.429      0.821      0.523      0.601


STANDARDIZED MODEL RESULTS


STDYX Standardization

                                                    Two-Tailed
                    Estimate       S.E.  Est./S.E.    P-Value

 SOC_BEN_ BY
    SBSTREC            0.681      0.410      1.660      0.097
    SBPRVPV            0.018      0.041      0.432      0.666
    SBEQSOC           -0.047      0.039     -1.183      0.237
    SBBSNTX            0.784      0.469      1.671      0.095

 SOC_BEN_ BY
    W5Q63              0.602      0.360      1.671      0.095
    W5Q64              0.015      0.035      0.433      0.665
    W5Q65             -0.043      0.036     -1.196      0.232
    W5Q66              0.717      0.431      1.662      0.096

 SOC_BEN_ WITH
    SOC_BEN_ES         0.601      0.056     10.707      0.000

 SBSTREC  WITH
    W5Q63              0.103      0.417      0.246      0.806

 SBPRVPV  WITH
    W5Q64              0.169      0.040      4.238      0.000

 SBEQSOC  WITH
    W5Q65              0.157      0.040      3.926      0.000

 SBBSNTX  WITH
    W5Q66             -0.086      1.075     -0.080      0.936

 Intercepts
    W5Q63              2.891      0.090     32.055      0.000
    W5Q64              2.849      0.089     32.106      0.000
    W5Q65              3.157      0.106     29.893      0.000
    W5Q66              2.895      0.088     32.872      0.000
    SBSTREC            2.828      0.085     33.229      0.000
    SBPRVPV            2.841      0.086     32.899      0.000
    SBEQSOC            2.966      0.086     34.446      0.000
    SBBSNTX            2.738      0.084     32.537      0.000

 Variances
    SOC_BEN_ES         1.000      0.000    999.000    999.000
    SOC_BEN_CR         1.000      0.000    999.000    999.000

 Residual Variances
    W5Q63              0.638      0.433      1.474      0.141
    W5Q64              1.000      0.001    934.471      0.000
    W5Q65              0.998      0.003    325.557      0.000
    W5Q66              0.487      0.618      0.788      0.431
    SBSTREC            0.536      0.558      0.961      0.337
    SBPRVPV            1.000      0.001    701.543      0.000
    SBEQSOC            0.998      0.004    272.491      0.000
    SBBSNTX            0.385      0.736      0.523      0.601


R-SQUARE

    Observed                                        Two-Tailed
    Variable        Estimate       S.E.  Est./S.E.    P-Value

    W5Q63              0.362      0.433      0.836      0.403
    W5Q64              0.000      0.001      0.216      0.829
    W5Q65              0.002      0.003      0.598      0.550
    W5Q66              0.513      0.618      0.831      0.406
    SBSTREC            0.464      0.558      0.830      0.406
    SBPRVPV            0.000      0.001      0.216      0.829
    SBEQSOC            0.002      0.004      0.592      0.554
    SBBSNTX            0.615      0.736      0.835      0.404


QUALITY OF NUMERICAL RESULTS

     Condition Number for the Information Matrix              0.480E-04
       (ratio of smallest to largest eigenvalue)


MODEL MODIFICATION INDICES

NOTE:  Modification indices for direct effects of observed dependent variables
regressed on covariates may not be included.  To include these, request
MODINDICES (ALL).

Minimum M.I. value for printing the modification index     0.100

                                   M.I.     E.P.C.  Std E.P.C.  StdYX E.P.C.

BY Statements

SOC_BEN_ BY W5Q63                  1.879    -0.125     -0.089       -0.087
SOC_BEN_ BY W5Q64                  2.419    -0.105     -0.075       -0.079
SOC_BEN_ BY W5Q65                  2.413     0.105      0.075        0.080
SOC_BEN_ BY W5Q66                  2.422     0.164      0.117        0.117
SOC_BEN_ BY SBSTREC                1.659     0.225      0.161        0.153
SOC_BEN_ BY SBPRVPV                1.018     0.037      0.026        0.027
SOC_BEN_ BY SBEQSOC                6.892    -0.105     -0.075       -0.075
SOC_BEN_ BY SBBSNTX                2.731    -0.124     -0.089       -0.084
SOC_BEN_ BY W5Q63                  1.661    -0.225     -0.139       -0.135
SOC_BEN_ BY W5Q64                  1.018    -0.057     -0.035       -0.037
SOC_BEN_ BY W5Q65                  6.893     0.142      0.088        0.093
SOC_BEN_ BY W5Q66                  2.729     0.209      0.130        0.130
SOC_BEN_ BY SBSTREC                1.755     0.161      0.100        0.095
SOC_BEN_ BY SBPRVPV                0.742    -0.076     -0.047       -0.049
SOC_BEN_ BY SBEQSOC                7.401    -0.250     -0.155       -0.155
SOC_BEN_ BY SBBSNTX                2.346    -0.215     -0.133       -0.126

WITH Statements

W5Q65    WITH W5Q63                1.283     0.044      0.044        0.057
W5Q65    WITH W5Q64              138.832     0.420      0.420        0.467
W5Q66    WITH W5Q63                2.830     0.906      0.906        1.583
W5Q66    WITH W5Q64                0.490     0.025      0.025        0.038
W5Q66    WITH W5Q65                0.862     0.036      0.036        0.054
SBSTREC  WITH W5Q64                0.704    -0.028     -0.028       -0.038
SBSTREC  WITH W5Q66                1.934     0.075      0.075        0.139
SBPRVPV  WITH W5Q63                0.482    -0.024     -0.024       -0.031
SBPRVPV  WITH W5Q66                1.621    -0.044     -0.044       -0.065
SBPRVPV  WITH SBSTREC              2.813     0.060      0.060        0.081
SBEQSOC  WITH W5Q63                0.177    -0.016     -0.016       -0.019
SBEQSOC  WITH W5Q66                2.535    -0.058     -0.058       -0.083
SBEQSOC  WITH SBSTREC              1.206    -0.050     -0.050       -0.065
SBEQSOC  WITH SBPRVPV            165.592     0.492      0.492        0.513
SBBSNTX  WITH W5Q63                2.027    -0.077     -0.077       -0.142
SBBSNTX  WITH W5Q64                0.430    -0.022     -0.022       -0.036
SBBSNTX  WITH SBSTREC              3.625    -1.301     -1.301       -2.578
SBBSNTX  WITH SBPRVPV              0.898     0.036      0.036        0.057

Means/Intercepts/Thresholds

[ W5Q63    ]                       4.395     0.050      0.050        0.049
[ W5Q64    ]                       1.543     0.031      0.031        0.033
[ W5Q65    ]                      53.978     0.174      0.174        0.186
[ W5Q66    ]                       0.331    -0.013     -0.013       -0.013
[ SBSTREC  ]                       4.396    -0.050     -0.050       -0.048
[ SBPRVPV  ]                       1.543    -0.031     -0.031       -0.033
[ SBEQSOC  ]                      53.985    -0.202     -0.202       -0.202
[ SBBSNTX  ]                       0.331     0.014      0.014        0.014
[ SOC_BEN_ ]                       0.595    -0.028     -0.039       -0.039
[ SOC_BEN_ ]                       0.595     0.028      0.046        0.046


DIAGRAM INFORMATION

  Use View Diagram under the Diagram menu in the Mplus Editor to view the diagram.
  If running Mplus from the Mplus Diagrammer, the diagram opens automatically.

  Diagram output
    c:\users\msassac6\dropbox (the university of manchester)\papers\melanie revilla\ess_cronos\mplus\soc_ben_si_scalar.d

     Beginning Time:  11:21:57
        Ending Time:  11:21:57
       Elapsed Time:  00:00:00



MUTHEN & MUTHEN
3463 Stoner Ave.
Los Angeles, CA  90066

Tel: (310) 391-9971
Fax: (310) 391-8971
Web: www.StatModel.com
Support: Support@StatModel.com

Copyright (c) 1998-2019 Muthen & Muthen
