Mplus VERSION 8.3
MUTHEN & MUTHEN
05/07/2019  10:49 AM

INPUT INSTRUCTIONS

  TITLE: Social trust equivalence testing GB - scalar;

  DATA: FILE = "data4.dat";

  VARIABLE:
  NAMES = idno cntry w6part w5part w5q38 w5q39 w5q40 w5q41 psppsgva actrolga psppipla
       cptppola w5q32 w5q33 w5q34 w5q35 w5q36 w5q37 wrkprty wrkorg badge sgnptit
       pbldmn pstplonl w5q44 w5q46 w5q48 testgc33 testgc34 testgc35 w5q57 w5q58 w5q59
       w6q5 w6q6 w6q7 ppltrst pplfair pplhlp w5q63 w5q64 w5q65 w5q66 sbstrec sbprvpv
       sbeqsoc sbbsntx w6q9 w6q10 w6q11 w6q12 w6q13 w6q14 trstlgl trstplc trstplt
       trstprt trstep trstun comp;

  USEVARIABLES = ppltrst pplfair pplhlp
        w5q57 w5q58 w5q59
       w6q5 w6q6 w6q7;

  MISSING=.;

  USEOBSERVATIONS ARE w5part EQ 1 AND w6part EQ 1 AND cntry EQ 2;



   Model:

   soc_trust_ess BY
      ppltrst (a)
      pplfair (b)
      pplhlp (c);

   soc_trust_cro5 BY
      w5q57 (a)
      w5q58 (b)
      w5q59 (c);

   soc_trust_cro6 BY
      w6q5 (a)
      w6q6 (b)
      w6q7 (c);

      [ppltrst] (d);
      [pplfair] (e);
      [pplhlp] (f);

      [w5q57] (d);
      [w5q58] (e);
      [w5q59] (f);

      [w6q5] (d);
      [w6q6] (e);
      [w6q7] (f);


      ppltrst WITH w5q57 w6q5;
      w5q57 WITH w6q5;

      pplfair WITH w5q58 w6q6;
      w5q58 WITH w6q6;

      pplhlp WITH w5q59 w6q7;
      w5q59 WITH w6q7;


   Output:
      STANDARDIZED(STDYX) MODINDICES(.1) ;



INPUT READING TERMINATED NORMALLY



Social trust equivalence testing GB - scalar;

SUMMARY OF ANALYSIS

Number of groups                                                 1
Number of observations                                         563

Number of dependent variables                                    9
Number of independent variables                                  0
Number of continuous latent variables                            3

Observed dependent variables

  Continuous
   PPLTRST     PPLFAIR     PPLHLP      W5Q57       W5Q58       W5Q59
   W6Q5        W6Q6        W6Q7

Continuous latent variables
   SOC_TRUS    SOC_TRUS    SOC_TRUS


Estimator                                                       ML
Information matrix                                        OBSERVED
Maximum number of iterations                                  1000
Convergence criterion                                    0.500D-04
Maximum number of steepest descent iterations                   20
Maximum number of iterations for H1                           2000
Convergence criterion for H1                             0.100D-03

Input data file(s)
  data4.dat

Input data format  FREE


SUMMARY OF DATA

     Number of missing data patterns             8


COVARIANCE COVERAGE OF DATA

Minimum covariance coverage value   0.100


     PROPORTION OF DATA PRESENT


           Covariance Coverage
              PPLTRST       PPLFAIR       PPLHLP        W5Q57         W5Q58
              ________      ________      ________      ________      ________
 PPLTRST        1.000
 PPLFAIR        1.000         1.000
 PPLHLP         0.998         0.998         0.998
 W5Q57          0.980         0.980         0.979         0.980
 W5Q58          0.979         0.979         0.977         0.979         0.979
 W5Q59          0.979         0.979         0.977         0.979         0.979
 W6Q5           0.980         0.980         0.979         0.966         0.964
 W6Q6           0.973         0.973         0.972         0.959         0.959
 W6Q7           0.975         0.975         0.973         0.961         0.961


           Covariance Coverage
              W5Q59         W6Q5          W6Q6          W6Q7
              ________      ________      ________      ________
 W5Q59          0.979
 W6Q5           0.964         0.980
 W6Q6           0.959         0.973         0.973
 W6Q7           0.961         0.975         0.973         0.975



UNIVARIATE SAMPLE STATISTICS


     UNIVARIATE HIGHER-ORDER MOMENT DESCRIPTIVE STATISTICS

         Variable/         Mean/     Skewness/   Minimum/ % with                Percentiles
        Sample Size      Variance    Kurtosis    Maximum  Min/Max      20%/60%    40%/80%    Median

     PPLTRST               5.746      -0.578       0.000    3.02%       4.000      5.000      6.000
             563.000       4.396       0.251      10.000    1.95%       7.000      8.000
     PPLFAIR               6.265      -0.524       0.000    0.53%       5.000      6.000      7.000
             563.000       3.484       0.139      10.000    2.31%       7.000      8.000
     PPLHLP                6.146      -0.522       0.000    0.18%       5.000      6.000      6.000
             562.000       2.819       0.340      10.000    1.07%       7.000      8.000
     W5Q57                 5.257      -0.550       0.000    8.70%       3.000      5.000      6.000
             552.000       6.220      -0.298      10.000    2.90%       6.000      7.000
     W5Q58                 5.737      -0.532       0.000    4.36%       4.000      5.000      6.000
             551.000       5.221       0.209      10.000    4.36%       7.000      8.000
     W5Q59                 5.630      -0.520       0.000    4.36%       4.000      5.000      6.000
             551.000       4.854       0.325      10.000    3.81%       6.000      7.000
     W6Q5                  5.656      -0.557       0.000    4.71%       4.000      5.000      6.000
             552.000       5.776      -0.178      10.000    3.99%       7.000      8.000
     W6Q6                  5.872      -0.417       0.000    2.92%       4.000      5.000      6.000
             548.000       4.958       0.004      10.000    4.93%       7.000      8.000
     W6Q7                  5.765      -0.454       0.000    2.19%       4.000      5.000      6.000
             549.000       4.511       0.005      10.000    3.10%       7.000      8.000


THE MODEL ESTIMATION TERMINATED NORMALLY



MODEL FIT INFORMATION

Number of Free Parameters                       29

Loglikelihood

          H0 Value                       -9730.366
          H1 Value                       -9675.721

Information Criteria

          Akaike (AIC)                   19518.732
          Bayesian (BIC)                 19644.397
          Sample-Size Adjusted BIC       19552.337
            (n* = (n + 2) / 24)

Chi-Square Test of Model Fit

          Value                            109.291
          Degrees of Freedom                    25
          P-Value                           0.0000

RMSEA (Root Mean Square Error Of Approximation)

          Estimate                           0.077
          90 Percent C.I.                    0.063  0.093
          Probability RMSEA <= .05           0.001

CFI/TLI

          CFI                                0.964
          TLI                                0.949

Chi-Square Test of Model Fit for the Baseline Model

          Value                           2393.683
          Degrees of Freedom                    36
          P-Value                           0.0000

SRMR (Standardized Root Mean Square Residual)

          Value                              0.061



MODEL RESULTS

                                                    Two-Tailed
                    Estimate       S.E.  Est./S.E.    P-Value

 SOC_TRUS BY
    PPLTRST            1.000      0.000    999.000    999.000
    PPLFAIR            1.000      0.039     25.813      0.000
    PPLHLP             0.818      0.034     23.948      0.000

 SOC_TRUS BY
    W5Q57              1.000      0.000    999.000    999.000
    W5Q58              1.000      0.039     25.813      0.000
    W5Q59              0.818      0.034     23.948      0.000

 SOC_TRUS BY
    W6Q5               1.000      0.000    999.000    999.000
    W6Q6               1.000      0.039     25.813      0.000
    W6Q7               0.818      0.034     23.948      0.000

 SOC_TRUS WITH
    SOC_TRUST_         1.495      0.185      8.065      0.000

 SOC_TRUS WITH
    SOC_TRUST_         1.759      0.192      9.150      0.000
    SOC_TRUST_         2.883      0.279     10.323      0.000

 PPLTRST  WITH
    W5Q57              0.386      0.137      2.821      0.005
    W6Q5               0.443      0.120      3.694      0.000

 W5Q57    WITH
    W6Q5               0.719      0.144      4.987      0.000

 PPLFAIR  WITH
    W5Q58             -0.149      0.105     -1.412      0.158
    W6Q6               0.134      0.096      1.399      0.162

 W5Q58    WITH
    W6Q6               0.161      0.115      1.400      0.162

 PPLHLP   WITH
    W5Q59              0.148      0.104      1.413      0.158
    W6Q7               0.202      0.097      2.082      0.037

 W5Q59    WITH
    W6Q7               0.423      0.115      3.673      0.000

 Intercepts
    PPLTRST            5.697      0.077     73.589      0.000
    PPLFAIR            6.090      0.070     86.813      0.000
    PPLHLP             5.969      0.064     92.892      0.000
    W5Q57              5.697      0.077     73.589      0.000
    W5Q58              6.090      0.070     86.813      0.000
    W5Q59              5.969      0.064     92.892      0.000
    W6Q5               5.697      0.077     73.589      0.000
    W6Q6               6.090      0.070     86.813      0.000
    W6Q7               5.969      0.064     92.892      0.000

 Variances
    SOC_TRUST_         1.990      0.192     10.339      0.000
    SOC_TRUST_         3.797      0.338     11.230      0.000
    SOC_TRUST_         3.794      0.327     11.597      0.000

 Residual Variances
    PPLTRST            2.237      0.173     12.903      0.000
    PPLFAIR            1.435      0.138     10.375      0.000
    PPLHLP             1.718      0.128     13.454      0.000
    W5Q57              2.680      0.224     11.986      0.000
    W5Q58              1.624      0.179      9.060      0.000
    W5Q59              2.298      0.173     13.265      0.000
    W6Q5               1.894      0.170     11.174      0.000
    W6Q6               1.225      0.142      8.647      0.000
    W6Q7               1.910      0.146     13.052      0.000


STANDARDIZED MODEL RESULTS


STDYX Standardization

                                                    Two-Tailed
                    Estimate       S.E.  Est./S.E.    P-Value

 SOC_TRUS BY
    PPLTRST            0.686      0.025     27.684      0.000
    PPLFAIR            0.762      0.024     31.681      0.000
    PPLHLP             0.661      0.023     28.380      0.000

 SOC_TRUS BY
    W5Q57              0.766      0.021     36.697      0.000
    W5Q58              0.837      0.019     43.344      0.000
    W5Q59              0.724      0.022     32.382      0.000

 SOC_TRUS BY
    W6Q5               0.817      0.019     43.348      0.000
    W6Q6               0.869      0.016     53.359      0.000
    W6Q7               0.755      0.021     36.450      0.000

 SOC_TRUS WITH
    SOC_TRUST_         0.544      0.043     12.581      0.000

 SOC_TRUS WITH
    SOC_TRUST_         0.640      0.036     17.793      0.000
    SOC_TRUST_         0.760      0.026     28.704      0.000

 PPLTRST  WITH
    W5Q57              0.158      0.054      2.941      0.003
    W6Q5               0.215      0.053      4.034      0.000

 W5Q57    WITH
    W6Q5               0.319      0.053      6.057      0.000

 PPLFAIR  WITH
    W5Q58             -0.098      0.070     -1.385      0.166
    W6Q6               0.101      0.069      1.463      0.143

 W5Q58    WITH
    W6Q6               0.114      0.076      1.494      0.135

 PPLHLP   WITH
    W5Q59              0.074      0.052      1.427      0.154
    W6Q7               0.111      0.052      2.143      0.032

 W5Q59    WITH
    W6Q7               0.202      0.051      3.995      0.000

 Intercepts
    PPLTRST            2.771      0.086     32.274      0.000
    PPLFAIR            3.290      0.103     31.886      0.000
    PPLHLP             3.419      0.107     32.024      0.000
    W5Q57              2.239      0.067     33.571      0.000
    W5Q58              2.615      0.077     34.005      0.000
    W5Q59              2.714      0.076     35.620      0.000
    W6Q5               2.389      0.075     31.798      0.000
    W6Q6               2.718      0.083     32.759      0.000
    W6Q7               2.831      0.082     34.585      0.000

 Variances
    SOC_TRUST_         1.000      0.000    999.000    999.000
    SOC_TRUST_         1.000      0.000    999.000    999.000
    SOC_TRUST_         1.000      0.000    999.000    999.000

 Residual Variances
    PPLTRST            0.529      0.034     15.564      0.000
    PPLFAIR            0.419      0.037     11.426      0.000
    PPLHLP             0.564      0.031     18.330      0.000
    W5Q57              0.414      0.032     12.951      0.000
    W5Q58              0.300      0.032      9.267      0.000
    W5Q59              0.475      0.032     14.661      0.000
    W6Q5               0.333      0.031     10.822      0.000
    W6Q6               0.244      0.028      8.612      0.000
    W6Q7               0.430      0.031     13.726      0.000


R-SQUARE

    Observed                                        Two-Tailed
    Variable        Estimate       S.E.  Est./S.E.    P-Value

    PPLTRST            0.471      0.034     13.842      0.000
    PPLFAIR            0.581      0.037     15.840      0.000
    PPLHLP             0.436      0.031     14.190      0.000
    W5Q57              0.586      0.032     18.348      0.000
    W5Q58              0.700      0.032     21.672      0.000
    W5Q59              0.525      0.032     16.191      0.000
    W6Q5               0.667      0.031     21.674      0.000
    W6Q6               0.756      0.028     26.680      0.000
    W6Q7               0.570      0.031     18.225      0.000


QUALITY OF NUMERICAL RESULTS

     Condition Number for the Information Matrix              0.812E-03
       (ratio of smallest to largest eigenvalue)


MODEL MODIFICATION INDICES

NOTE:  Modification indices for direct effects of observed dependent variables
regressed on covariates may not be included.  To include these, request
MODINDICES (ALL).

Minimum M.I. value for printing the modification index     0.100

                                   M.I.     E.P.C.  Std E.P.C.  StdYX E.P.C.

BY Statements

SOC_TRUS BY PPLTRST                1.445     0.086      0.122        0.059
SOC_TRUS BY PPLFAIR                1.067     0.061      0.086        0.046
SOC_TRUS BY PPLHLP                 5.617    -0.117     -0.165       -0.095
SOC_TRUS BY W5Q57                  2.515     0.113      0.160        0.063
SOC_TRUS BY W5Q58                  2.333    -0.106     -0.150       -0.064
SOC_TRUS BY W6Q6                   0.284     0.034      0.047        0.021
SOC_TRUS BY W6Q7                   0.929    -0.058     -0.081       -0.039
SOC_TRUS BY PPLTRST                2.839     0.074      0.145        0.070
SOC_TRUS BY PPLFAIR                0.109     0.014      0.027        0.015
SOC_TRUS BY PPLHLP                 4.593    -0.082     -0.159       -0.091
SOC_TRUS BY W5Q58                  0.432    -0.025     -0.048       -0.021
SOC_TRUS BY W5Q59                  0.624     0.026      0.051        0.023
SOC_TRUS BY W6Q5                   2.846    -0.076     -0.149       -0.062
SOC_TRUS BY W6Q7                   4.291     0.087      0.170        0.081
SOC_TRUS BY PPLTRST                3.515     0.081      0.158        0.077
SOC_TRUS BY PPLHLP                 3.379    -0.069     -0.134       -0.077
SOC_TRUS BY W5Q57                  4.573     0.105      0.205        0.080
SOC_TRUS BY W5Q58                  3.771    -0.092     -0.180       -0.077
SOC_TRUS BY W6Q5                   0.623    -0.040     -0.078       -0.033
SOC_TRUS BY W6Q7                   1.069     0.026      0.050        0.024

WITH Statements

PPLFAIR  WITH PPLTRST              1.696     0.179      0.179        0.100
PPLHLP   WITH PPLTRST              3.273    -0.209     -0.209       -0.107
PPLHLP   WITH PPLFAIR              0.211     0.052      0.052        0.033
W5Q57    WITH PPLFAIR              0.311    -0.070     -0.070       -0.036
W5Q57    WITH PPLHLP               1.598     0.144      0.144        0.067
W5Q58    WITH PPLTRST              3.020     0.223      0.223        0.117
W5Q58    WITH PPLHLP               5.611    -0.258     -0.258       -0.154
W5Q58    WITH W5Q57                2.769    -0.295     -0.295       -0.141
W5Q59    WITH PPLTRST              2.099    -0.174     -0.174       -0.077
W5Q59    WITH PPLFAIR              1.702     0.146      0.146        0.081
W5Q59    WITH W5Q57                4.970    -0.328     -0.328       -0.132
W5Q59    WITH W5Q58               15.400     0.578      0.578        0.299
W6Q5     WITH PPLFAIR              0.981     0.110      0.110        0.066
W6Q5     WITH PPLHLP               0.177     0.041      0.041        0.023
W6Q5     WITH W5Q58                7.096    -0.334     -0.334       -0.190
W6Q5     WITH W5Q59                0.327     0.064      0.064        0.031
W6Q6     WITH PPLTRST              1.730     0.151      0.151        0.091
W6Q6     WITH PPLHLP               0.124    -0.033     -0.033       -0.023
W6Q6     WITH W5Q57                1.791     0.171      0.171        0.094
W6Q6     WITH W5Q59                2.506    -0.173     -0.173       -0.103
W6Q7     WITH PPLFAIR              5.894    -0.246     -0.246       -0.149
W6Q7     WITH W5Q57                5.043     0.267      0.267        0.118
W6Q7     WITH W5Q58                0.180     0.048      0.048        0.027
W6Q7     WITH W6Q5                 0.267     0.062      0.062        0.033
W6Q7     WITH W6Q6                 0.201    -0.053     -0.053       -0.035

Means/Intercepts/Thresholds

[ PPLTRST  ]                       0.272    -0.022     -0.022       -0.011
[ PPLFAIR  ]                      11.179     0.123      0.123        0.066
[ PPLHLP   ]                      11.539     0.131      0.131        0.075
[ W5Q57    ]                      11.651    -0.210     -0.210       -0.082
[ W5Q58    ]                       0.735    -0.046     -0.046       -0.020
[ W5Q59    ]                       2.862    -0.097     -0.097       -0.044
[ W6Q5     ]                      12.079     0.174      0.174        0.073
[ W6Q6     ]                       4.730    -0.110     -0.110       -0.049
[ W6Q7     ]                       2.660    -0.084     -0.084       -0.040
[ SOC_TRUS ]                      30.577     0.404      0.286        0.286
[ SOC_TRUS ]                      24.689    -0.342     -0.175       -0.175


DIAGRAM INFORMATION

  Use View Diagram under the Diagram menu in the Mplus Editor to view the diagram.
  If running Mplus from the Mplus Diagrammer, the diagram opens automatically.

  Diagram output
    c:\users\msassac6\dropbox (the university of manchester)\papers\melanie revilla\ess_cronos\mplus\soc_trust_gb_scalar

     Beginning Time:  10:49:38
        Ending Time:  10:49:38
       Elapsed Time:  00:00:00



MUTHEN & MUTHEN
3463 Stoner Ave.
Los Angeles, CA  90066

Tel: (310) 391-9971
Fax: (310) 391-8971
Web: www.StatModel.com
Support: Support@StatModel.com

Copyright (c) 1998-2019 Muthen & Muthen
