Mplus VERSION 8.3
MUTHEN & MUTHEN
05/07/2019  10:45 AM

INPUT INSTRUCTIONS

  TITLE: Social trust equivalence testing Estonia - metric;

  DATA: FILE = "data4.dat";

  VARIABLE:
  NAMES = idno cntry w6part w5part w5q38 w5q39 w5q40 w5q41 psppsgva actrolga psppipla
       cptppola w5q32 w5q33 w5q34 w5q35 w5q36 w5q37 wrkprty wrkorg badge sgnptit
       pbldmn pstplonl w5q44 w5q46 w5q48 testgc33 testgc34 testgc35 w5q57 w5q58 w5q59
       w6q5 w6q6 w6q7 ppltrst pplfair pplhlp w5q63 w5q64 w5q65 w5q66 sbstrec sbprvpv
       sbeqsoc sbbsntx w6q9 w6q10 w6q11 w6q12 w6q13 w6q14 trstlgl trstplc trstplt
       trstprt trstep trstun comp;

  USEVARIABLES = ppltrst pplfair pplhlp
        w5q57 w5q58 w5q59
       w6q5 w6q6 w6q7;

  MISSING=.;

  USEOBSERVATIONS ARE w5part EQ 1 AND w6part EQ 1 AND cntry EQ 1;



   Model:

   soc_trust_ess BY
      ppltrst (a)
      pplfair (b)
      pplhlp (c);

   soc_trust_cro5 BY
      w5q57 (a)
      w5q58 (b)
      w5q59 (c);

   soc_trust_cro6 BY
      w6q5 (a)
      w6q6 (b)
      w6q7 (c);


      ppltrst WITH w5q57 w6q5;
      w5q57 WITH w6q5;

      pplfair WITH w5q58 w6q6;
      w5q58 WITH w6q6;

      pplhlp WITH w5q59 w6q7;
      w5q59 WITH w6q7;


   Output:
      STANDARDIZED(STDYX) MODINDICES(.1) ;



INPUT READING TERMINATED NORMALLY



Social trust equivalence testing Estonia - metric;

SUMMARY OF ANALYSIS

Number of groups                                                 1
Number of observations                                         555

Number of dependent variables                                    9
Number of independent variables                                  0
Number of continuous latent variables                            3

Observed dependent variables

  Continuous
   PPLTRST     PPLFAIR     PPLHLP      W5Q57       W5Q58       W5Q59
   W6Q5        W6Q6        W6Q7

Continuous latent variables
   SOC_TRUS    SOC_TRUS    SOC_TRUS


Estimator                                                       ML
Information matrix                                        OBSERVED
Maximum number of iterations                                  1000
Convergence criterion                                    0.500D-04
Maximum number of steepest descent iterations                   20
Maximum number of iterations for H1                           2000
Convergence criterion for H1                             0.100D-03

Input data file(s)
  data4.dat

Input data format  FREE


SUMMARY OF DATA

     Number of missing data patterns             8


COVARIANCE COVERAGE OF DATA

Minimum covariance coverage value   0.100


     PROPORTION OF DATA PRESENT


           Covariance Coverage
              PPLTRST       PPLFAIR       PPLHLP        W5Q57         W5Q58
              ________      ________      ________      ________      ________
 PPLTRST        1.000
 PPLFAIR        0.998         0.998
 PPLHLP         1.000         0.998         1.000
 W5Q57          0.982         0.980         0.982         0.982
 W5Q58          0.982         0.980         0.982         0.980         0.982
 W5Q59          0.982         0.980         0.982         0.980         0.980
 W6Q5           0.986         0.984         0.986         0.973         0.971
 W6Q6           0.984         0.982         0.984         0.971         0.969
 W6Q7           0.984         0.982         0.984         0.971         0.969


           Covariance Coverage
              W5Q59         W6Q5          W6Q6          W6Q7
              ________      ________      ________      ________
 W5Q59          0.982
 W6Q5           0.971         0.986
 W6Q6           0.971         0.984         0.984
 W6Q7           0.971         0.984         0.984         0.984



UNIVARIATE SAMPLE STATISTICS


     UNIVARIATE HIGHER-ORDER MOMENT DESCRIPTIVE STATISTICS

         Variable/         Mean/     Skewness/   Minimum/ % with                Percentiles
        Sample Size      Variance    Kurtosis    Maximum  Min/Max      20%/60%    40%/80%    Median

     PPLTRST               6.189      -0.550       0.000    0.72%       5.000      6.000      7.000
             555.000       3.422       0.351      10.000    2.16%       7.000      8.000
     PPLFAIR               6.345      -0.568       0.000    0.90%       5.000      6.000      7.000
             554.000       3.843       0.130      10.000    2.89%       7.000      8.000
     PPLHLP                5.479      -0.230       0.000    1.80%       4.000      5.000      5.000
             555.000       4.001      -0.100      10.000    1.44%       6.000      7.000
     W5Q57                 4.985      -0.267       0.000    7.34%       3.000      5.000      5.000
             545.000       5.853      -0.240      10.000    3.49%       5.000      7.000
     W5Q58                 5.738      -0.443       0.000    3.49%       4.000      5.000      6.000
             545.000       4.795       0.259      10.000    4.59%       6.000      8.000
     W5Q59                 4.978      -0.395       0.000    6.42%       3.000      5.000      5.000
             545.000       5.089      -0.052      10.000    2.02%       6.000      7.000
     W6Q5                  5.481      -0.360       0.000    4.02%       3.000      5.000      5.000
             547.000       5.453      -0.180      10.000    4.20%       6.000      7.000
     W6Q6                  5.837      -0.437       0.000    2.75%       4.000      5.000      6.000
             546.000       4.968      -0.027      10.000    4.40%       7.000      8.000
     W6Q7                  5.147      -0.325       0.000    4.76%       3.000      5.000      5.000
             546.000       5.239      -0.177      10.000    2.56%       6.000      7.000


THE MODEL ESTIMATION TERMINATED NORMALLY



MODEL FIT INFORMATION

Number of Free Parameters                       35

Loglikelihood

          H0 Value                       -9746.851
          H1 Value                       -9727.267

Information Criteria

          Akaike (AIC)                   19563.703
          Bayesian (BIC)                 19714.867
          Sample-Size Adjusted BIC       19603.761
            (n* = (n + 2) / 24)

Chi-Square Test of Model Fit

          Value                             39.170
          Degrees of Freedom                    19
          P-Value                           0.0042

RMSEA (Root Mean Square Error Of Approximation)

          Estimate                           0.044
          90 Percent C.I.                    0.024  0.063
          Probability RMSEA <= .05           0.677

CFI/TLI

          CFI                                0.991
          TLI                                0.982

Chi-Square Test of Model Fit for the Baseline Model

          Value                           2168.405
          Degrees of Freedom                    36
          P-Value                           0.0000

SRMR (Standardized Root Mean Square Residual)

          Value                              0.026



MODEL RESULTS

                                                    Two-Tailed
                    Estimate       S.E.  Est./S.E.    P-Value

 SOC_TRUS BY
    PPLTRST            1.000      0.000    999.000    999.000
    PPLFAIR            1.098      0.048     22.922      0.000
    PPLHLP             0.867      0.042     20.787      0.000

 SOC_TRUS BY
    W5Q57              1.000      0.000    999.000    999.000
    W5Q58              1.098      0.048     22.922      0.000
    W5Q59              0.867      0.042     20.787      0.000

 SOC_TRUS BY
    W6Q5               1.000      0.000    999.000    999.000
    W6Q6               1.098      0.048     22.922      0.000
    W6Q7               0.867      0.042     20.787      0.000

 SOC_TRUS WITH
    SOC_TRUST_         1.363      0.163      8.353      0.000

 SOC_TRUS WITH
    SOC_TRUST_         1.597      0.174      9.183      0.000
    SOC_TRUST_         2.352      0.244      9.657      0.000

 PPLTRST  WITH
    W5Q57              0.283      0.129      2.197      0.028
    W6Q5               0.416      0.115      3.612      0.000

 W5Q57    WITH
    W6Q5               0.989      0.150      6.598      0.000

 PPLFAIR  WITH
    W5Q58             -0.113      0.115     -0.983      0.326
    W6Q6              -0.347      0.113     -3.079      0.002

 W5Q58    WITH
    W6Q6               0.132      0.123      1.077      0.282

 PPLHLP   WITH
    W5Q59              0.442      0.138      3.197      0.001
    W6Q7               0.462      0.135      3.426      0.001

 W5Q59    WITH
    W6Q7               0.953      0.148      6.445      0.000

 Intercepts
    PPLTRST            6.189      0.079     77.971      0.000
    PPLFAIR            6.348      0.082     77.317      0.000
    PPLHLP             5.479      0.085     64.635      0.000
    W5Q57              4.968      0.104     47.967      0.000
    W5Q58              5.725      0.094     61.003      0.000
    W5Q59              4.966      0.096     51.777      0.000
    W6Q5               5.472      0.099     54.998      0.000
    W6Q6               5.825      0.096     60.534      0.000
    W6Q7               5.139      0.097     52.732      0.000

 Variances
    SOC_TRUST_         1.658      0.165     10.030      0.000
    SOC_TRUST_         3.016      0.290     10.408      0.000
    SOC_TRUST_         3.355      0.307     10.916      0.000

 Residual Variances
    PPLTRST            1.839      0.149     12.327      0.000
    PPLFAIR            1.736      0.167     10.384      0.000
    PPLHLP             2.743      0.188     14.615      0.000
    W5Q57              2.866      0.223     12.836      0.000
    W5Q58              1.194      0.176      6.784      0.000
    W5Q59              2.775      0.201     13.788      0.000
    W6Q5               2.090      0.177     11.815      0.000
    W6Q6               1.042      0.165      6.322      0.000
    W6Q7               2.694      0.192     14.029      0.000


STANDARDIZED MODEL RESULTS


STDYX Standardization

                                                    Two-Tailed
                    Estimate       S.E.  Est./S.E.    P-Value

 SOC_TRUS BY
    PPLTRST            0.689      0.025     27.109      0.000
    PPLFAIR            0.732      0.026     27.728      0.000
    PPLHLP             0.559      0.027     20.937      0.000

 SOC_TRUS BY
    W5Q57              0.716      0.023     30.486      0.000
    W5Q58              0.868      0.021     42.009      0.000
    W5Q59              0.670      0.025     27.042      0.000

 SOC_TRUS BY
    W6Q5               0.785      0.021     37.678      0.000
    W6Q6               0.892      0.018     48.814      0.000
    W6Q7               0.695      0.024     29.332      0.000

 SOC_TRUS WITH
    SOC_TRUST_         0.609      0.042     14.441      0.000

 SOC_TRUS WITH
    SOC_TRUST_         0.677      0.038     18.015      0.000
    SOC_TRUST_         0.739      0.027     26.928      0.000

 PPLTRST  WITH
    W5Q57              0.123      0.054      2.278      0.023
    W6Q5               0.212      0.054      3.936      0.000

 W5Q57    WITH
    W6Q5               0.404      0.046      8.822      0.000

 PPLFAIR  WITH
    W5Q58             -0.078      0.082     -0.952      0.341
    W6Q6              -0.258      0.095     -2.726      0.006

 W5Q58    WITH
    W6Q6               0.119      0.100      1.184      0.236

 PPLHLP   WITH
    W5Q59              0.160      0.048      3.333      0.001
    W6Q7               0.170      0.047      3.596      0.000

 W5Q59    WITH
    W6Q7               0.348      0.044      7.919      0.000

 Intercepts
    PPLTRST            3.310      0.104     31.934      0.000
    PPLFAIR            3.284      0.100     32.755      0.000
    PPLHLP             2.744      0.086     31.975      0.000
    W5Q57              2.049      0.072     28.501      0.000
    W5Q58              2.604      0.088     29.610      0.000
    W5Q59              2.212      0.075     29.470      0.000
    W6Q5               2.345      0.081     29.058      0.000
    W6Q6               2.582      0.088     29.450      0.000
    W6Q7               2.251      0.077     29.391      0.000

 Variances
    SOC_TRUST_         1.000      0.000    999.000    999.000
    SOC_TRUST_         1.000      0.000    999.000    999.000
    SOC_TRUST_         1.000      0.000    999.000    999.000

 Residual Variances
    PPLTRST            0.526      0.035     15.027      0.000
    PPLFAIR            0.465      0.039     12.034      0.000
    PPLHLP             0.688      0.030     23.047      0.000
    W5Q57              0.487      0.034     14.484      0.000
    W5Q58              0.247      0.036      6.892      0.000
    W5Q59              0.551      0.033     16.563      0.000
    W6Q5               0.384      0.033     11.737      0.000
    W6Q6               0.205      0.033      6.287      0.000
    W6Q7               0.517      0.033     15.677      0.000


R-SQUARE

    Observed                                        Two-Tailed
    Variable        Estimate       S.E.  Est./S.E.    P-Value

    PPLTRST            0.474      0.035     13.555      0.000
    PPLFAIR            0.535      0.039     13.864      0.000
    PPLHLP             0.312      0.030     10.468      0.000
    W5Q57              0.513      0.034     15.243      0.000
    W5Q58              0.753      0.036     21.005      0.000
    W5Q59              0.449      0.033     13.521      0.000
    W6Q5               0.616      0.033     18.839      0.000
    W6Q6               0.795      0.033     24.407      0.000
    W6Q7               0.483      0.033     14.666      0.000


QUALITY OF NUMERICAL RESULTS

     Condition Number for the Information Matrix              0.160E-02
       (ratio of smallest to largest eigenvalue)


MODEL MODIFICATION INDICES

NOTE:  Modification indices for direct effects of observed dependent variables
regressed on covariates may not be included.  To include these, request
MODINDICES (ALL).

Minimum M.I. value for printing the modification index     0.100

                                   M.I.     E.P.C.  Std E.P.C.  StdYX E.P.C.

BY Statements

SOC_TRUS BY PPLTRST                0.762    -0.070     -0.090       -0.048
SOC_TRUS BY PPLFAIR                1.343     0.086      0.111        0.058
SOC_TRUS BY W5Q57                  1.094    -0.079     -0.102       -0.042
SOC_TRUS BY W5Q59                  1.122     0.075      0.096        0.043
SOC_TRUS BY W6Q5                   0.299     0.040      0.052        0.022
SOC_TRUS BY W6Q6                   1.859    -0.105     -0.136       -0.060
SOC_TRUS BY W6Q7                   1.006     0.073      0.094        0.041
SOC_TRUS BY PPLTRST                0.785     0.044      0.076        0.041
SOC_TRUS BY PPLFAIR                0.223     0.026      0.046        0.024
SOC_TRUS BY PPLHLP                 2.529    -0.081     -0.140       -0.070
SOC_TRUS BY W6Q5                   0.108     0.016      0.028        0.012
SOC_TRUS BY W6Q6                   1.033    -0.054     -0.094       -0.042
SOC_TRUS BY W6Q7                   0.700     0.042      0.073        0.032
SOC_TRUS BY PPLTRST                0.380    -0.028     -0.052       -0.028
SOC_TRUS BY PPLFAIR                3.336     0.095      0.174        0.090
SOC_TRUS BY PPLHLP                 1.898    -0.065     -0.119       -0.060
SOC_TRUS BY W5Q57                  0.733    -0.042     -0.076       -0.031
SOC_TRUS BY W5Q58                  0.152    -0.019     -0.035       -0.016
SOC_TRUS BY W5Q59                  1.979     0.065      0.119        0.053
SOC_TRUS BY W6Q5                   0.666     0.044      0.081        0.035
SOC_TRUS BY W6Q6                   0.553    -0.022     -0.039       -0.017

WITH Statements

PPLFAIR  WITH PPLTRST              3.131    -0.270     -0.270       -0.151
PPLHLP   WITH PPLFAIR              2.482     0.215      0.215        0.099
W5Q57    WITH PPLFAIR              0.294    -0.075     -0.075       -0.034
W5Q57    WITH PPLHLP               0.317    -0.073     -0.073       -0.026
W5Q58    WITH PPLTRST              1.127     0.123      0.123        0.083
W5Q58    WITH PPLHLP               0.464    -0.081     -0.081       -0.045
W5Q58    WITH W5Q57                2.861     0.287      0.287        0.155
W5Q59    WITH PPLTRST              2.334     0.170      0.170        0.075
W5Q59    WITH PPLFAIR              1.241    -0.140     -0.140       -0.064
W5Q59    WITH W5Q57                0.337    -0.082     -0.082       -0.029
W5Q59    WITH W5Q58                1.276    -0.165     -0.165       -0.091
W6Q5     WITH PPLFAIR              0.209    -0.057     -0.057       -0.030
W6Q5     WITH PPLHLP               0.453     0.076      0.076        0.032
W6Q5     WITH W5Q58                0.119     0.042      0.042        0.026
W6Q5     WITH W5Q59                0.634    -0.088     -0.088       -0.036
W6Q6     WITH PPLHLP               2.175    -0.168     -0.168       -0.099
W6Q6     WITH W5Q57               10.090    -0.421     -0.421       -0.244
W6Q6     WITH W5Q59                5.980     0.282      0.282        0.166
W6Q6     WITH W6Q5                 3.368     0.297      0.297        0.201
W6Q7     WITH PPLTRST              3.030    -0.191     -0.191       -0.086
W6Q7     WITH PPLFAIR             10.606     0.399      0.399        0.185
W6Q7     WITH W5Q57                8.042     0.354      0.354        0.127
W6Q7     WITH W5Q58                1.662    -0.151     -0.151       -0.084
W6Q7     WITH W6Q5                 0.860    -0.118     -0.118       -0.050
W6Q7     WITH W6Q6                 0.805    -0.124     -0.124       -0.074


DIAGRAM INFORMATION

  Use View Diagram under the Diagram menu in the Mplus Editor to view the diagram.
  If running Mplus from the Mplus Diagrammer, the diagram opens automatically.

  Diagram output
    c:\users\msassac6\dropbox (the university of manchester)\papers\melanie revilla\ess_cronos\mplus\soc_trust_ee_metric

     Beginning Time:  10:45:12
        Ending Time:  10:45:12
       Elapsed Time:  00:00:00



MUTHEN & MUTHEN
3463 Stoner Ave.
Los Angeles, CA  90066

Tel: (310) 391-9971
Fax: (310) 391-8971
Web: www.StatModel.com
Support: Support@StatModel.com

Copyright (c) 1998-2019 Muthen & Muthen
