Mplus VERSION 8.3
MUTHEN & MUTHEN
05/08/2019   8:59 AM

INPUT INSTRUCTIONS

  TITLE: Social trust equivalence testing SI - metric;

  DATA: FILE = "data4.dat";

  VARIABLE:
  NAMES = idno cntry w6part w5part w5q38 w5q39 w5q40 w5q41 psppsgva actrolga psppipla
       cptppola w5q32 w5q33 w5q34 w5q35 w5q36 w5q37 wrkprty wrkorg badge sgnptit
       pbldmn pstplonl w5q44 w5q46 w5q48 testgc33 testgc34 testgc35 w5q57 w5q58 w5q59
       w6q5 w6q6 w6q7 ppltrst pplfair pplhlp w5q63 w5q64 w5q65 w5q66 sbstrec sbprvpv
       sbeqsoc sbbsntx w6q9 w6q10 w6q11 w6q12 w6q13 w6q14 trstlgl trstplc trstplt
       trstprt trstep trstun comp;

  USEVARIABLES = ppltrst pplfair pplhlp
        w5q57 w5q58 w5q59
       w6q5 w6q6 w6q7;

  MISSING=.;

  USEOBSERVATIONS ARE w5part EQ 1 AND w6part EQ 1 AND cntry EQ 3;



   Model:

   soc_trust_ess BY
      ppltrst (a)
      pplfair (b)
      pplhlp ;

   soc_trust_cro5 BY
      w5q57 (a)
      w5q58 (b)
      w5q59 (c);

   soc_trust_cro6 BY
      w6q5 (a)
      w6q6 (b)
      w6q7 (c);


      ppltrst WITH w5q57 w6q5;
      w5q57 WITH w6q5;

      pplfair WITH w5q58 w6q6;
      w5q58 WITH w6q6;

      pplhlp WITH w5q59 w6q7;
      w5q59 WITH w6q7;


   Output:
      STANDARDIZED(STDYX) MODINDICES(.1) ;



INPUT READING TERMINATED NORMALLY



Social trust equivalence testing SI - metric;

SUMMARY OF ANALYSIS

Number of groups                                                 1
Number of observations                                         546

Number of dependent variables                                    9
Number of independent variables                                  0
Number of continuous latent variables                            3

Observed dependent variables

  Continuous
   PPLTRST     PPLFAIR     PPLHLP      W5Q57       W5Q58       W5Q59
   W6Q5        W6Q6        W6Q7

Continuous latent variables
   SOC_TRUS    SOC_TRUS    SOC_TRUS


Estimator                                                       ML
Information matrix                                        OBSERVED
Maximum number of iterations                                  1000
Convergence criterion                                    0.500D-04
Maximum number of steepest descent iterations                   20
Maximum number of iterations for H1                           2000
Convergence criterion for H1                             0.100D-03

Input data file(s)
  data4.dat

Input data format  FREE


SUMMARY OF DATA

     Number of missing data patterns            10


COVARIANCE COVERAGE OF DATA

Minimum covariance coverage value   0.100


     PROPORTION OF DATA PRESENT


           Covariance Coverage
              PPLTRST       PPLFAIR       PPLHLP        W5Q57         W5Q58
              ________      ________      ________      ________      ________
 PPLTRST        0.998
 PPLFAIR        0.989         0.991
 PPLHLP         0.995         0.991         0.996
 W5Q57          0.989         0.982         0.987         0.991
 W5Q58          0.989         0.982         0.987         0.991         0.991
 W5Q59          0.993         0.985         0.991         0.991         0.991
 W6Q5           0.969         0.962         0.967         0.962         0.962
 W6Q6           0.967         0.960         0.965         0.962         0.962
 W6Q7           0.969         0.962         0.967         0.962         0.962


           Covariance Coverage
              W5Q59         W6Q5          W6Q6          W6Q7
              ________      ________      ________      ________
 W5Q59          0.995
 W6Q5           0.965         0.971
 W6Q6           0.965         0.969         0.969
 W6Q7           0.965         0.969         0.967         0.971



UNIVARIATE SAMPLE STATISTICS


     UNIVARIATE HIGHER-ORDER MOMENT DESCRIPTIVE STATISTICS

         Variable/         Mean/     Skewness/   Minimum/ % with                Percentiles
        Sample Size      Variance    Kurtosis    Maximum  Min/Max      20%/60%    40%/80%    Median

     PPLTRST               4.730      -0.177       0.000    5.87%       2.000      4.000      5.000
             545.000       5.991      -0.806      10.000    1.28%       5.000      7.000
     PPLFAIR               5.190      -0.354       0.000    3.33%       3.000      5.000      5.000
             541.000       4.601      -0.290      10.000    0.55%       6.000      7.000
     PPLHLP                5.381      -0.173       0.000    0.92%       4.000      5.000      5.000
             544.000       3.978      -0.349      10.000    1.47%       6.000      7.000
     W5Q57                 4.590      -0.151       0.000    8.32%       3.000      4.000      5.000
             541.000       5.599      -0.302      10.000    2.22%       5.000      6.000
     W5Q58                 4.837      -0.305       0.000    9.06%       3.000      5.000      5.000
             541.000       5.826      -0.191      10.000    2.96%       5.000      7.000
     W5Q59                 4.302       0.011       0.000   10.13%       2.000      4.000      5.000
             543.000       5.784      -0.259      10.000    2.76%       5.000      6.000
     W6Q5                  4.858      -0.175       0.000    5.47%       3.000      5.000      5.000
             530.000       5.306      -0.223      10.000    2.64%       5.000      7.000
     W6Q6                  4.945      -0.289       0.000    7.18%       3.000      5.000      5.000
             529.000       5.764      -0.345      10.000    2.46%       5.000      7.000
     W6Q7                  4.530      -0.118       0.000    7.55%       3.000      4.000      5.000
             530.000       5.249      -0.263      10.000    1.70%       5.000      7.000


THE MODEL ESTIMATION TERMINATED NORMALLY



MODEL FIT INFORMATION

Number of Free Parameters                       36

Loglikelihood

          H0 Value                       -9895.171
          H1 Value                       -9876.720

Information Criteria

          Akaike (AIC)                   19862.342
          Bayesian (BIC)                 20017.236
          Sample-Size Adjusted BIC       19902.958
            (n* = (n + 2) / 24)

Chi-Square Test of Model Fit

          Value                             36.901
          Degrees of Freedom                    18
          P-Value                           0.0054

RMSEA (Root Mean Square Error Of Approximation)

          Estimate                           0.044
          90 Percent C.I.                    0.023  0.064
          Probability RMSEA <= .05           0.666

CFI/TLI

          CFI                                0.991
          TLI                                0.981

Chi-Square Test of Model Fit for the Baseline Model

          Value                           2074.138
          Degrees of Freedom                    36
          P-Value                           0.0000

SRMR (Standardized Root Mean Square Residual)

          Value                              0.031



MODEL RESULTS

                                                    Two-Tailed
                    Estimate       S.E.  Est./S.E.    P-Value

 SOC_TRUS BY
    PPLTRST            1.000      0.000    999.000    999.000
    PPLFAIR            1.140      0.047     24.007      0.000
    PPLHLP             0.745      0.063     11.866      0.000

 SOC_TRUS BY
    W5Q57              1.000      0.000    999.000    999.000
    W5Q58              1.140      0.047     24.007      0.000
    W5Q59              0.898      0.043     20.798      0.000

 SOC_TRUS BY
    W6Q5               1.000      0.000    999.000    999.000
    W6Q6               1.140      0.047     24.007      0.000
    W6Q7               0.898      0.043     20.798      0.000

 SOC_TRUS WITH
    SOC_TRUST_         1.499      0.191      7.864      0.000

 SOC_TRUS WITH
    SOC_TRUST_         1.738      0.206      8.455      0.000
    SOC_TRUST_         2.355      0.241      9.780      0.000

 PPLTRST  WITH
    W5Q57              0.484      0.158      3.071      0.002
    W6Q5               0.466      0.144      3.250      0.001

 W5Q57    WITH
    W6Q5               0.421      0.136      3.091      0.002

 PPLFAIR  WITH
    W5Q58              0.137      0.138      0.993      0.320
    W6Q6               0.034      0.126      0.267      0.789

 W5Q58    WITH
    W6Q6               0.140      0.133      1.055      0.292

 PPLHLP   WITH
    W5Q59              0.403      0.139      2.900      0.004
    W6Q7               0.193      0.137      1.417      0.157

 W5Q59    WITH
    W6Q7               0.688      0.150      4.599      0.000

 Intercepts
    PPLTRST            4.727      0.102     46.438      0.000
    PPLFAIR            5.203      0.094     55.269      0.000
    PPLHLP             5.382      0.085     62.980      0.000
    W5Q57              4.590      0.103     44.620      0.000
    W5Q58              4.835      0.105     46.226      0.000
    W5Q59              4.300      0.100     42.997      0.000
    W6Q5               4.828      0.100     48.398      0.000
    W6Q6               4.914      0.102     48.089      0.000
    W6Q7               4.509      0.102     44.181      0.000

 Variances
    SOC_TRUST_         2.430      0.254      9.548      0.000
    SOC_TRUST_         3.250      0.296     10.993      0.000
    SOC_TRUST_         3.404      0.302     11.259      0.000

 Residual Variances
    PPLTRST            3.220      0.248     12.997      0.000
    PPLFAIR            1.656      0.209      7.943      0.000
    PPLHLP             2.628      0.191     13.753      0.000
    W5Q57              2.493      0.209     11.952      0.000
    W5Q58              1.719      0.209      8.235      0.000
    W5Q59              2.819      0.213     13.203      0.000
    W6Q5               1.925      0.169     11.380      0.000
    W6Q6               1.174      0.177      6.642      0.000
    W6Q7               2.823      0.201     14.016      0.000


STANDARDIZED MODEL RESULTS


STDYX Standardization

                                                    Two-Tailed
                    Estimate       S.E.  Est./S.E.    P-Value

 SOC_TRUS BY
    PPLTRST            0.656      0.027     24.448      0.000
    PPLFAIR            0.810      0.025     32.108      0.000
    PPLHLP             0.582      0.036     16.134      0.000

 SOC_TRUS BY
    W5Q57              0.752      0.022     34.345      0.000
    W5Q58              0.843      0.020     41.546      0.000
    W5Q59              0.694      0.026     27.094      0.000

 SOC_TRUS BY
    W6Q5               0.799      0.020     40.231      0.000
    W6Q6               0.889      0.018     48.359      0.000
    W6Q7               0.702      0.023     30.905      0.000

 SOC_TRUS WITH
    SOC_TRUST_         0.533      0.043     12.445      0.000

 SOC_TRUS WITH
    SOC_TRUST_         0.604      0.040     15.139      0.000
    SOC_TRUST_         0.708      0.031     23.099      0.000

 PPLTRST  WITH
    W5Q57              0.171      0.053      3.244      0.001
    W6Q5               0.187      0.054      3.487      0.000

 W5Q57    WITH
    W6Q5               0.192      0.057      3.391      0.001

 PPLFAIR  WITH
    W5Q58              0.081      0.079      1.028      0.304
    W6Q6               0.024      0.090      0.270      0.787

 W5Q58    WITH
    W6Q6               0.098      0.088      1.122      0.262

 PPLHLP   WITH
    W5Q59              0.148      0.049      3.018      0.003
    W6Q7               0.071      0.049      1.435      0.151

 W5Q59    WITH
    W6Q7               0.244      0.048      5.100      0.000

 Intercepts
    PPLTRST            1.989      0.070     28.569      0.000
    PPLFAIR            2.372      0.083     28.438      0.000
    PPLHLP             2.699      0.092     29.280      0.000
    W5Q57              1.915      0.070     27.452      0.000
    W5Q58              1.984      0.073     27.313      0.000
    W5Q59              1.844      0.067     27.695      0.000
    W6Q5               2.091      0.076     27.694      0.000
    W6Q6               2.078      0.076     27.327      0.000
    W6Q7               1.911      0.071     26.805      0.000

 Variances
    SOC_TRUST_         1.000      0.000    999.000    999.000
    SOC_TRUST_         1.000      0.000    999.000    999.000
    SOC_TRUST_         1.000      0.000    999.000    999.000

 Residual Variances
    PPLTRST            0.570      0.035     16.203      0.000
    PPLFAIR            0.344      0.041      8.425      0.000
    PPLHLP             0.661      0.042     15.733      0.000
    W5Q57              0.434      0.033     13.171      0.000
    W5Q58              0.289      0.034      8.459      0.000
    W5Q59              0.518      0.036     14.568      0.000
    W6Q5               0.361      0.032     11.378      0.000
    W6Q6               0.210      0.033      6.419      0.000
    W6Q7               0.507      0.032     15.891      0.000


R-SQUARE

    Observed                                        Two-Tailed
    Variable        Estimate       S.E.  Est./S.E.    P-Value

    PPLTRST            0.430      0.035     12.224      0.000
    PPLFAIR            0.656      0.041     16.054      0.000
    PPLHLP             0.339      0.042      8.067      0.000
    W5Q57              0.566      0.033     17.172      0.000
    W5Q58              0.711      0.034     20.773      0.000
    W5Q59              0.482      0.036     13.547      0.000
    W6Q5               0.639      0.032     20.116      0.000
    W6Q6               0.790      0.033     24.180      0.000
    W6Q7               0.493      0.032     15.452      0.000


QUALITY OF NUMERICAL RESULTS

     Condition Number for the Information Matrix              0.252E-02
       (ratio of smallest to largest eigenvalue)


MODEL MODIFICATION INDICES

NOTE:  Modification indices for direct effects of observed dependent variables
regressed on covariates may not be included.  To include these, request
MODINDICES (ALL).

Minimum M.I. value for printing the modification index     0.100

                                   M.I.     E.P.C.  Std E.P.C.  StdYX E.P.C.

BY Statements

SOC_TRUS BY PPLTRST                7.505     0.238      0.371        0.156
SOC_TRUS BY PPLFAIR                7.502    -0.229     -0.357       -0.163
SOC_TRUS BY W5Q57                  0.814    -0.058     -0.090       -0.038
SOC_TRUS BY W5Q58                  0.111     0.024      0.037        0.015
SOC_TRUS BY W5Q59                  0.386     0.040      0.062        0.027
SOC_TRUS BY W6Q6                   1.217     0.075      0.117        0.050
SOC_TRUS BY W6Q7                   1.617    -0.085     -0.132       -0.056
SOC_TRUS BY PPLTRST                3.030     0.101      0.181        0.076
SOC_TRUS BY PPLFAIR                3.407    -0.114     -0.205       -0.093
SOC_TRUS BY PPLHLP                 0.120     0.022      0.040        0.020
SOC_TRUS BY W5Q57                  1.633    -0.080     -0.144       -0.060
SOC_TRUS BY W5Q58                  0.823    -0.041     -0.075       -0.031
SOC_TRUS BY W5Q59                  6.354     0.088      0.158        0.068
SOC_TRUS BY W6Q6                   0.533     0.040      0.073        0.031
SOC_TRUS BY W6Q7                   0.565    -0.042     -0.075       -0.032
SOC_TRUS BY PPLTRST                5.871     0.135      0.250        0.105
SOC_TRUS BY PPLFAIR                5.924    -0.146     -0.269       -0.123
SOC_TRUS BY W5Q58                  2.276    -0.083     -0.154       -0.063
SOC_TRUS BY W5Q59                  2.431     0.081      0.149        0.064
SOC_TRUS BY W6Q5                   0.430    -0.039     -0.072       -0.031
SOC_TRUS BY W6Q6                   7.220     0.086      0.159        0.067
SOC_TRUS BY W6Q7                   6.354    -0.073     -0.134       -0.057

WITH Statements

PPLFAIR  WITH PPLTRST              0.105     0.094      0.094        0.041
PPLHLP   WITH PPLTRST              1.190     0.177      0.177        0.061
PPLHLP   WITH PPLFAIR              1.705    -0.230     -0.230       -0.110
W5Q57    WITH PPLFAIR              0.417    -0.100     -0.100       -0.049
W5Q57    WITH PPLHLP               0.331    -0.076     -0.076       -0.030
W5Q58    WITH PPLTRST              1.651     0.213      0.213        0.091
W5Q58    WITH PPLHLP               0.575     0.104      0.104        0.049
W5Q58    WITH W5Q57                4.113    -0.409     -0.409       -0.198
W5Q59    WITH PPLTRST              2.773    -0.252     -0.252       -0.084
W5Q59    WITH PPLFAIR              0.388     0.091      0.091        0.042
W5Q59    WITH W5Q58                4.935     0.389      0.389        0.177
W6Q5     WITH PPLFAIR              0.173    -0.060     -0.060       -0.034
W6Q5     WITH PPLHLP               0.795     0.106      0.106        0.047
W6Q5     WITH W5Q58                4.980    -0.317     -0.317       -0.174
W6Q5     WITH W5Q59                7.971     0.351      0.351        0.151
W6Q6     WITH PPLTRST              0.234     0.075      0.075        0.039
W6Q6     WITH PPLHLP               0.548    -0.092     -0.092       -0.052
W6Q6     WITH W5Q57                0.822     0.129      0.129        0.075
W6Q6     WITH W5Q59                4.944    -0.288     -0.288       -0.158
W6Q6     WITH W6Q5                 6.591     0.486      0.486        0.323
W6Q7     WITH PPLTRST              1.276     0.171      0.171        0.057
W6Q7     WITH PPLFAIR              1.139    -0.155     -0.155       -0.072
W6Q7     WITH W5Q57                1.177     0.151      0.151        0.057
W6Q7     WITH W6Q5                12.663    -0.526     -0.526       -0.226
W6Q7     WITH W6Q6                 0.944     0.157      0.157        0.086


DIAGRAM INFORMATION

  Use View Diagram under the Diagram menu in the Mplus Editor to view the diagram.
  If running Mplus from the Mplus Diagrammer, the diagram opens automatically.

  Diagram output
    c:\users\msassac6\dropbox (the university of manchester)\papers\melanie revilla\ess_cronos\mplus\soc_trust_si_metric

     Beginning Time:  08:59:49
        Ending Time:  08:59:50
       Elapsed Time:  00:00:01



MUTHEN & MUTHEN
3463 Stoner Ave.
Los Angeles, CA  90066

Tel: (310) 391-9971
Fax: (310) 391-8971
Web: www.StatModel.com
Support: Support@StatModel.com

Copyright (c) 1998-2019 Muthen & Muthen
