Mplus VERSION 8.3
MUTHEN & MUTHEN
05/07/2019  11:18 AM

INPUT INSTRUCTIONS

  TITLE: Social benefits equivalence testing GB - configural;

  DATA: FILE = "data4.dat";

  VARIABLE:
  NAMES = idno cntry w6part w5part w5q38 w5q39 w5q40 w5q41 psppsgva actrolga psppipla
       cptppola w5q32 w5q33 w5q34 w5q35 w5q36 w5q37 wrkprty wrkorg badge sgnptit
       pbldmn pstplonl w5q44 w5q46 w5q48 testgc33 testgc34 testgc35 w5q57 w5q58 w5q59
       w6q5 w6q6 w6q7 ppltrst pplfair pplhlp w5q63 w5q64 w5q65 w5q66 sbstrec sbprvpv
       sbeqsoc sbbsntx w6q9 w6q10 w6q11 w6q12 w6q13 w6q14 trstlgl trstplc trstplt
       trstprt trstep trstun comp;

  USEVARIABLES = w5q63 w5q64 w5q65 w5q66 sbstrec sbprvpv
       sbeqsoc sbbsntx;

  MISSING=.;

  USEOBSERVATIONS ARE w5part EQ 1 AND cntry EQ 2;



   Model:

   soc_ben_ess BY sbstrec sbprvpv
       sbeqsoc sbbsntx;

   soc_ben_cro BY w5q63 w5q64 w5q65 w5q66;

      sbstrec WITH w5q63;
      sbprvpv WITH w5q64;
      sbeqsoc WITH w5q65;
      sbbsntx WITH w5q66;


   Output:
      STANDARDIZED(STDYX) MODINDICES(.1) ;



INPUT READING TERMINATED NORMALLY



Social benefits equivalence testing GB - configural;

SUMMARY OF ANALYSIS

Number of groups                                                 1
Number of observations                                         633

Number of dependent variables                                    8
Number of independent variables                                  0
Number of continuous latent variables                            2

Observed dependent variables

  Continuous
   W5Q63       W5Q64       W5Q65       W5Q66       SBSTREC     SBPRVPV
   SBEQSOC     SBBSNTX

Continuous latent variables
   SOC_BEN_    SOC_BEN_


Estimator                                                       ML
Information matrix                                        OBSERVED
Maximum number of iterations                                  1000
Convergence criterion                                    0.500D-04
Maximum number of steepest descent iterations                   20
Maximum number of iterations for H1                           2000
Convergence criterion for H1                             0.100D-03

Input data file(s)
  data4.dat

Input data format  FREE


SUMMARY OF DATA

     Number of missing data patterns            11


COVARIANCE COVERAGE OF DATA

Minimum covariance coverage value   0.100


     PROPORTION OF DATA PRESENT


           Covariance Coverage
              W5Q63         W5Q64         W5Q65         W5Q66         SBSTREC
              ________      ________      ________      ________      ________
 W5Q63          0.962
 W5Q64          0.962         0.962
 W5Q65          0.959         0.959         0.959
 W5Q66          0.959         0.959         0.959         0.959
 SBSTREC        0.956         0.956         0.953         0.953         0.994
 SBPRVPV        0.949         0.949         0.946         0.946         0.983
 SBEQSOC        0.956         0.956         0.953         0.953         0.989
 SBBSNTX        0.946         0.946         0.943         0.943         0.981


           Covariance Coverage
              SBPRVPV       SBEQSOC       SBBSNTX
              ________      ________      ________
 SBPRVPV        0.987
 SBEQSOC        0.983         0.994
 SBBSNTX        0.975         0.981         0.984



UNIVARIATE SAMPLE STATISTICS


     UNIVARIATE HIGHER-ORDER MOMENT DESCRIPTIVE STATISTICS

         Variable/         Mean/     Skewness/   Minimum/ % with                Percentiles
        Sample Size      Variance    Kurtosis    Maximum  Min/Max      20%/60%    40%/80%    Median

     W5Q63                 2.936       0.087       1.000    7.55%       2.000      3.000      3.000
             609.000       1.140      -0.802       5.000    6.73%       3.000      4.000
     W5Q64                 2.557       0.366       1.000   10.67%       2.000      2.000      2.000
             609.000       0.917      -0.571       5.000    1.64%       3.000      3.000
     W5Q65                 3.173      -0.250       1.000    3.62%       2.000      3.000      3.000
             607.000       0.917      -0.646       5.000    5.11%       4.000      4.000
     W5Q66                 3.392      -0.346       1.000    4.12%       3.000      3.000      3.000
             607.000       0.993      -0.241       5.000   12.36%       4.000      4.000
     SBSTREC               2.715       0.391       1.000    7.00%       2.000      2.000      2.000
             629.000       1.033      -0.816       5.000    3.50%       3.000      4.000
     SBPRVPV               2.542       0.660       1.000    4.48%       2.000      2.000      2.000
             625.000       0.715      -0.368       5.000    0.80%       3.000      3.000
     SBEQSOC               3.043       0.003       1.000    1.75%       2.000      3.000      3.000
             629.000       0.836      -1.023       5.000    2.86%       3.000      4.000
     SBBSNTX               3.205      -0.275       1.000    2.73%       2.000      3.000      3.000
             623.000       0.908      -0.794       5.000    4.82%       4.000      4.000


THE MODEL ESTIMATION TERMINATED NORMALLY



MODEL FIT INFORMATION

Number of Free Parameters                       29

Loglikelihood

          H0 Value                       -6392.709
          H1 Value                       -6281.393

Information Criteria

          Akaike (AIC)                   12843.417
          Bayesian (BIC)                 12972.481
          Sample-Size Adjusted BIC       12880.409
            (n* = (n + 2) / 24)

Chi-Square Test of Model Fit

          Value                            222.632
          Degrees of Freedom                    15
          P-Value                           0.0000

RMSEA (Root Mean Square Error Of Approximation)

          Estimate                           0.148
          90 Percent C.I.                    0.131  0.165
          Probability RMSEA <= .05           0.000

CFI/TLI

          CFI                                0.799
          TLI                                0.624

Chi-Square Test of Model Fit for the Baseline Model

          Value                           1059.645
          Degrees of Freedom                    28
          P-Value                           0.0000

SRMR (Standardized Root Mean Square Residual)

          Value                              0.091



MODEL RESULTS

                                                    Two-Tailed
                    Estimate       S.E.  Est./S.E.    P-Value

 SOC_BEN_ BY
    SBSTREC            1.000      0.000    999.000    999.000
    SBPRVPV           -0.092      0.059     -1.553      0.121
    SBEQSOC           -0.302      0.065     -4.640      0.000
    SBBSNTX            0.804      0.124      6.493      0.000

 SOC_BEN_ BY
    W5Q63              1.000      0.000    999.000    999.000
    W5Q64             -0.175      0.062     -2.822      0.005
    W5Q65             -0.239      0.058     -4.080      0.000
    W5Q66              0.919      0.128      7.192      0.000

 SOC_BEN_ WITH
    SOC_BEN_ES         0.471      0.075      6.253      0.000

 SBSTREC  WITH
    W5Q63              0.042      0.066      0.634      0.526

 SBPRVPV  WITH
    W5Q64              0.232      0.034      6.859      0.000

 SBEQSOC  WITH
    W5Q65              0.278      0.036      7.715      0.000

 SBBSNTX  WITH
    W5Q66              0.121      0.051      2.361      0.018

 Intercepts
    W5Q63              2.930      0.043     68.266      0.000
    W5Q64              2.554      0.039     66.034      0.000
    W5Q65              3.172      0.039     81.843      0.000
    W5Q66              3.389      0.040     84.632      0.000
    SBSTREC            2.715      0.040     67.091      0.000
    SBPRVPV            2.543      0.034     75.254      0.000
    SBEQSOC            3.044      0.036     83.568      0.000
    SBBSNTX            3.205      0.038     84.190      0.000

 Variances
    SOC_BEN_ES         0.549      0.097      5.674      0.000
    SOC_BEN_CR         0.632      0.104      6.067      0.000

 Residual Variances
    W5Q63              0.501      0.091      5.491      0.000
    W5Q64              0.895      0.052     17.280      0.000
    W5Q65              0.881      0.051     17.178      0.000
    W5Q66              0.451      0.075      6.035      0.000
    SBSTREC            0.483      0.087      5.572      0.000
    SBPRVPV            0.710      0.040     17.609      0.000
    SBEQSOC            0.785      0.046     17.217      0.000
    SBBSNTX            0.553      0.061      8.994      0.000


STANDARDIZED MODEL RESULTS


STDYX Standardization

                                                    Two-Tailed
                    Estimate       S.E.  Est./S.E.    P-Value

 SOC_BEN_ BY
    SBSTREC            0.729      0.058     12.643      0.000
    SBPRVPV           -0.081      0.050     -1.624      0.104
    SBEQSOC           -0.244      0.046     -5.348      0.000
    SBBSNTX            0.625      0.052     11.945      0.000

 SOC_BEN_ BY
    W5Q63              0.747      0.054     13.791      0.000
    W5Q64             -0.146      0.048     -3.059      0.002
    W5Q65             -0.198      0.046     -4.354      0.000
    W5Q66              0.736      0.052     14.276      0.000

 SOC_BEN_ WITH
    SOC_BEN_ES         0.799      0.039     20.282      0.000

 SBSTREC  WITH
    W5Q63              0.085      0.123      0.696      0.486

 SBPRVPV  WITH
    W5Q64              0.291      0.037      7.798      0.000

 SBEQSOC  WITH
    W5Q65              0.334      0.036      9.159      0.000

 SBBSNTX  WITH
    W5Q66              0.242      0.078      3.104      0.002

 Intercepts
    W5Q63              2.753      0.088     31.153      0.000
    W5Q64              2.671      0.087     30.882      0.000
    W5Q65              3.313      0.103     32.082      0.000
    W5Q66              3.414      0.105     32.387      0.000
    SBSTREC            2.673      0.085     31.383      0.000
    SBPRVPV            3.009      0.094     32.044      0.000
    SBEQSOC            3.331      0.102     32.708      0.000
    SBBSNTX            3.365      0.103     32.590      0.000

 Variances
    SOC_BEN_ES         1.000      0.000    999.000    999.000
    SOC_BEN_CR         1.000      0.000    999.000    999.000

 Residual Variances
    W5Q63              0.442      0.081      5.458      0.000
    W5Q64              0.979      0.014     70.550      0.000
    W5Q65              0.961      0.018     53.250      0.000
    W5Q66              0.458      0.076      6.034      0.000
    SBSTREC            0.468      0.084      5.565      0.000
    SBPRVPV            0.993      0.008    123.637      0.000
    SBEQSOC            0.940      0.022     42.085      0.000
    SBBSNTX            0.609      0.065      9.311      0.000


R-SQUARE

    Observed                                        Two-Tailed
    Variable        Estimate       S.E.  Est./S.E.    P-Value

    W5Q63              0.558      0.081      6.896      0.000
    W5Q64              0.021      0.014      1.529      0.126
    W5Q65              0.039      0.018      2.177      0.029
    W5Q66              0.542      0.076      7.138      0.000
    SBSTREC            0.532      0.084      6.321      0.000
    SBPRVPV            0.007      0.008      0.812      0.417
    SBEQSOC            0.060      0.022      2.674      0.007
    SBBSNTX            0.391      0.065      5.973      0.000


QUALITY OF NUMERICAL RESULTS

     Condition Number for the Information Matrix              0.313E-02
       (ratio of smallest to largest eigenvalue)


MODEL MODIFICATION INDICES

NOTE:  Modification indices for direct effects of observed dependent variables
regressed on covariates may not be included.  To include these, request
MODINDICES (ALL).

Minimum M.I. value for printing the modification index     0.100

                                   M.I.     E.P.C.  Std E.P.C.  StdYX E.P.C.

BY Statements

SOC_BEN_ BY W5Q63                  0.205    -0.218     -0.162       -0.152
SOC_BEN_ BY W5Q64                  1.502    -0.175     -0.130       -0.136
SOC_BEN_ BY W5Q66                  0.213    -0.202     -0.150       -0.151
SOC_BEN_ BY SBSTREC                0.903     0.428      0.340        0.335
SOC_BEN_ BY SBPRVPV                1.272    -0.130     -0.103       -0.122
SOC_BEN_ BY SBEQSOC                0.519     0.091      0.072        0.079
SOC_BEN_ BY SBBSNTX                0.303    -0.189     -0.150       -0.158

WITH Statements

W5Q64    WITH W5Q63               13.530     0.130      0.130        0.194
W5Q65    WITH W5Q64              106.778     0.339      0.339        0.382
W5Q66    WITH W5Q63                7.150     0.323      0.323        0.679
W5Q66    WITH W5Q65                5.565     0.076      0.076        0.120
SBSTREC  WITH W5Q64                3.198    -0.057     -0.057       -0.086
SBPRVPV  WITH W5Q63                0.898    -0.027     -0.027       -0.045
SBPRVPV  WITH W5Q65                3.570    -0.055     -0.055       -0.070
SBPRVPV  WITH W5Q66                0.468    -0.017     -0.017       -0.031
SBPRVPV  WITH SBSTREC             10.933     0.100      0.100        0.171
SBEQSOC  WITH W5Q64                1.545    -0.039     -0.039       -0.046
SBEQSOC  WITH W5Q66                0.694     0.023      0.023        0.039
SBEQSOC  WITH SBPRVPV             57.645     0.209      0.209        0.279
SBBSNTX  WITH W5Q63                0.876    -0.066     -0.066       -0.126
SBBSNTX  WITH W5Q65                0.624    -0.023     -0.023       -0.033
SBBSNTX  WITH SBSTREC              0.247     0.043      0.043        0.083
SBBSNTX  WITH SBPRVPV              0.127     0.010      0.010        0.015


DIAGRAM INFORMATION

  Use View Diagram under the Diagram menu in the Mplus Editor to view the diagram.
  If running Mplus from the Mplus Diagrammer, the diagram opens automatically.

  Diagram output
    c:\users\msassac6\dropbox (the university of manchester)\papers\melanie revilla\ess_cronos\mplus\soc_ben_gb_config.d

     Beginning Time:  11:18:34
        Ending Time:  11:18:35
       Elapsed Time:  00:00:01



MUTHEN & MUTHEN
3463 Stoner Ave.
Los Angeles, CA  90066

Tel: (310) 391-9971
Fax: (310) 391-8971
Web: www.StatModel.com
Support: Support@StatModel.com

Copyright (c) 1998-2019 Muthen & Muthen
