Mplus VERSION 8.3
MUTHEN & MUTHEN
05/07/2019  10:48 AM

INPUT INSTRUCTIONS

  TITLE: Social trust equivalence testing GB - configural;

  DATA: FILE = "data4.dat";

  VARIABLE:
  NAMES = idno cntry w6part w5part w5q38 w5q39 w5q40 w5q41 psppsgva actrolga psppipla
       cptppola w5q32 w5q33 w5q34 w5q35 w5q36 w5q37 wrkprty wrkorg badge sgnptit
       pbldmn pstplonl w5q44 w5q46 w5q48 testgc33 testgc34 testgc35 w5q57 w5q58 w5q59
       w6q5 w6q6 w6q7 ppltrst pplfair pplhlp w5q63 w5q64 w5q65 w5q66 sbstrec sbprvpv
       sbeqsoc sbbsntx w6q9 w6q10 w6q11 w6q12 w6q13 w6q14 trstlgl trstplc trstplt
       trstprt trstep trstun comp;

  USEVARIABLES = ppltrst pplfair pplhlp
        w5q57 w5q58 w5q59
       w6q5 w6q6 w6q7;

  MISSING=.;

  USEOBSERVATIONS ARE w5part EQ 1 AND w6part EQ 1 AND cntry EQ 2;



   Model:

   soc_trust_ess BY ppltrst pplfair pplhlp;

   soc_trust_cro5 BY w5q57 w5q58 w5q59;

   soc_trust_cro6 BY w6q5 w6q6 w6q7;


      ppltrst WITH w5q57 w6q5;
      w5q57 WITH w6q5;

      pplfair WITH w5q58 w6q6;
      w5q58 WITH w6q6;

      pplhlp WITH w5q59 w6q7;
      w5q59 WITH w6q7;


   Output:
      STANDARDIZED(STDYX) MODINDICES(.1) ;



INPUT READING TERMINATED NORMALLY



Social trust equivalence testing GB - configural;

SUMMARY OF ANALYSIS

Number of groups                                                 1
Number of observations                                         563

Number of dependent variables                                    9
Number of independent variables                                  0
Number of continuous latent variables                            3

Observed dependent variables

  Continuous
   PPLTRST     PPLFAIR     PPLHLP      W5Q57       W5Q58       W5Q59
   W6Q5        W6Q6        W6Q7

Continuous latent variables
   SOC_TRUS    SOC_TRUS    SOC_TRUS


Estimator                                                       ML
Information matrix                                        OBSERVED
Maximum number of iterations                                  1000
Convergence criterion                                    0.500D-04
Maximum number of steepest descent iterations                   20
Maximum number of iterations for H1                           2000
Convergence criterion for H1                             0.100D-03

Input data file(s)
  data4.dat

Input data format  FREE


SUMMARY OF DATA

     Number of missing data patterns             8


COVARIANCE COVERAGE OF DATA

Minimum covariance coverage value   0.100


     PROPORTION OF DATA PRESENT


           Covariance Coverage
              PPLTRST       PPLFAIR       PPLHLP        W5Q57         W5Q58
              ________      ________      ________      ________      ________
 PPLTRST        1.000
 PPLFAIR        1.000         1.000
 PPLHLP         0.998         0.998         0.998
 W5Q57          0.980         0.980         0.979         0.980
 W5Q58          0.979         0.979         0.977         0.979         0.979
 W5Q59          0.979         0.979         0.977         0.979         0.979
 W6Q5           0.980         0.980         0.979         0.966         0.964
 W6Q6           0.973         0.973         0.972         0.959         0.959
 W6Q7           0.975         0.975         0.973         0.961         0.961


           Covariance Coverage
              W5Q59         W6Q5          W6Q6          W6Q7
              ________      ________      ________      ________
 W5Q59          0.979
 W6Q5           0.964         0.980
 W6Q6           0.959         0.973         0.973
 W6Q7           0.961         0.975         0.973         0.975



UNIVARIATE SAMPLE STATISTICS


     UNIVARIATE HIGHER-ORDER MOMENT DESCRIPTIVE STATISTICS

         Variable/         Mean/     Skewness/   Minimum/ % with                Percentiles
        Sample Size      Variance    Kurtosis    Maximum  Min/Max      20%/60%    40%/80%    Median

     PPLTRST               5.746      -0.578       0.000    3.02%       4.000      5.000      6.000
             563.000       4.396       0.251      10.000    1.95%       7.000      8.000
     PPLFAIR               6.265      -0.524       0.000    0.53%       5.000      6.000      7.000
             563.000       3.484       0.139      10.000    2.31%       7.000      8.000
     PPLHLP                6.146      -0.522       0.000    0.18%       5.000      6.000      6.000
             562.000       2.819       0.340      10.000    1.07%       7.000      8.000
     W5Q57                 5.257      -0.550       0.000    8.70%       3.000      5.000      6.000
             552.000       6.220      -0.298      10.000    2.90%       6.000      7.000
     W5Q58                 5.737      -0.532       0.000    4.36%       4.000      5.000      6.000
             551.000       5.221       0.209      10.000    4.36%       7.000      8.000
     W5Q59                 5.630      -0.520       0.000    4.36%       4.000      5.000      6.000
             551.000       4.854       0.325      10.000    3.81%       6.000      7.000
     W6Q5                  5.656      -0.557       0.000    4.71%       4.000      5.000      6.000
             552.000       5.776      -0.178      10.000    3.99%       7.000      8.000
     W6Q6                  5.872      -0.417       0.000    2.92%       4.000      5.000      6.000
             548.000       4.958       0.004      10.000    4.93%       7.000      8.000
     W6Q7                  5.765      -0.454       0.000    2.19%       4.000      5.000      6.000
             549.000       4.511       0.005      10.000    3.10%       7.000      8.000


THE MODEL ESTIMATION TERMINATED NORMALLY



MODEL FIT INFORMATION

Number of Free Parameters                       39

Loglikelihood

          H0 Value                       -9698.075
          H1 Value                       -9675.721

Information Criteria

          Akaike (AIC)                   19474.149
          Bayesian (BIC)                 19643.147
          Sample-Size Adjusted BIC       19519.342
            (n* = (n + 2) / 24)

Chi-Square Test of Model Fit

          Value                             44.708
          Degrees of Freedom                    15
          P-Value                           0.0001

RMSEA (Root Mean Square Error Of Approximation)

          Estimate                           0.059
          90 Percent C.I.                    0.040  0.080
          Probability RMSEA <= .05           0.201

CFI/TLI

          CFI                                0.987
          TLI                                0.970

Chi-Square Test of Model Fit for the Baseline Model

          Value                           2393.683
          Degrees of Freedom                    36
          P-Value                           0.0000

SRMR (Standardized Root Mean Square Residual)

          Value                              0.026



MODEL RESULTS

                                                    Two-Tailed
                    Estimate       S.E.  Est./S.E.    P-Value

 SOC_TRUS BY
    PPLTRST            1.000      0.000    999.000    999.000
    PPLFAIR            0.981      0.074     13.226      0.000
    PPLHLP             0.699      0.059     11.890      0.000

 SOC_TRUS BY
    W5Q57              1.000      0.000    999.000    999.000
    W5Q58              0.995      0.060     16.515      0.000
    W5Q59              0.844      0.054     15.578      0.000

 SOC_TRUS BY
    W6Q5               1.000      0.000    999.000    999.000
    W6Q6               0.999      0.048     20.878      0.000
    W6Q7               0.839      0.044     19.094      0.000

 SOC_TRUS WITH
    SOC_TRUST_         1.636      0.203      8.054      0.000

 SOC_TRUS WITH
    SOC_TRUST_         1.862      0.209      8.925      0.000
    SOC_TRUST_         2.798      0.280      9.997      0.000

 PPLTRST  WITH
    W5Q57              0.375      0.137      2.730      0.006
    W6Q5               0.435      0.120      3.624      0.000

 W5Q57    WITH
    W6Q5               0.748      0.143      5.231      0.000

 PPLFAIR  WITH
    W5Q58             -0.171      0.106     -1.616      0.106
    W6Q6               0.137      0.096      1.419      0.156

 W5Q58    WITH
    W6Q6               0.157      0.113      1.382      0.167

 PPLHLP   WITH
    W5Q59              0.161      0.103      1.560      0.119
    W6Q7               0.218      0.095      2.287      0.022

 W5Q59    WITH
    W6Q7               0.407      0.114      3.558      0.000

 Intercepts
    PPLTRST            5.746      0.088     65.369      0.000
    PPLFAIR            6.265      0.078     79.842      0.000
    PPLHLP             6.146      0.071     86.546      0.000
    W5Q57              5.240      0.106     49.342      0.000
    W5Q58              5.725      0.097     58.999      0.000
    W5Q59              5.617      0.093     60.138      0.000
    W6Q5               5.647      0.100     56.205      0.000
    W6Q6               5.863      0.095     61.989      0.000
    W6Q7               5.758      0.090     63.765      0.000

 Variances
    SOC_TRUST_         2.175      0.261      8.329      0.000
    SOC_TRUST_         3.603      0.375      9.617      0.000
    SOC_TRUST_         3.739      0.343     10.905      0.000

 Residual Variances
    PPLTRST            2.175      0.188     11.597      0.000
    PPLFAIR            1.373      0.154      8.900      0.000
    PPLHLP             1.774      0.128     13.875      0.000
    W5Q57              2.662      0.229     11.599      0.000
    W5Q58              1.658      0.188      8.807      0.000
    W5Q59              2.270      0.177     12.838      0.000
    W6Q5               1.878      0.171     11.015      0.000
    W6Q6               1.233      0.146      8.473      0.000
    W6Q7               1.882      0.148     12.749      0.000


STANDARDIZED MODEL RESULTS


STDYX Standardization

                                                    Two-Tailed
                    Estimate       S.E.  Est./S.E.    P-Value

 SOC_TRUS BY
    PPLTRST            0.707      0.030     23.211      0.000
    PPLFAIR            0.777      0.029     26.389      0.000
    PPLHLP             0.612      0.033     18.391      0.000

 SOC_TRUS BY
    W5Q57              0.758      0.025     30.641      0.000
    W5Q58              0.826      0.023     36.106      0.000
    W5Q59              0.728      0.025     28.588      0.000

 SOC_TRUS BY
    W6Q5               0.816      0.020     40.617      0.000
    W6Q6               0.867      0.018     48.876      0.000
    W6Q7               0.764      0.022     34.349      0.000

 SOC_TRUS WITH
    SOC_TRUST_         0.584      0.041     14.123      0.000

 SOC_TRUS WITH
    SOC_TRUST_         0.653      0.035     18.561      0.000
    SOC_TRUST_         0.762      0.027     28.689      0.000

 PPLTRST  WITH
    W5Q57              0.156      0.054      2.860      0.004
    W6Q5               0.215      0.054      3.976      0.000

 W5Q57    WITH
    W6Q5               0.334      0.052      6.461      0.000

 PPLFAIR  WITH
    W5Q58             -0.113      0.072     -1.572      0.116
    W6Q6               0.105      0.070      1.493      0.136

 W5Q58    WITH
    W6Q6               0.110      0.075      1.472      0.141

 PPLHLP   WITH
    W5Q59              0.080      0.051      1.579      0.114
    W6Q7               0.119      0.051      2.360      0.018

 W5Q59    WITH
    W6Q7               0.197      0.051      3.858      0.000

 Intercepts
    PPLTRST            2.755      0.092     30.029      0.000
    PPLFAIR            3.365      0.108     31.019      0.000
    PPLHLP             3.650      0.117     31.151      0.000
    W5Q57              2.093      0.076     27.513      0.000
    W5Q58              2.505      0.087     28.906      0.000
    W5Q59              2.555      0.088     29.087      0.000
    W6Q5               2.383      0.083     28.845      0.000
    W6Q6               2.632      0.090     29.208      0.000
    W6Q7               2.709      0.092     29.447      0.000

 Variances
    SOC_TRUST_         1.000      0.000    999.000    999.000
    SOC_TRUST_         1.000      0.000    999.000    999.000
    SOC_TRUST_         1.000      0.000    999.000    999.000

 Residual Variances
    PPLTRST            0.500      0.043     11.604      0.000
    PPLFAIR            0.396      0.046      8.659      0.000
    PPLHLP             0.626      0.041     15.363      0.000
    W5Q57              0.425      0.038     11.318      0.000
    W5Q58              0.317      0.038      8.398      0.000
    W5Q59              0.469      0.037     12.644      0.000
    W6Q5               0.334      0.033     10.203      0.000
    W6Q6               0.248      0.031      8.080      0.000
    W6Q7               0.417      0.034     12.276      0.000


R-SQUARE

    Observed                                        Two-Tailed
    Variable        Estimate       S.E.  Est./S.E.    P-Value

    PPLTRST            0.500      0.043     11.606      0.000
    PPLFAIR            0.604      0.046     13.194      0.000
    PPLHLP             0.374      0.041      9.196      0.000
    W5Q57              0.575      0.038     15.320      0.000
    W5Q58              0.683      0.038     18.053      0.000
    W5Q59              0.531      0.037     14.294      0.000
    W6Q5               0.666      0.033     20.309      0.000
    W6Q6               0.752      0.031     24.438      0.000
    W6Q7               0.583      0.034     17.174      0.000


QUALITY OF NUMERICAL RESULTS

     Condition Number for the Information Matrix              0.144E-02
       (ratio of smallest to largest eigenvalue)


MODEL MODIFICATION INDICES

NOTE:  Modification indices for direct effects of observed dependent variables
regressed on covariates may not be included.  To include these, request
MODINDICES (ALL).

Minimum M.I. value for printing the modification index     0.100

                                   M.I.     E.P.C.  Std E.P.C.  StdYX E.P.C.

BY Statements

SOC_TRUS BY W5Q57                  6.710     0.260      0.384        0.153
SOC_TRUS BY W5Q58                  2.832    -0.160     -0.237       -0.104
SOC_TRUS BY W5Q59                  0.690    -0.071     -0.104       -0.047
SOC_TRUS BY W6Q5                   0.450     0.063      0.092        0.039
SOC_TRUS BY W6Q6                   2.189     0.138      0.204        0.092
SOC_TRUS BY W6Q7                   4.888    -0.179     -0.263       -0.124
SOC_TRUS BY PPLTRST                0.361     0.044      0.083        0.040
SOC_TRUS BY PPLHLP                 0.156    -0.022     -0.041       -0.024
SOC_TRUS BY W6Q5                   2.474    -0.139     -0.264       -0.111
SOC_TRUS BY W6Q6                   0.192    -0.038     -0.072       -0.032
SOC_TRUS BY W6Q7                   4.279     0.157      0.298        0.140
SOC_TRUS BY PPLTRST                1.837     0.106      0.206        0.099
SOC_TRUS BY PPLFAIR                2.223    -0.114     -0.220       -0.118
SOC_TRUS BY W5Q57                 19.169     0.444      0.858        0.343
SOC_TRUS BY W5Q58                  8.275    -0.280     -0.541       -0.237
SOC_TRUS BY W5Q59                  1.831    -0.112     -0.218       -0.099

WITH Statements

PPLHLP   WITH PPLTRST              1.427    -0.155     -0.155       -0.079
PPLHLP   WITH PPLFAIR              1.507     0.159      0.159        0.102
W5Q57    WITH PPLFAIR              0.129    -0.046     -0.046       -0.024
W5Q57    WITH PPLHLP               2.838     0.186      0.186        0.086
W5Q58    WITH PPLTRST              1.588     0.164      0.164        0.087
W5Q58    WITH PPLHLP               5.185    -0.241     -0.241       -0.141
W5Q58    WITH W5Q57                1.957    -0.270     -0.270       -0.128
W5Q59    WITH PPLTRST              2.747    -0.199     -0.199       -0.089
W5Q59    WITH PPLFAIR              1.525     0.138      0.138        0.078
W5Q59    WITH W5Q57                8.685    -0.475     -0.475       -0.193
W5Q59    WITH W5Q58               20.484     0.759      0.759        0.391
W6Q5     WITH PPLFAIR              0.614     0.088      0.088        0.055
W6Q5     WITH W5Q58                6.274    -0.314     -0.314       -0.178
W6Q5     WITH W5Q59                0.802     0.100      0.100        0.049
W6Q6     WITH PPLTRST              1.866     0.161      0.161        0.098
W6Q6     WITH W5Q57                1.312     0.146      0.146        0.080
W6Q6     WITH W5Q59                3.662    -0.212     -0.212       -0.127
W6Q6     WITH W6Q5                 0.224     0.074      0.074        0.049
W6Q7     WITH PPLFAIR              6.047    -0.250     -0.250       -0.156
W6Q7     WITH W5Q57                4.846     0.261      0.261        0.117
W6Q7     WITH W5Q58                0.185     0.049      0.049        0.028
W6Q7     WITH W6Q5                 0.176     0.055      0.055        0.029
W6Q7     WITH W6Q6                 0.801    -0.118     -0.118       -0.078


DIAGRAM INFORMATION

  Use View Diagram under the Diagram menu in the Mplus Editor to view the diagram.
  If running Mplus from the Mplus Diagrammer, the diagram opens automatically.

  Diagram output
    c:\users\msassac6\dropbox (the university of manchester)\papers\melanie revilla\ess_cronos\mplus\soc_trust_gb_config

     Beginning Time:  10:48:36
        Ending Time:  10:48:36
       Elapsed Time:  00:00:00



MUTHEN & MUTHEN
3463 Stoner Ave.
Los Angeles, CA  90066

Tel: (310) 391-9971
Fax: (310) 391-8971
Web: www.StatModel.com
Support: Support@StatModel.com

Copyright (c) 1998-2019 Muthen & Muthen
