Mplus VERSION 8.3
MUTHEN & MUTHEN
05/08/2019   9:09 AM

INPUT INSTRUCTIONS

  TITLE: Social benefits equivalence testing SI - metric;

  DATA: FILE = "data4.dat";

  VARIABLE:
  NAMES = idno cntry w6part w5part w5q38 w5q39 w5q40 w5q41 psppsgva actrolga psppipla
       cptppola w5q32 w5q33 w5q34 w5q35 w5q36 w5q37 wrkprty wrkorg badge sgnptit
       pbldmn pstplonl w5q44 w5q46 w5q48 testgc33 testgc34 testgc35 w5q57 w5q58 w5q59
       w6q5 w6q6 w6q7 ppltrst pplfair pplhlp w5q63 w5q64 w5q65 w5q66 sbstrec sbprvpv
       sbeqsoc sbbsntx w6q9 w6q10 w6q11 w6q12 w6q13 w6q14 trstlgl trstplc trstplt
       trstprt trstep trstun comp;

  USEVARIABLES = w5q63 w5q64 w5q65 w5q66 sbstrec sbprvpv
       sbeqsoc sbbsntx;

  MISSING=.;

  USEOBSERVATIONS ARE w5part EQ 1 AND cntry EQ 3;



   Model:

   soc_ben_ess BY
      sbstrec (a)
      sbprvpv (b)
      sbeqsoc
      sbbsntx (d);

   soc_ben_cro BY
      w5q63 (a)
      w5q64 (b)
      w5q65 (c)
      w5q66 (d);

      sbstrec WITH w5q63;
      sbprvpv WITH w5q64;
      sbeqsoc WITH w5q65;
      sbbsntx WITH w5q66;


   Output:
      STANDARDIZED(STDYX) MODINDICES(.1) ;



INPUT READING TERMINATED NORMALLY



Social benefits equivalence testing SI - metric;

SUMMARY OF ANALYSIS

Number of groups                                                 1
Number of observations                                         615

Number of dependent variables                                    8
Number of independent variables                                  0
Number of continuous latent variables                            2

Observed dependent variables

  Continuous
   W5Q63       W5Q64       W5Q65       W5Q66       SBSTREC     SBPRVPV
   SBEQSOC     SBBSNTX

Continuous latent variables
   SOC_BEN_    SOC_BEN_


Estimator                                                       ML
Information matrix                                        OBSERVED
Maximum number of iterations                                  1000
Convergence criterion                                    0.500D-04
Maximum number of steepest descent iterations                   20
Maximum number of iterations for H1                           2000
Convergence criterion for H1                             0.100D-03

Input data file(s)
  data4.dat

Input data format  FREE


SUMMARY OF DATA

     Number of missing data patterns            19


COVARIANCE COVERAGE OF DATA

Minimum covariance coverage value   0.100


     PROPORTION OF DATA PRESENT


           Covariance Coverage
              W5Q63         W5Q64         W5Q65         W5Q66         SBSTREC
              ________      ________      ________      ________      ________
 W5Q63          0.985
 W5Q64          0.980         0.984
 W5Q65          0.980         0.982         0.984
 W5Q66          0.982         0.979         0.979         0.982
 SBSTREC        0.967         0.966         0.966         0.964         0.982
 SBPRVPV        0.971         0.969         0.969         0.967         0.969
 SBEQSOC        0.971         0.967         0.967         0.967         0.967
 SBBSNTX        0.971         0.969         0.969         0.967         0.967


           Covariance Coverage
              SBPRVPV       SBEQSOC       SBBSNTX
              ________      ________      ________
 SBPRVPV        0.985
 SBEQSOC        0.972         0.984
 SBBSNTX        0.974         0.972         0.985



UNIVARIATE SAMPLE STATISTICS


     UNIVARIATE HIGHER-ORDER MOMENT DESCRIPTIVE STATISTICS

         Variable/         Mean/     Skewness/   Minimum/ % with                Percentiles
        Sample Size      Variance    Kurtosis    Maximum  Min/Max      20%/60%    40%/80%    Median

     W5Q63                 3.023      -0.074       1.000    6.60%       2.000      3.000      3.000
             606.000       1.042      -0.633       5.000    6.11%       3.000      4.000
     W5Q64                 2.760       0.358       1.000    6.28%       2.000      2.000      3.000
             605.000       0.916      -0.349       5.000    4.30%       3.000      4.000
     W5Q65                 3.139      -0.011       1.000    2.81%       2.000      3.000      3.000
             605.000       0.847      -0.402       5.000    6.28%       3.000      4.000
     W5Q66                 2.886       0.113       1.000    7.28%       2.000      3.000      3.000
             604.000       1.015      -0.563       5.000    5.30%       3.000      4.000
     SBSTREC               2.929       0.050       1.000    6.95%       2.000      2.000      3.000
             604.000       1.119      -0.958       5.000    5.13%       3.000      4.000
     SBPRVPV               2.700       0.295       1.000    6.60%       2.000      2.000      2.000
             606.000       0.923      -0.876       5.000    1.65%       3.000      4.000
     SBEQSOC               2.764       0.256       1.000    6.45%       2.000      2.000      3.000
             605.000       0.964      -0.812       5.000    2.81%       3.000      4.000
     SBBSNTX               2.888       0.182       1.000    5.94%       2.000      2.000      3.000
             606.000       1.100      -0.974       5.000    5.12%       3.000      4.000


THE MODEL ESTIMATION TERMINATED NORMALLY



MODEL FIT INFORMATION

Number of Free Parameters                       27

Loglikelihood

          H0 Value                       -6593.871
          H1 Value                       -6387.191

Information Criteria

          Akaike (AIC)                   13241.741
          Bayesian (BIC)                 13361.125
          Sample-Size Adjusted BIC       13275.405
            (n* = (n + 2) / 24)

Chi-Square Test of Model Fit

          Value                            413.359
          Degrees of Freedom                    17
          P-Value                           0.0000

RMSEA (Root Mean Square Error Of Approximation)

          Estimate                           0.195
          90 Percent C.I.                    0.179  0.211
          Probability RMSEA <= .05           0.000

CFI/TLI

          CFI                                0.545
          TLI                                0.251

Chi-Square Test of Model Fit for the Baseline Model

          Value                            899.150
          Degrees of Freedom                    28
          P-Value                           0.0000

SRMR (Standardized Root Mean Square Residual)

          Value                              0.122



MODEL RESULTS

                                                    Two-Tailed
                    Estimate       S.E.  Est./S.E.    P-Value

 SOC_BEN_ BY
    SBSTREC            1.000      0.000    999.000    999.000
    SBPRVPV            0.024      0.049      0.489      0.625
    SBEQSOC           -0.161      0.070     -2.303      0.021
    SBBSNTX            0.939      0.333      2.822      0.005

 SOC_BEN_ BY
    W5Q63              1.000      0.000    999.000    999.000
    W5Q64              0.024      0.049      0.489      0.625
    W5Q65              0.069      0.069      1.004      0.316
    W5Q66              0.939      0.333      2.822      0.005

 SOC_BEN_ WITH
    SOC_BEN_ES         0.328      0.120      2.728      0.006

 SBSTREC  WITH
    W5Q63              0.006      0.118      0.050      0.960

 SBPRVPV  WITH
    W5Q64              0.157      0.038      4.105      0.000

 SBEQSOC  WITH
    W5Q65              0.188      0.037      5.016      0.000

 SBBSNTX  WITH
    W5Q66              0.028      0.107      0.256      0.798

 Intercepts
    W5Q63              3.022      0.042     72.368      0.000
    W5Q64              2.761      0.039     70.949      0.000
    W5Q65              3.138      0.037     83.879      0.000
    W5Q66              2.885      0.041     71.063      0.000
    SBSTREC            2.927      0.043     68.738      0.000
    SBPRVPV            2.698      0.039     69.157      0.000
    SBEQSOC            2.762      0.040     69.245      0.000
    SBBSNTX            2.891      0.043     67.577      0.000

 Variances
    SOC_BEN_ES         0.629      0.231      2.728      0.006
    SOC_BEN_CR         0.476      0.173      2.744      0.006

 Residual Variances
    W5Q63              0.583      0.174      3.357      0.001
    W5Q64              0.916      0.053     17.389      0.000
    W5Q65              0.845      0.049     17.370      0.000
    W5Q66              0.579      0.156      3.713      0.000
    SBSTREC            0.473      0.225      2.097      0.036
    SBPRVPV            0.923      0.053     17.400      0.000
    SBEQSOC            0.947      0.055     17.251      0.000
    SBBSNTX            0.560      0.197      2.844      0.004


STANDARDIZED MODEL RESULTS


STDYX Standardization

                                                    Two-Tailed
                    Estimate       S.E.  Est./S.E.    P-Value

 SOC_BEN_ BY
    SBSTREC            0.756      0.135      5.579      0.000
    SBPRVPV            0.020      0.041      0.484      0.628
    SBEQSOC           -0.130      0.048     -2.696      0.007
    SBBSNTX            0.705      0.125      5.644      0.000

 SOC_BEN_ BY
    W5Q63              0.670      0.120      5.566      0.000
    W5Q64              0.017      0.036      0.485      0.627
    W5Q65              0.052      0.051      1.015      0.310
    W5Q66              0.648      0.119      5.453      0.000

 SOC_BEN_ WITH
    SOC_BEN_ES         0.600      0.056     10.781      0.000

 SBSTREC  WITH
    W5Q63              0.011      0.221      0.051      0.959

 SBPRVPV  WITH
    W5Q64              0.171      0.040      4.286      0.000

 SBEQSOC  WITH
    W5Q65              0.210      0.039      5.354      0.000

 SBBSNTX  WITH
    W5Q66              0.048      0.175      0.277      0.782

 Intercepts
    W5Q63              2.937      0.093     31.571      0.000
    W5Q64              2.884      0.092     31.236      0.000
    W5Q65              3.409      0.106     32.102      0.000
    W5Q66              2.888      0.091     31.840      0.000
    SBSTREC            2.789      0.089     31.430      0.000
    SBPRVPV            2.809      0.090     31.074      0.000
    SBEQSOC            2.814      0.091     31.076      0.000
    SBBSNTX            2.739      0.088     31.142      0.000

 Variances
    SOC_BEN_ES         1.000      0.000    999.000    999.000
    SOC_BEN_CR         1.000      0.000    999.000    999.000

 Residual Variances
    W5Q63              0.551      0.161      3.412      0.001
    W5Q64              1.000      0.001    800.177      0.000
    W5Q65              0.997      0.005    187.307      0.000
    W5Q66              0.580      0.154      3.768      0.000
    SBSTREC            0.429      0.205      2.095      0.036
    SBPRVPV            1.000      0.002    607.863      0.000
    SBEQSOC            0.983      0.012     78.660      0.000
    SBBSNTX            0.502      0.176      2.850      0.004


R-SQUARE

    Observed                                        Two-Tailed
    Variable        Estimate       S.E.  Est./S.E.    P-Value

    W5Q63              0.449      0.161      2.783      0.005
    W5Q64              0.000      0.001      0.243      0.808
    W5Q65              0.003      0.005      0.508      0.612
    W5Q66              0.420      0.154      2.726      0.006
    SBSTREC            0.571      0.205      2.789      0.005
    SBPRVPV            0.000      0.002      0.242      0.809
    SBEQSOC            0.017      0.012      1.348      0.178
    SBBSNTX            0.498      0.176      2.822      0.005


QUALITY OF NUMERICAL RESULTS

     Condition Number for the Information Matrix              0.111E-02
       (ratio of smallest to largest eigenvalue)


MODEL MODIFICATION INDICES

NOTE:  Modification indices for direct effects of observed dependent variables
regressed on covariates may not be included.  To include these, request
MODINDICES (ALL).

Minimum M.I. value for printing the modification index     0.100

                                   M.I.     E.P.C.  Std E.P.C.  StdYX E.P.C.

BY Statements

SOC_BEN_ BY W5Q63                  2.194    -0.134     -0.106       -0.103
SOC_BEN_ BY W5Q64                  2.185    -0.091     -0.072       -0.075
SOC_BEN_ BY W5Q66                  2.396     0.132      0.104        0.105
SOC_BEN_ BY SBSTREC                2.296     0.262      0.208        0.198
SOC_BEN_ BY SBPRVPV                0.287     0.018      0.014        0.015
SOC_BEN_ BY SBBSNTX                2.376    -0.066     -0.052       -0.049
SOC_BEN_ BY W5Q63                  2.297    -0.262     -0.181       -0.175
SOC_BEN_ BY W5Q64                  0.287    -0.027     -0.019       -0.020
SOC_BEN_ BY W5Q66                  2.377     0.184      0.127        0.127
SOC_BEN_ BY SBSTREC                1.753     0.159      0.109        0.104
SOC_BEN_ BY SBPRVPV                0.852    -0.074     -0.051       -0.053
SOC_BEN_ BY SBEQSOC                0.936    -0.104     -0.072       -0.073
SOC_BEN_ BY SBBSNTX                2.150    -0.165     -0.114       -0.108

WITH Statements

W5Q64    WITH W5Q63                0.141    -0.014     -0.014       -0.019
W5Q65    WITH W5Q64              140.703     0.410      0.410        0.466
SBSTREC  WITH W5Q64                0.892    -0.032     -0.032       -0.048
SBSTREC  WITH W5Q66                1.492     0.065      0.065        0.124
SBPRVPV  WITH W5Q63                0.246    -0.017     -0.017       -0.024
SBPRVPV  WITH W5Q65                0.281    -0.018     -0.018       -0.021
SBPRVPV  WITH W5Q66                1.464    -0.041     -0.041       -0.056
SBPRVPV  WITH SBSTREC              4.644     0.078      0.078        0.119
SBEQSOC  WITH W5Q63                0.136     0.014      0.014        0.019
SBEQSOC  WITH W5Q64                0.149    -0.014     -0.014       -0.015
SBEQSOC  WITH W5Q66                2.393    -0.057     -0.057       -0.078
SBEQSOC  WITH SBSTREC              0.196    -0.027     -0.027       -0.041
SBEQSOC  WITH SBPRVPV            169.210     0.481      0.481        0.514
SBBSNTX  WITH W5Q63                1.786    -0.071     -0.071       -0.124
SBBSNTX  WITH W5Q64                0.657    -0.027     -0.027       -0.038
SBBSNTX  WITH W5Q65                0.115    -0.012     -0.012       -0.017
SBBSNTX  WITH SBPRVPV              1.554     0.045      0.045        0.062
SBBSNTX  WITH SBEQSOC              0.813     0.054      0.054        0.074


DIAGRAM INFORMATION

  Use View Diagram under the Diagram menu in the Mplus Editor to view the diagram.
  If running Mplus from the Mplus Diagrammer, the diagram opens automatically.

  Diagram output
    c:\users\msassac6\dropbox (the university of manchester)\papers\melanie revilla\ess_cronos\mplus\soc_ben_si_metric1.

     Beginning Time:  09:09:56
        Ending Time:  09:09:57
       Elapsed Time:  00:00:01



MUTHEN & MUTHEN
3463 Stoner Ave.
Los Angeles, CA  90066

Tel: (310) 391-9971
Fax: (310) 391-8971
Web: www.StatModel.com
Support: Support@StatModel.com

Copyright (c) 1998-2019 Muthen & Muthen
