Mplus VERSION 8.3
MUTHEN & MUTHEN
05/07/2019  11:27 AM

INPUT INSTRUCTIONS

  TITLE: Social trust equivalence testing Estonia - configural;

  DATA: FILE = "data4.dat";

  VARIABLE:
  NAMES = idno cntry w6part w5part w5q38 w5q39 w5q40 w5q41 psppsgva actrolga psppipla
       cptppola w5q32 w5q33 w5q34 w5q35 w5q36 w5q37 wrkprty wrkorg badge sgnptit
       pbldmn pstplonl w5q44 w5q46 w5q48 testgc33 testgc34 testgc35 w5q57 w5q58 w5q59
       w6q5 w6q6 w6q7 ppltrst pplfair pplhlp w5q63 w5q64 w5q65 w5q66 sbstrec sbprvpv
       sbeqsoc sbbsntx w6q9 w6q10 w6q11 w6q12 w6q13 w6q14 trstlgl trstplc trstplt
       trstprt trstep trstun comp;

  USEVARIABLES = ppltrst pplfair pplhlp
        w5q57 w5q58 w5q59
       w6q5 w6q6 w6q7;

  MISSING=.;

  USEOBSERVATIONS ARE w5part EQ 1 AND w6part EQ 1 AND cntry EQ 1;



   Model:

   soc_trust_ess BY ppltrst pplfair pplhlp;

   soc_trust_cro5 BY w5q57 w5q58 w5q59;

   soc_trust_cro6 BY w6q5 w6q6 w6q7;


      ppltrst WITH w5q57 w6q5;
      w5q57 WITH w6q5;

      pplfair WITH w5q58 w6q6;
      w5q58 WITH w6q6;

      pplhlp WITH w5q59 w6q7;
      w5q59 WITH w6q7;


   Output:
      STANDARDIZED(STDYX) MODINDICES(.1) ;



INPUT READING TERMINATED NORMALLY



Social trust equivalence testing Estonia - configural;

SUMMARY OF ANALYSIS

Number of groups                                                 1
Number of observations                                         555

Number of dependent variables                                    9
Number of independent variables                                  0
Number of continuous latent variables                            3

Observed dependent variables

  Continuous
   PPLTRST     PPLFAIR     PPLHLP      W5Q57       W5Q58       W5Q59
   W6Q5        W6Q6        W6Q7

Continuous latent variables
   SOC_TRUS    SOC_TRUS    SOC_TRUS


Estimator                                                       ML
Information matrix                                        OBSERVED
Maximum number of iterations                                  1000
Convergence criterion                                    0.500D-04
Maximum number of steepest descent iterations                   20
Maximum number of iterations for H1                           2000
Convergence criterion for H1                             0.100D-03

Input data file(s)
  data4.dat

Input data format  FREE


SUMMARY OF DATA

     Number of missing data patterns             8


COVARIANCE COVERAGE OF DATA

Minimum covariance coverage value   0.100


     PROPORTION OF DATA PRESENT


           Covariance Coverage
              PPLTRST       PPLFAIR       PPLHLP        W5Q57         W5Q58
              ________      ________      ________      ________      ________
 PPLTRST        1.000
 PPLFAIR        0.998         0.998
 PPLHLP         1.000         0.998         1.000
 W5Q57          0.982         0.980         0.982         0.982
 W5Q58          0.982         0.980         0.982         0.980         0.982
 W5Q59          0.982         0.980         0.982         0.980         0.980
 W6Q5           0.986         0.984         0.986         0.973         0.971
 W6Q6           0.984         0.982         0.984         0.971         0.969
 W6Q7           0.984         0.982         0.984         0.971         0.969


           Covariance Coverage
              W5Q59         W6Q5          W6Q6          W6Q7
              ________      ________      ________      ________
 W5Q59          0.982
 W6Q5           0.971         0.986
 W6Q6           0.971         0.984         0.984
 W6Q7           0.971         0.984         0.984         0.984



UNIVARIATE SAMPLE STATISTICS


     UNIVARIATE HIGHER-ORDER MOMENT DESCRIPTIVE STATISTICS

         Variable/         Mean/     Skewness/   Minimum/ % with                Percentiles
        Sample Size      Variance    Kurtosis    Maximum  Min/Max      20%/60%    40%/80%    Median

     PPLTRST               6.189      -0.550       0.000    0.72%       5.000      6.000      7.000
             555.000       3.422       0.351      10.000    2.16%       7.000      8.000
     PPLFAIR               6.345      -0.568       0.000    0.90%       5.000      6.000      7.000
             554.000       3.843       0.130      10.000    2.89%       7.000      8.000
     PPLHLP                5.479      -0.230       0.000    1.80%       4.000      5.000      5.000
             555.000       4.001      -0.100      10.000    1.44%       6.000      7.000
     W5Q57                 4.985      -0.267       0.000    7.34%       3.000      5.000      5.000
             545.000       5.853      -0.240      10.000    3.49%       5.000      7.000
     W5Q58                 5.738      -0.443       0.000    3.49%       4.000      5.000      6.000
             545.000       4.795       0.259      10.000    4.59%       6.000      8.000
     W5Q59                 4.978      -0.395       0.000    6.42%       3.000      5.000      5.000
             545.000       5.089      -0.052      10.000    2.02%       6.000      7.000
     W6Q5                  5.481      -0.360       0.000    4.02%       3.000      5.000      5.000
             547.000       5.453      -0.180      10.000    4.20%       6.000      7.000
     W6Q6                  5.837      -0.437       0.000    2.75%       4.000      5.000      6.000
             546.000       4.968      -0.027      10.000    4.40%       7.000      8.000
     W6Q7                  5.147      -0.325       0.000    4.76%       3.000      5.000      5.000
             546.000       5.239      -0.177      10.000    2.56%       6.000      7.000


THE MODEL ESTIMATION TERMINATED NORMALLY



MODEL FIT INFORMATION

Number of Free Parameters                       39

Loglikelihood

          H0 Value                       -9745.997
          H1 Value                       -9727.267

Information Criteria

          Akaike (AIC)                   19569.993
          Bayesian (BIC)                 19738.433
          Sample-Size Adjusted BIC       19614.629
            (n* = (n + 2) / 24)

Chi-Square Test of Model Fit

          Value                             37.460
          Degrees of Freedom                    15
          P-Value                           0.0011

RMSEA (Root Mean Square Error Of Approximation)

          Estimate                           0.052
          90 Percent C.I.                    0.031  0.073
          Probability RMSEA <= .05           0.406

CFI/TLI

          CFI                                0.989
          TLI                                0.975

Chi-Square Test of Model Fit for the Baseline Model

          Value                           2168.405
          Degrees of Freedom                    36
          P-Value                           0.0000

SRMR (Standardized Root Mean Square Residual)

          Value                              0.023



MODEL RESULTS

                                                    Two-Tailed
                    Estimate       S.E.  Est./S.E.    P-Value

 SOC_TRUS BY
    PPLTRST            1.000      0.000    999.000    999.000
    PPLFAIR            1.206      0.109     11.118      0.000
    PPLHLP             0.887      0.084     10.584      0.000

 SOC_TRUS BY
    W5Q57              1.000      0.000    999.000    999.000
    W5Q58              1.097      0.070     15.773      0.000
    W5Q59              0.877      0.061     14.350      0.000

 SOC_TRUS BY
    W6Q5               1.000      0.000    999.000    999.000
    W6Q6               1.066      0.055     19.245      0.000
    W6Q7               0.856      0.051     16.792      0.000

 SOC_TRUS WITH
    SOC_TRUST_         1.301      0.168      7.739      0.000

 SOC_TRUS WITH
    SOC_TRUST_         1.559      0.181      8.619      0.000
    SOC_TRUST_         2.380      0.252      9.443      0.000

 PPLTRST  WITH
    W5Q57              0.296      0.129      2.287      0.022
    W6Q5               0.431      0.117      3.696      0.000

 W5Q57    WITH
    W6Q5               0.984      0.150      6.550      0.000

 PPLFAIR  WITH
    W5Q58             -0.135      0.117     -1.149      0.250
    W6Q6              -0.367      0.115     -3.180      0.001

 W5Q58    WITH
    W6Q6               0.146      0.123      1.183      0.237

 PPLHLP   WITH
    W5Q59              0.451      0.139      3.244      0.001
    W6Q7               0.459      0.135      3.394      0.001

 W5Q59    WITH
    W6Q7               0.948      0.148      6.391      0.000

 Intercepts
    PPLTRST            6.189      0.079     78.631      0.000
    PPLFAIR            6.348      0.083     76.338      0.000
    PPLHLP             5.479      0.085     64.838      0.000
    W5Q57              4.968      0.103     48.026      0.000
    W5Q58              5.725      0.094     61.094      0.000
    W5Q59              4.966      0.096     51.602      0.000
    W6Q5               5.471      0.100     54.633      0.000
    W6Q6               5.825      0.095     61.006      0.000
    W6Q7               5.139      0.097     52.762      0.000

 Variances
    SOC_TRUST_         1.528      0.203      7.518      0.000
    SOC_TRUST_         3.001      0.340      8.829      0.000
    SOC_TRUST_         3.451      0.330     10.466      0.000

 Residual Variances
    PPLTRST            1.911      0.161     11.835      0.000
    PPLFAIR            1.610      0.199      8.074      0.000
    PPLHLP             2.761      0.193     14.331      0.000
    W5Q57              2.866      0.229     12.544      0.000
    W5Q58              1.205      0.192      6.290      0.000
    W5Q59              2.767      0.207     13.361      0.000
    W6Q5               2.066      0.180     11.497      0.000
    W6Q6               1.087      0.171      6.353      0.000
    W6Q7               2.680      0.193     13.874      0.000


STANDARDIZED MODEL RESULTS


STDYX Standardization

                                                    Two-Tailed
                    Estimate       S.E.  Est./S.E.    P-Value

 SOC_TRUS BY
    PPLTRST            0.667      0.034     19.734      0.000
    PPLFAIR            0.762      0.035     21.863      0.000
    PPLHLP             0.551      0.037     14.911      0.000

 SOC_TRUS BY
    W5Q57              0.715      0.027     26.359      0.000
    W5Q58              0.866      0.024     36.603      0.000
    W5Q59              0.674      0.029     23.257      0.000

 SOC_TRUS BY
    W6Q5               0.791      0.021     36.932      0.000
    W6Q6               0.885      0.020     44.015      0.000
    W6Q7               0.697      0.026     26.557      0.000

 SOC_TRUS WITH
    SOC_TRUST_         0.608      0.042     14.325      0.000

 SOC_TRUS WITH
    SOC_TRUST_         0.679      0.037     18.141      0.000
    SOC_TRUST_         0.739      0.027     26.911      0.000

 PPLTRST  WITH
    W5Q57              0.126      0.053      2.377      0.017
    W6Q5               0.217      0.053      4.059      0.000

 W5Q57    WITH
    W6Q5               0.404      0.046      8.764      0.000

 PPLFAIR  WITH
    W5Q58             -0.097      0.088     -1.098      0.272
    W6Q6              -0.277      0.100     -2.764      0.006

 W5Q58    WITH
    W6Q6               0.128      0.097      1.313      0.189

 PPLHLP   WITH
    W5Q59              0.163      0.048      3.391      0.001
    W6Q7               0.169      0.047      3.565      0.000

 W5Q59    WITH
    W6Q7               0.348      0.044      7.868      0.000

 Intercepts
    PPLTRST            3.338      0.109     30.630      0.000
    PPLFAIR            3.242      0.106     30.599      0.000
    PPLHLP             2.752      0.092     29.832      0.000
    W5Q57              2.051      0.075     27.197      0.000
    W5Q58              2.608      0.090     28.918      0.000
    W5Q59              2.205      0.079     27.905      0.000
    W6Q5               2.329      0.082     28.272      0.000
    W6Q6               2.603      0.090     28.939      0.000
    W6Q7               2.252      0.080     28.144      0.000

 Variances
    SOC_TRUST_         1.000      0.000    999.000    999.000
    SOC_TRUST_         1.000      0.000    999.000    999.000
    SOC_TRUST_         1.000      0.000    999.000    999.000

 Residual Variances
    PPLTRST            0.556      0.045     12.343      0.000
    PPLFAIR            0.420      0.053      7.916      0.000
    PPLHLP             0.697      0.041     17.118      0.000
    W5Q57              0.489      0.039     12.589      0.000
    W5Q58              0.250      0.041      6.106      0.000
    W5Q59              0.545      0.039     13.941      0.000
    W6Q5               0.374      0.034     11.056      0.000
    W6Q6               0.217      0.036      6.100      0.000
    W6Q7               0.515      0.037     14.083      0.000


R-SQUARE

    Observed                                        Two-Tailed
    Variable        Estimate       S.E.  Est./S.E.    P-Value

    PPLTRST            0.444      0.045      9.867      0.000
    PPLFAIR            0.580      0.053     10.931      0.000
    PPLHLP             0.303      0.041      7.455      0.000
    W5Q57              0.511      0.039     13.180      0.000
    W5Q58              0.750      0.041     18.301      0.000
    W5Q59              0.455      0.039     11.628      0.000
    W6Q5               0.626      0.034     18.466      0.000
    W6Q6               0.783      0.036     22.008      0.000
    W6Q7               0.485      0.037     13.278      0.000


QUALITY OF NUMERICAL RESULTS

     Condition Number for the Information Matrix              0.156E-02
       (ratio of smallest to largest eigenvalue)


MODEL MODIFICATION INDICES

NOTE:  Modification indices for direct effects of observed dependent variables
regressed on covariates may not be included.  To include these, request
MODINDICES (ALL).

Minimum M.I. value for printing the modification index     0.100

                                   M.I.     E.P.C.  Std E.P.C.  StdYX E.P.C.

BY Statements

SOC_TRUS BY W5Q57                  1.900    -0.170     -0.211       -0.087
SOC_TRUS BY W5Q59                  1.392     0.131      0.162        0.072
SOC_TRUS BY W6Q5                   0.166    -0.054     -0.067       -0.028
SOC_TRUS BY W6Q6                   1.494    -0.163     -0.202       -0.090
SOC_TRUS BY W6Q7                   3.215     0.214      0.265        0.116
SOC_TRUS BY PPLTRST                7.005     0.209      0.361        0.195
SOC_TRUS BY PPLFAIR                0.643    -0.078     -0.134       -0.069
SOC_TRUS BY PPLHLP                 4.211    -0.158     -0.275       -0.138
SOC_TRUS BY W6Q5                   0.369    -0.056     -0.097       -0.041
SOC_TRUS BY W6Q6                   0.697    -0.084     -0.145       -0.065
SOC_TRUS BY W6Q7                   2.382     0.132      0.228        0.100
SOC_TRUS BY PPLTRST                0.158     0.036      0.066        0.036
SOC_TRUS BY PPLFAIR                2.324     0.157      0.292        0.149
SOC_TRUS BY PPLHLP                 4.164    -0.166     -0.308       -0.155
SOC_TRUS BY W5Q57                  1.469    -0.115     -0.214       -0.088
SOC_TRUS BY W5Q58                  0.822    -0.092     -0.170       -0.078
SOC_TRUS BY W5Q59                  4.499     0.175      0.324        0.144

WITH Statements

PPLFAIR  WITH PPLTRST              5.364    -0.445     -0.445       -0.254
PPLHLP   WITH PPLTRST              0.706     0.113      0.113        0.049
PPLHLP   WITH PPLFAIR              1.954     0.232      0.232        0.110
W5Q57    WITH PPLFAIR              0.355    -0.084     -0.084       -0.039
W5Q57    WITH PPLHLP               0.280    -0.069     -0.069       -0.024
W5Q58    WITH PPLTRST              1.454     0.141      0.141        0.093
W5Q58    WITH PPLHLP               0.361    -0.073     -0.073       -0.040
W5Q58    WITH W5Q57                4.398     0.408      0.408        0.220
W5Q59    WITH PPLTRST              2.543     0.177      0.177        0.077
W5Q59    WITH PPLFAIR              1.606    -0.163     -0.163       -0.077
W5Q59    WITH W5Q57                0.471    -0.106     -0.106       -0.038
W5Q59    WITH W5Q58                1.978    -0.240     -0.240       -0.131
W6Q5     WITH PPLFAIR              0.754    -0.115     -0.115       -0.063
W6Q5     WITH PPLHLP               0.474     0.078      0.078        0.033
W6Q5     WITH W5Q59                0.664    -0.090     -0.090       -0.038
W6Q6     WITH PPLHLP               2.381    -0.179     -0.179       -0.103
W6Q6     WITH W5Q57               10.319    -0.441     -0.441       -0.250
W6Q6     WITH W5Q59                6.471     0.300      0.300        0.173
W6Q6     WITH W6Q5                 4.428     0.385      0.385        0.257
W6Q7     WITH PPLTRST              2.857    -0.185     -0.185       -0.082
W6Q7     WITH PPLFAIR             10.181     0.400      0.400        0.193
W6Q7     WITH W5Q57                8.283     0.360      0.360        0.130
W6Q7     WITH W5Q58                1.782    -0.160     -0.160       -0.089
W6Q7     WITH W6Q5                 1.702    -0.181     -0.181       -0.077
W6Q7     WITH W6Q6                 0.485    -0.105     -0.105       -0.062


DIAGRAM INFORMATION

  Use View Diagram under the Diagram menu in the Mplus Editor to view the diagram.
  If running Mplus from the Mplus Diagrammer, the diagram opens automatically.

  Diagram output
    c:\users\msassac6\dropbox (the university of manchester)\papers\melanie revilla\ess_cronos\mplus\soc_trust_ee_config

     Beginning Time:  11:27:22
        Ending Time:  11:27:22
       Elapsed Time:  00:00:00



MUTHEN & MUTHEN
3463 Stoner Ave.
Los Angeles, CA  90066

Tel: (310) 391-9971
Fax: (310) 391-8971
Web: www.StatModel.com
Support: Support@StatModel.com

Copyright (c) 1998-2019 Muthen & Muthen
