Mplus VERSION 8.3
MUTHEN & MUTHEN
05/07/2019  11:21 AM

INPUT INSTRUCTIONS

  TITLE: Social benefits equivalence testing SI - configural;

  DATA: FILE = "data4.dat";

  VARIABLE:
  NAMES = idno cntry w6part w5part w5q38 w5q39 w5q40 w5q41 psppsgva actrolga psppipla
       cptppola w5q32 w5q33 w5q34 w5q35 w5q36 w5q37 wrkprty wrkorg badge sgnptit
       pbldmn pstplonl w5q44 w5q46 w5q48 testgc33 testgc34 testgc35 w5q57 w5q58 w5q59
       w6q5 w6q6 w6q7 ppltrst pplfair pplhlp w5q63 w5q64 w5q65 w5q66 sbstrec sbprvpv
       sbeqsoc sbbsntx w6q9 w6q10 w6q11 w6q12 w6q13 w6q14 trstlgl trstplc trstplt
       trstprt trstep trstun comp;

  USEVARIABLES = w5q63 w5q64 w5q65 w5q66 sbstrec sbprvpv
       sbeqsoc sbbsntx;

  MISSING=.;

  USEOBSERVATIONS ARE w5part EQ 1 AND cntry EQ 3;



   Model:

   soc_ben_ess BY sbstrec sbprvpv
       sbeqsoc sbbsntx;

   soc_ben_cro BY w5q63 w5q64 w5q65 w5q66;

      sbstrec WITH w5q63;
      sbprvpv WITH w5q64;
      sbeqsoc WITH w5q65;
      sbbsntx WITH w5q66;


   Output:
      STANDARDIZED(STDYX) MODINDICES(.1) ;



INPUT READING TERMINATED NORMALLY



Social benefits equivalence testing SI - configural;

SUMMARY OF ANALYSIS

Number of groups                                                 1
Number of observations                                         615

Number of dependent variables                                    8
Number of independent variables                                  0
Number of continuous latent variables                            2

Observed dependent variables

  Continuous
   W5Q63       W5Q64       W5Q65       W5Q66       SBSTREC     SBPRVPV
   SBEQSOC     SBBSNTX

Continuous latent variables
   SOC_BEN_    SOC_BEN_


Estimator                                                       ML
Information matrix                                        OBSERVED
Maximum number of iterations                                  1000
Convergence criterion                                    0.500D-04
Maximum number of steepest descent iterations                   20
Maximum number of iterations for H1                           2000
Convergence criterion for H1                             0.100D-03

Input data file(s)
  data4.dat

Input data format  FREE


SUMMARY OF DATA

     Number of missing data patterns            19


COVARIANCE COVERAGE OF DATA

Minimum covariance coverage value   0.100


     PROPORTION OF DATA PRESENT


           Covariance Coverage
              W5Q63         W5Q64         W5Q65         W5Q66         SBSTREC
              ________      ________      ________      ________      ________
 W5Q63          0.985
 W5Q64          0.980         0.984
 W5Q65          0.980         0.982         0.984
 W5Q66          0.982         0.979         0.979         0.982
 SBSTREC        0.967         0.966         0.966         0.964         0.982
 SBPRVPV        0.971         0.969         0.969         0.967         0.969
 SBEQSOC        0.971         0.967         0.967         0.967         0.967
 SBBSNTX        0.971         0.969         0.969         0.967         0.967


           Covariance Coverage
              SBPRVPV       SBEQSOC       SBBSNTX
              ________      ________      ________
 SBPRVPV        0.985
 SBEQSOC        0.972         0.984
 SBBSNTX        0.974         0.972         0.985



UNIVARIATE SAMPLE STATISTICS


     UNIVARIATE HIGHER-ORDER MOMENT DESCRIPTIVE STATISTICS

         Variable/         Mean/     Skewness/   Minimum/ % with                Percentiles
        Sample Size      Variance    Kurtosis    Maximum  Min/Max      20%/60%    40%/80%    Median

     W5Q63                 3.023      -0.074       1.000    6.60%       2.000      3.000      3.000
             606.000       1.042      -0.633       5.000    6.11%       3.000      4.000
     W5Q64                 2.760       0.358       1.000    6.28%       2.000      2.000      3.000
             605.000       0.916      -0.349       5.000    4.30%       3.000      4.000
     W5Q65                 3.139      -0.011       1.000    2.81%       2.000      3.000      3.000
             605.000       0.847      -0.402       5.000    6.28%       3.000      4.000
     W5Q66                 2.886       0.113       1.000    7.28%       2.000      3.000      3.000
             604.000       1.015      -0.563       5.000    5.30%       3.000      4.000
     SBSTREC               2.929       0.050       1.000    6.95%       2.000      2.000      3.000
             604.000       1.119      -0.958       5.000    5.13%       3.000      4.000
     SBPRVPV               2.700       0.295       1.000    6.60%       2.000      2.000      2.000
             606.000       0.923      -0.876       5.000    1.65%       3.000      4.000
     SBEQSOC               2.764       0.256       1.000    6.45%       2.000      2.000      3.000
             605.000       0.964      -0.812       5.000    2.81%       3.000      4.000
     SBBSNTX               2.888       0.182       1.000    5.94%       2.000      2.000      3.000
             606.000       1.100      -0.974       5.000    5.12%       3.000      4.000


THE MODEL ESTIMATION TERMINATED NORMALLY



MODEL FIT INFORMATION

Number of Free Parameters                       29

Loglikelihood

          H0 Value                       -6592.545
          H1 Value                       -6387.191

Information Criteria

          Akaike (AIC)                   13243.090
          Bayesian (BIC)                 13371.317
          Sample-Size Adjusted BIC       13279.248
            (n* = (n + 2) / 24)

Chi-Square Test of Model Fit

          Value                            410.708
          Degrees of Freedom                    15
          P-Value                           0.0000

RMSEA (Root Mean Square Error Of Approximation)

          Estimate                           0.207
          90 Percent C.I.                    0.190  0.225
          Probability RMSEA <= .05           0.000

CFI/TLI

          CFI                                0.546
          TLI                                0.152

Chi-Square Test of Model Fit for the Baseline Model

          Value                            899.150
          Degrees of Freedom                    28
          P-Value                           0.0000

SRMR (Standardized Root Mean Square Residual)

          Value                              0.121



MODEL RESULTS

                                                    Two-Tailed
                    Estimate       S.E.  Est./S.E.    P-Value

 SOC_BEN_ BY
    SBSTREC            1.000      0.000    999.000    999.000
    SBPRVPV            0.045      0.057      0.782      0.434
    SBEQSOC           -0.146      0.081     -1.798      0.072
    SBBSNTX            0.818      0.396      2.065      0.039

 SOC_BEN_ BY
    W5Q63              1.000      0.000    999.000    999.000
    W5Q64             -0.002      0.078     -0.024      0.981
    W5Q65              0.068      0.075      0.910      0.363
    W5Q66              1.070      0.534      2.004      0.045

 SOC_BEN_ WITH
    SOC_BEN_ES         0.324      0.160      2.029      0.042

 SBSTREC  WITH
    W5Q63              0.004      0.158      0.026      0.979

 SBPRVPV  WITH
    W5Q64              0.157      0.038      4.107      0.000

 SBEQSOC  WITH
    W5Q65              0.188      0.038      5.012      0.000

 SBBSNTX  WITH
    W5Q66              0.037      0.141      0.260      0.795

 Intercepts
    W5Q63              3.022      0.041     72.933      0.000
    W5Q64              2.761      0.039     70.974      0.000
    W5Q65              3.138      0.037     83.874      0.000
    W5Q66              2.885      0.041     70.513      0.000
    SBSTREC            2.927      0.043     68.332      0.000
    SBPRVPV            2.698      0.039     69.137      0.000
    SBEQSOC            2.762      0.040     69.236      0.000
    SBBSNTX            2.891      0.042     68.035      0.000

 Variances
    SOC_BEN_ES         0.721      0.355      2.032      0.042
    SOC_BEN_CR         0.417      0.212      1.970      0.049

 Residual Variances
    W5Q63              0.625      0.210      2.972      0.003
    W5Q64              0.916      0.053     17.391      0.000
    W5Q65              0.845      0.049     17.373      0.000
    W5Q66              0.536      0.241      2.228      0.026
    SBSTREC            0.394      0.350      1.126      0.260
    SBPRVPV            0.922      0.053     17.388      0.000
    SBEQSOC            0.948      0.055     17.199      0.000
    SBBSNTX            0.616      0.234      2.635      0.008


STANDARDIZED MODEL RESULTS


STDYX Standardization

                                                    Two-Tailed
                    Estimate       S.E.  Est./S.E.    P-Value

 SOC_BEN_ BY
    SBSTREC            0.804      0.196      4.112      0.000
    SBPRVPV            0.040      0.054      0.729      0.466
    SBEQSOC           -0.126      0.052     -2.447      0.014
    SBBSNTX            0.663      0.160      4.130      0.000

 SOC_BEN_ BY
    W5Q63              0.633      0.159      3.991      0.000
    W5Q64             -0.001      0.053     -0.024      0.981
    W5Q65              0.048      0.052      0.922      0.356
    W5Q66              0.686      0.173      3.969      0.000

 SOC_BEN_ WITH
    SOC_BEN_ES         0.591      0.057     10.374      0.000

 SBSTREC  WITH
    W5Q63              0.008      0.314      0.026      0.979

 SBPRVPV  WITH
    W5Q64              0.171      0.040      4.288      0.000

 SBEQSOC  WITH
    W5Q65              0.210      0.039      5.348      0.000

 SBBSNTX  WITH
    W5Q66              0.064      0.220      0.289      0.772

 Intercepts
    W5Q63              2.960      0.094     31.410      0.000
    W5Q64              2.885      0.092     31.249      0.000
    W5Q65              3.409      0.106     32.099      0.000
    W5Q66              2.865      0.092     31.194      0.000
    SBSTREC            2.772      0.089     31.047      0.000
    SBPRVPV            2.808      0.090     31.058      0.000
    SBEQSOC            2.814      0.091     31.069      0.000
    SBBSNTX            2.758      0.089     31.055      0.000

 Variances
    SOC_BEN_ES         1.000      0.000    999.000    999.000
    SOC_BEN_CR         1.000      0.000    999.000    999.000

 Residual Variances
    W5Q63              0.599      0.201      2.986      0.003
    W5Q64              1.000      0.000   7449.061      0.000
    W5Q65              0.998      0.005    199.942      0.000
    W5Q66              0.529      0.237      2.228      0.026
    SBSTREC            0.354      0.314      1.125      0.261
    SBPRVPV            0.998      0.004    232.388      0.000
    SBEQSOC            0.984      0.013     75.407      0.000
    SBBSNTX            0.561      0.213      2.638      0.008


R-SQUARE

    Observed                                        Two-Tailed
    Variable        Estimate       S.E.  Est./S.E.    P-Value

    W5Q63              0.401      0.201      1.996      0.046
    W5Q64              0.000      0.000      0.012      0.990
    W5Q65              0.002      0.005      0.461      0.645
    W5Q66              0.471      0.237      1.984      0.047
    SBSTREC            0.646      0.314      2.056      0.040
    SBPRVPV            0.002      0.004      0.364      0.716
    SBEQSOC            0.016      0.013      1.223      0.221
    SBBSNTX            0.439      0.213      2.065      0.039


QUALITY OF NUMERICAL RESULTS

     Condition Number for the Information Matrix              0.433E-03
       (ratio of smallest to largest eigenvalue)


MODEL MODIFICATION INDICES

NOTE:  Modification indices for direct effects of observed dependent variables
regressed on covariates may not be included.  To include these, request
MODINDICES (ALL).

Minimum M.I. value for printing the modification index     0.100

                                   M.I.     E.P.C.  Std E.P.C.  StdYX E.P.C.

BY Statements

SOC_BEN_ BY W5Q64                  2.340    -0.120     -0.102       -0.106
SOC_BEN_ BY SBSTREC                0.868    -0.712     -0.460       -0.436
SOC_BEN_ BY SBPRVPV                3.113    -0.195     -0.126       -0.131
SOC_BEN_ BY SBEQSOC                1.336    -0.131     -0.084       -0.086
SOC_BEN_ BY SBBSNTX                0.118     0.219      0.142        0.135

WITH Statements

W5Q65    WITH W5Q64              140.911     0.410      0.410        0.466
W5Q66    WITH W5Q64                0.276     0.020      0.020        0.029
SBSTREC  WITH W5Q64                0.756    -0.030     -0.030       -0.049
SBSTREC  WITH W5Q66                0.952    -0.214     -0.214       -0.465
SBPRVPV  WITH W5Q63                0.316    -0.020     -0.020       -0.026
SBPRVPV  WITH W5Q65                0.293    -0.019     -0.019       -0.021
SBPRVPV  WITH W5Q66                1.817    -0.046     -0.046       -0.066
SBPRVPV  WITH SBSTREC              5.383     0.097      0.097        0.160
SBEQSOC  WITH W5Q64                0.164    -0.015     -0.015       -0.016
SBEQSOC  WITH W5Q66                2.554    -0.060     -0.060       -0.085
SBEQSOC  WITH SBPRVPV            169.895     0.482      0.482        0.516
SBBSNTX  WITH W5Q63                0.165     0.070      0.070        0.112
SBBSNTX  WITH W5Q64                0.553    -0.025     -0.025       -0.034
SBBSNTX  WITH SBSTREC              0.207    -0.166     -0.166       -0.336
SBBSNTX  WITH SBPRVPV              0.979     0.036      0.036        0.048
SBBSNTX  WITH SBEQSOC              0.103     0.017      0.017        0.023


DIAGRAM INFORMATION

  Use View Diagram under the Diagram menu in the Mplus Editor to view the diagram.
  If running Mplus from the Mplus Diagrammer, the diagram opens automatically.

  Diagram output
    c:\users\msassac6\dropbox (the university of manchester)\papers\melanie revilla\ess_cronos\mplus\soc_ben_si_config.d

     Beginning Time:  11:21:18
        Ending Time:  11:21:19
       Elapsed Time:  00:00:01



MUTHEN & MUTHEN
3463 Stoner Ave.
Los Angeles, CA  90066

Tel: (310) 391-9971
Fax: (310) 391-8971
Web: www.StatModel.com
Support: Support@StatModel.com

Copyright (c) 1998-2019 Muthen & Muthen
