Mplus VERSION 8.3
MUTHEN & MUTHEN
05/08/2019   9:01 AM

INPUT INSTRUCTIONS

  TITLE: Social trust equivalence testing SI - metric;

  DATA: FILE = "data4.dat";

  VARIABLE:
  NAMES = idno cntry w6part w5part w5q38 w5q39 w5q40 w5q41 psppsgva actrolga psppipla
       cptppola w5q32 w5q33 w5q34 w5q35 w5q36 w5q37 wrkprty wrkorg badge sgnptit
       pbldmn pstplonl w5q44 w5q46 w5q48 testgc33 testgc34 testgc35 w5q57 w5q58 w5q59
       w6q5 w6q6 w6q7 ppltrst pplfair pplhlp w5q63 w5q64 w5q65 w5q66 sbstrec sbprvpv
       sbeqsoc sbbsntx w6q9 w6q10 w6q11 w6q12 w6q13 w6q14 trstlgl trstplc trstplt
       trstprt trstep trstun comp;

  USEVARIABLES = ppltrst pplfair pplhlp
        w5q57 w5q58 w5q59
       w6q5 w6q6 w6q7;

  MISSING=.;

  USEOBSERVATIONS ARE w5part EQ 1 AND w6part EQ 1 AND cntry EQ 3;



   Model:

   soc_trust_ess BY
      ppltrst (a)
      pplfair
      pplhlp ;

   soc_trust_cro5 BY
      w5q57 (a)
      w5q58
      w5q59 (c);

   soc_trust_cro6 BY
      w6q5 (a)
      w6q6 (b)
      w6q7 (c);


      ppltrst WITH w5q57 w6q5;
      w5q57 WITH w6q5;

      pplfair WITH w5q58 w6q6;
      w5q58 WITH w6q6;

      pplhlp WITH w5q59 w6q7;
      w5q59 WITH w6q7;


   Output:
      STANDARDIZED(STDYX) MODINDICES(.1) ;



INPUT READING TERMINATED NORMALLY



Social trust equivalence testing SI - metric;

SUMMARY OF ANALYSIS

Number of groups                                                 1
Number of observations                                         546

Number of dependent variables                                    9
Number of independent variables                                  0
Number of continuous latent variables                            3

Observed dependent variables

  Continuous
   PPLTRST     PPLFAIR     PPLHLP      W5Q57       W5Q58       W5Q59
   W6Q5        W6Q6        W6Q7

Continuous latent variables
   SOC_TRUS    SOC_TRUS    SOC_TRUS


Estimator                                                       ML
Information matrix                                        OBSERVED
Maximum number of iterations                                  1000
Convergence criterion                                    0.500D-04
Maximum number of steepest descent iterations                   20
Maximum number of iterations for H1                           2000
Convergence criterion for H1                             0.100D-03

Input data file(s)
  data4.dat

Input data format  FREE


SUMMARY OF DATA

     Number of missing data patterns            10


COVARIANCE COVERAGE OF DATA

Minimum covariance coverage value   0.100


     PROPORTION OF DATA PRESENT


           Covariance Coverage
              PPLTRST       PPLFAIR       PPLHLP        W5Q57         W5Q58
              ________      ________      ________      ________      ________
 PPLTRST        0.998
 PPLFAIR        0.989         0.991
 PPLHLP         0.995         0.991         0.996
 W5Q57          0.989         0.982         0.987         0.991
 W5Q58          0.989         0.982         0.987         0.991         0.991
 W5Q59          0.993         0.985         0.991         0.991         0.991
 W6Q5           0.969         0.962         0.967         0.962         0.962
 W6Q6           0.967         0.960         0.965         0.962         0.962
 W6Q7           0.969         0.962         0.967         0.962         0.962


           Covariance Coverage
              W5Q59         W6Q5          W6Q6          W6Q7
              ________      ________      ________      ________
 W5Q59          0.995
 W6Q5           0.965         0.971
 W6Q6           0.965         0.969         0.969
 W6Q7           0.965         0.969         0.967         0.971



UNIVARIATE SAMPLE STATISTICS


     UNIVARIATE HIGHER-ORDER MOMENT DESCRIPTIVE STATISTICS

         Variable/         Mean/     Skewness/   Minimum/ % with                Percentiles
        Sample Size      Variance    Kurtosis    Maximum  Min/Max      20%/60%    40%/80%    Median

     PPLTRST               4.730      -0.177       0.000    5.87%       2.000      4.000      5.000
             545.000       5.991      -0.806      10.000    1.28%       5.000      7.000
     PPLFAIR               5.190      -0.354       0.000    3.33%       3.000      5.000      5.000
             541.000       4.601      -0.290      10.000    0.55%       6.000      7.000
     PPLHLP                5.381      -0.173       0.000    0.92%       4.000      5.000      5.000
             544.000       3.978      -0.349      10.000    1.47%       6.000      7.000
     W5Q57                 4.590      -0.151       0.000    8.32%       3.000      4.000      5.000
             541.000       5.599      -0.302      10.000    2.22%       5.000      6.000
     W5Q58                 4.837      -0.305       0.000    9.06%       3.000      5.000      5.000
             541.000       5.826      -0.191      10.000    2.96%       5.000      7.000
     W5Q59                 4.302       0.011       0.000   10.13%       2.000      4.000      5.000
             543.000       5.784      -0.259      10.000    2.76%       5.000      6.000
     W6Q5                  4.858      -0.175       0.000    5.47%       3.000      5.000      5.000
             530.000       5.306      -0.223      10.000    2.64%       5.000      7.000
     W6Q6                  4.945      -0.289       0.000    7.18%       3.000      5.000      5.000
             529.000       5.764      -0.345      10.000    2.46%       5.000      7.000
     W6Q7                  4.530      -0.118       0.000    7.55%       3.000      4.000      5.000
             530.000       5.249      -0.263      10.000    1.70%       5.000      7.000


THE MODEL ESTIMATION TERMINATED NORMALLY



MODEL FIT INFORMATION

Number of Free Parameters                       38

Loglikelihood

          H0 Value                       -9889.905
          H1 Value                       -9876.720

Information Criteria

          Akaike (AIC)                   19855.811
          Bayesian (BIC)                 20019.310
          Sample-Size Adjusted BIC       19898.683
            (n* = (n + 2) / 24)

Chi-Square Test of Model Fit

          Value                             26.370
          Degrees of Freedom                    16
          P-Value                           0.0490

RMSEA (Root Mean Square Error Of Approximation)

          Estimate                           0.034
          90 Percent C.I.                    0.002  0.057
          Probability RMSEA <= .05           0.858

CFI/TLI

          CFI                                0.995
          TLI                                0.989

Chi-Square Test of Model Fit for the Baseline Model

          Value                           2074.138
          Degrees of Freedom                    36
          P-Value                           0.0000

SRMR (Standardized Root Mean Square Residual)

          Value                              0.020



MODEL RESULTS

                                                    Two-Tailed
                    Estimate       S.E.  Est./S.E.    P-Value

 SOC_TRUS BY
    PPLTRST            1.000      0.000    999.000    999.000
    PPLFAIR            0.936      0.076     12.394      0.000
    PPLHLP             0.671      0.060     11.256      0.000

 SOC_TRUS BY
    W5Q57              1.000      0.000    999.000    999.000
    W5Q58              1.113      0.064     17.393      0.000
    W5Q59              0.915      0.045     20.361      0.000

 SOC_TRUS BY
    W6Q5               1.000      0.000    999.000    999.000
    W6Q6               1.235      0.062     19.781      0.000
    W6Q7               0.915      0.045     20.361      0.000

 SOC_TRUS WITH
    SOC_TRUST_         1.702      0.218      7.819      0.000

 SOC_TRUS WITH
    SOC_TRUST_         1.879      0.226      8.325      0.000
    SOC_TRUST_         2.267      0.239      9.486      0.000

 PPLTRST  WITH
    W5Q57              0.450      0.157      2.866      0.004
    W6Q5               0.441      0.143      3.076      0.002

 W5Q57    WITH
    W6Q5               0.435      0.137      3.181      0.001

 PPLFAIR  WITH
    W5Q58              0.179      0.136      1.318      0.187
    W6Q6               0.066      0.126      0.527      0.598

 W5Q58    WITH
    W6Q6               0.116      0.134      0.869      0.385

 PPLHLP   WITH
    W5Q59              0.405      0.139      2.916      0.004
    W6Q7               0.193      0.136      1.421      0.155

 W5Q59    WITH
    W6Q7               0.713      0.151      4.730      0.000

 Intercepts
    PPLTRST            4.726      0.105     45.165      0.000
    PPLFAIR            5.201      0.092     56.418      0.000
    PPLHLP             5.382      0.086     62.941      0.000
    W5Q57              4.590      0.103     44.522      0.000
    W5Q58              4.835      0.104     46.599      0.000
    W5Q59              4.300      0.101     42.574      0.000
    W6Q5               4.830      0.098     49.260      0.000
    W6Q6               4.912      0.104     47.259      0.000
    W6Q7               4.510      0.101     44.560      0.000

 Variances
    SOC_TRUST_         3.065      0.376      8.156      0.000
    SOC_TRUST_         3.296      0.322     10.240      0.000
    SOC_TRUST_         3.131      0.303     10.330      0.000

 Residual Variances
    PPLTRST            2.906      0.273     10.652      0.000
    PPLFAIR            1.930      0.219      8.795      0.000
    PPLHLP             2.600      0.189     13.754      0.000
    W5Q57              2.472      0.212     11.633      0.000
    W5Q58              1.764      0.221      7.991      0.000
    W5Q59              2.791      0.215     12.971      0.000
    W6Q5               2.014      0.173     11.665      0.000
    W6Q6               1.014      0.190      5.346      0.000
    W6Q7               2.855      0.203     14.066      0.000


STANDARDIZED MODEL RESULTS


STDYX Standardization

                                                    Two-Tailed
                    Estimate       S.E.  Est./S.E.    P-Value

 SOC_TRUS BY
    PPLTRST            0.716      0.032     22.457      0.000
    PPLFAIR            0.763      0.032     23.926      0.000
    PPLHLP             0.589      0.035     16.592      0.000

 SOC_TRUS BY
    W5Q57              0.756      0.023     32.223      0.000
    W5Q58              0.836      0.023     35.666      0.000
    W5Q59              0.705      0.026     27.109      0.000

 SOC_TRUS BY
    W6Q5               0.780      0.022     34.944      0.000
    W6Q6               0.908      0.019     48.950      0.000
    W6Q7               0.692      0.024     28.788      0.000

 SOC_TRUS WITH
    SOC_TRUST_         0.536      0.043     12.506      0.000

 SOC_TRUS WITH
    SOC_TRUST_         0.607      0.039     15.435      0.000
    SOC_TRUST_         0.706      0.031     22.974      0.000

 PPLTRST  WITH
    W5Q57              0.168      0.055      3.031      0.002
    W6Q5               0.182      0.055      3.310      0.001

 W5Q57    WITH
    W6Q5               0.195      0.056      3.499      0.000

 PPLFAIR  WITH
    W5Q58              0.097      0.070      1.375      0.169
    W6Q6               0.047      0.088      0.540      0.589

 W5Q58    WITH
    W6Q6               0.087      0.094      0.920      0.357

 PPLHLP   WITH
    W5Q59              0.150      0.050      3.034      0.002
    W6Q7               0.071      0.049      1.439      0.150

 W5Q59    WITH
    W6Q7               0.253      0.048      5.280      0.000

 Intercepts
    PPLTRST            1.934      0.072     26.706      0.000
    PPLFAIR            2.421      0.085     28.446      0.000
    PPLHLP             2.697      0.092     29.260      0.000
    W5Q57              1.911      0.071     26.976      0.000
    W5Q58              2.000      0.075     26.839      0.000
    W5Q59              1.826      0.067     27.086      0.000
    W6Q5               2.129      0.077     27.765      0.000
    W6Q6               2.041      0.077     26.654      0.000
    W6Q7               1.927      0.072     26.858      0.000

 Variances
    SOC_TRUST_         1.000      0.000    999.000    999.000
    SOC_TRUST_         1.000      0.000    999.000    999.000
    SOC_TRUST_         1.000      0.000    999.000    999.000

 Residual Variances
    PPLTRST            0.487      0.046     10.646      0.000
    PPLFAIR            0.418      0.049      8.602      0.000
    PPLHLP             0.653      0.042     15.617      0.000
    W5Q57              0.429      0.035     12.083      0.000
    W5Q58              0.302      0.039      7.707      0.000
    W5Q59              0.503      0.037     13.722      0.000
    W6Q5               0.391      0.035     11.239      0.000
    W6Q6               0.175      0.034      5.193      0.000
    W6Q7               0.521      0.033     15.687      0.000


R-SQUARE

    Observed                                        Two-Tailed
    Variable        Estimate       S.E.  Est./S.E.    P-Value

    PPLTRST            0.513      0.046     11.228      0.000
    PPLFAIR            0.582      0.049     11.963      0.000
    PPLHLP             0.347      0.042      8.296      0.000
    W5Q57              0.571      0.035     16.112      0.000
    W5Q58              0.698      0.039     17.833      0.000
    W5Q59              0.497      0.037     13.554      0.000
    W6Q5               0.609      0.035     17.472      0.000
    W6Q6               0.825      0.034     24.475      0.000
    W6Q7               0.479      0.033     14.394      0.000


QUALITY OF NUMERICAL RESULTS

     Condition Number for the Information Matrix              0.231E-02
       (ratio of smallest to largest eigenvalue)


MODEL MODIFICATION INDICES

NOTE:  Modification indices for direct effects of observed dependent variables
regressed on covariates may not be included.  To include these, request
MODINDICES (ALL).

Minimum M.I. value for printing the modification index     0.100

                                   M.I.     E.P.C.  Std E.P.C.  StdYX E.P.C.

BY Statements

SOC_TRUS BY W5Q57                  0.797    -0.059     -0.103       -0.043
SOC_TRUS BY W5Q58                  1.097     0.087      0.151        0.063
SOC_TRUS BY W6Q5                   3.718     0.126      0.221        0.097
SOC_TRUS BY W6Q6                   2.329    -0.136     -0.238       -0.099
SOC_TRUS BY W6Q7                   0.318    -0.035     -0.062       -0.026
SOC_TRUS BY W5Q57                  3.427    -0.150     -0.272       -0.113
SOC_TRUS BY W5Q59                  3.423     0.073      0.133        0.056
SOC_TRUS BY W6Q5                   3.506     0.114      0.206        0.091
SOC_TRUS BY W6Q6                   5.619    -0.231     -0.419       -0.174
SOC_TRUS BY PPLTRST                0.221     0.046      0.081        0.033
SOC_TRUS BY PPLFAIR                0.234    -0.045     -0.080       -0.037
SOC_TRUS BY W5Q58                  1.562    -0.131     -0.232       -0.096
SOC_TRUS BY W5Q59                  0.621     0.047      0.083        0.035
SOC_TRUS BY W6Q5                   3.425     0.150      0.265        0.117
SOC_TRUS BY W6Q7                   3.424    -0.064     -0.113       -0.048

WITH Statements

W5Q57    WITH PPLFAIR              0.160    -0.061     -0.061       -0.028
W5Q57    WITH PPLHLP               0.256    -0.068     -0.068       -0.027
W5Q58    WITH PPLTRST              1.100     0.177      0.177        0.078
W5Q58    WITH PPLHLP               0.480     0.093      0.093        0.044
W5Q58    WITH W5Q57                3.125    -0.359     -0.359       -0.172
W5Q59    WITH PPLTRST              3.284    -0.278     -0.278       -0.098
W5Q59    WITH PPLFAIR              0.688     0.117      0.117        0.051
W5Q59    WITH W5Q57                0.537    -0.137     -0.137       -0.052
W5Q59    WITH W5Q58                5.687     0.437      0.437        0.197
W6Q5     WITH PPLHLP               1.009     0.119      0.119        0.052
W6Q5     WITH W5Q58                3.666    -0.275     -0.275       -0.146
W6Q5     WITH W5Q59                8.847     0.367      0.367        0.155
W6Q6     WITH PPLHLP               0.954    -0.122     -0.122       -0.075
W6Q6     WITH W5Q57                0.382     0.091      0.091        0.058
W6Q6     WITH W5Q59                6.568    -0.342     -0.342       -0.203
W6Q6     WITH W6Q5                 5.403     0.453      0.453        0.317
W6Q7     WITH PPLTRST              1.109     0.160      0.160        0.055
W6Q7     WITH PPLFAIR              0.751    -0.124     -0.124       -0.053
W6Q7     WITH W5Q57                1.374     0.162      0.162        0.061
W6Q7     WITH W6Q5                 7.858    -0.428     -0.428       -0.179


DIAGRAM INFORMATION

  Use View Diagram under the Diagram menu in the Mplus Editor to view the diagram.
  If running Mplus from the Mplus Diagrammer, the diagram opens automatically.

  Diagram output
    c:\users\msassac6\dropbox (the university of manchester)\papers\melanie revilla\ess_cronos\mplus\soc_trust_si_metric

     Beginning Time:  09:01:52
        Ending Time:  09:01:52
       Elapsed Time:  00:00:00



MUTHEN & MUTHEN
3463 Stoner Ave.
Los Angeles, CA  90066

Tel: (310) 391-9971
Fax: (310) 391-8971
Web: www.StatModel.com
Support: Support@StatModel.com

Copyright (c) 1998-2019 Muthen & Muthen
