Mplus VERSION 8.3
MUTHEN & MUTHEN
05/07/2019  11:04 AM

INPUT INSTRUCTIONS

  TITLE: Social trust equivalence testing SI - metric;

  DATA: FILE = "data4.dat";

  VARIABLE:
  NAMES = idno cntry w6part w5part w5q38 w5q39 w5q40 w5q41 psppsgva actrolga psppipla
       cptppola w5q32 w5q33 w5q34 w5q35 w5q36 w5q37 wrkprty wrkorg badge sgnptit
       pbldmn pstplonl w5q44 w5q46 w5q48 testgc33 testgc34 testgc35 w5q57 w5q58 w5q59
       w6q5 w6q6 w6q7 ppltrst pplfair pplhlp w5q63 w5q64 w5q65 w5q66 sbstrec sbprvpv
       sbeqsoc sbbsntx w6q9 w6q10 w6q11 w6q12 w6q13 w6q14 trstlgl trstplc trstplt
       trstprt trstep trstun comp;

  USEVARIABLES = ppltrst pplfair pplhlp
        w5q57 w5q58 w5q59
       w6q5 w6q6 w6q7;

  MISSING=.;

  USEOBSERVATIONS ARE w5part EQ 1 AND w6part EQ 1 AND cntry EQ 3;



   Model:

   soc_trust_ess BY
      ppltrst (a)
      pplfair (b)
      pplhlp (c);

   soc_trust_cro5 BY
      w5q57 (a)
      w5q58 (b)
      w5q59 (c);

   soc_trust_cro6 BY
      w6q5 (a)
      w6q6 (b)
      w6q7 (c);


      ppltrst WITH w5q57 w6q5;
      w5q57 WITH w6q5;

      pplfair WITH w5q58 w6q6;
      w5q58 WITH w6q6;

      pplhlp WITH w5q59 w6q7;
      w5q59 WITH w6q7;


   Output:
      STANDARDIZED(STDYX) MODINDICES(.1) ;



INPUT READING TERMINATED NORMALLY



Social trust equivalence testing SI - metric;

SUMMARY OF ANALYSIS

Number of groups                                                 1
Number of observations                                         546

Number of dependent variables                                    9
Number of independent variables                                  0
Number of continuous latent variables                            3

Observed dependent variables

  Continuous
   PPLTRST     PPLFAIR     PPLHLP      W5Q57       W5Q58       W5Q59
   W6Q5        W6Q6        W6Q7

Continuous latent variables
   SOC_TRUS    SOC_TRUS    SOC_TRUS


Estimator                                                       ML
Information matrix                                        OBSERVED
Maximum number of iterations                                  1000
Convergence criterion                                    0.500D-04
Maximum number of steepest descent iterations                   20
Maximum number of iterations for H1                           2000
Convergence criterion for H1                             0.100D-03

Input data file(s)
  data4.dat

Input data format  FREE


SUMMARY OF DATA

     Number of missing data patterns            10


COVARIANCE COVERAGE OF DATA

Minimum covariance coverage value   0.100


     PROPORTION OF DATA PRESENT


           Covariance Coverage
              PPLTRST       PPLFAIR       PPLHLP        W5Q57         W5Q58
              ________      ________      ________      ________      ________
 PPLTRST        0.998
 PPLFAIR        0.989         0.991
 PPLHLP         0.995         0.991         0.996
 W5Q57          0.989         0.982         0.987         0.991
 W5Q58          0.989         0.982         0.987         0.991         0.991
 W5Q59          0.993         0.985         0.991         0.991         0.991
 W6Q5           0.969         0.962         0.967         0.962         0.962
 W6Q6           0.967         0.960         0.965         0.962         0.962
 W6Q7           0.969         0.962         0.967         0.962         0.962


           Covariance Coverage
              W5Q59         W6Q5          W6Q6          W6Q7
              ________      ________      ________      ________
 W5Q59          0.995
 W6Q5           0.965         0.971
 W6Q6           0.965         0.969         0.969
 W6Q7           0.965         0.969         0.967         0.971



UNIVARIATE SAMPLE STATISTICS


     UNIVARIATE HIGHER-ORDER MOMENT DESCRIPTIVE STATISTICS

         Variable/         Mean/     Skewness/   Minimum/ % with                Percentiles
        Sample Size      Variance    Kurtosis    Maximum  Min/Max      20%/60%    40%/80%    Median

     PPLTRST               4.730      -0.177       0.000    5.87%       2.000      4.000      5.000
             545.000       5.991      -0.806      10.000    1.28%       5.000      7.000
     PPLFAIR               5.190      -0.354       0.000    3.33%       3.000      5.000      5.000
             541.000       4.601      -0.290      10.000    0.55%       6.000      7.000
     PPLHLP                5.381      -0.173       0.000    0.92%       4.000      5.000      5.000
             544.000       3.978      -0.349      10.000    1.47%       6.000      7.000
     W5Q57                 4.590      -0.151       0.000    8.32%       3.000      4.000      5.000
             541.000       5.599      -0.302      10.000    2.22%       5.000      6.000
     W5Q58                 4.837      -0.305       0.000    9.06%       3.000      5.000      5.000
             541.000       5.826      -0.191      10.000    2.96%       5.000      7.000
     W5Q59                 4.302       0.011       0.000   10.13%       2.000      4.000      5.000
             543.000       5.784      -0.259      10.000    2.76%       5.000      6.000
     W6Q5                  4.858      -0.175       0.000    5.47%       3.000      5.000      5.000
             530.000       5.306      -0.223      10.000    2.64%       5.000      7.000
     W6Q6                  4.945      -0.289       0.000    7.18%       3.000      5.000      5.000
             529.000       5.764      -0.345      10.000    2.46%       5.000      7.000
     W6Q7                  4.530      -0.118       0.000    7.55%       3.000      4.000      5.000
             530.000       5.249      -0.263      10.000    1.70%       5.000      7.000


THE MODEL ESTIMATION TERMINATED NORMALLY



MODEL FIT INFORMATION

Number of Free Parameters                       35

Loglikelihood

          H0 Value                       -9897.564
          H1 Value                       -9876.720

Information Criteria

          Akaike (AIC)                   19865.129
          Bayesian (BIC)                 20015.720
          Sample-Size Adjusted BIC       19904.616
            (n* = (n + 2) / 24)

Chi-Square Test of Model Fit

          Value                             41.688
          Degrees of Freedom                    19
          P-Value                           0.0020

RMSEA (Root Mean Square Error Of Approximation)

          Estimate                           0.047
          90 Percent C.I.                    0.027  0.066
          Probability RMSEA <= .05           0.580

CFI/TLI

          CFI                                0.989
          TLI                                0.979

Chi-Square Test of Model Fit for the Baseline Model

          Value                           2074.138
          Degrees of Freedom                    36
          P-Value                           0.0000

SRMR (Standardized Root Mean Square Residual)

          Value                              0.036



MODEL RESULTS

                                                    Two-Tailed
                    Estimate       S.E.  Est./S.E.    P-Value

 SOC_TRUS BY
    PPLTRST            1.000      0.000    999.000    999.000
    PPLFAIR            1.143      0.047     24.066      0.000
    PPLHLP             0.862      0.040     21.721      0.000

 SOC_TRUS BY
    W5Q57              1.000      0.000    999.000    999.000
    W5Q58              1.143      0.047     24.066      0.000
    W5Q59              0.862      0.040     21.721      0.000

 SOC_TRUS BY
    W6Q5               1.000      0.000    999.000    999.000
    W6Q6               1.143      0.047     24.066      0.000
    W6Q7               0.862      0.040     21.721      0.000

 SOC_TRUS WITH
    SOC_TRUST_         1.459      0.185      7.871      0.000

 SOC_TRUS WITH
    SOC_TRUST_         1.684      0.199      8.459      0.000
    SOC_TRUST_         2.375      0.243      9.780      0.000

 PPLTRST  WITH
    W5Q57              0.474      0.157      3.025      0.002
    W6Q5               0.457      0.142      3.209      0.001

 W5Q57    WITH
    W6Q5               0.424      0.138      3.081      0.002

 PPLFAIR  WITH
    W5Q58              0.159      0.137      1.165      0.244
    W6Q6               0.067      0.125      0.533      0.594

 W5Q58    WITH
    W6Q6               0.130      0.134      0.964      0.335

 PPLHLP   WITH
    W5Q59              0.383      0.140      2.742      0.006
    W6Q7               0.185      0.137      1.349      0.177

 W5Q59    WITH
    W6Q7               0.707      0.150      4.718      0.000

 Intercepts
    PPLTRST            4.727      0.101     46.975      0.000
    PPLFAIR            5.203      0.093     55.761      0.000
    PPLHLP             5.382      0.088     61.289      0.000
    W5Q57              4.590      0.103     44.490      0.000
    W5Q58              4.835      0.105     46.074      0.000
    W5Q59              4.300      0.099     43.473      0.000
    W6Q5               4.828      0.100     48.255      0.000
    W6Q6               4.914      0.103     47.899      0.000
    W6Q7               4.510      0.101     44.850      0.000

 Variances
    SOC_TRUST_         2.253      0.232      9.723      0.000
    SOC_TRUST_         3.285      0.298     11.025      0.000
    SOC_TRUST_         3.441      0.304     11.306      0.000

 Residual Variances
    PPLTRST            3.269      0.246     13.268      0.000
    PPLFAIR            1.784      0.199      8.978      0.000
    PPLHLP             2.523      0.186     13.532      0.000
    W5Q57              2.490      0.211     11.809      0.000
    W5Q58              1.688      0.212      7.980      0.000
    W5Q59              2.878      0.214     13.469      0.000
    W6Q5               1.920      0.171     11.247      0.000
    W6Q6               1.145      0.178      6.433      0.000
    W6Q7               2.845      0.200     14.196      0.000


STANDARDIZED MODEL RESULTS


STDYX Standardization

                                                    Two-Tailed
                    Estimate       S.E.  Est./S.E.    P-Value

 SOC_TRUS BY
    PPLTRST            0.639      0.027     23.887      0.000
    PPLFAIR            0.789      0.024     32.233      0.000
    PPLHLP             0.632      0.025     25.284      0.000

 SOC_TRUS BY
    W5Q57              0.754      0.022     34.441      0.000
    W5Q58              0.847      0.020     41.885      0.000
    W5Q59              0.678      0.026     26.480      0.000

 SOC_TRUS BY
    W6Q5               0.801      0.020     40.475      0.000
    W6Q6               0.893      0.018     49.116      0.000
    W6Q7               0.688      0.023     30.155      0.000

 SOC_TRUS WITH
    SOC_TRUST_         0.536      0.043     12.473      0.000

 SOC_TRUS WITH
    SOC_TRUST_         0.605      0.040     15.143      0.000
    SOC_TRUST_         0.706      0.031     22.975      0.000

 PPLTRST  WITH
    W5Q57              0.166      0.052      3.188      0.001
    W6Q5               0.183      0.053      3.433      0.001

 W5Q57    WITH
    W6Q5               0.194      0.057      3.393      0.001

 PPLFAIR  WITH
    W5Q58              0.092      0.076      1.210      0.226
    W6Q6               0.047      0.086      0.545      0.586

 W5Q58    WITH
    W6Q6               0.093      0.091      1.023      0.306

 PPLHLP   WITH
    W5Q59              0.142      0.050      2.846      0.004
    W6Q7               0.069      0.050      1.366      0.172

 W5Q59    WITH
    W6Q7               0.247      0.047      5.240      0.000

 Intercepts
    PPLTRST            2.012      0.069     29.290      0.000
    PPLFAIR            2.393      0.082     29.013      0.000
    PPLHLP             2.627      0.086     30.500      0.000
    W5Q57              1.910      0.070     27.362      0.000
    W5Q58              1.977      0.073     27.222      0.000
    W5Q59              1.864      0.066     28.280      0.000
    W6Q5               2.085      0.076     27.620      0.000
    W6Q6               2.069      0.076     27.266      0.000
    W6Q7               1.940      0.070     27.623      0.000

 Variances
    SOC_TRUST_         1.000      0.000    999.000    999.000
    SOC_TRUST_         1.000      0.000    999.000    999.000
    SOC_TRUST_         1.000      0.000    999.000    999.000

 Residual Variances
    PPLTRST            0.592      0.034     17.331      0.000
    PPLFAIR            0.377      0.039      9.772      0.000
    PPLHLP             0.601      0.032     19.035      0.000
    W5Q57              0.431      0.033     13.055      0.000
    W5Q58              0.282      0.034      8.241      0.000
    W5Q59              0.541      0.035     15.594      0.000
    W6Q5               0.358      0.032     11.292      0.000
    W6Q6               0.203      0.032      6.258      0.000
    W6Q7               0.526      0.031     16.762      0.000


R-SQUARE

    Observed                                        Two-Tailed
    Variable        Estimate       S.E.  Est./S.E.    P-Value

    PPLTRST            0.408      0.034     11.943      0.000
    PPLFAIR            0.623      0.039     16.116      0.000
    PPLHLP             0.399      0.032     12.642      0.000
    W5Q57              0.569      0.033     17.221      0.000
    W5Q58              0.718      0.034     20.943      0.000
    W5Q59              0.459      0.035     13.240      0.000
    W6Q5               0.642      0.032     20.237      0.000
    W6Q6               0.797      0.032     24.558      0.000
    W6Q7               0.474      0.031     15.077      0.000


QUALITY OF NUMERICAL RESULTS

     Condition Number for the Information Matrix              0.253E-02
       (ratio of smallest to largest eigenvalue)


MODEL MODIFICATION INDICES

NOTE:  Modification indices for direct effects of observed dependent variables
regressed on covariates may not be included.  To include these, request
MODINDICES (ALL).

Minimum M.I. value for printing the modification index     0.100

                                   M.I.     E.P.C.  Std E.P.C.  StdYX E.P.C.

BY Statements

SOC_TRUS BY PPLTRST               11.153     0.264      0.397        0.169
SOC_TRUS BY PPLFAIR                1.531    -0.092     -0.137       -0.063
SOC_TRUS BY PPLHLP                 4.812    -0.124     -0.186       -0.091
SOC_TRUS BY W5Q57                  1.169    -0.072     -0.108       -0.045
SOC_TRUS BY W5Q59                  1.641     0.083      0.124        0.054
SOC_TRUS BY W6Q6                   0.388     0.044      0.065        0.028
SOC_TRUS BY W6Q7                   0.325    -0.038     -0.057       -0.025
SOC_TRUS BY PPLTRST                4.852     0.123      0.223        0.095
SOC_TRUS BY PPLFAIR                0.942    -0.055     -0.100       -0.046
SOC_TRUS BY PPLHLP                 1.299    -0.056     -0.102       -0.050
SOC_TRUS BY W5Q57                  2.386    -0.095     -0.173       -0.072
SOC_TRUS BY W5Q58                  1.712    -0.059     -0.108       -0.044
SOC_TRUS BY W5Q59                  9.933     0.119      0.217        0.094
SOC_TRUS BY W6Q5                   0.137    -0.019     -0.034       -0.015
SOC_TRUS BY W6Q6                   0.213     0.025      0.046        0.019
SOC_TRUS BY PPLTRST                8.425     0.155      0.288        0.123
SOC_TRUS BY PPLFAIR                1.955    -0.076     -0.142       -0.065
SOC_TRUS BY PPLHLP                 1.897    -0.066     -0.122       -0.059
SOC_TRUS BY W5Q58                  3.298    -0.100     -0.185       -0.076
SOC_TRUS BY W5Q59                  4.449     0.104      0.192        0.083
SOC_TRUS BY W6Q5                   1.018    -0.059     -0.110       -0.048
SOC_TRUS BY W6Q6                   4.725     0.069      0.128        0.054
SOC_TRUS BY W6Q7                   1.948    -0.045     -0.084       -0.036

WITH Statements

PPLFAIR  WITH PPLTRST              2.817     0.331      0.331        0.137
PPLHLP   WITH PPLFAIR              3.704    -0.328     -0.328       -0.155
W5Q57    WITH PPLFAIR              0.364    -0.092     -0.092       -0.044
W5Q57    WITH PPLHLP               0.426    -0.087     -0.087       -0.035
W5Q58    WITH PPLTRST              1.307     0.188      0.188        0.080
W5Q58    WITH PPLHLP               0.375     0.086      0.086        0.042
W5Q58    WITH W5Q57                5.968    -0.498     -0.498       -0.243
W5Q59    WITH PPLTRST              2.349    -0.233     -0.233       -0.076
W5Q59    WITH PPLFAIR              0.580     0.110      0.110        0.049
W5Q59    WITH W5Q58                5.955     0.420      0.420        0.190
W6Q5     WITH PPLHLP               0.674     0.099      0.099        0.045
W6Q5     WITH W5Q58                4.958    -0.322     -0.322       -0.179
W6Q5     WITH W5Q59                8.026     0.351      0.351        0.149
W6Q6     WITH PPLTRST              0.363     0.093      0.093        0.048
W6Q6     WITH PPLHLP               1.169    -0.136     -0.136       -0.080
W6Q6     WITH W5Q57                0.848     0.133      0.133        0.079
W6Q6     WITH W5Q59                4.753    -0.280     -0.280       -0.154
W6Q6     WITH W6Q5                 3.608     0.362      0.362        0.244
W6Q7     WITH PPLTRST              1.240     0.168      0.168        0.055
W6Q7     WITH PPLFAIR              0.728    -0.123     -0.123       -0.054
W6Q7     WITH W5Q57                1.220     0.152      0.152        0.057
W6Q7     WITH W6Q5                10.831    -0.477     -0.477       -0.204
W6Q7     WITH W6Q6                 1.714     0.206      0.206        0.114


DIAGRAM INFORMATION

  Use View Diagram under the Diagram menu in the Mplus Editor to view the diagram.
  If running Mplus from the Mplus Diagrammer, the diagram opens automatically.

  Diagram output
    c:\users\msassac6\dropbox (the university of manchester)\papers\melanie revilla\ess_cronos\mplus\soc_trust_si_metric

     Beginning Time:  11:04:08
        Ending Time:  11:04:08
       Elapsed Time:  00:00:00



MUTHEN & MUTHEN
3463 Stoner Ave.
Los Angeles, CA  90066

Tel: (310) 391-9971
Fax: (310) 391-8971
Web: www.StatModel.com
Support: Support@StatModel.com

Copyright (c) 1998-2019 Muthen & Muthen
