Mplus VERSION 8.3
MUTHEN & MUTHEN
05/07/2019  11:19 AM

INPUT INSTRUCTIONS

  TITLE: Social benefits equivalence testing GB - metric;

  DATA: FILE = "data4.dat";

  VARIABLE:
  NAMES = idno cntry w6part w5part w5q38 w5q39 w5q40 w5q41 psppsgva actrolga psppipla
       cptppola w5q32 w5q33 w5q34 w5q35 w5q36 w5q37 wrkprty wrkorg badge sgnptit
       pbldmn pstplonl w5q44 w5q46 w5q48 testgc33 testgc34 testgc35 w5q57 w5q58 w5q59
       w6q5 w6q6 w6q7 ppltrst pplfair pplhlp w5q63 w5q64 w5q65 w5q66 sbstrec sbprvpv
       sbeqsoc sbbsntx w6q9 w6q10 w6q11 w6q12 w6q13 w6q14 trstlgl trstplc trstplt
       trstprt trstep trstun comp;

  USEVARIABLES = w5q63 w5q64 w5q65 w5q66 sbstrec sbprvpv
       sbeqsoc sbbsntx;

  MISSING=.;

  USEOBSERVATIONS ARE w5part EQ 1 AND cntry EQ 2;



   Model:

   soc_ben_ess BY
      sbstrec (a)
      sbprvpv (b)
      sbeqsoc (c)
      sbbsntx (d);

   soc_ben_cro BY
      w5q63 (a)
      w5q64 (b)
      w5q65 (c)
      w5q66 (d);

      sbstrec WITH w5q63;
      sbprvpv WITH w5q64;
      sbeqsoc WITH w5q65;
      sbbsntx WITH w5q66;


   Output:
      STANDARDIZED(STDYX) MODINDICES(.1) ;



INPUT READING TERMINATED NORMALLY



Social benefits equivalence testing GB - metric;

SUMMARY OF ANALYSIS

Number of groups                                                 1
Number of observations                                         633

Number of dependent variables                                    8
Number of independent variables                                  0
Number of continuous latent variables                            2

Observed dependent variables

  Continuous
   W5Q63       W5Q64       W5Q65       W5Q66       SBSTREC     SBPRVPV
   SBEQSOC     SBBSNTX

Continuous latent variables
   SOC_BEN_    SOC_BEN_


Estimator                                                       ML
Information matrix                                        OBSERVED
Maximum number of iterations                                  1000
Convergence criterion                                    0.500D-04
Maximum number of steepest descent iterations                   20
Maximum number of iterations for H1                           2000
Convergence criterion for H1                             0.100D-03

Input data file(s)
  data4.dat

Input data format  FREE


SUMMARY OF DATA

     Number of missing data patterns            11


COVARIANCE COVERAGE OF DATA

Minimum covariance coverage value   0.100


     PROPORTION OF DATA PRESENT


           Covariance Coverage
              W5Q63         W5Q64         W5Q65         W5Q66         SBSTREC
              ________      ________      ________      ________      ________
 W5Q63          0.962
 W5Q64          0.962         0.962
 W5Q65          0.959         0.959         0.959
 W5Q66          0.959         0.959         0.959         0.959
 SBSTREC        0.956         0.956         0.953         0.953         0.994
 SBPRVPV        0.949         0.949         0.946         0.946         0.983
 SBEQSOC        0.956         0.956         0.953         0.953         0.989
 SBBSNTX        0.946         0.946         0.943         0.943         0.981


           Covariance Coverage
              SBPRVPV       SBEQSOC       SBBSNTX
              ________      ________      ________
 SBPRVPV        0.987
 SBEQSOC        0.983         0.994
 SBBSNTX        0.975         0.981         0.984



UNIVARIATE SAMPLE STATISTICS


     UNIVARIATE HIGHER-ORDER MOMENT DESCRIPTIVE STATISTICS

         Variable/         Mean/     Skewness/   Minimum/ % with                Percentiles
        Sample Size      Variance    Kurtosis    Maximum  Min/Max      20%/60%    40%/80%    Median

     W5Q63                 2.936       0.087       1.000    7.55%       2.000      3.000      3.000
             609.000       1.140      -0.802       5.000    6.73%       3.000      4.000
     W5Q64                 2.557       0.366       1.000   10.67%       2.000      2.000      2.000
             609.000       0.917      -0.571       5.000    1.64%       3.000      3.000
     W5Q65                 3.173      -0.250       1.000    3.62%       2.000      3.000      3.000
             607.000       0.917      -0.646       5.000    5.11%       4.000      4.000
     W5Q66                 3.392      -0.346       1.000    4.12%       3.000      3.000      3.000
             607.000       0.993      -0.241       5.000   12.36%       4.000      4.000
     SBSTREC               2.715       0.391       1.000    7.00%       2.000      2.000      2.000
             629.000       1.033      -0.816       5.000    3.50%       3.000      4.000
     SBPRVPV               2.542       0.660       1.000    4.48%       2.000      2.000      2.000
             625.000       0.715      -0.368       5.000    0.80%       3.000      3.000
     SBEQSOC               3.043       0.003       1.000    1.75%       2.000      3.000      3.000
             629.000       0.836      -1.023       5.000    2.86%       3.000      4.000
     SBBSNTX               3.205      -0.275       1.000    2.73%       2.000      3.000      3.000
             623.000       0.908      -0.794       5.000    4.82%       4.000      4.000


THE MODEL ESTIMATION TERMINATED NORMALLY



MODEL FIT INFORMATION

Number of Free Parameters                       26

Loglikelihood

          H0 Value                       -6394.838
          H1 Value                       -6281.393

Information Criteria

          Akaike (AIC)                   12841.676
          Bayesian (BIC)                 12957.388
          Sample-Size Adjusted BIC       12874.841
            (n* = (n + 2) / 24)

Chi-Square Test of Model Fit

          Value                            226.891
          Degrees of Freedom                    18
          P-Value                           0.0000

RMSEA (Root Mean Square Error Of Approximation)

          Estimate                           0.135
          90 Percent C.I.                    0.120  0.151
          Probability RMSEA <= .05           0.000

CFI/TLI

          CFI                                0.798
          TLI                                0.685

Chi-Square Test of Model Fit for the Baseline Model

          Value                           1059.645
          Degrees of Freedom                    28
          P-Value                           0.0000

SRMR (Standardized Root Mean Square Residual)

          Value                              0.092



MODEL RESULTS

                                                    Two-Tailed
                    Estimate       S.E.  Est./S.E.    P-Value

 SOC_BEN_ BY
    SBSTREC            1.000      0.000    999.000    999.000
    SBPRVPV           -0.136      0.051     -2.684      0.007
    SBEQSOC           -0.270      0.051     -5.314      0.000
    SBBSNTX            0.876      0.119      7.370      0.000

 SOC_BEN_ BY
    W5Q63              1.000      0.000    999.000    999.000
    W5Q64             -0.136      0.051     -2.684      0.007
    W5Q65             -0.270      0.051     -5.314      0.000
    W5Q66              0.876      0.119      7.370      0.000

 SOC_BEN_ WITH
    SOC_BEN_ES         0.464      0.075      6.203      0.000

 SBSTREC  WITH
    W5Q63              0.045      0.066      0.684      0.494

 SBPRVPV  WITH
    W5Q64              0.231      0.034      6.836      0.000

 SBEQSOC  WITH
    W5Q65              0.277      0.036      7.692      0.000

 SBBSNTX  WITH
    W5Q66              0.116      0.052      2.213      0.027

 Intercepts
    W5Q63              2.931      0.043     67.956      0.000
    W5Q64              2.554      0.039     66.187      0.000
    W5Q65              3.172      0.039     81.392      0.000
    W5Q66              3.389      0.040     85.116      0.000
    SBSTREC            2.715      0.040     67.485      0.000
    SBPRVPV            2.543      0.034     75.068      0.000
    SBEQSOC            3.044      0.036     84.057      0.000
    SBBSNTX            3.205      0.038     83.522      0.000

 Variances
    SOC_BEN_ES         0.506      0.083      6.092      0.000
    SOC_BEN_CR         0.663      0.106      6.275      0.000

 Residual Variances
    W5Q63              0.481      0.095      5.089      0.000
    W5Q64              0.897      0.052     17.308      0.000
    W5Q65              0.879      0.051     17.162      0.000
    W5Q66              0.466      0.072      6.451      0.000
    SBSTREC            0.514      0.078      6.556      0.000
    SBPRVPV            0.709      0.040     17.594      0.000
    SBEQSOC            0.789      0.046     17.331      0.000
    SBBSNTX            0.534      0.063      8.455      0.000


STANDARDIZED MODEL RESULTS


STDYX Standardization

                                                    Two-Tailed
                    Estimate       S.E.  Est./S.E.    P-Value

 SOC_BEN_ BY
    SBSTREC            0.704      0.053     13.344      0.000
    SBPRVPV           -0.114      0.039     -2.913      0.004
    SBEQSOC           -0.211      0.037     -5.733      0.000
    SBBSNTX            0.649      0.049     13.165      0.000

 SOC_BEN_ BY
    W5Q63              0.761      0.054     14.075      0.000
    W5Q64             -0.116      0.040     -2.887      0.004
    W5Q65             -0.228      0.038     -5.939      0.000
    W5Q66              0.722      0.051     14.199      0.000

 SOC_BEN_ WITH
    SOC_BEN_ES         0.802      0.039     20.372      0.000

 SBSTREC  WITH
    W5Q63              0.091      0.121      0.757      0.449

 SBPRVPV  WITH
    W5Q64              0.290      0.037      7.767      0.000

 SBEQSOC  WITH
    W5Q65              0.332      0.036      9.121      0.000

 SBBSNTX  WITH
    W5Q66              0.233      0.081      2.874      0.004

 Intercepts
    W5Q63              2.740      0.087     31.453      0.000
    W5Q64              2.678      0.086     31.005      0.000
    W5Q65              3.295      0.103     32.097      0.000
    W5Q66              3.434      0.104     32.924      0.000
    SBSTREC            2.688      0.083     32.238      0.000
    SBPRVPV            3.001      0.094     32.022      0.000
    SBEQSOC            3.350      0.101     33.224      0.000
    SBBSNTX            3.338      0.101     33.139      0.000

 Variances
    SOC_BEN_ES         1.000      0.000    999.000    999.000
    SOC_BEN_CR         1.000      0.000    999.000    999.000

 Residual Variances
    W5Q63              0.421      0.082      5.112      0.000
    W5Q64              0.987      0.009    105.606      0.000
    W5Q65              0.948      0.017     54.214      0.000
    W5Q66              0.478      0.073      6.510      0.000
    SBSTREC            0.504      0.074      6.776      0.000
    SBPRVPV            0.987      0.009    110.201      0.000
    SBEQSOC            0.955      0.016     61.499      0.000
    SBBSNTX            0.579      0.064      9.054      0.000


R-SQUARE

    Observed                                        Two-Tailed
    Variable        Estimate       S.E.  Est./S.E.    P-Value

    W5Q63              0.579      0.082      7.038      0.000
    W5Q64              0.013      0.009      1.444      0.149
    W5Q65              0.052      0.017      2.969      0.003
    W5Q66              0.522      0.073      7.099      0.000
    SBSTREC            0.496      0.074      6.672      0.000
    SBPRVPV            0.013      0.009      1.457      0.145
    SBEQSOC            0.045      0.016      2.867      0.004
    SBBSNTX            0.421      0.064      6.582      0.000


QUALITY OF NUMERICAL RESULTS

     Condition Number for the Information Matrix              0.373E-02
       (ratio of smallest to largest eigenvalue)


MODEL MODIFICATION INDICES

NOTE:  Modification indices for direct effects of observed dependent variables
regressed on covariates may not be included.  To include these, request
MODINDICES (ALL).

Minimum M.I. value for printing the modification index     0.100

                                   M.I.     E.P.C.  Std E.P.C.  StdYX E.P.C.

BY Statements

SOC_BEN_ BY W5Q63                  1.182    -0.113     -0.080       -0.075
SOC_BEN_ BY W5Q64                  2.539    -0.117     -0.083       -0.087
SOC_BEN_ BY W5Q65                  1.128     0.078      0.055        0.058
SOC_BEN_ BY W5Q66                  1.401     0.108      0.076        0.078
SOC_BEN_ BY SBSTREC                0.851     0.103      0.073        0.072
SOC_BEN_ BY SBPRVPV                1.372     0.042      0.030        0.035
SOC_BEN_ BY SBEQSOC                1.894    -0.054     -0.038       -0.042
SOC_BEN_ BY SBBSNTX                1.576    -0.075     -0.053       -0.055
SOC_BEN_ BY W5Q63                  0.851    -0.103     -0.084       -0.078
SOC_BEN_ BY W5Q64                  1.372    -0.037     -0.030       -0.032
SOC_BEN_ BY W5Q65                  1.894     0.040      0.033        0.034
SOC_BEN_ BY W5Q66                  1.574     0.047      0.038        0.039
SOC_BEN_ BY SBSTREC                1.231     0.088      0.072        0.071
SOC_BEN_ BY SBPRVPV                0.256     0.027      0.022        0.026
SOC_BEN_ BY SBEQSOC                0.732    -0.047     -0.038       -0.042
SOC_BEN_ BY SBBSNTX                1.809    -0.094     -0.076       -0.079

WITH Statements

W5Q64    WITH W5Q63               11.540     0.113      0.113        0.171
W5Q65    WITH W5Q64              105.981     0.338      0.338        0.381
W5Q66    WITH W5Q63                5.477     0.231      0.231        0.487
W5Q66    WITH W5Q65                6.068     0.080      0.080        0.124
SBSTREC  WITH W5Q64                3.835    -0.061     -0.061       -0.089
SBSTREC  WITH W5Q65                0.173     0.013      0.013        0.019
SBSTREC  WITH W5Q66                1.137     0.045      0.045        0.092
SBPRVPV  WITH W5Q63                0.577    -0.021     -0.021       -0.036
SBPRVPV  WITH W5Q65                3.523    -0.055     -0.055       -0.070
SBPRVPV  WITH W5Q66                0.257    -0.013     -0.013       -0.022
SBPRVPV  WITH SBSTREC             10.529     0.093      0.093        0.155
SBEQSOC  WITH W5Q63                0.140    -0.011     -0.011       -0.018
SBEQSOC  WITH W5Q64                1.294    -0.035     -0.035       -0.042
SBEQSOC  WITH W5Q66                0.360     0.016      0.016        0.027
SBEQSOC  WITH SBPRVPV             56.065     0.205      0.205        0.275
SBBSNTX  WITH W5Q63                2.591    -0.069     -0.069       -0.136
SBBSNTX  WITH W5Q65                0.445    -0.019     -0.019       -0.028
SBBSNTX  WITH SBSTREC              0.170     0.034      0.034        0.064
SBBSNTX  WITH SBPRVPV              0.376     0.016      0.016        0.027


DIAGRAM INFORMATION

  Use View Diagram under the Diagram menu in the Mplus Editor to view the diagram.
  If running Mplus from the Mplus Diagrammer, the diagram opens automatically.

  Diagram output
    c:\users\msassac6\dropbox (the university of manchester)\papers\melanie revilla\ess_cronos\mplus\soc_ben_gb_metric.d

     Beginning Time:  11:19:32
        Ending Time:  11:19:33
       Elapsed Time:  00:00:01



MUTHEN & MUTHEN
3463 Stoner Ave.
Los Angeles, CA  90066

Tel: (310) 391-9971
Fax: (310) 391-8971
Web: www.StatModel.com
Support: Support@StatModel.com

Copyright (c) 1998-2019 Muthen & Muthen
