Mplus VERSION 8.3
MUTHEN & MUTHEN
05/07/2019  11:27 AM

INPUT INSTRUCTIONS

  TITLE: Social benefits equivalence testing Estonia - configural;

  DATA: FILE = "data4.dat";

  VARIABLE:
  NAMES = idno cntry w6part w5part w5q38 w5q39 w5q40 w5q41 psppsgva actrolga psppipla
       cptppola w5q32 w5q33 w5q34 w5q35 w5q36 w5q37 wrkprty wrkorg badge sgnptit
       pbldmn pstplonl w5q44 w5q46 w5q48 testgc33 testgc34 testgc35 w5q57 w5q58 w5q59
       w6q5 w6q6 w6q7 ppltrst pplfair pplhlp w5q63 w5q64 w5q65 w5q66 sbstrec sbprvpv
       sbeqsoc sbbsntx w6q9 w6q10 w6q11 w6q12 w6q13 w6q14 trstlgl trstplc trstplt
       trstprt trstep trstun comp;

  USEVARIABLES = w5q63 w5q64 w5q65 w5q66 sbstrec sbprvpv
       sbeqsoc sbbsntx;

  MISSING=.;

  USEOBSERVATIONS ARE w5part EQ 1 AND cntry EQ 1;



   Model:

   soc_ben_ess BY sbstrec sbprvpv
       sbeqsoc sbbsntx;

   soc_ben_cro BY w5q63 w5q64 w5q65 w5q66;

      sbstrec WITH w5q63;
      sbprvpv WITH w5q64;
      sbeqsoc WITH w5q65;
      sbbsntx WITH w5q66;


   Output:
      STANDARDIZED(STDYX) MODINDICES(.1) ;



INPUT READING TERMINATED NORMALLY



Social benefits equivalence testing Estonia - configural;

SUMMARY OF ANALYSIS

Number of groups                                                 1
Number of observations                                         601

Number of dependent variables                                    8
Number of independent variables                                  0
Number of continuous latent variables                            2

Observed dependent variables

  Continuous
   W5Q63       W5Q64       W5Q65       W5Q66       SBSTREC     SBPRVPV
   SBEQSOC     SBBSNTX

Continuous latent variables
   SOC_BEN_    SOC_BEN_


Estimator                                                       ML
Information matrix                                        OBSERVED
Maximum number of iterations                                  1000
Convergence criterion                                    0.500D-04
Maximum number of steepest descent iterations                   20
Maximum number of iterations for H1                           2000
Convergence criterion for H1                             0.100D-03

Input data file(s)
  data4.dat

Input data format  FREE


SUMMARY OF DATA

     Number of missing data patterns            13


COVARIANCE COVERAGE OF DATA

Minimum covariance coverage value   0.100


     PROPORTION OF DATA PRESENT


           Covariance Coverage
              W5Q63         W5Q64         W5Q65         W5Q66         SBSTREC
              ________      ________      ________      ________      ________
 W5Q63          0.963
 W5Q64          0.963         0.963
 W5Q65          0.957         0.957         0.957
 W5Q66          0.957         0.957         0.952         0.957
 SBSTREC        0.948         0.948         0.942         0.942         0.982
 SBPRVPV        0.958         0.958         0.952         0.952         0.978
 SBEQSOC        0.962         0.962         0.955         0.955         0.980
 SBBSNTX        0.947         0.947         0.940         0.940         0.968


           Covariance Coverage
              SBPRVPV       SBEQSOC       SBBSNTX
              ________      ________      ________
 SBPRVPV        0.995
 SBEQSOC        0.995         0.998
 SBBSNTX        0.978         0.982         0.982



UNIVARIATE SAMPLE STATISTICS


     UNIVARIATE HIGHER-ORDER MOMENT DESCRIPTIVE STATISTICS

         Variable/         Mean/     Skewness/   Minimum/ % with                Percentiles
        Sample Size      Variance    Kurtosis    Maximum  Min/Max      20%/60%    40%/80%    Median

     W5Q63                 3.458      -0.122       1.000    0.86%       3.000      3.000      3.000
             579.000       0.811      -0.487       5.000   11.92%       4.000      4.000
     W5Q64                 2.950       0.127       1.000    6.04%       2.000      3.000      3.000
             579.000       1.098      -0.821       5.000    6.56%       3.000      4.000
     W5Q65                 3.151      -0.020       1.000    3.13%       2.000      3.000      3.000
             575.000       1.040      -0.883       5.000    8.17%       4.000      4.000
     W5Q66                 3.043      -0.099       1.000    5.22%       2.000      3.000      3.000
             575.000       0.922      -0.457       5.000    5.04%       3.000      4.000
     SBSTREC               3.246      -0.341       1.000    3.05%       2.000      3.000      3.000
             590.000       0.904      -0.628       5.000    5.42%       4.000      4.000
     SBPRVPV               2.811       0.202       1.000    6.02%       2.000      2.000      3.000
             598.000       1.030      -1.051       5.000    2.84%       3.000      4.000
     SBEQSOC               3.038      -0.020       1.000    3.83%       2.000      3.000      3.000
             600.000       1.037      -1.072       5.000    4.83%       4.000      4.000
     SBBSNTX               2.915       0.022       1.000    4.41%       2.000      3.000      3.000
             590.000       0.884      -0.860       5.000    2.37%       3.000      4.000


THE MODEL ESTIMATION TERMINATED NORMALLY



MODEL FIT INFORMATION

Number of Free Parameters                       29

Loglikelihood

          H0 Value                       -6315.975
          H1 Value                       -6176.648

Information Criteria

          Akaike (AIC)                   12689.950
          Bayesian (BIC)                 12817.509
          Sample-Size Adjusted BIC       12725.442
            (n* = (n + 2) / 24)

Chi-Square Test of Model Fit

          Value                            278.653
          Degrees of Freedom                    15
          P-Value                           0.0000

RMSEA (Root Mean Square Error Of Approximation)

          Estimate                           0.171
          90 Percent C.I.                    0.154  0.189
          Probability RMSEA <= .05           0.000

CFI/TLI

          CFI                                0.640
          TLI                                0.328

Chi-Square Test of Model Fit for the Baseline Model

          Value                            760.330
          Degrees of Freedom                    28
          P-Value                           0.0000

SRMR (Standardized Root Mean Square Residual)

          Value                              0.106



MODEL RESULTS

                                                    Two-Tailed
                    Estimate       S.E.  Est./S.E.    P-Value

 SOC_BEN_ BY
    SBSTREC            1.000      0.000    999.000    999.000
    SBPRVPV            0.243      0.095      2.551      0.011
    SBEQSOC            0.162      0.083      1.938      0.053
    SBBSNTX            0.597      0.158      3.788      0.000

 SOC_BEN_ BY
    W5Q63              1.000      0.000    999.000    999.000
    W5Q64             16.395     17.265      0.950      0.342
    W5Q65              9.445      6.353      1.487      0.137
    W5Q66             -0.268      0.797     -0.337      0.736

 SOC_BEN_ WITH
    SOC_BEN_ES         0.004      0.004      0.819      0.413

 SBSTREC  WITH
    W5Q63              0.205      0.033      6.171      0.000

 SBPRVPV  WITH
    W5Q64              0.125      0.039      3.185      0.001

 SBEQSOC  WITH
    W5Q65              0.194      0.039      5.035      0.000

 SBBSNTX  WITH
    W5Q66              0.209      0.035      5.972      0.000

 Intercepts
    W5Q63              3.456      0.037     92.427      0.000
    W5Q64              2.951      0.043     68.017      0.000
    W5Q65              3.147      0.042     74.760      0.000
    W5Q66              3.045      0.040     76.200      0.000
    SBSTREC            3.243      0.038     84.250      0.000
    SBPRVPV            2.812      0.041     67.783      0.000
    SBEQSOC            3.039      0.042     73.059      0.000
    SBBSNTX            2.917      0.038     75.901      0.000

 Variances
    SOC_BEN_ES         0.626      0.175      3.569      0.000
    SOC_BEN_CR         0.004      0.005      0.644      0.520

 Residual Variances
    W5Q63              0.808      0.048     16.973      0.000
    W5Q64              0.149      0.792      0.189      0.850
    W5Q65              0.710      0.266      2.674      0.007
    W5Q66              0.921      0.054     16.961      0.000
    SBSTREC            0.252      0.171      1.473      0.141
    SBPRVPV            0.992      0.059     16.698      0.000
    SBEQSOC            1.022      0.060     17.108      0.000
    SBBSNTX            0.651      0.066      9.821      0.000


STANDARDIZED MODEL RESULTS


STDYX Standardization

                                                    Two-Tailed
                    Estimate       S.E.  Est./S.E.    P-Value

 SOC_BEN_ BY
    SBSTREC            0.845      0.115      7.333      0.000
    SBPRVPV            0.189      0.056      3.379      0.001
    SBEQSOC            0.126      0.054      2.327      0.020
    SBBSNTX            0.505      0.069      7.341      0.000

 SOC_BEN_ BY
    W5Q63              0.066      0.051      1.290      0.197
    W5Q64              0.929      0.391      2.376      0.017
    W5Q65              0.553      0.234      2.357      0.018
    W5Q66             -0.017      0.050     -0.331      0.741

 SOC_BEN_ WITH
    SOC_BEN_ES         0.075      0.055      1.350      0.177

 SBSTREC  WITH
    W5Q63              0.454      0.159      2.855      0.004

 SBPRVPV  WITH
    W5Q64              0.325      0.856      0.379      0.704

 SBEQSOC  WITH
    W5Q65              0.228      0.060      3.824      0.000

 SBBSNTX  WITH
    W5Q66              0.270      0.042      6.375      0.000

 Intercepts
    W5Q63              3.836      0.120     31.904      0.000
    W5Q64              2.826      0.092     30.627      0.000
    W5Q65              3.112      0.099     31.327      0.000
    W5Q66              3.173      0.102     31.032      0.000
    SBSTREC            3.462      0.106     32.631      0.000
    SBPRVPV            2.772      0.090     30.823      0.000
    SBEQSOC            2.982      0.095     31.285      0.000
    SBBSNTX            3.119      0.098     31.775      0.000

 Variances
    SOC_BEN_ES         1.000      0.000    999.000    999.000
    SOC_BEN_CR         1.000      0.000    999.000    999.000

 Residual Variances
    W5Q63              0.996      0.007    148.950      0.000
    W5Q64              0.137      0.726      0.189      0.850
    W5Q65              0.695      0.259      2.681      0.007
    W5Q66              1.000      0.002    605.307      0.000
    SBSTREC            0.287      0.195      1.474      0.140
    SBPRVPV            0.964      0.021     45.422      0.000
    SBEQSOC            0.984      0.014     72.541      0.000
    SBBSNTX            0.745      0.069     10.726      0.000


R-SQUARE

    Observed                                        Two-Tailed
    Variable        Estimate       S.E.  Est./S.E.    P-Value

    W5Q63              0.004      0.007      0.645      0.519
    W5Q64              0.863      0.726      1.188      0.235
    W5Q65              0.305      0.259      1.179      0.239
    W5Q66              0.000      0.002      0.165      0.869
    SBSTREC            0.713      0.195      3.667      0.000
    SBPRVPV            0.036      0.021      1.689      0.091
    SBEQSOC            0.016      0.014      1.164      0.245
    SBBSNTX            0.255      0.069      3.671      0.000


QUALITY OF NUMERICAL RESULTS

     Condition Number for the Information Matrix              0.967E-08
       (ratio of smallest to largest eigenvalue)


MODEL MODIFICATION INDICES

NOTE:  Modification indices for direct effects of observed dependent variables
regressed on covariates may not be included.  To include these, request
MODINDICES (ALL).

Minimum M.I. value for printing the modification index     0.100

                                   M.I.     E.P.C.  Std E.P.C.  StdYX E.P.C.

BY Statements

SOC_BEN_ BY W5Q63                 10.106     0.278      0.220        0.244
SOC_BEN_ BY W5Q64                  0.312     0.063      0.050        0.048
SOC_BEN_ BY W5Q65                  0.572    -0.049     -0.039       -0.038
SOC_BEN_ BY W5Q66                  2.720     0.096      0.076        0.079
SOC_BEN_ BY SBSTREC                0.103    -0.344     -0.020       -0.022
SOC_BEN_ BY SBPRVPV                1.613     1.600      0.095        0.093
SOC_BEN_ BY SBEQSOC                5.233     1.749      0.103        0.102
SOC_BEN_ BY SBBSNTX                0.228    -0.316     -0.019       -0.020

WITH Statements

W5Q65    WITH W5Q64                0.105    -2.272     -2.272       -6.973
W5Q66    WITH W5Q63               45.757     0.230      0.230        0.266
W5Q66    WITH W5Q64                0.506     0.042      0.042        0.112
W5Q66    WITH W5Q65                2.542    -0.054     -0.054       -0.067
SBSTREC  WITH W5Q65                0.165    -0.013     -0.013       -0.030
SBSTREC  WITH W5Q66                2.319     0.055      0.055        0.113
SBPRVPV  WITH W5Q63                1.987     0.053      0.053        0.059
SBPRVPV  WITH W5Q65                1.237     0.046      0.046        0.055
SBPRVPV  WITH SBSTREC              5.150    -0.205     -0.205       -0.410
SBEQSOC  WITH W5Q63                0.165    -0.015     -0.015       -0.017
SBEQSOC  WITH W5Q64                5.394     0.101      0.101        0.259
SBEQSOC  WITH W5Q66                0.251     0.019      0.019        0.020
SBEQSOC  WITH SBSTREC              5.334    -0.148     -0.148       -0.292
SBEQSOC  WITH SBPRVPV            136.346     0.477      0.477        0.473
SBBSNTX  WITH W5Q63                8.451     0.099      0.099        0.136
SBBSNTX  WITH W5Q65                0.377    -0.018     -0.018       -0.027
SBBSNTX  WITH SBSTREC            163.176     7.848      7.848       19.380
SBBSNTX  WITH SBPRVPV              4.150    -0.109     -0.109       -0.135
SBBSNTX  WITH SBEQSOC              6.332    -0.099     -0.099       -0.121


DIAGRAM INFORMATION

  Use View Diagram under the Diagram menu in the Mplus Editor to view the diagram.
  If running Mplus from the Mplus Diagrammer, the diagram opens automatically.

  Diagram output
    c:\users\msassac6\dropbox (the university of manchester)\papers\melanie revilla\ess_cronos\mplus\soc_ben_ee_config.d

     Beginning Time:  11:27:34
        Ending Time:  11:27:35
       Elapsed Time:  00:00:01



MUTHEN & MUTHEN
3463 Stoner Ave.
Los Angeles, CA  90066

Tel: (310) 391-9971
Fax: (310) 391-8971
Web: www.StatModel.com
Support: Support@StatModel.com

Copyright (c) 1998-2019 Muthen & Muthen
