Mplus VERSION 8.3
MUTHEN & MUTHEN
05/08/2019   9:11 AM

INPUT INSTRUCTIONS

  TITLE: Social benefits equivalence testing SI - scalar;

  DATA: FILE = "data4.dat";

  VARIABLE:
  NAMES = idno cntry w6part w5part w5q38 w5q39 w5q40 w5q41 psppsgva actrolga psppipla
       cptppola w5q32 w5q33 w5q34 w5q35 w5q36 w5q37 wrkprty wrkorg badge sgnptit
       pbldmn pstplonl w5q44 w5q46 w5q48 testgc33 testgc34 testgc35 w5q57 w5q58 w5q59
       w6q5 w6q6 w6q7 ppltrst pplfair pplhlp w5q63 w5q64 w5q65 w5q66 sbstrec sbprvpv
       sbeqsoc sbbsntx w6q9 w6q10 w6q11 w6q12 w6q13 w6q14 trstlgl trstplc trstplt
       trstprt trstep trstun comp;

  USEVARIABLES = w5q63 w5q64 w5q65 w5q66 sbstrec sbprvpv
       sbeqsoc sbbsntx;

  MISSING=.;

  USEOBSERVATIONS ARE w5part EQ 1 AND cntry EQ 3;



   Model:

   soc_ben_ess BY
      sbstrec (a)
      sbprvpv (b)
      sbeqsoc
      sbbsntx (d);

   soc_ben_cro BY
      w5q63 (a)
      w5q64 (b)
      w5q65 (c)
      w5q66 (d);

      [sbstrec] (e);
      [sbprvpv] (f);
      [sbeqsoc] (g);
      [sbbsntx] (h);

      [w5q63] (e);
      [w5q64] (f);
      [w5q65] (g);
      [w5q66] (h);

      sbstrec WITH w5q63;
      sbprvpv WITH w5q64;
      sbeqsoc WITH w5q65;
      sbbsntx WITH w5q66;


   Output:
      STANDARDIZED(STDYX) MODINDICES(.1) ;



INPUT READING TERMINATED NORMALLY



Social benefits equivalence testing SI - scalar;

SUMMARY OF ANALYSIS

Number of groups                                                 1
Number of observations                                         615

Number of dependent variables                                    8
Number of independent variables                                  0
Number of continuous latent variables                            2

Observed dependent variables

  Continuous
   W5Q63       W5Q64       W5Q65       W5Q66       SBSTREC     SBPRVPV
   SBEQSOC     SBBSNTX

Continuous latent variables
   SOC_BEN_    SOC_BEN_


Estimator                                                       ML
Information matrix                                        OBSERVED
Maximum number of iterations                                  1000
Convergence criterion                                    0.500D-04
Maximum number of steepest descent iterations                   20
Maximum number of iterations for H1                           2000
Convergence criterion for H1                             0.100D-03

Input data file(s)
  data4.dat

Input data format  FREE


SUMMARY OF DATA

     Number of missing data patterns            19


COVARIANCE COVERAGE OF DATA

Minimum covariance coverage value   0.100


     PROPORTION OF DATA PRESENT


           Covariance Coverage
              W5Q63         W5Q64         W5Q65         W5Q66         SBSTREC
              ________      ________      ________      ________      ________
 W5Q63          0.985
 W5Q64          0.980         0.984
 W5Q65          0.980         0.982         0.984
 W5Q66          0.982         0.979         0.979         0.982
 SBSTREC        0.967         0.966         0.966         0.964         0.982
 SBPRVPV        0.971         0.969         0.969         0.967         0.969
 SBEQSOC        0.971         0.967         0.967         0.967         0.967
 SBBSNTX        0.971         0.969         0.969         0.967         0.967


           Covariance Coverage
              SBPRVPV       SBEQSOC       SBBSNTX
              ________      ________      ________
 SBPRVPV        0.985
 SBEQSOC        0.972         0.984
 SBBSNTX        0.974         0.972         0.985



UNIVARIATE SAMPLE STATISTICS


     UNIVARIATE HIGHER-ORDER MOMENT DESCRIPTIVE STATISTICS

         Variable/         Mean/     Skewness/   Minimum/ % with                Percentiles
        Sample Size      Variance    Kurtosis    Maximum  Min/Max      20%/60%    40%/80%    Median

     W5Q63                 3.023      -0.074       1.000    6.60%       2.000      3.000      3.000
             606.000       1.042      -0.633       5.000    6.11%       3.000      4.000
     W5Q64                 2.760       0.358       1.000    6.28%       2.000      2.000      3.000
             605.000       0.916      -0.349       5.000    4.30%       3.000      4.000
     W5Q65                 3.139      -0.011       1.000    2.81%       2.000      3.000      3.000
             605.000       0.847      -0.402       5.000    6.28%       3.000      4.000
     W5Q66                 2.886       0.113       1.000    7.28%       2.000      3.000      3.000
             604.000       1.015      -0.563       5.000    5.30%       3.000      4.000
     SBSTREC               2.929       0.050       1.000    6.95%       2.000      2.000      3.000
             604.000       1.119      -0.958       5.000    5.13%       3.000      4.000
     SBPRVPV               2.700       0.295       1.000    6.60%       2.000      2.000      2.000
             606.000       0.923      -0.876       5.000    1.65%       3.000      4.000
     SBEQSOC               2.764       0.256       1.000    6.45%       2.000      2.000      3.000
             605.000       0.964      -0.812       5.000    2.81%       3.000      4.000
     SBBSNTX               2.888       0.182       1.000    5.94%       2.000      2.000      3.000
             606.000       1.100      -0.974       5.000    5.12%       3.000      4.000


THE MODEL ESTIMATION TERMINATED NORMALLY



MODEL FIT INFORMATION

Number of Free Parameters                       23

Loglikelihood

          H0 Value                       -6625.075
          H1 Value                       -6387.191

Information Criteria

          Akaike (AIC)                   13296.150
          Bayesian (BIC)                 13397.847
          Sample-Size Adjusted BIC       13324.827
            (n* = (n + 2) / 24)

Chi-Square Test of Model Fit

          Value                            475.768
          Degrees of Freedom                    21
          P-Value                           0.0000

RMSEA (Root Mean Square Error Of Approximation)

          Estimate                           0.188
          90 Percent C.I.                    0.173  0.202
          Probability RMSEA <= .05           0.000

CFI/TLI

          CFI                                0.478
          TLI                                0.304

Chi-Square Test of Model Fit for the Baseline Model

          Value                            899.150
          Degrees of Freedom                    28
          P-Value                           0.0000

SRMR (Standardized Root Mean Square Residual)

          Value                              0.131



MODEL RESULTS

                                                    Two-Tailed
                    Estimate       S.E.  Est./S.E.    P-Value

 SOC_BEN_ BY
    SBSTREC            1.000      0.000    999.000    999.000
    SBPRVPV            0.027      0.050      0.541      0.588
    SBEQSOC           -0.164      0.074     -2.209      0.027
    SBBSNTX            0.955      0.351      2.719      0.007

 SOC_BEN_ BY
    W5Q63              1.000      0.000    999.000    999.000
    W5Q64              0.027      0.050      0.541      0.588
    W5Q65              0.087      0.072      1.201      0.230
    W5Q66              0.955      0.351      2.719      0.007

 SOC_BEN_ WITH
    SOC_BEN_ES         0.324      0.123      2.628      0.009

 SBSTREC  WITH
    W5Q63              0.008      0.121      0.068      0.946

 SBPRVPV  WITH
    W5Q64              0.156      0.038      4.068      0.000

 SBEQSOC  WITH
    W5Q65              0.154      0.039      3.984      0.000

 SBBSNTX  WITH
    W5Q66              0.023      0.113      0.200      0.842

 Intercepts
    W5Q63              2.949      0.035     83.307      0.000
    W5Q64              2.729      0.030     91.465      0.000
    W5Q65              2.963      0.031     94.618      0.000
    W5Q66              2.867      0.035     82.294      0.000
    SBSTREC            2.949      0.035     83.307      0.000
    SBPRVPV            2.729      0.030     91.465      0.000
    SBEQSOC            2.963      0.031     94.618      0.000
    SBBSNTX            2.867      0.035     82.294      0.000

 Variances
    SOC_BEN_ES         0.617      0.234      2.636      0.008
    SOC_BEN_CR         0.470      0.178      2.640      0.008

 Residual Variances
    W5Q63              0.593      0.178      3.342      0.001
    W5Q64              0.917      0.053     17.379      0.000
    W5Q65              0.875      0.052     16.967      0.000
    W5Q66              0.572      0.164      3.483      0.000
    SBSTREC            0.486      0.229      2.118      0.034
    SBPRVPV            0.923      0.053     17.390      0.000
    SBEQSOC            0.987      0.059     16.848      0.000
    SBBSNTX            0.551      0.207      2.660      0.008


STANDARDIZED MODEL RESULTS


STDYX Standardization

                                                    Two-Tailed
                    Estimate       S.E.  Est./S.E.    P-Value

 SOC_BEN_ BY
    SBSTREC            0.748      0.139      5.381      0.000
    SBPRVPV            0.022      0.041      0.535      0.593
    SBEQSOC           -0.128      0.049     -2.600      0.009
    SBBSNTX            0.711      0.131      5.435      0.000

 SOC_BEN_ BY
    W5Q63              0.665      0.124      5.361      0.000
    W5Q64              0.019      0.036      0.536      0.592
    W5Q65              0.063      0.052      1.208      0.227
    W5Q66              0.654      0.124      5.282      0.000

 SOC_BEN_ WITH
    SOC_BEN_ES         0.602      0.056     10.786      0.000

 SBSTREC  WITH
    W5Q63              0.015      0.220      0.070      0.944

 SBPRVPV  WITH
    W5Q64              0.169      0.040      4.244      0.000

 SBEQSOC  WITH
    W5Q65              0.166      0.040      4.146      0.000

 SBBSNTX  WITH
    W5Q66              0.040      0.189      0.213      0.831

 Intercepts
    W5Q63              2.860      0.091     31.430      0.000
    W5Q64              2.849      0.089     32.106      0.000
    W5Q65              3.162      0.105     30.011      0.000
    W5Q66              2.867      0.089     32.270      0.000
    SBSTREC            2.808      0.086     32.745      0.000
    SBPRVPV            2.840      0.086     32.889      0.000
    SBEQSOC            2.959      0.086     34.422      0.000
    SBBSNTX            2.717      0.085     32.044      0.000

 Variances
    SOC_BEN_ES         1.000      0.000    999.000    999.000
    SOC_BEN_CR         1.000      0.000    999.000    999.000

 Residual Variances
    W5Q63              0.558      0.165      3.388      0.001
    W5Q64              1.000      0.001    717.051      0.000
    W5Q65              0.996      0.007    150.030      0.000
    W5Q66              0.572      0.162      3.528      0.000
    SBSTREC            0.440      0.208      2.118      0.034
    SBPRVPV            1.000      0.002    548.324      0.000
    SBEQSOC            0.984      0.013     77.618      0.000
    SBBSNTX            0.495      0.186      2.662      0.008


R-SQUARE

    Observed                                        Two-Tailed
    Variable        Estimate       S.E.  Est./S.E.    P-Value

    W5Q63              0.442      0.165      2.681      0.007
    W5Q64              0.000      0.001      0.268      0.789
    W5Q65              0.004      0.007      0.604      0.546
    W5Q66              0.428      0.162      2.641      0.008
    SBSTREC            0.560      0.208      2.691      0.007
    SBPRVPV            0.000      0.002      0.267      0.789
    SBEQSOC            0.016      0.013      1.300      0.194
    SBBSNTX            0.505      0.186      2.718      0.007


QUALITY OF NUMERICAL RESULTS

     Condition Number for the Information Matrix              0.565E-03
       (ratio of smallest to largest eigenvalue)


MODEL MODIFICATION INDICES

NOTE:  Modification indices for direct effects of observed dependent variables
regressed on covariates may not be included.  To include these, request
MODINDICES (ALL).

Minimum M.I. value for printing the modification index     0.100

                                   M.I.     E.P.C.  Std E.P.C.  StdYX E.P.C.

BY Statements

SOC_BEN_ BY W5Q63                  1.902    -0.126     -0.099       -0.096
SOC_BEN_ BY W5Q64                  2.199    -0.093     -0.073       -0.076
SOC_BEN_ BY W5Q65                  0.147    -0.033     -0.026       -0.028
SOC_BEN_ BY W5Q66                  2.169     0.128      0.101        0.101
SOC_BEN_ BY SBSTREC                1.929     0.239      0.188        0.179
SOC_BEN_ BY SBPRVPV                0.200     0.015      0.012        0.012
SOC_BEN_ BY SBBSNTX                1.997    -0.066     -0.052       -0.050
SOC_BEN_ BY W5Q63                  1.929    -0.239     -0.164       -0.159
SOC_BEN_ BY W5Q64                  0.200    -0.023     -0.016       -0.017
SOC_BEN_ BY W5Q66                  1.997     0.166      0.114        0.114
SOC_BEN_ BY SBSTREC                1.560     0.149      0.102        0.097
SOC_BEN_ BY SBPRVPV                1.007    -0.081     -0.056       -0.058
SOC_BEN_ BY SBEQSOC                1.699    -0.145     -0.099       -0.099
SOC_BEN_ BY SBBSNTX                2.074    -0.165     -0.113       -0.107

WITH Statements

W5Q64    WITH W5Q63                0.125    -0.013     -0.013       -0.017
W5Q65    WITH W5Q64              141.065     0.421      0.421        0.470
SBSTREC  WITH W5Q64                0.967    -0.033     -0.033       -0.050
SBSTREC  WITH W5Q66                1.492     0.065      0.065        0.123
SBPRVPV  WITH W5Q63                0.334    -0.020     -0.020       -0.027
SBPRVPV  WITH W5Q66                1.447    -0.041     -0.041       -0.056
SBPRVPV  WITH SBSTREC              4.530     0.077      0.077        0.116
SBEQSOC  WITH W5Q66                1.890    -0.052     -0.052       -0.070
SBEQSOC  WITH SBPRVPV            168.653     0.495      0.495        0.518
SBBSNTX  WITH W5Q63                1.883    -0.073     -0.073       -0.127
SBBSNTX  WITH W5Q64                0.636    -0.027     -0.027       -0.038
SBBSNTX  WITH SBSTREC              0.118     0.124      0.124        0.239
SBBSNTX  WITH SBPRVPV              1.480     0.044      0.044        0.061
SBBSNTX  WITH SBEQSOC              0.338     0.034      0.034        0.047

Means/Intercepts/Thresholds

[ W5Q63    ]                       4.553     0.051      0.051        0.050
[ W5Q64    ]                       1.535     0.031      0.031        0.032
[ W5Q65    ]                      54.213     0.174      0.174        0.185
[ W5Q66    ]                       0.319    -0.013     -0.013       -0.013
[ SBSTREC  ]                       4.553    -0.051     -0.051       -0.049
[ SBPRVPV  ]                       1.536    -0.031     -0.031       -0.033
[ SBEQSOC  ]                      54.212    -0.203     -0.203       -0.203
[ SBBSNTX  ]                       0.319     0.014      0.014        0.013
[ SOC_BEN_ ]                       0.175    -0.017     -0.022       -0.022
[ SOC_BEN_ ]                       3.513     0.076      0.111        0.111


DIAGRAM INFORMATION

  Use View Diagram under the Diagram menu in the Mplus Editor to view the diagram.
  If running Mplus from the Mplus Diagrammer, the diagram opens automatically.

  Diagram output
    c:\users\msassac6\dropbox (the university of manchester)\papers\melanie revilla\ess_cronos\mplus\soc_ben_si_scalar10

     Beginning Time:  09:11:36
        Ending Time:  09:11:37
       Elapsed Time:  00:00:01



MUTHEN & MUTHEN
3463 Stoner Ave.
Los Angeles, CA  90066

Tel: (310) 391-9971
Fax: (310) 391-8971
Web: www.StatModel.com
Support: Support@StatModel.com

Copyright (c) 1998-2019 Muthen & Muthen
