Mplus VERSION 8.3
MUTHEN & MUTHEN
05/07/2019  10:50 AM

INPUT INSTRUCTIONS

  TITLE: Social trust equivalence testing GB - configural;

  DATA: FILE = "data4.dat";

  VARIABLE:
  NAMES = idno cntry w6part w5part w5q38 w5q39 w5q40 w5q41 psppsgva actrolga psppipla
       cptppola w5q32 w5q33 w5q34 w5q35 w5q36 w5q37 wrkprty wrkorg badge sgnptit
       pbldmn pstplonl w5q44 w5q46 w5q48 testgc33 testgc34 testgc35 w5q57 w5q58 w5q59
       w6q5 w6q6 w6q7 ppltrst pplfair pplhlp w5q63 w5q64 w5q65 w5q66 sbstrec sbprvpv
       sbeqsoc sbbsntx w6q9 w6q10 w6q11 w6q12 w6q13 w6q14 trstlgl trstplc trstplt
       trstprt trstep trstun comp;

  USEVARIABLES = ppltrst pplfair pplhlp
        w5q57 w5q58 w5q59
       w6q5 w6q6 w6q7;

  MISSING=.;

  USEOBSERVATIONS ARE w5part EQ 1 AND w6part EQ 1 AND cntry EQ 3;



   Model:

   soc_trust_ess BY ppltrst pplfair pplhlp;

   soc_trust_cro5 BY w5q57 w5q58 w5q59;

   soc_trust_cro6 BY w6q5 w6q6 w6q7;


      ppltrst WITH w5q57 w6q5;
      w5q57 WITH w6q5;

      pplfair WITH w5q58 w6q6;
      w5q58 WITH w6q6;

      pplhlp WITH w5q59 w6q7;
      w5q59 WITH w6q7;


   Output:
      STANDARDIZED(STDYX) MODINDICES(.1) ;



INPUT READING TERMINATED NORMALLY



Social trust equivalence testing GB - configural;

SUMMARY OF ANALYSIS

Number of groups                                                 1
Number of observations                                         546

Number of dependent variables                                    9
Number of independent variables                                  0
Number of continuous latent variables                            3

Observed dependent variables

  Continuous
   PPLTRST     PPLFAIR     PPLHLP      W5Q57       W5Q58       W5Q59
   W6Q5        W6Q6        W6Q7

Continuous latent variables
   SOC_TRUS    SOC_TRUS    SOC_TRUS


Estimator                                                       ML
Information matrix                                        OBSERVED
Maximum number of iterations                                  1000
Convergence criterion                                    0.500D-04
Maximum number of steepest descent iterations                   20
Maximum number of iterations for H1                           2000
Convergence criterion for H1                             0.100D-03

Input data file(s)
  data4.dat

Input data format  FREE


SUMMARY OF DATA

     Number of missing data patterns            10


COVARIANCE COVERAGE OF DATA

Minimum covariance coverage value   0.100


     PROPORTION OF DATA PRESENT


           Covariance Coverage
              PPLTRST       PPLFAIR       PPLHLP        W5Q57         W5Q58
              ________      ________      ________      ________      ________
 PPLTRST        0.998
 PPLFAIR        0.989         0.991
 PPLHLP         0.995         0.991         0.996
 W5Q57          0.989         0.982         0.987         0.991
 W5Q58          0.989         0.982         0.987         0.991         0.991
 W5Q59          0.993         0.985         0.991         0.991         0.991
 W6Q5           0.969         0.962         0.967         0.962         0.962
 W6Q6           0.967         0.960         0.965         0.962         0.962
 W6Q7           0.969         0.962         0.967         0.962         0.962


           Covariance Coverage
              W5Q59         W6Q5          W6Q6          W6Q7
              ________      ________      ________      ________
 W5Q59          0.995
 W6Q5           0.965         0.971
 W6Q6           0.965         0.969         0.969
 W6Q7           0.965         0.969         0.967         0.971



UNIVARIATE SAMPLE STATISTICS


     UNIVARIATE HIGHER-ORDER MOMENT DESCRIPTIVE STATISTICS

         Variable/         Mean/     Skewness/   Minimum/ % with                Percentiles
        Sample Size      Variance    Kurtosis    Maximum  Min/Max      20%/60%    40%/80%    Median

     PPLTRST               4.730      -0.177       0.000    5.87%       2.000      4.000      5.000
             545.000       5.991      -0.806      10.000    1.28%       5.000      7.000
     PPLFAIR               5.190      -0.354       0.000    3.33%       3.000      5.000      5.000
             541.000       4.601      -0.290      10.000    0.55%       6.000      7.000
     PPLHLP                5.381      -0.173       0.000    0.92%       4.000      5.000      5.000
             544.000       3.978      -0.349      10.000    1.47%       6.000      7.000
     W5Q57                 4.590      -0.151       0.000    8.32%       3.000      4.000      5.000
             541.000       5.599      -0.302      10.000    2.22%       5.000      6.000
     W5Q58                 4.837      -0.305       0.000    9.06%       3.000      5.000      5.000
             541.000       5.826      -0.191      10.000    2.96%       5.000      7.000
     W5Q59                 4.302       0.011       0.000   10.13%       2.000      4.000      5.000
             543.000       5.784      -0.259      10.000    2.76%       5.000      6.000
     W6Q5                  4.858      -0.175       0.000    5.47%       3.000      5.000      5.000
             530.000       5.306      -0.223      10.000    2.64%       5.000      7.000
     W6Q6                  4.945      -0.289       0.000    7.18%       3.000      5.000      5.000
             529.000       5.764      -0.345      10.000    2.46%       5.000      7.000
     W6Q7                  4.530      -0.118       0.000    7.55%       3.000      4.000      5.000
             530.000       5.249      -0.263      10.000    1.70%       5.000      7.000


THE MODEL ESTIMATION TERMINATED NORMALLY



MODEL FIT INFORMATION

Number of Free Parameters                       39

Loglikelihood

          H0 Value                       -9888.131
          H1 Value                       -9876.720

Information Criteria

          Akaike (AIC)                   19854.262
          Bayesian (BIC)                 20022.065
          Sample-Size Adjusted BIC       19898.263
            (n* = (n + 2) / 24)

Chi-Square Test of Model Fit

          Value                             22.822
          Degrees of Freedom                    15
          P-Value                           0.0880

RMSEA (Root Mean Square Error Of Approximation)

          Estimate                           0.031
          90 Percent C.I.                    0.000  0.055
          Probability RMSEA <= .05           0.896

CFI/TLI

          CFI                                0.996
          TLI                                0.991

Chi-Square Test of Model Fit for the Baseline Model

          Value                           2074.138
          Degrees of Freedom                    36
          P-Value                           0.0000

SRMR (Standardized Root Mean Square Residual)

          Value                              0.015



MODEL RESULTS

                                                    Two-Tailed
                    Estimate       S.E.  Est./S.E.    P-Value

 SOC_TRUS BY
    PPLTRST            1.000      0.000    999.000    999.000
    PPLFAIR            0.936      0.075     12.437      0.000
    PPLHLP             0.675      0.060     11.295      0.000

 SOC_TRUS BY
    W5Q57              1.000      0.000    999.000    999.000
    W5Q58              1.156      0.072     16.052      0.000
    W5Q59              0.993      0.065     15.376      0.000

 SOC_TRUS BY
    W6Q5               1.000      0.000    999.000    999.000
    W6Q6               1.196      0.062     19.255      0.000
    W6Q7               0.850      0.054     15.682      0.000

 SOC_TRUS WITH
    SOC_TRUST_         1.639      0.214      7.661      0.000

 SOC_TRUS WITH
    SOC_TRUST_         1.938      0.233      8.331      0.000
    SOC_TRUST_         2.243      0.238      9.433      0.000

 PPLTRST  WITH
    W5Q57              0.460      0.157      2.940      0.003
    W6Q5               0.433      0.144      3.018      0.003

 W5Q57    WITH
    W6Q5               0.430      0.136      3.171      0.002

 PPLFAIR  WITH
    W5Q58              0.178      0.135      1.319      0.187
    W6Q6               0.068      0.126      0.542      0.588

 W5Q58    WITH
    W6Q6               0.134      0.134      0.999      0.318

 PPLHLP   WITH
    W5Q59              0.394      0.139      2.840      0.005
    W6Q7               0.196      0.136      1.443      0.149

 W5Q59    WITH
    W6Q7               0.703      0.150      4.680      0.000

 Intercepts
    PPLTRST            4.726      0.105     45.162      0.000
    PPLFAIR            5.201      0.092     56.418      0.000
    PPLHLP             5.382      0.086     62.876      0.000
    W5Q57              4.590      0.102     45.215      0.000
    W5Q58              4.835      0.104     46.593      0.000
    W5Q59              4.300      0.103     41.904      0.000
    W6Q5               4.829      0.099     48.597      0.000
    W6Q6               4.912      0.104     47.247      0.000
    W6Q7               4.511      0.099     45.384      0.000

 Variances
    SOC_TRUST_         3.062      0.375      8.172      0.000
    SOC_TRUST_         3.060      0.335      9.145      0.000
    SOC_TRUST_         3.322      0.328     10.142      0.000

 Residual Variances
    PPLTRST            2.910      0.272     10.693      0.000
    PPLFAIR            1.931      0.219      8.819      0.000
    PPLHLP             2.595      0.189     13.732      0.000
    W5Q57              2.532      0.212     11.936      0.000
    W5Q58              1.758      0.218      8.069      0.000
    W5Q59              2.712      0.218     12.417      0.000
    W6Q5               1.964      0.176     11.128      0.000
    W6Q6               1.038      0.191      5.446      0.000
    W6Q7               2.880      0.202     14.228      0.000


STANDARDIZED MODEL RESULTS


STDYX Standardization

                                                    Two-Tailed
                    Estimate       S.E.  Est./S.E.    P-Value

 SOC_TRUS BY
    PPLTRST            0.716      0.032     22.514      0.000
    PPLFAIR            0.763      0.032     23.969      0.000
    PPLHLP             0.591      0.035     16.696      0.000

 SOC_TRUS BY
    W5Q57              0.740      0.026     28.260      0.000
    W5Q58              0.836      0.023     36.165      0.000
    W5Q59              0.726      0.027     27.341      0.000

 SOC_TRUS BY
    W6Q5               0.793      0.022     35.494      0.000
    W6Q6               0.906      0.019     48.429      0.000
    W6Q7               0.674      0.027     24.733      0.000

 SOC_TRUS WITH
    SOC_TRUST_         0.535      0.043     12.493      0.000

 SOC_TRUS WITH
    SOC_TRUST_         0.608      0.039     15.504      0.000
    SOC_TRUST_         0.704      0.031     22.836      0.000

 PPLTRST  WITH
    W5Q57              0.170      0.054      3.112      0.002
    W6Q5               0.181      0.056      3.249      0.001

 W5Q57    WITH
    W6Q5               0.193      0.055      3.482      0.000

 PPLFAIR  WITH
    W5Q58              0.097      0.070      1.374      0.169
    W6Q6               0.048      0.087      0.555      0.579

 W5Q58    WITH
    W6Q6               0.099      0.093      1.067      0.286

 PPLHLP   WITH
    W5Q59              0.148      0.050      2.954      0.003
    W6Q7               0.072      0.049      1.461      0.144

 W5Q59    WITH
    W6Q7               0.251      0.048      5.223      0.000

 Intercepts
    PPLTRST            1.934      0.072     26.715      0.000
    PPLFAIR            2.421      0.085     28.446      0.000
    PPLHLP             2.695      0.092     29.210      0.000
    W5Q57              1.941      0.073     26.664      0.000
    W5Q58              2.000      0.075     26.837      0.000
    W5Q59              1.797      0.069     26.061      0.000
    W6Q5               2.100      0.078     26.980      0.000
    W6Q6               2.041      0.077     26.647      0.000
    W6Q7               1.963      0.074     26.360      0.000

 Variances
    SOC_TRUST_         1.000      0.000    999.000    999.000
    SOC_TRUST_         1.000      0.000    999.000    999.000
    SOC_TRUST_         1.000      0.000    999.000    999.000

 Residual Variances
    PPLTRST            0.487      0.046     10.697      0.000
    PPLFAIR            0.418      0.049      8.621      0.000
    PPLHLP             0.651      0.042     15.541      0.000
    W5Q57              0.453      0.039     11.695      0.000
    W5Q58              0.301      0.039      7.774      0.000
    W5Q59              0.474      0.039     12.297      0.000
    W6Q5               0.372      0.035     10.491      0.000
    W6Q6               0.179      0.034      5.288      0.000
    W6Q7               0.546      0.037     14.854      0.000


R-SQUARE

    Observed                                        Two-Tailed
    Variable        Estimate       S.E.  Est./S.E.    P-Value

    PPLTRST            0.513      0.046     11.257      0.000
    PPLFAIR            0.582      0.049     11.984      0.000
    PPLHLP             0.349      0.042      8.348      0.000
    W5Q57              0.547      0.039     14.130      0.000
    W5Q58              0.699      0.039     18.082      0.000
    W5Q59              0.526      0.039     13.671      0.000
    W6Q5               0.628      0.035     17.747      0.000
    W6Q6               0.821      0.034     24.214      0.000
    W6Q7               0.454      0.037     12.366      0.000


QUALITY OF NUMERICAL RESULTS

     Condition Number for the Information Matrix              0.229E-02
       (ratio of smallest to largest eigenvalue)


MODEL MODIFICATION INDICES

NOTE:  Modification indices for direct effects of observed dependent variables
regressed on covariates may not be included.  To include these, request
MODINDICES (ALL).

Minimum M.I. value for printing the modification index     0.100

                                   M.I.     E.P.C.  Std E.P.C.  StdYX E.P.C.

BY Statements

SOC_TRUS BY W5Q58                  1.116     0.087      0.152        0.063
SOC_TRUS BY W5Q59                  1.509    -0.089     -0.156       -0.065
SOC_TRUS BY W6Q5                   1.168     0.087      0.152        0.066
SOC_TRUS BY W6Q6                   2.156    -0.132     -0.230       -0.096
SOC_TRUS BY W6Q7                   0.291     0.040      0.071        0.031
SOC_TRUS BY PPLTRST                0.143    -0.033     -0.057       -0.023
SOC_TRUS BY W6Q5                   0.869     0.079      0.138        0.060
SOC_TRUS BY W6Q6                   5.591    -0.237     -0.415       -0.172
SOC_TRUS BY W6Q7                   2.967     0.147      0.256        0.112
SOC_TRUS BY PPLTRST                0.223     0.045      0.082        0.033
SOC_TRUS BY PPLFAIR                0.268    -0.047     -0.085       -0.040
SOC_TRUS BY W5Q57                  4.088     0.174      0.317        0.134
SOC_TRUS BY W5Q58                  1.676    -0.130     -0.238       -0.098
SOC_TRUS BY W5Q59                  0.543    -0.062     -0.114       -0.047

WITH Statements

PPLHLP   WITH PPLTRST              0.114    -0.068     -0.068       -0.025
W5Q57    WITH PPLFAIR              0.125    -0.053     -0.053       -0.024
W5Q57    WITH PPLHLP               0.211    -0.061     -0.061       -0.024
W5Q58    WITH PPLTRST              1.074     0.172      0.172        0.076
W5Q58    WITH PPLHLP               0.564     0.102      0.102        0.048
W5Q58    WITH W5Q57                0.968    -0.212     -0.212       -0.101
W5Q59    WITH PPLTRST              3.500    -0.288     -0.288       -0.103
W5Q59    WITH PPLFAIR              0.615     0.113      0.113        0.049
W5Q59    WITH W5Q57                0.587    -0.144     -0.144       -0.055
W5Q59    WITH W5Q58                3.081     0.380      0.380        0.174
W6Q5     WITH PPLHLP               0.935     0.115      0.115        0.051
W6Q5     WITH W5Q58                4.556    -0.311     -0.311       -0.167
W6Q5     WITH W5Q59                8.230     0.358      0.358        0.155
W6Q6     WITH PPLHLP               0.983    -0.123     -0.123       -0.075
W6Q6     WITH W5Q57                1.016     0.149      0.149        0.092
W6Q6     WITH W5Q59                8.122    -0.387     -0.387       -0.231
W6Q6     WITH W6Q5                 2.590     0.383      0.383        0.268
W6Q7     WITH PPLTRST              1.141     0.161      0.161        0.056
W6Q7     WITH PPLFAIR              0.685    -0.116     -0.116       -0.049
W6Q7     WITH W5Q57                1.590     0.173      0.173        0.064
W6Q7     WITH W5Q58                0.198     0.064      0.064        0.029
W6Q7     WITH W6Q5                 7.701    -0.421     -0.421       -0.177
W6Q7     WITH W6Q6                 1.769     0.241      0.241        0.139


DIAGRAM INFORMATION

  Use View Diagram under the Diagram menu in the Mplus Editor to view the diagram.
  If running Mplus from the Mplus Diagrammer, the diagram opens automatically.

  Diagram output
    c:\users\msassac6\dropbox (the university of manchester)\papers\melanie revilla\ess_cronos\mplus\soc_trust_si_config

     Beginning Time:  10:50:35
        Ending Time:  10:50:35
       Elapsed Time:  00:00:00



MUTHEN & MUTHEN
3463 Stoner Ave.
Los Angeles, CA  90066

Tel: (310) 391-9971
Fax: (310) 391-8971
Web: www.StatModel.com
Support: Support@StatModel.com

Copyright (c) 1998-2019 Muthen & Muthen
