Mplus VERSION 8.3
MUTHEN & MUTHEN
05/07/2019  11:19 AM

INPUT INSTRUCTIONS

  TITLE: Social benefits equivalence testing GB - scalar;

  DATA: FILE = "data4.dat";

  VARIABLE:
  NAMES = idno cntry w6part w5part w5q38 w5q39 w5q40 w5q41 psppsgva actrolga psppipla
       cptppola w5q32 w5q33 w5q34 w5q35 w5q36 w5q37 wrkprty wrkorg badge sgnptit
       pbldmn pstplonl w5q44 w5q46 w5q48 testgc33 testgc34 testgc35 w5q57 w5q58 w5q59
       w6q5 w6q6 w6q7 ppltrst pplfair pplhlp w5q63 w5q64 w5q65 w5q66 sbstrec sbprvpv
       sbeqsoc sbbsntx w6q9 w6q10 w6q11 w6q12 w6q13 w6q14 trstlgl trstplc trstplt
       trstprt trstep trstun comp;

  USEVARIABLES = w5q63 w5q64 w5q65 w5q66 sbstrec sbprvpv
       sbeqsoc sbbsntx;

  MISSING=.;

  USEOBSERVATIONS ARE w5part EQ 1 AND cntry EQ 2;



   Model:

   soc_ben_ess BY
      sbstrec (a)
      sbprvpv (b)
      sbeqsoc (c)
      sbbsntx (d);

   soc_ben_cro BY
      w5q63 (a)
      w5q64 (b)
      w5q65 (c)
      w5q66 (d);

      [sbstrec] (e);
      [sbprvpv] (f);
      [sbeqsoc] (g);
      [sbbsntx] (h);

      [w5q63] (e);
      [w5q64] (f);
      [w5q65] (g);
      [w5q66] (h);

      sbstrec WITH w5q63;
      sbprvpv WITH w5q64;
      sbeqsoc WITH w5q65;
      sbbsntx WITH w5q66;


   Output:
      STANDARDIZED(STDYX) MODINDICES(.1) ;



INPUT READING TERMINATED NORMALLY



Social benefits equivalence testing GB - scalar;

SUMMARY OF ANALYSIS

Number of groups                                                 1
Number of observations                                         633

Number of dependent variables                                    8
Number of independent variables                                  0
Number of continuous latent variables                            2

Observed dependent variables

  Continuous
   W5Q63       W5Q64       W5Q65       W5Q66       SBSTREC     SBPRVPV
   SBEQSOC     SBBSNTX

Continuous latent variables
   SOC_BEN_    SOC_BEN_


Estimator                                                       ML
Information matrix                                        OBSERVED
Maximum number of iterations                                  1000
Convergence criterion                                    0.500D-04
Maximum number of steepest descent iterations                   20
Maximum number of iterations for H1                           2000
Convergence criterion for H1                             0.100D-03

Input data file(s)
  data4.dat

Input data format  FREE


SUMMARY OF DATA

     Number of missing data patterns            11


COVARIANCE COVERAGE OF DATA

Minimum covariance coverage value   0.100


     PROPORTION OF DATA PRESENT


           Covariance Coverage
              W5Q63         W5Q64         W5Q65         W5Q66         SBSTREC
              ________      ________      ________      ________      ________
 W5Q63          0.962
 W5Q64          0.962         0.962
 W5Q65          0.959         0.959         0.959
 W5Q66          0.959         0.959         0.959         0.959
 SBSTREC        0.956         0.956         0.953         0.953         0.994
 SBPRVPV        0.949         0.949         0.946         0.946         0.983
 SBEQSOC        0.956         0.956         0.953         0.953         0.989
 SBBSNTX        0.946         0.946         0.943         0.943         0.981


           Covariance Coverage
              SBPRVPV       SBEQSOC       SBBSNTX
              ________      ________      ________
 SBPRVPV        0.987
 SBEQSOC        0.983         0.994
 SBBSNTX        0.975         0.981         0.984



UNIVARIATE SAMPLE STATISTICS


     UNIVARIATE HIGHER-ORDER MOMENT DESCRIPTIVE STATISTICS

         Variable/         Mean/     Skewness/   Minimum/ % with                Percentiles
        Sample Size      Variance    Kurtosis    Maximum  Min/Max      20%/60%    40%/80%    Median

     W5Q63                 2.936       0.087       1.000    7.55%       2.000      3.000      3.000
             609.000       1.140      -0.802       5.000    6.73%       3.000      4.000
     W5Q64                 2.557       0.366       1.000   10.67%       2.000      2.000      2.000
             609.000       0.917      -0.571       5.000    1.64%       3.000      3.000
     W5Q65                 3.173      -0.250       1.000    3.62%       2.000      3.000      3.000
             607.000       0.917      -0.646       5.000    5.11%       4.000      4.000
     W5Q66                 3.392      -0.346       1.000    4.12%       3.000      3.000      3.000
             607.000       0.993      -0.241       5.000   12.36%       4.000      4.000
     SBSTREC               2.715       0.391       1.000    7.00%       2.000      2.000      2.000
             629.000       1.033      -0.816       5.000    3.50%       3.000      4.000
     SBPRVPV               2.542       0.660       1.000    4.48%       2.000      2.000      2.000
             625.000       0.715      -0.368       5.000    0.80%       3.000      3.000
     SBEQSOC               3.043       0.003       1.000    1.75%       2.000      3.000      3.000
             629.000       0.836      -1.023       5.000    2.86%       3.000      4.000
     SBBSNTX               3.205      -0.275       1.000    2.73%       2.000      3.000      3.000
             623.000       0.908      -0.794       5.000    4.82%       4.000      4.000


THE MODEL ESTIMATION TERMINATED NORMALLY



MODEL FIT INFORMATION

Number of Free Parameters                       22

Loglikelihood

          H0 Value                       -6419.698
          H1 Value                       -6281.393

Information Criteria

          Akaike (AIC)                   12883.397
          Bayesian (BIC)                 12981.307
          Sample-Size Adjusted BIC       12911.459
            (n* = (n + 2) / 24)

Chi-Square Test of Model Fit

          Value                            276.612
          Degrees of Freedom                    22
          P-Value                           0.0000

RMSEA (Root Mean Square Error Of Approximation)

          Estimate                           0.135
          90 Percent C.I.                    0.121  0.150
          Probability RMSEA <= .05           0.000

CFI/TLI

          CFI                                0.753
          TLI                                0.686

Chi-Square Test of Model Fit for the Baseline Model

          Value                           1059.645
          Degrees of Freedom                    28
          P-Value                           0.0000

SRMR (Standardized Root Mean Square Residual)

          Value                              0.100



MODEL RESULTS

                                                    Two-Tailed
                    Estimate       S.E.  Est./S.E.    P-Value

 SOC_BEN_ BY
    SBSTREC            1.000      0.000    999.000    999.000
    SBPRVPV           -0.128      0.050     -2.542      0.011
    SBEQSOC           -0.252      0.050     -5.032      0.000
    SBBSNTX            0.874      0.125      7.019      0.000

 SOC_BEN_ BY
    W5Q63              1.000      0.000    999.000    999.000
    W5Q64             -0.128      0.050     -2.542      0.011
    W5Q65             -0.252      0.050     -5.032      0.000
    W5Q66              0.874      0.125      7.019      0.000

 SOC_BEN_ WITH
    SOC_BEN_ES         0.461      0.077      5.961      0.000

 SBSTREC  WITH
    W5Q63              0.042      0.069      0.605      0.545

 SBPRVPV  WITH
    W5Q64              0.232      0.034      6.847      0.000

 SBEQSOC  WITH
    W5Q65              0.274      0.036      7.554      0.000

 SBBSNTX  WITH
    W5Q66              0.115      0.055      2.102      0.036

 Intercepts
    W5Q63              2.801      0.036     76.828      0.000
    W5Q64              2.550      0.029     88.250      0.000
    W5Q65              3.106      0.031     99.975      0.000
    W5Q66              3.282      0.034     95.239      0.000
    SBSTREC            2.801      0.036     76.828      0.000
    SBPRVPV            2.550      0.029     88.250      0.000
    SBEQSOC            3.106      0.031     99.975      0.000
    SBBSNTX            3.282      0.034     95.239      0.000

 Variances
    SOC_BEN_ES         0.513      0.087      5.880      0.000
    SOC_BEN_CR         0.681      0.113      6.044      0.000

 Residual Variances
    W5Q63              0.482      0.102      4.733      0.000
    W5Q64              0.899      0.052     17.312      0.000
    W5Q65              0.887      0.052     17.109      0.000
    W5Q66              0.467      0.077      6.035      0.000
    SBSTREC            0.514      0.083      6.198      0.000
    SBPRVPV            0.709      0.040     17.599      0.000
    SBEQSOC            0.796      0.046     17.289      0.000
    SBBSNTX            0.537      0.066      8.090      0.000


STANDARDIZED MODEL RESULTS


STDYX Standardization

                                                    Two-Tailed
                    Estimate       S.E.  Est./S.E.    P-Value

 SOC_BEN_ BY
    SBSTREC            0.707      0.055     12.775      0.000
    SBPRVPV           -0.108      0.039     -2.762      0.006
    SBEQSOC           -0.198      0.037     -5.407      0.000
    SBBSNTX            0.650      0.051     12.629      0.000

 SOC_BEN_ BY
    W5Q63              0.765      0.057     13.450      0.000
    W5Q64             -0.111      0.041     -2.739      0.006
    W5Q65             -0.216      0.039     -5.594      0.000
    W5Q66              0.726      0.053     13.579      0.000

 SOC_BEN_ WITH
    SOC_BEN_ES         0.779      0.041     19.155      0.000

 SBSTREC  WITH
    W5Q63              0.084      0.127      0.667      0.505

 SBPRVPV  WITH
    W5Q64              0.290      0.037      7.782      0.000

 SBEQSOC  WITH
    W5Q65              0.326      0.037      8.896      0.000

 SBBSNTX  WITH
    W5Q66              0.229      0.084      2.747      0.006

 Intercepts
    W5Q63              2.598      0.086     30.310      0.000
    W5Q64              2.673      0.082     32.514      0.000
    W5Q65              3.220      0.100     32.039      0.000
    W5Q66              3.303      0.104     31.768      0.000
    SBSTREC            2.764      0.080     34.455      0.000
    SBPRVPV            3.009      0.091     33.021      0.000
    SBEQSOC            3.414      0.098     34.835      0.000
    SBBSNTX            3.405      0.098     34.785      0.000

 Variances
    SOC_BEN_ES         1.000      0.000    999.000    999.000
    SOC_BEN_CR         1.000      0.000    999.000    999.000

 Residual Variances
    W5Q63              0.414      0.087      4.753      0.000
    W5Q64              0.988      0.009    109.792      0.000
    W5Q65              0.953      0.017     57.313      0.000
    W5Q66              0.473      0.078      6.087      0.000
    SBSTREC            0.501      0.078      6.401      0.000
    SBPRVPV            0.988      0.009    116.040      0.000
    SBEQSOC            0.961      0.015     65.948      0.000
    SBBSNTX            0.578      0.067      8.647      0.000


R-SQUARE

    Observed                                        Two-Tailed
    Variable        Estimate       S.E.  Est./S.E.    P-Value

    W5Q63              0.586      0.087      6.725      0.000
    W5Q64              0.012      0.009      1.369      0.171
    W5Q65              0.047      0.017      2.797      0.005
    W5Q66              0.527      0.078      6.789      0.000
    SBSTREC            0.499      0.078      6.388      0.000
    SBPRVPV            0.012      0.009      1.381      0.167
    SBEQSOC            0.039      0.015      2.703      0.007
    SBBSNTX            0.422      0.067      6.315      0.000


QUALITY OF NUMERICAL RESULTS

     Condition Number for the Information Matrix              0.305E-02
       (ratio of smallest to largest eigenvalue)


MODEL MODIFICATION INDICES

NOTE:  Modification indices for direct effects of observed dependent variables
regressed on covariates may not be included.  To include these, request
MODINDICES (ALL).

Minimum M.I. value for printing the modification index     0.100

                                   M.I.     E.P.C.  Std E.P.C.  StdYX E.P.C.

BY Statements

SOC_BEN_ BY W5Q63                  1.435    -0.125     -0.089       -0.083
SOC_BEN_ BY W5Q64                  2.832    -0.122     -0.087       -0.091
SOC_BEN_ BY W5Q65                  0.553     0.054      0.039        0.040
SOC_BEN_ BY W5Q66                  1.331     0.105      0.075        0.076
SOC_BEN_ BY SBSTREC                0.902     0.108      0.078        0.077
SOC_BEN_ BY SBPRVPV                1.319     0.041      0.029        0.035
SOC_BEN_ BY SBEQSOC                2.236    -0.059     -0.042       -0.047
SOC_BEN_ BY SBBSNTX                1.738    -0.081     -0.058       -0.060
SOC_BEN_ BY W5Q63                  0.902    -0.108     -0.089       -0.083
SOC_BEN_ BY W5Q64                  1.317    -0.036     -0.030       -0.031
SOC_BEN_ BY W5Q65                  2.236     0.043      0.036        0.037
SOC_BEN_ BY W5Q66                  1.738     0.049      0.041        0.041
SOC_BEN_ BY SBSTREC                1.174     0.085      0.070        0.069
SOC_BEN_ BY SBPRVPV                0.145     0.020      0.016        0.019
SOC_BEN_ BY SBEQSOC                1.602    -0.068     -0.056       -0.061
SOC_BEN_ BY SBBSNTX                2.191    -0.102     -0.084       -0.087

WITH Statements

W5Q64    WITH W5Q63               11.419     0.114      0.114        0.173
W5Q65    WITH W5Q63                0.254     0.018      0.018        0.028
W5Q65    WITH W5Q64              106.173     0.341      0.341        0.382
W5Q66    WITH W5Q63                8.887     0.326      0.326        0.687
W5Q66    WITH W5Q65                7.763     0.092      0.092        0.143
SBSTREC  WITH W5Q64                4.112    -0.063     -0.063       -0.093
SBSTREC  WITH W5Q66                0.595     0.034      0.034        0.069
SBPRVPV  WITH W5Q63                0.593    -0.022     -0.022       -0.037
SBPRVPV  WITH W5Q65                3.354    -0.054     -0.054       -0.068
SBPRVPV  WITH W5Q66                0.292    -0.014     -0.014       -0.024
SBPRVPV  WITH SBSTREC             10.207     0.093      0.093        0.154
SBEQSOC  WITH W5Q63                0.654    -0.024     -0.024       -0.039
SBEQSOC  WITH W5Q64                1.183    -0.034     -0.034       -0.040
SBEQSOC  WITH SBPRVPV             56.165     0.207      0.207        0.275
SBBSNTX  WITH W5Q63                3.928    -0.087     -0.087       -0.171
SBBSNTX  WITH W5Q65                1.115    -0.031     -0.031       -0.045
SBBSNTX  WITH SBSTREC              0.872     0.083      0.083        0.158
SBBSNTX  WITH SBPRVPV              0.345     0.016      0.016        0.026

Means/Intercepts/Thresholds

[ W5Q63    ]                      17.171     0.098      0.098        0.091
[ W5Q64    ]                       0.213     0.012      0.012        0.012
[ W5Q65    ]                      11.702     0.082      0.082        0.085
[ W5Q66    ]                      13.909     0.076      0.076        0.077
[ SBSTREC  ]                      17.173    -0.079     -0.079       -0.078
[ SBPRVPV  ]                       0.213    -0.008     -0.008       -0.010
[ SBEQSOC  ]                      11.703    -0.066     -0.066       -0.073
[ SBBSNTX  ]                      13.907    -0.070     -0.070       -0.072
[ SOC_BEN_ ]                      30.607    -0.193     -0.269       -0.269
[ SOC_BEN_ ]                      30.607     0.193      0.233        0.233


DIAGRAM INFORMATION

  Use View Diagram under the Diagram menu in the Mplus Editor to view the diagram.
  If running Mplus from the Mplus Diagrammer, the diagram opens automatically.

  Diagram output
    c:\users\msassac6\dropbox (the university of manchester)\papers\melanie revilla\ess_cronos\mplus\soc_ben_gb_scalar.d

     Beginning Time:  11:19:58
        Ending Time:  11:19:58
       Elapsed Time:  00:00:00



MUTHEN & MUTHEN
3463 Stoner Ave.
Los Angeles, CA  90066

Tel: (310) 391-9971
Fax: (310) 391-8971
Web: www.StatModel.com
Support: Support@StatModel.com

Copyright (c) 1998-2019 Muthen & Muthen
