Mplus VERSION 8.3
MUTHEN & MUTHEN
05/07/2019  11:37 AM

INPUT INSTRUCTIONS

  TITLE: Trust in institutions equivalence testing Estonia - configural;

  DATA: FILE = "data4.dat";

  VARIABLE:
  NAMES = idno cntry w6part w5part w5q38 w5q39 w5q40 w5q41 psppsgva actrolga psppipla
       cptppola w5q32 w5q33 w5q34 w5q35 w5q36 w5q37 wrkprty wrkorg badge sgnptit
       pbldmn pstplonl w5q44 w5q46 w5q48 testgc33 testgc34 testgc35 w5q57 w5q58 w5q59
       w6q5 w6q6 w6q7 ppltrst pplfair pplhlp w5q63 w5q64 w5q65 w5q66 sbstrec sbprvpv
       sbeqsoc sbbsntx w6q9 w6q10 w6q11 w6q12 w6q13 w6q14 trstlgl trstplc trstplt
       trstprt trstep trstun comp;

  USEVARIABLES = trstlgl trstplc trstplt
       trstprt trstep trstun
       w6q9 w6q10 w6q11 w6q12 w6q13 w6q14;

  MISSING=.;

  USEOBSERVATIONS ARE w6part EQ 1 AND cntry EQ 1;



   Model:

  trust_ess BY trstlgl trstplc trstplt
       trstprt trstep trstun;

  trust_cro BY w6q9 w6q10 w6q11 w6q12 w6q13 w6q14;

      trstlgl WITH w6q9;
      trstplc WITH w6q10;
      trstplt WITH w6q11;
      trstprt WITH w6q12;
      trstep WITH w6q13;
      trstun WITH w6q14;

   Output:
      STANDARDIZED(STDYX) MODINDICES(.1) ;



INPUT READING TERMINATED NORMALLY



Trust in institutions equivalence testing Estonia - configural;

SUMMARY OF ANALYSIS

Number of groups                                                 1
Number of observations                                         600

Number of dependent variables                                   12
Number of independent variables                                  0
Number of continuous latent variables                            2

Observed dependent variables

  Continuous
   TRSTLGL     TRSTPLC     TRSTPLT     TRSTPRT     TRSTEP      TRSTUN
   W6Q9        W6Q10       W6Q11       W6Q12       W6Q13       W6Q14

Continuous latent variables
   TRUST_ES    TRUST_CR


Estimator                                                       ML
Information matrix                                        OBSERVED
Maximum number of iterations                                  1000
Convergence criterion                                    0.500D-04
Maximum number of steepest descent iterations                   20
Maximum number of iterations for H1                           2000
Convergence criterion for H1                             0.100D-03

Input data file(s)
  data4.dat

Input data format  FREE


SUMMARY OF DATA

     Number of missing data patterns            20


COVARIANCE COVERAGE OF DATA

Minimum covariance coverage value   0.100


     PROPORTION OF DATA PRESENT


           Covariance Coverage
              TRSTLGL       TRSTPLC       TRSTPLT       TRSTPRT       TRSTEP
              ________      ________      ________      ________      ________
 TRSTLGL        0.992
 TRSTPLC        0.992         0.998
 TRSTPLT        0.992         0.998         0.998
 TRSTPRT        0.988         0.993         0.993         0.993
 TRSTEP         0.963         0.968         0.968         0.965         0.968
 TRSTUN         0.945         0.948         0.948         0.945         0.940
 W6Q9           0.963         0.970         0.970         0.965         0.942
 W6Q10          0.963         0.970         0.970         0.965         0.942
 W6Q11          0.963         0.970         0.970         0.965         0.942
 W6Q12          0.962         0.968         0.968         0.963         0.940
 W6Q13          0.957         0.963         0.963         0.958         0.938
 W6Q14          0.950         0.957         0.957         0.952         0.933


           Covariance Coverage
              TRSTUN        W6Q9          W6Q10         W6Q11         W6Q12
              ________      ________      ________      ________      ________
 TRSTUN         0.948
 W6Q9           0.920         0.972
 W6Q10          0.922         0.970         0.972
 W6Q11          0.920         0.970         0.970         0.972
 W6Q12          0.918         0.968         0.968         0.970         0.970
 W6Q13          0.918         0.963         0.963         0.965         0.965
 W6Q14          0.913         0.958         0.957         0.958         0.958


           Covariance Coverage
              W6Q13         W6Q14
              ________      ________
 W6Q13          0.965
 W6Q14          0.958         0.958



UNIVARIATE SAMPLE STATISTICS


     UNIVARIATE HIGHER-ORDER MOMENT DESCRIPTIVE STATISTICS

         Variable/         Mean/     Skewness/   Minimum/ % with                Percentiles
        Sample Size      Variance    Kurtosis    Maximum  Min/Max      20%/60%    40%/80%    Median

     TRSTLGL               6.145      -0.569       0.000    2.52%       4.000      6.000      7.000
             595.000       5.703      -0.224      10.000    5.04%       7.000      8.000
     TRSTPLC               7.157      -1.035       0.000    0.83%       5.000      7.000      8.000
             599.000       4.212       0.965      10.000    8.51%       8.000      9.000
     TRSTPLT               3.953      -0.223       0.000    6.84%       2.000      3.000      4.000
             599.000       4.131      -0.685       9.000    0.17%       5.000      6.000
     TRSTPRT               3.809      -0.113       0.000    7.89%       2.000      3.000      4.000
             596.000       4.158      -0.610       9.000    0.34%       5.000      5.000
     TRSTEP                4.971      -0.326       0.000    4.48%       3.000      5.000      5.000
             581.000       4.817      -0.245      10.000    0.86%       5.000      7.000
     TRSTUN                5.450      -0.388       0.000    4.75%       3.000      5.000      5.000
             569.000       5.590      -0.246      10.000    2.64%       6.000      8.000
     W6Q9                  5.443      -0.322       0.000    4.12%       3.000      5.000      5.000
             583.000       6.308      -0.648      10.000    2.74%       6.000      8.000
     W6Q10                 6.585      -0.830       0.000    2.06%       5.000      7.000      7.000
             583.000       5.402       0.178      10.000    6.00%       8.000      9.000
     W6Q11                 3.053       0.237       0.000   14.07%       1.000      2.000      3.000
             583.000       4.136      -0.627       9.000    0.17%       4.000      5.000
     W6Q12                 2.928       0.235       0.000   14.60%       1.000      2.000      3.000
             582.000       3.933      -0.696       9.000    0.17%       3.000      5.000
     W6Q13                 4.415      -0.108       0.000    7.94%       2.000      4.000      5.000
             579.000       5.269      -0.401      10.000    0.86%       5.000      6.000
     W6Q14                 4.800      -0.161       0.000    6.61%       3.000      5.000      5.000
             575.000       6.080      -0.588      10.000    1.74%       5.000      7.000


THE MODEL ESTIMATION TERMINATED NORMALLY



MODEL FIT INFORMATION

Number of Free Parameters                       43

Loglikelihood

          H0 Value                      -13413.396
          H1 Value                      -12929.553

Information Criteria

          Akaike (AIC)                   26912.792
          Bayesian (BIC)                 27101.860
          Sample-Size Adjusted BIC       26965.347
            (n* = (n + 2) / 24)

Chi-Square Test of Model Fit

          Value                            967.686
          Degrees of Freedom                    47
          P-Value                           0.0000

RMSEA (Root Mean Square Error Of Approximation)

          Estimate                           0.181
          90 Percent C.I.                    0.171  0.191
          Probability RMSEA <= .05           0.000

CFI/TLI

          CFI                                0.822
          TLI                                0.750

Chi-Square Test of Model Fit for the Baseline Model

          Value                           5245.165
          Degrees of Freedom                    66
          P-Value                           0.0000

SRMR (Standardized Root Mean Square Residual)

          Value                              0.091



MODEL RESULTS

                                                    Two-Tailed
                    Estimate       S.E.  Est./S.E.    P-Value

 TRUST_ES BY
    TRSTLGL            1.000      0.000    999.000    999.000
    TRSTPLC            0.769      0.054     14.174      0.000
    TRSTPLT            1.158      0.066     17.416      0.000
    TRSTPRT            1.118      0.066     16.874      0.000
    TRSTEP             1.073      0.066     16.223      0.000
    TRSTUN             0.941      0.068     13.830      0.000

 TRUST_CR BY
    W6Q9               1.000      0.000    999.000    999.000
    W6Q10              0.763      0.051     14.881      0.000
    W6Q11              1.066      0.059     17.987      0.000
    W6Q12              1.021      0.057     17.879      0.000
    W6Q13              1.026      0.055     18.516      0.000
    W6Q14              0.925      0.058     15.969      0.000

 TRUST_CR WITH
    TRUST_ESS          1.710      0.198      8.633      0.000

 TRSTLGL  WITH
    W6Q9               1.499      0.165      9.099      0.000

 TRSTPLC  WITH
    W6Q10              1.832      0.160     11.441      0.000

 TRSTPLT  WITH
    W6Q11              0.013      0.059      0.228      0.820

 TRSTPRT  WITH
    W6Q12              0.102      0.061      1.669      0.095

 TRSTEP   WITH
    W6Q13              0.976      0.121      8.072      0.000

 TRSTUN   WITH
    W6Q14              1.870      0.187      9.995      0.000

 Intercepts
    TRSTLGL            6.145      0.096     64.162      0.000
    TRSTPLC            7.160      0.083     85.962      0.000
    TRSTPLT            3.955      0.083     47.629      0.000
    TRSTPRT            3.806      0.083     45.644      0.000
    TRSTEP             4.947      0.091     54.590      0.000
    TRSTUN             5.415      0.098     55.101      0.000
    W6Q9               5.440      0.102     53.510      0.000
    W6Q10              6.593      0.095     69.412      0.000
    W6Q11              3.060      0.084     36.432      0.000
    W6Q12              2.937      0.082     35.767      0.000
    W6Q13              4.424      0.096     46.182      0.000
    W6Q14              4.797      0.103     46.791      0.000

 Variances
    TRUST_ESS          2.324      0.266      8.736      0.000
    TRUST_CRO          2.994      0.322      9.303      0.000

 Residual Variances
    TRSTLGL            3.154      0.206     15.284      0.000
    TRSTPLC            2.783      0.173     16.054      0.000
    TRSTPLT            1.017      0.095     10.654      0.000
    TRSTPRT            1.254      0.101     12.353      0.000
    TRSTEP             2.178      0.154     14.149      0.000
    TRSTUN             3.571      0.231     15.458      0.000
    W6Q9               3.088      0.225     13.756      0.000
    W6Q10              3.572      0.232     15.429      0.000
    W6Q11              0.751      0.104      7.200      0.000
    W6Q12              0.846      0.098      8.616      0.000
    W6Q13              2.234      0.174     12.832      0.000
    W6Q14              3.581      0.255     14.020      0.000


STANDARDIZED MODEL RESULTS


STDYX Standardization

                                                    Two-Tailed
                    Estimate       S.E.  Est./S.E.    P-Value

 TRUST_ES BY
    TRSTLGL            0.651      0.027     24.386      0.000
    TRSTPLC            0.575      0.029     20.004      0.000
    TRSTPLT            0.868      0.014     59.882      0.000
    TRSTPRT            0.836      0.016     52.420      0.000
    TRSTEP             0.743      0.022     34.488      0.000
    TRSTUN             0.605      0.028     21.260      0.000

 TRUST_CR BY
    W6Q9               0.702      0.026     27.211      0.000
    W6Q10              0.573      0.030     18.881      0.000
    W6Q11              0.905      0.015     61.565      0.000
    W6Q12              0.887      0.015     59.477      0.000
    W6Q13              0.765      0.022     35.541      0.000
    W6Q14              0.646      0.029     22.399      0.000

 TRUST_CR WITH
    TRUST_ESS          0.648      0.028     22.863      0.000

 TRSTLGL  WITH
    W6Q9               0.480      0.036     13.377      0.000

 TRSTPLC  WITH
    W6Q10              0.581      0.029     19.856      0.000

 TRSTPLT  WITH
    W6Q11              0.015      0.067      0.229      0.818

 TRSTPRT  WITH
    W6Q12              0.099      0.057      1.729      0.084

 TRSTEP   WITH
    W6Q13              0.442      0.040     10.991      0.000

 TRSTUN   WITH
    W6Q14              0.523      0.034     15.474      0.000

 Intercepts
    TRSTLGL            2.625      0.083     31.472      0.000
    TRSTPLC            3.511      0.105     33.369      0.000
    TRSTPLT            1.946      0.069     28.008      0.000
    TRSTPRT            1.866      0.068     27.554      0.000
    TRSTEP             2.245      0.077     29.196      0.000
    TRSTUN             2.282      0.078     29.207      0.000
    W6Q9               2.206      0.074     29.712      0.000
    W6Q10              2.860      0.089     31.957      0.000
    W6Q11              1.502      0.060     24.930      0.000
    W6Q12              1.475      0.060     24.699      0.000
    W6Q13              1.907      0.069     27.632      0.000
    W6Q14              1.936      0.069     27.968      0.000

 Variances
    TRUST_ESS          1.000      0.000    999.000    999.000
    TRUST_CRO          1.000      0.000    999.000    999.000

 Residual Variances
    TRSTLGL            0.576      0.035     16.545      0.000
    TRSTPLC            0.669      0.033     20.241      0.000
    TRSTPLT            0.246      0.025      9.780      0.000
    TRSTPRT            0.301      0.027     11.313      0.000
    TRSTEP             0.449      0.032     14.032      0.000
    TRSTUN             0.634      0.034     18.432      0.000
    W6Q9               0.508      0.036     14.033      0.000
    W6Q10              0.672      0.035     19.339      0.000
    W6Q11              0.181      0.027      6.800      0.000
    W6Q12              0.213      0.026      8.068      0.000
    W6Q13              0.415      0.033     12.598      0.000
    W6Q14              0.583      0.037     15.667      0.000


R-SQUARE

    Observed                                        Two-Tailed
    Variable        Estimate       S.E.  Est./S.E.    P-Value

    TRSTLGL            0.424      0.035     12.193      0.000
    TRSTPLC            0.331      0.033     10.002      0.000
    TRSTPLT            0.754      0.025     29.941      0.000
    TRSTPRT            0.699      0.027     26.210      0.000
    TRSTEP             0.551      0.032     17.244      0.000
    TRSTUN             0.366      0.034     10.630      0.000
    W6Q9               0.492      0.036     13.605      0.000
    W6Q10              0.328      0.035      9.441      0.000
    W6Q11              0.819      0.027     30.782      0.000
    W6Q12              0.787      0.026     29.739      0.000
    W6Q13              0.585      0.033     17.771      0.000
    W6Q14              0.417      0.037     11.200      0.000


QUALITY OF NUMERICAL RESULTS

     Condition Number for the Information Matrix              0.151E-02
       (ratio of smallest to largest eigenvalue)


MODEL MODIFICATION INDICES

NOTE:  Modification indices for direct effects of observed dependent variables
regressed on covariates may not be included.  To include these, request
MODINDICES (ALL).

Minimum M.I. value for printing the modification index     0.100

                                   M.I.     E.P.C.  Std E.P.C.  StdYX E.P.C.

BY Statements

TRUST_ES BY W6Q9                   8.556     0.204      0.310        0.126
TRUST_ES BY W6Q10                  0.738     0.061      0.093        0.040
TRUST_ES BY W6Q11                  0.838    -0.042     -0.064       -0.031
TRUST_ES BY W6Q12                  1.056    -0.047     -0.071       -0.036
TRUST_ES BY W6Q14                  0.228    -0.035     -0.053       -0.022
TRUST_CR BY TRSTLGL                9.724     0.192      0.332        0.142
TRUST_CR BY TRSTPLC                1.388     0.065      0.112        0.055
TRUST_CR BY TRSTPLT                1.376     0.053      0.092        0.045
TRUST_CR BY TRSTPRT                5.069    -0.105     -0.182       -0.089
TRUST_CR BY TRSTEP                 3.202    -0.097     -0.169       -0.077
TRUST_CR BY TRSTUN                 0.309    -0.036     -0.063       -0.026

WITH Statements

TRSTPLC  WITH TRSTLGL            100.110     0.976      0.976        0.329
TRSTPLT  WITH TRSTLGL              4.294    -0.188     -0.188       -0.105
TRSTPLT  WITH TRSTPLC             12.874    -0.275     -0.275       -0.163
TRSTPRT  WITH TRSTLGL             20.164    -0.415     -0.415       -0.209
TRSTPRT  WITH TRSTPLC              5.362    -0.181     -0.181       -0.097
TRSTPRT  WITH TRSTPLT            103.469     0.887      0.887        0.786
TRSTEP   WITH TRSTLGL              1.915    -0.142     -0.142       -0.054
TRSTEP   WITH TRSTPLC              0.908    -0.083     -0.083       -0.034
TRSTEP   WITH TRSTPLT             13.764    -0.319     -0.319       -0.214
TRSTEP   WITH TRSTPRT              0.360    -0.052     -0.052       -0.031
TRSTUN   WITH TRSTLGL              0.438    -0.079     -0.079       -0.023
TRSTUN   WITH TRSTPLC              1.889    -0.140     -0.140       -0.044
TRSTUN   WITH TRSTPLT             12.898    -0.335     -0.335       -0.176
TRSTUN   WITH TRSTPRT             13.142    -0.346     -0.346       -0.163
TRSTUN   WITH TRSTEP             110.263     1.110      1.110        0.398
W6Q9     WITH TRSTPLC              9.515    -0.296     -0.296       -0.101
W6Q9     WITH TRSTPLT              0.510     0.061      0.061        0.034
W6Q9     WITH TRSTPRT              2.401     0.137      0.137        0.069
W6Q9     WITH TRSTEP               1.863     0.136      0.136        0.052
W6Q9     WITH TRSTUN               2.192     0.173      0.173        0.052
W6Q10    WITH TRSTLGL              9.377    -0.335     -0.335       -0.100
W6Q10    WITH TRSTPLT              6.462     0.210      0.210        0.110
W6Q10    WITH TRSTPRT              0.333     0.049      0.049        0.023
W6Q10    WITH TRSTUN               0.376    -0.070     -0.070       -0.020
W6Q10    WITH W6Q9               113.535     1.156      1.156        0.348
W6Q11    WITH TRSTLGL              0.371     0.046      0.046        0.030
W6Q11    WITH TRSTPLC              0.773     0.057      0.057        0.039
W6Q11    WITH TRSTPRT              5.687    -0.161     -0.161       -0.166
W6Q11    WITH TRSTEP               0.331     0.040      0.040        0.031
W6Q11    WITH W6Q9                26.405    -0.416     -0.416       -0.273
W6Q11    WITH W6Q10               19.400    -0.331     -0.331       -0.202
W6Q12    WITH TRSTPLC              0.748     0.056      0.056        0.036
W6Q12    WITH TRSTPLT              6.634    -0.167     -0.167       -0.180
W6Q12    WITH TRSTEP               0.354    -0.041     -0.041       -0.030
W6Q12    WITH TRSTUN               5.635     0.187      0.187        0.108
W6Q12    WITH W6Q9                31.173    -0.444     -0.444       -0.275
W6Q12    WITH W6Q10               51.068    -0.533     -0.533       -0.306
W6Q12    WITH W6Q11              433.720     1.539      1.539        1.931
W6Q13    WITH TRSTLGL              6.246     0.251      0.251        0.094
W6Q13    WITH TRSTPLC              0.660     0.070      0.070        0.028
W6Q13    WITH TRSTPLT              2.213     0.116      0.116        0.077
W6Q13    WITH TRSTPRT              1.510    -0.098     -0.098       -0.059
W6Q13    WITH TRSTUN              17.541    -0.438     -0.438       -0.155
W6Q13    WITH W6Q9                 4.006     0.201      0.201        0.077
W6Q13    WITH W6Q10                3.134     0.172      0.172        0.061
W6Q13    WITH W6Q11               44.152    -0.504     -0.504       -0.389
W6Q13    WITH W6Q12               18.781    -0.321     -0.321       -0.233
W6Q14    WITH TRSTLGL              4.450     0.246      0.246        0.073
W6Q14    WITH TRSTPLC              0.512     0.072      0.072        0.023
W6Q14    WITH TRSTPLT              0.144     0.033      0.033        0.018
W6Q14    WITH TRSTEP              12.696    -0.369     -0.369       -0.132
W6Q14    WITH W6Q9                10.787     0.382      0.382        0.115
W6Q14    WITH W6Q10               21.925     0.530      0.530        0.148
W6Q14    WITH W6Q11               51.822    -0.591     -0.591       -0.361
W6Q14    WITH W6Q12               58.731    -0.622     -0.622       -0.357
W6Q14    WITH W6Q13              181.562     1.404      1.404        0.496


DIAGRAM INFORMATION

  Use View Diagram under the Diagram menu in the Mplus Editor to view the diagram.
  If running Mplus from the Mplus Diagrammer, the diagram opens automatically.

  Diagram output
    c:\users\msassac6\dropbox (the university of manchester)\papers\melanie revilla\ess_cronos\mplus\trust_ee_config.dgm

     Beginning Time:  11:37:23
        Ending Time:  11:37:23
       Elapsed Time:  00:00:00



MUTHEN & MUTHEN
3463 Stoner Ave.
Los Angeles, CA  90066

Tel: (310) 391-9971
Fax: (310) 391-8971
Web: www.StatModel.com
Support: Support@StatModel.com

Copyright (c) 1998-2019 Muthen & Muthen
