Mplus VERSION 8.3
MUTHEN & MUTHEN
05/08/2019   9:19 AM

INPUT INSTRUCTIONS

  TITLE: Trust institutions equivalence testing SI - scalar;

  DATA: FILE = "data4.dat";

  VARIABLE:
  NAMES = idno cntry w6part w5part w5q38 w5q39 w5q40 w5q41 psppsgva actrolga psppipla
       cptppola w5q32 w5q33 w5q34 w5q35 w5q36 w5q37 wrkprty wrkorg badge sgnptit
       pbldmn pstplonl w5q44 w5q46 w5q48 testgc33 testgc34 testgc35 w5q57 w5q58 w5q59
       w6q5 w6q6 w6q7 ppltrst pplfair pplhlp w5q63 w5q64 w5q65 w5q66 sbstrec sbprvpv
       sbeqsoc sbbsntx w6q9 w6q10 w6q11 w6q12 w6q13 w6q14 trstlgl trstplc trstplt
       trstprt trstep trstun comp;

  USEVARIABLES = trstlgl trstplc trstplt
       trstprt trstep trstun
       w6q9 w6q10 w6q11 w6q12 w6q13 w6q14;

  MISSING=.;

  USEOBSERVATIONS ARE w6part EQ 1 AND cntry EQ 3;



   Model:

  trust_ess BY
      trstlgl (a)
      trstplc
      trstplt (c)
      trstprt (d)
      trstep (e)
      trstun (f);

  trust_cro BY
      w6q9 (a)
      w6q10 (b)
      w6q11 (c)
      w6q12 (d)
      w6q13 (e)
      w6q14 (f);

      [trstlgl] (g);
      [trstplc] (h);
      [trstplt] (i);
      [trstprt] (j);
      [trstep] (k);
      [trstun] (l);


      [w6q9] (g);
      [w6q10] (h);
      [w6q11] (i);
      [w6q12] (j);
      [w6q13] (k);
      [w6q14] (l);


      trstlgl WITH w6q9;
      trstplc WITH w6q10;
      trstplt WITH w6q11;
      trstprt WITH w6q12;
      trstep WITH w6q13;
      trstun WITH w6q14;

   Output:
      STANDARDIZED(STDYX) MODINDICES(.1) ;



INPUT READING TERMINATED NORMALLY



Trust institutions equivalence testing SI - scalar;

SUMMARY OF ANALYSIS

Number of groups                                                 1
Number of observations                                         571

Number of dependent variables                                   12
Number of independent variables                                  0
Number of continuous latent variables                            2

Observed dependent variables

  Continuous
   TRSTLGL     TRSTPLC     TRSTPLT     TRSTPRT     TRSTEP      TRSTUN
   W6Q9        W6Q10       W6Q11       W6Q12       W6Q13       W6Q14

Continuous latent variables
   TRUST_ES    TRUST_CR


Estimator                                                       ML
Information matrix                                        OBSERVED
Maximum number of iterations                                  1000
Convergence criterion                                    0.500D-04
Maximum number of steepest descent iterations                   20
Maximum number of iterations for H1                           2000
Convergence criterion for H1                             0.100D-03

Input data file(s)
  data4.dat

Input data format  FREE


SUMMARY OF DATA

     Number of missing data patterns            18


COVARIANCE COVERAGE OF DATA

Minimum covariance coverage value   0.100


     PROPORTION OF DATA PRESENT


           Covariance Coverage
              TRSTLGL       TRSTPLC       TRSTPLT       TRSTPRT       TRSTEP
              ________      ________      ________      ________      ________
 TRSTLGL        0.986
 TRSTPLC        0.984         0.995
 TRSTPLT        0.981         0.991         0.991
 TRSTPRT        0.982         0.989         0.988         0.991
 TRSTEP         0.963         0.968         0.967         0.968         0.972
 TRSTUN         0.954         0.954         0.953         0.954         0.942
 W6Q9           0.947         0.954         0.951         0.951         0.933
 W6Q10          0.947         0.954         0.951         0.951         0.933
 W6Q11          0.947         0.954         0.951         0.951         0.933
 W6Q12          0.947         0.954         0.951         0.951         0.933
 W6Q13          0.947         0.954         0.951         0.951         0.933
 W6Q14          0.947         0.954         0.951         0.951         0.933


           Covariance Coverage
              TRSTUN        W6Q9          W6Q10         W6Q11         W6Q12
              ________      ________      ________      ________      ________
 TRSTUN         0.956
 W6Q9           0.919         0.960
 W6Q10          0.919         0.960         0.960
 W6Q11          0.919         0.960         0.960         0.960
 W6Q12          0.919         0.960         0.960         0.960         0.960
 W6Q13          0.919         0.960         0.960         0.960         0.960
 W6Q14          0.919         0.960         0.960         0.960         0.960


           Covariance Coverage
              W6Q13         W6Q14
              ________      ________
 W6Q13          0.960
 W6Q14          0.960         0.960



UNIVARIATE SAMPLE STATISTICS


     UNIVARIATE HIGHER-ORDER MOMENT DESCRIPTIVE STATISTICS

         Variable/         Mean/     Skewness/   Minimum/ % with                Percentiles
        Sample Size      Variance    Kurtosis    Maximum  Min/Max      20%/60%    40%/80%    Median

     TRSTLGL               3.840       0.155       0.000    9.95%       2.000      3.000      4.000
             563.000       5.765      -0.851       9.000    2.49%       5.000      6.000
     TRSTPLC               6.139      -0.555       0.000    1.94%       4.000      6.000      6.000
             568.000       4.873       0.019      10.000    4.05%       7.000      8.000
     TRSTPLT               2.429       0.405       0.000   25.09%       0.000      2.000      2.000
             566.000       3.892      -0.714       8.000    0.35%       3.000      4.000
     TRSTPRT               2.435       0.386       0.000   22.44%       0.000      2.000      2.000
             566.000       3.652      -0.667       9.000    0.18%       3.000      4.000
     TRSTEP                4.063      -0.030       0.000   10.09%       2.000      3.000      4.000
             555.000       5.609      -0.757      10.000    0.36%       5.000      6.000
     TRSTUN                4.555      -0.124       0.000    8.61%       3.000      4.000      5.000
             546.000       5.837      -0.537      10.000    1.47%       5.000      7.000
     W6Q9                  3.296       0.261       0.000   18.80%       1.000      3.000      3.000
             548.000       5.792      -0.765      10.000    0.36%       4.000      5.000
     W6Q10                 5.425      -0.363       0.000    4.56%       3.000      5.000      5.000
             548.000       6.288      -0.566      10.000    3.28%       6.000      8.000
     W6Q11                 2.066       0.716       0.000   35.95%       0.000      1.000      2.000
             548.000       4.116      -0.152      10.000    0.18%       3.000      4.000
     W6Q12                 2.005       0.743       0.000   34.67%       0.000      1.000      2.000
             548.000       3.900      -0.122      10.000    0.18%       2.000      4.000
     W6Q13                 3.396       0.142       0.000   17.34%       1.000      3.000      3.000
             548.000       5.400      -0.705      10.000    0.18%       4.000      5.000
     W6Q14                 3.670       0.031       0.000   14.23%       1.000      3.000      4.000
             548.000       5.411      -0.660      10.000    0.55%       5.000      5.000


THE MODEL ESTIMATION TERMINATED NORMALLY



MODEL FIT INFORMATION

Number of Free Parameters                       33

Loglikelihood

          H0 Value                      -12801.427
          H1 Value                      -12347.634

Information Criteria

          Akaike (AIC)                   25668.854
          Bayesian (BIC)                 25812.318
          Sample-Size Adjusted BIC       25707.557
            (n* = (n + 2) / 24)

Chi-Square Test of Model Fit

          Value                            907.586
          Degrees of Freedom                    57
          P-Value                           0.0000

RMSEA (Root Mean Square Error Of Approximation)

          Estimate                           0.162
          90 Percent C.I.                    0.152  0.171
          Probability RMSEA <= .05           0.000

CFI/TLI

          CFI                                0.822
          TLI                                0.793

Chi-Square Test of Model Fit for the Baseline Model

          Value                           4831.259
          Degrees of Freedom                    66
          P-Value                           0.0000

SRMR (Standardized Root Mean Square Residual)

          Value                              0.096



MODEL RESULTS

                                                    Two-Tailed
                    Estimate       S.E.  Est./S.E.    P-Value

 TRUST_ES BY
    TRSTLGL            1.000      0.000    999.000    999.000
    TRSTPLC            0.656      0.058     11.276      0.000
    TRSTPLT            1.201      0.049     24.396      0.000
    TRSTPRT            1.147      0.048     23.908      0.000
    TRSTEP             1.079      0.053     20.444      0.000
    TRSTUN             1.008      0.053     18.918      0.000

 TRUST_CR BY
    W6Q9               1.000      0.000    999.000    999.000
    W6Q10              0.814      0.065     12.465      0.000
    W6Q11              1.201      0.049     24.396      0.000
    W6Q12              1.147      0.048     23.908      0.000
    W6Q13              1.079      0.053     20.444      0.000
    W6Q14              1.008      0.053     18.918      0.000

 TRUST_CR WITH
    TRUST_ESS          1.262      0.158      7.975      0.000

 TRSTLGL  WITH
    W6Q9               1.434      0.161      8.932      0.000

 TRSTPLC  WITH
    W6Q10              1.825      0.206      8.844      0.000

 TRSTPLT  WITH
    W6Q11              0.000      0.042     -0.004      0.996

 TRSTPRT  WITH
    W6Q12              0.061      0.041      1.483      0.138

 TRSTEP   WITH
    W6Q13              1.095      0.137      8.011      0.000

 TRSTUN   WITH
    W6Q14              1.369      0.167      8.217      0.000

 Intercepts
    TRSTLGL            3.608      0.089     40.739      0.000
    TRSTPLC            5.872      0.087     67.261      0.000
    TRSTPLT            2.297      0.076     30.420      0.000
    TRSTPRT            2.266      0.073     30.955      0.000
    TRSTEP             3.762      0.088     42.872      0.000
    TRSTUN             4.089      0.090     45.241      0.000
    W6Q9               3.608      0.089     40.739      0.000
    W6Q10              5.872      0.087     67.261      0.000
    W6Q11              2.297      0.076     30.420      0.000
    W6Q12              2.266      0.073     30.955      0.000
    W6Q13              3.762      0.088     42.872      0.000
    W6Q14              4.089      0.090     45.241      0.000

 Variances
    TRUST_ESS          2.343      0.231     10.146      0.000
    TRUST_CRO          2.523      0.251     10.064      0.000

 Residual Variances
    TRSTLGL            3.349      0.212     15.812      0.000
    TRSTPLC            3.914      0.238     16.418      0.000
    TRSTPLT            0.506      0.057      8.921      0.000
    TRSTPRT            0.583      0.055     10.599      0.000
    TRSTEP             2.929      0.192     15.286      0.000
    TRSTUN             3.830      0.248     15.426      0.000
    W6Q9               3.243      0.210     15.479      0.000
    W6Q10              4.892      0.307     15.924      0.000
    W6Q11              0.573      0.066      8.654      0.000
    W6Q12              0.673      0.064     10.577      0.000
    W6Q13              2.574      0.177     14.575      0.000
    W6Q14              2.964      0.200     14.843      0.000


STANDARDIZED MODEL RESULTS


STDYX Standardization

                                                    Two-Tailed
                    Estimate       S.E.  Est./S.E.    P-Value

 TRUST_ES BY
    TRSTLGL            0.642      0.023     28.110      0.000
    TRSTPLC            0.452      0.034     13.368      0.000
    TRSTPLT            0.933      0.008    111.004      0.000
    TRSTPRT            0.917      0.009    102.808      0.000
    TRSTEP             0.694      0.021     33.381      0.000
    TRSTUN             0.619      0.023     26.754      0.000

 TRUST_CR BY
    W6Q9               0.661      0.023     28.924      0.000
    W6Q10              0.505      0.033     15.501      0.000
    W6Q11              0.929      0.009    103.431      0.000
    W6Q12              0.912      0.010     95.882      0.000
    W6Q13              0.730      0.020     35.915      0.000
    W6Q14              0.681      0.023     29.494      0.000

 TRUST_CR WITH
    TRUST_ESS          0.519      0.034     15.164      0.000

 TRSTLGL  WITH
    W6Q9               0.435      0.037     11.788      0.000

 TRSTPLC  WITH
    W6Q10              0.417      0.036     11.446      0.000

 TRSTPLT  WITH
    W6Q11              0.000      0.078     -0.004      0.996

 TRSTPRT  WITH
    W6Q12              0.097      0.065      1.502      0.133

 TRSTEP   WITH
    W6Q13              0.399      0.040      9.996      0.000

 TRSTUN   WITH
    W6Q14              0.406      0.039     10.345      0.000

 Intercepts
    TRSTLGL            1.512      0.056     26.868      0.000
    TRSTPLC            2.647      0.092     28.741      0.000
    TRSTPLT            1.165      0.054     21.521      0.000
    TRSTPRT            1.184      0.054     21.800      0.000
    TRSTEP             1.582      0.059     26.995      0.000
    TRSTUN             1.641      0.061     26.802      0.000
    W6Q9               1.502      0.052     28.846      0.000
    W6Q10              2.292      0.072     31.954      0.000
    W6Q11              1.119      0.045     24.727      0.000
    W6Q12              1.134      0.045     25.103      0.000
    W6Q13              1.603      0.054     29.621      0.000
    W6Q14              1.739      0.057     30.460      0.000

 Variances
    TRUST_ESS          1.000      0.000    999.000    999.000
    TRUST_CRO          1.000      0.000    999.000    999.000

 Residual Variances
    TRSTLGL            0.588      0.029     20.083      0.000
    TRSTPLC            0.795      0.031     25.981      0.000
    TRSTPLT            0.130      0.016      8.298      0.000
    TRSTPRT            0.159      0.016      9.715      0.000
    TRSTEP             0.518      0.029     17.933      0.000
    TRSTUN             0.617      0.029     21.538      0.000
    W6Q9               0.562      0.030     18.591      0.000
    W6Q10              0.745      0.033     22.696      0.000
    W6Q11              0.136      0.017      8.146      0.000
    W6Q12              0.169      0.017      9.726      0.000
    W6Q13              0.467      0.030     15.749      0.000
    W6Q14              0.536      0.031     17.068      0.000


R-SQUARE

    Observed                                        Two-Tailed
    Variable        Estimate       S.E.  Est./S.E.    P-Value

    TRSTLGL            0.412      0.029     14.055      0.000
    TRSTPLC            0.205      0.031      6.684      0.000
    TRSTPLT            0.870      0.016     55.502      0.000
    TRSTPRT            0.841      0.016     51.404      0.000
    TRSTEP             0.482      0.029     16.690      0.000
    TRSTUN             0.383      0.029     13.377      0.000
    W6Q9               0.438      0.030     14.462      0.000
    W6Q10              0.255      0.033      7.750      0.000
    W6Q11              0.864      0.017     51.716      0.000
    W6Q12              0.831      0.017     47.941      0.000
    W6Q13              0.533      0.030     17.958      0.000
    W6Q14              0.464      0.031     14.747      0.000


QUALITY OF NUMERICAL RESULTS

     Condition Number for the Information Matrix              0.252E-02
       (ratio of smallest to largest eigenvalue)


MODEL MODIFICATION INDICES

NOTE:  Modification indices for direct effects of observed dependent variables
regressed on covariates may not be included.  To include these, request
MODINDICES (ALL).

Minimum M.I. value for printing the modification index     0.100

                                   M.I.     E.P.C.  Std E.P.C.  StdYX E.P.C.

BY Statements

TRUST_ES BY TRSTLGL                1.103    -0.064     -0.099       -0.041
TRUST_ES BY TRSTPLT                0.491     0.015      0.023        0.012
TRUST_ES BY TRSTUN                 0.747    -0.033     -0.051       -0.020
TRUST_ES BY W6Q9                   9.324     0.150      0.230        0.096
TRUST_ES BY W6Q10                  0.209     0.034      0.053        0.021
TRUST_ES BY W6Q12                  1.996    -0.045     -0.068       -0.034
TRUST_ES BY W6Q13                  0.120    -0.016     -0.024       -0.010
TRUST_CR BY TRSTLGL                0.515    -0.034     -0.055       -0.023
TRUST_CR BY TRSTPLC                0.559    -0.048     -0.077       -0.035
TRUST_CR BY TRSTPLT                2.124     0.043      0.069        0.035
TRUST_CR BY TRSTPRT                0.706    -0.024     -0.039       -0.020
TRUST_CR BY TRSTEP                 0.338     0.027      0.043        0.018
TRUST_CR BY TRSTUN                 0.748    -0.045     -0.072       -0.029
TRUST_CR BY W6Q9                   1.103     0.064      0.102        0.043
TRUST_CR BY W6Q11                  0.491    -0.014     -0.023       -0.011
TRUST_CR BY W6Q14                  0.747     0.022      0.035        0.015

WITH Statements

TRSTPLC  WITH TRSTLGL            100.117     1.318      1.318        0.364
TRSTPLT  WITH TRSTLGL              4.283    -0.158     -0.158       -0.121
TRSTPLT  WITH TRSTPLC              5.762    -0.183     -0.183       -0.130
TRSTPRT  WITH TRSTLGL             26.022    -0.379     -0.379       -0.271
TRSTPRT  WITH TRSTPLC             24.223    -0.368     -0.368       -0.244
TRSTPRT  WITH TRSTPLT            180.520     1.055      1.055        1.943
TRSTEP   WITH TRSTLGL             12.877     0.432      0.432        0.138
TRSTEP   WITH TRSTPLC              6.896     0.335      0.335        0.099
TRSTEP   WITH TRSTPLT             45.931    -0.517     -0.517       -0.425
TRSTEP   WITH TRSTPRT              2.960    -0.128     -0.128       -0.098
TRSTUN   WITH TRSTLGL             10.245     0.434      0.434        0.121
TRSTUN   WITH TRSTPLC              6.984     0.381      0.381        0.099
TRSTUN   WITH TRSTPLT             21.553    -0.379     -0.379       -0.272
TRSTUN   WITH TRSTPRT             20.373    -0.360     -0.360       -0.241
TRSTUN   WITH TRSTEP             132.554     1.511      1.511        0.451
W6Q9     WITH TRSTPLC             12.104    -0.456     -0.456       -0.128
W6Q9     WITH TRSTPLT              0.796     0.063      0.063        0.050
W6Q9     WITH TRSTPRT              4.849     0.154      0.154        0.112
W6Q9     WITH TRSTEP               0.163     0.048      0.048        0.016
W6Q9     WITH TRSTUN               0.671    -0.111     -0.111       -0.031
W6Q10    WITH TRSTLGL             22.205    -0.703     -0.703       -0.174
W6Q10    WITH TRSTPLT              2.854     0.141      0.141        0.090
W6Q10    WITH TRSTPRT              4.657     0.179      0.179        0.106
W6Q10    WITH TRSTEP               3.591    -0.274     -0.274       -0.072
W6Q10    WITH TRSTUN               0.623    -0.129     -0.129       -0.030
W6Q10    WITH W6Q9                93.390     1.420      1.420        0.357
W6Q11    WITH TRSTLGL              3.113     0.133      0.133        0.096
W6Q11    WITH TRSTPLC              5.148     0.176      0.176        0.118
W6Q11    WITH TRSTPRT             28.507    -0.300     -0.300       -0.519
W6Q11    WITH TRSTEP               7.148     0.198      0.198        0.153
W6Q11    WITH TRSTUN               4.768     0.179      0.179        0.121
W6Q11    WITH W6Q9                 1.370    -0.091     -0.091       -0.067
W6Q11    WITH W6Q10               17.367    -0.377     -0.377       -0.225
W6Q12    WITH TRSTLGL              2.337     0.114      0.114        0.076
W6Q12    WITH TRSTPLC              4.838     0.171      0.171        0.105
W6Q12    WITH TRSTPLT              8.907    -0.170     -0.170       -0.291
W6Q12    WITH TRSTEP               0.111    -0.024     -0.024       -0.017
W6Q12    WITH TRSTUN               0.140     0.031      0.031        0.019
W6Q12    WITH W6Q9                48.630    -0.536     -0.536       -0.363
W6Q12    WITH W6Q10               40.641    -0.571     -0.571       -0.314
W6Q12    WITH W6Q11              286.352     1.285      1.285        2.068
W6Q13    WITH TRSTLGL              1.449    -0.137     -0.137       -0.047
W6Q13    WITH TRSTPLC              6.809    -0.315     -0.315       -0.099
W6Q13    WITH TRSTPLT              4.916     0.148      0.148        0.130
W6Q13    WITH TRSTPRT              0.443     0.044      0.044        0.036
W6Q13    WITH TRSTUN              13.852    -0.464     -0.464       -0.148
W6Q13    WITH W6Q9                 4.951     0.250      0.250        0.087
W6Q13    WITH W6Q10               18.850     0.589      0.589        0.166
W6Q13    WITH W6Q11               61.239    -0.593     -0.593       -0.488
W6Q13    WITH W6Q12                8.583    -0.217     -0.217       -0.165
W6Q14    WITH TRSTLGL              4.420    -0.252     -0.252       -0.080
W6Q14    WITH TRSTPLC              9.150    -0.386     -0.386       -0.113
W6Q14    WITH TRSTPLT              1.392     0.082      0.082        0.067
W6Q14    WITH TRSTPRT              4.991     0.152      0.152        0.116
W6Q14    WITH TRSTEP               8.398    -0.337     -0.337       -0.114
W6Q14    WITH W6Q9                20.291     0.534      0.534        0.172
W6Q14    WITH W6Q10               24.644     0.711      0.711        0.187
W6Q14    WITH W6Q11               56.266    -0.578     -0.578       -0.443
W6Q14    WITH W6Q12               24.942    -0.378     -0.378       -0.268
W6Q14    WITH W6Q13              181.657     1.478      1.478        0.535

Means/Intercepts/Thresholds

[ TRSTLGL  ]                       3.449     0.080      0.080        0.033
[ TRSTPLC  ]                      20.875     0.160      0.160        0.072
[ TRSTPLT  ]                       7.291    -0.069     -0.069       -0.035
[ TRSTPRT  ]                       0.216    -0.012     -0.012       -0.006
[ TRSTEP   ]                      10.516     0.144      0.144        0.061
[ TRSTUN   ]                      32.192     0.305      0.305        0.122
[ W6Q9     ]                       3.449    -0.079     -0.079       -0.033
[ W6Q10    ]                      20.874    -0.290     -0.290       -0.113
[ W6Q11    ]                       7.290     0.078      0.078        0.038
[ W6Q12    ]                       0.216     0.013      0.013        0.007
[ W6Q13    ]                      10.516    -0.121     -0.121       -0.052
[ W6Q14    ]                      32.190    -0.204     -0.204       -0.087
[ TRUST_ES ]                      38.134     0.427      0.279        0.279
[ TRUST_CR ]                      44.136    -0.457     -0.288       -0.288


DIAGRAM INFORMATION

  Use View Diagram under the Diagram menu in the Mplus Editor to view the diagram.
  If running Mplus from the Mplus Diagrammer, the diagram opens automatically.

  Diagram output
    c:\users\msassac6\dropbox (the university of manchester)\papers\melanie revilla\ess_cronos\mplus\trust_si_scalar10.d

     Beginning Time:  09:19:59
        Ending Time:  09:19:59
       Elapsed Time:  00:00:00



MUTHEN & MUTHEN
3463 Stoner Ave.
Los Angeles, CA  90066

Tel: (310) 391-9971
Fax: (310) 391-8971
Web: www.StatModel.com
Support: Support@StatModel.com

Copyright (c) 1998-2019 Muthen & Muthen
