Mplus VERSION 8.3
MUTHEN & MUTHEN
05/08/2019   9:19 AM

INPUT INSTRUCTIONS

  TITLE: Trust institutions equivalence testing GB - scalar;

  DATA: FILE = "data4.dat";

  VARIABLE:
  NAMES = idno cntry w6part w5part w5q38 w5q39 w5q40 w5q41 psppsgva actrolga psppipla
       cptppola w5q32 w5q33 w5q34 w5q35 w5q36 w5q37 wrkprty wrkorg badge sgnptit
       pbldmn pstplonl w5q44 w5q46 w5q48 testgc33 testgc34 testgc35 w5q57 w5q58 w5q59
       w6q5 w6q6 w6q7 ppltrst pplfair pplhlp w5q63 w5q64 w5q65 w5q66 sbstrec sbprvpv
       sbeqsoc sbbsntx w6q9 w6q10 w6q11 w6q12 w6q13 w6q14 trstlgl trstplc trstplt
       trstprt trstep trstun comp;

  USEVARIABLES = trstlgl trstplc trstplt
       trstprt trstep trstun
       w6q9 w6q10 w6q11 w6q12 w6q13 w6q14;

  MISSING=.;

  USEOBSERVATIONS ARE w6part EQ 1 AND cntry EQ 2;



   Model:

  trust_ess BY
      trstlgl (a)
      trstplc
      trstplt (c)
      trstprt (d)
      trstep (e)
      trstun (f);

  trust_cro BY
      w6q9 (a)
      w6q10 (b)
      w6q11 (c)
      w6q12 (d)
      w6q13 (e)
      w6q14 (f);

      [trstlgl] (g);
      [trstplc] (h);
      [trstplt] (i);
      [trstprt] (j);
      [trstep] (k);
      [trstun] (l);


      [w6q9] (g);
      [w6q10] (h);
      [w6q11] (i);
      [w6q12] (j);
      [w6q13] (k);
      [w6q14] (l);


      trstlgl WITH w6q9;
      trstplc WITH w6q10;
      trstplt WITH w6q11;
      trstprt WITH w6q12;
      trstep WITH w6q13;
      trstun WITH w6q14;

   Output:
      STANDARDIZED(STDYX) MODINDICES(.1) ;



INPUT READING TERMINATED NORMALLY



Trust institutions equivalence testing GB - scalar;

SUMMARY OF ANALYSIS

Number of groups                                                 1
Number of observations                                         641

Number of dependent variables                                   12
Number of independent variables                                  0
Number of continuous latent variables                            2

Observed dependent variables

  Continuous
   TRSTLGL     TRSTPLC     TRSTPLT     TRSTPRT     TRSTEP      TRSTUN
   W6Q9        W6Q10       W6Q11       W6Q12       W6Q13       W6Q14

Continuous latent variables
   TRUST_ES    TRUST_CR


Estimator                                                       ML
Information matrix                                        OBSERVED
Maximum number of iterations                                  1000
Convergence criterion                                    0.500D-04
Maximum number of steepest descent iterations                   20
Maximum number of iterations for H1                           2000
Convergence criterion for H1                             0.100D-03

Input data file(s)
  data4.dat

Input data format  FREE


SUMMARY OF DATA

     Number of missing data patterns            16


COVARIANCE COVERAGE OF DATA

Minimum covariance coverage value   0.100


     PROPORTION OF DATA PRESENT


           Covariance Coverage
              TRSTLGL       TRSTPLC       TRSTPLT       TRSTPRT       TRSTEP
              ________      ________      ________      ________      ________
 TRSTLGL        0.992
 TRSTPLC        0.992         1.000
 TRSTPLT        0.991         0.998         0.998
 TRSTPRT        0.988         0.995         0.995         0.995
 TRSTEP         0.973         0.978         0.978         0.977         0.978
 TRSTUN         0.950         0.955         0.955         0.953         0.949
 W6Q9           0.947         0.953         0.952         0.949         0.934
 W6Q10          0.947         0.953         0.952         0.949         0.934
 W6Q11          0.949         0.955         0.953         0.950         0.936
 W6Q12          0.949         0.955         0.953         0.950         0.936
 W6Q13          0.949         0.955         0.953         0.950         0.936
 W6Q14          0.945         0.952         0.950         0.947         0.933


           Covariance Coverage
              TRSTUN        W6Q9          W6Q10         W6Q11         W6Q12
              ________      ________      ________      ________      ________
 TRSTUN         0.955
 W6Q9           0.914         0.953
 W6Q10          0.914         0.953         0.953
 W6Q11          0.914         0.953         0.953         0.955
 W6Q12          0.914         0.953         0.953         0.955         0.955
 W6Q13          0.914         0.953         0.953         0.955         0.955
 W6Q14          0.913         0.952         0.952         0.952         0.952


           Covariance Coverage
              W6Q13         W6Q14
              ________      ________
 W6Q13          0.955
 W6Q14          0.952         0.952



UNIVARIATE SAMPLE STATISTICS


     UNIVARIATE HIGHER-ORDER MOMENT DESCRIPTIVE STATISTICS

         Variable/         Mean/     Skewness/   Minimum/ % with                Percentiles
        Sample Size      Variance    Kurtosis    Maximum  Min/Max      20%/60%    40%/80%    Median

     TRSTLGL               6.228      -0.708       0.000    1.89%       4.000      6.000      7.000
             636.000       4.607       0.193      10.000    2.83%       7.000      8.000
     TRSTPLC               6.880      -0.946       0.000    0.94%       5.000      7.000      7.000
             641.000       3.931       0.857      10.000    4.99%       8.000      8.000
     TRSTPLT               3.961      -0.013       0.000    7.34%       2.000      3.000      4.000
             640.000       4.653      -0.597      10.000    0.31%       5.000      6.000
     TRSTPRT               4.006      -0.017       0.000    5.49%       2.000      3.000      4.000
             638.000       4.176      -0.452      10.000    0.31%       5.000      6.000
     TRSTEP                3.718       0.031       0.000   14.51%       1.000      3.000      4.000
             627.000       5.628      -0.783      10.000    0.16%       5.000      6.000
     TRSTUN                5.660      -0.641       0.000    3.92%       4.000      5.000      6.000
             612.000       5.087       0.008      10.000    1.47%       7.000      8.000
     W6Q9                  5.424      -0.440       0.000    2.95%       3.000      5.000      6.000
             611.000       5.076      -0.508      10.000    0.82%       6.000      7.000
     W6Q10                 6.214      -0.804       0.000    2.78%       5.000      6.000      7.000
             611.000       5.108       0.235      10.000    3.11%       7.000      8.000
     W6Q11                 3.408       0.154       0.000   14.87%       1.000      3.000      3.000
             612.000       5.157      -0.748      10.000    0.33%       4.000      5.000
     W6Q12                 3.353       0.248       0.000   15.03%       1.000      3.000      3.000
             612.000       5.147      -0.621      10.000    0.49%       4.000      5.000
     W6Q13                 3.286       0.272       0.000   20.59%       0.000      2.000      3.000
             612.000       6.172      -0.795      10.000    0.98%       4.000      5.000
     W6Q14                 4.941      -0.354       0.000    6.56%       3.000      5.000      5.000
             610.000       5.862      -0.592      10.000    0.66%       6.000      7.000


THE MODEL ESTIMATION TERMINATED NORMALLY



MODEL FIT INFORMATION

Number of Free Parameters                       33

Loglikelihood

          H0 Value                      -14520.664
          H1 Value                      -14138.707

Information Criteria

          Akaike (AIC)                   29107.328
          Bayesian (BIC)                 29254.608
          Sample-Size Adjusted BIC       29149.835
            (n* = (n + 2) / 24)

Chi-Square Test of Model Fit

          Value                            763.913
          Degrees of Freedom                    57
          P-Value                           0.0000

RMSEA (Root Mean Square Error Of Approximation)

          Estimate                           0.139
          90 Percent C.I.                    0.130  0.148
          Probability RMSEA <= .05           0.000

CFI/TLI

          CFI                                0.854
          TLI                                0.831

Chi-Square Test of Model Fit for the Baseline Model

          Value                           4910.644
          Degrees of Freedom                    66
          P-Value                           0.0000

SRMR (Standardized Root Mean Square Residual)

          Value                              0.104



MODEL RESULTS

                                                    Two-Tailed
                    Estimate       S.E.  Est./S.E.    P-Value

 TRUST_ES BY
    TRSTLGL            1.000      0.000    999.000    999.000
    TRSTPLC            0.613      0.057     10.702      0.000
    TRSTPLT            1.433      0.064     22.549      0.000
    TRSTPRT            1.432      0.063     22.632      0.000
    TRSTEP             1.140      0.062     18.504      0.000
    TRSTUN             0.955      0.058     16.554      0.000

 TRUST_CR BY
    W6Q9               1.000      0.000    999.000    999.000
    W6Q10              0.833      0.060     13.985      0.000
    W6Q11              1.433      0.064     22.549      0.000
    W6Q12              1.432      0.063     22.632      0.000
    W6Q13              1.140      0.062     18.504      0.000
    W6Q14              0.955      0.058     16.554      0.000

 TRUST_CR WITH
    TRUST_ESS          1.213      0.139      8.704      0.000

 TRSTLGL  WITH
    W6Q9               1.553      0.154     10.096      0.000

 TRSTPLC  WITH
    W6Q10              2.182      0.179     12.175      0.000

 TRSTPLT  WITH
    W6Q11              0.327      0.062      5.315      0.000

 TRSTPRT  WITH
    W6Q12              0.136      0.057      2.388      0.017

 TRSTEP   WITH
    W6Q13              2.211      0.178     12.428      0.000

 TRSTUN   WITH
    W6Q14              1.891      0.180     10.493      0.000

 Intercepts
    TRSTLGL            5.923      0.082     71.907      0.000
    TRSTPLC            6.695      0.079     84.836      0.000
    TRSTPLT            3.845      0.082     46.887      0.000
    TRSTPRT            3.845      0.081     47.717      0.000
    TRSTEP             3.627      0.091     39.988      0.000
    TRSTUN             5.391      0.085     63.348      0.000
    W6Q9               5.923      0.082     71.907      0.000
    W6Q10              6.695      0.079     84.836      0.000
    W6Q11              3.845      0.082     46.887      0.000
    W6Q12              3.845      0.081     47.717      0.000
    W6Q13              3.627      0.091     39.988      0.000
    W6Q14              5.391      0.085     63.348      0.000

 Variances
    TRUST_ESS          1.706      0.172      9.914      0.000
    TRUST_CRO          2.221      0.227      9.775      0.000

 Residual Variances
    TRSTLGL            3.369      0.201     16.727      0.000
    TRSTPLC            3.415      0.195     17.475      0.000
    TRSTPLT            0.902      0.082     11.025      0.000
    TRSTPRT            0.742      0.076      9.796      0.000
    TRSTEP             3.638      0.218     16.705      0.000
    TRSTUN             3.775      0.226     16.731      0.000
    W6Q9               3.065      0.191     16.036      0.000
    W6Q10              4.042      0.244     16.591      0.000
    W6Q11              0.878      0.082     10.648      0.000
    W6Q12              0.854      0.083     10.296      0.000
    W6Q13              3.450      0.212     16.263      0.000
    W6Q14              3.811      0.232     16.422      0.000


STANDARDIZED MODEL RESULTS


STDYX Standardization

                                                    Two-Tailed
                    Estimate       S.E.  Est./S.E.    P-Value

 TRUST_ES BY
    TRSTLGL            0.580      0.023     25.701      0.000
    TRSTPLC            0.398      0.032     12.412      0.000
    TRSTPLT            0.892      0.011     78.397      0.000
    TRSTPRT            0.908      0.010     88.715      0.000
    TRSTEP             0.615      0.021     28.734      0.000
    TRSTUN             0.540      0.024     22.265      0.000

 TRUST_CR BY
    W6Q9               0.648      0.023     27.768      0.000
    W6Q10              0.525      0.029     18.359      0.000
    W6Q11              0.916      0.009    101.022      0.000
    W6Q12              0.918      0.009    101.187      0.000
    W6Q13              0.675      0.021     31.646      0.000
    W6Q14              0.589      0.026     22.968      0.000

 TRUST_CR WITH
    TRUST_ESS          0.623      0.028     22.281      0.000

 TRSTLGL  WITH
    W6Q9               0.483      0.034     14.405      0.000

 TRSTPLC  WITH
    W6Q10              0.587      0.028     21.049      0.000

 TRSTPLT  WITH
    W6Q11              0.368      0.055      6.634      0.000

 TRSTPRT  WITH
    W6Q12              0.171      0.066      2.609      0.009

 TRSTEP   WITH
    W6Q13              0.624      0.027     23.101      0.000

 TRSTUN   WITH
    W6Q14              0.498      0.032     15.415      0.000

 Intercepts
    TRSTLGL            2.629      0.081     32.598      0.000
    TRSTPLC            3.324      0.105     31.756      0.000
    TRSTPLT            1.832      0.065     28.009      0.000
    TRSTPRT            1.867      0.067     27.697      0.000
    TRSTEP             1.499      0.053     28.031      0.000
    TRSTUN             2.335      0.074     31.761      0.000
    W6Q9               2.576      0.072     35.794      0.000
    W6Q10              2.834      0.082     34.578      0.000
    W6Q11              1.649      0.052     31.549      0.000
    W6Q12              1.653      0.051     32.186      0.000
    W6Q13              1.441      0.049     29.314      0.000
    W6Q14              2.231      0.064     35.090      0.000

 Variances
    TRUST_ESS          1.000      0.000    999.000    999.000
    TRUST_CRO          1.000      0.000    999.000    999.000

 Residual Variances
    TRSTLGL            0.664      0.026     25.380      0.000
    TRSTPLC            0.842      0.026     33.000      0.000
    TRSTPLT            0.205      0.020     10.095      0.000
    TRSTPRT            0.175      0.019      9.404      0.000
    TRSTEP             0.621      0.026     23.569      0.000
    TRSTUN             0.708      0.026     26.990      0.000
    W6Q9               0.580      0.030     19.160      0.000
    W6Q10              0.724      0.030     24.105      0.000
    W6Q11              0.161      0.017      9.728      0.000
    W6Q12              0.158      0.017      9.483      0.000
    W6Q13              0.544      0.029     18.911      0.000
    W6Q14              0.653      0.030     21.597      0.000


R-SQUARE

    Observed                                        Two-Tailed
    Variable        Estimate       S.E.  Est./S.E.    P-Value

    TRSTLGL            0.336      0.026     12.850      0.000
    TRSTPLC            0.158      0.026      6.206      0.000
    TRSTPLT            0.795      0.020     39.199      0.000
    TRSTPRT            0.825      0.019     44.357      0.000
    TRSTEP             0.379      0.026     14.367      0.000
    TRSTUN             0.292      0.026     11.133      0.000
    W6Q9               0.420      0.030     13.884      0.000
    W6Q10              0.276      0.030      9.180      0.000
    W6Q11              0.839      0.017     50.511      0.000
    W6Q12              0.842      0.017     50.593      0.000
    W6Q13              0.456      0.029     15.823      0.000
    W6Q14              0.347      0.030     11.484      0.000


QUALITY OF NUMERICAL RESULTS

     Condition Number for the Information Matrix              0.256E-02
       (ratio of smallest to largest eigenvalue)


MODEL MODIFICATION INDICES

NOTE:  Modification indices for direct effects of observed dependent variables
regressed on covariates may not be included.  To include these, request
MODINDICES (ALL).

Minimum M.I. value for printing the modification index     0.100

                                   M.I.     E.P.C.  Std E.P.C.  StdYX E.P.C.

BY Statements

TRUST_ES BY TRSTLGL                3.147    -0.109     -0.142       -0.063
TRUST_ES BY TRSTPLT                7.539     0.080      0.104        0.050
TRUST_ES BY TRSTPRT                0.124    -0.010     -0.013       -0.006
TRUST_ES BY TRSTEP                 0.536    -0.026     -0.035       -0.014
TRUST_ES BY TRSTUN                 3.921    -0.078     -0.102       -0.044
TRUST_ES BY W6Q9                   0.592    -0.041     -0.053       -0.023
TRUST_ES BY W6Q10                  3.087    -0.141     -0.184       -0.078
TRUST_ES BY W6Q11                  0.933     0.039      0.051        0.022
TRUST_ES BY W6Q12                  0.460    -0.029     -0.037       -0.016
TRUST_ES BY W6Q13                  0.176    -0.021     -0.028       -0.011
TRUST_ES BY W6Q14                  3.601     0.110      0.144        0.060
TRUST_CR BY TRSTLGL                4.725    -0.102     -0.151       -0.067
TRUST_CR BY TRSTPLC                3.295    -0.116     -0.173       -0.086
TRUST_CR BY TRSTPLT               15.827     0.134      0.200        0.095
TRUST_CR BY TRSTPRT                2.466    -0.053     -0.080       -0.039
TRUST_CR BY TRSTEP                 1.079    -0.046     -0.069       -0.028
TRUST_CR BY TRSTUN                 0.385    -0.031     -0.046       -0.020
TRUST_CR BY W6Q9                   3.146     0.109      0.162        0.070
TRUST_CR BY W6Q11                  7.538    -0.051     -0.076       -0.033
TRUST_CR BY W6Q12                  0.124     0.007      0.011        0.005
TRUST_CR BY W6Q13                  0.536     0.015      0.023        0.009
TRUST_CR BY W6Q14                  3.922     0.052      0.078        0.032

WITH Statements

TRSTPLC  WITH TRSTLGL            101.680     1.017      1.017        0.300
TRSTPLT  WITH TRSTLGL              5.219    -0.180     -0.180       -0.103
TRSTPLT  WITH TRSTPLC              3.660    -0.133     -0.133       -0.076
TRSTPRT  WITH TRSTLGL              7.803    -0.220     -0.220       -0.139
TRSTPRT  WITH TRSTPLC             13.526    -0.256     -0.256       -0.161
TRSTPRT  WITH TRSTPLT             51.983     0.656      0.656        0.802
TRSTEP   WITH TRSTLGL              0.982    -0.104     -0.104       -0.030
TRSTEP   WITH TRSTPLC              1.262     0.108      0.108        0.031
TRSTEP   WITH TRSTPLT              6.059    -0.194     -0.194       -0.107
TRSTEP   WITH TRSTPRT              0.454     0.053      0.053        0.032
TRSTUN   WITH TRSTLGL             22.080     0.549      0.549        0.154
TRSTUN   WITH TRSTPLC              3.509     0.200      0.200        0.056
TRSTUN   WITH TRSTPLT             10.853    -0.271     -0.271       -0.147
TRSTUN   WITH TRSTPRT             10.713    -0.268     -0.268       -0.160
TRSTUN   WITH TRSTEP              16.297     0.449      0.449        0.121
W6Q9     WITH TRSTPLC             16.699    -0.397     -0.397       -0.123
W6Q9     WITH TRSTPLT              1.067     0.075      0.075        0.045
W6Q9     WITH TRSTPRT              6.738    -0.188     -0.188       -0.124
W6Q9     WITH TRSTEP               9.003     0.305      0.305        0.091
W6Q9     WITH TRSTUN               0.463    -0.077     -0.077       -0.023
W6Q10    WITH TRSTLGL             32.908    -0.639     -0.639       -0.173
W6Q10    WITH TRSTPLT              0.821     0.068      0.068        0.036
W6Q10    WITH TRSTEP               1.312     0.122      0.122        0.032
W6Q10    WITH TRSTUN               0.129    -0.042     -0.042       -0.011
W6Q10    WITH W6Q9               141.121     1.268      1.268        0.360
W6Q11    WITH TRSTLGL              0.201     0.034      0.034        0.020
W6Q11    WITH TRSTPLC              9.160     0.209      0.209        0.121
W6Q11    WITH TRSTPRT              3.307     0.124      0.124        0.153
W6Q11    WITH TRSTEP               0.740    -0.065     -0.065       -0.036
W6Q11    WITH TRSTUN               0.189    -0.035     -0.035       -0.019
W6Q11    WITH W6Q9                12.943    -0.281     -0.281       -0.172
W6Q11    WITH W6Q10               20.947    -0.362     -0.362       -0.192
W6Q12    WITH TRSTPLC              0.387    -0.044     -0.044       -0.026
W6Q12    WITH TRSTEP               2.624    -0.125     -0.125       -0.071
W6Q12    WITH TRSTUN               2.200     0.122      0.122        0.068
W6Q12    WITH W6Q9                 6.632    -0.206     -0.206       -0.127
W6Q12    WITH W6Q10                9.538    -0.251     -0.251       -0.135
W6Q12    WITH W6Q11               57.398     0.714      0.714        0.825
W6Q13    WITH TRSTLGL              4.522     0.219      0.219        0.064
W6Q13    WITH TRSTPLC              1.092    -0.098     -0.098       -0.029
W6Q13    WITH TRSTPLT              2.681     0.119      0.119        0.068
W6Q13    WITH TRSTPRT              8.513    -0.209     -0.209       -0.131
W6Q13    WITH W6Q11                5.045    -0.178     -0.178       -0.103
W6Q13    WITH W6Q12                0.503     0.057      0.057        0.033
W6Q14    WITH TRSTLGL              0.378    -0.072     -0.072       -0.020
W6Q14    WITH TRSTPLC              3.384    -0.197     -0.197       -0.055
W6Q14    WITH TRSTPLT              0.912     0.076      0.076        0.041
W6Q14    WITH TRSTPRT              0.891     0.074      0.074        0.044
W6Q14    WITH W6Q9                36.169     0.675      0.675        0.197
W6Q14    WITH W6Q10               23.079     0.564      0.564        0.144
W6Q14    WITH W6Q11               14.512    -0.318     -0.318       -0.174
W6Q14    WITH W6Q12               18.147    -0.364     -0.364       -0.202
W6Q14    WITH W6Q13               26.584     0.561      0.561        0.155

Means/Intercepts/Thresholds

[ TRSTLGL  ]                      30.065     0.217      0.217        0.096
[ TRSTPLC  ]                      23.632     0.110      0.110        0.054
[ TRSTPLT  ]                       1.482    -0.030     -0.030       -0.014
[ TRSTPRT  ]                       2.956     0.041      0.041        0.020
[ TRSTEP   ]                       0.465    -0.024     -0.024       -0.010
[ TRSTUN   ]                      13.198     0.145      0.145        0.063
[ W6Q9     ]                      30.064    -0.198     -0.198       -0.086
[ W6Q10    ]                      23.633    -0.245     -0.245       -0.104
[ W6Q11    ]                       1.483     0.035      0.035        0.015
[ W6Q12    ]                       2.956    -0.054     -0.054       -0.023
[ W6Q13    ]                       0.465     0.023      0.023        0.009
[ W6Q14    ]                      13.199    -0.151     -0.151       -0.063
[ TRUST_ES ]                      68.607     0.439      0.336        0.336
[ TRUST_CR ]                      80.891    -0.474     -0.318       -0.318


DIAGRAM INFORMATION

  Use View Diagram under the Diagram menu in the Mplus Editor to view the diagram.
  If running Mplus from the Mplus Diagrammer, the diagram opens automatically.

  Diagram output
    c:\users\msassac6\dropbox (the university of manchester)\papers\melanie revilla\ess_cronos\mplus\trust_gb_scalar10.d

     Beginning Time:  09:19:26
        Ending Time:  09:19:27
       Elapsed Time:  00:00:01



MUTHEN & MUTHEN
3463 Stoner Ave.
Los Angeles, CA  90066

Tel: (310) 391-9971
Fax: (310) 391-8971
Web: www.StatModel.com
Support: Support@StatModel.com

Copyright (c) 1998-2019 Muthen & Muthen
