Mplus VERSION 8.3
MUTHEN & MUTHEN
05/07/2019  11:37 AM

INPUT INSTRUCTIONS

  TITLE: Trust in institutions equivalence testing GB - configural;

  DATA: FILE = "data4.dat";

  VARIABLE:
  NAMES = idno cntry w6part w5part w5q38 w5q39 w5q40 w5q41 psppsgva actrolga psppipla
       cptppola w5q32 w5q33 w5q34 w5q35 w5q36 w5q37 wrkprty wrkorg badge sgnptit
       pbldmn pstplonl w5q44 w5q46 w5q48 testgc33 testgc34 testgc35 w5q57 w5q58 w5q59
       w6q5 w6q6 w6q7 ppltrst pplfair pplhlp w5q63 w5q64 w5q65 w5q66 sbstrec sbprvpv
       sbeqsoc sbbsntx w6q9 w6q10 w6q11 w6q12 w6q13 w6q14 trstlgl trstplc trstplt
       trstprt trstep trstun comp;

  USEVARIABLES = trstlgl trstplc trstplt
       trstprt trstep trstun
       w6q9 w6q10 w6q11 w6q12 w6q13 w6q14;

  MISSING=.;

  USEOBSERVATIONS ARE w6part EQ 1 AND cntry EQ 2;



   Model:

  trust_ess BY trstlgl trstplc trstplt
       trstprt trstep trstun;

  trust_cro BY w6q9 w6q10 w6q11 w6q12 w6q13 w6q14;

      trstlgl WITH w6q9;
      trstplc WITH w6q10;
      trstplt WITH w6q11;
      trstprt WITH w6q12;
      trstep WITH w6q13;
      trstun WITH w6q14;

   Output:
      STANDARDIZED(STDYX) MODINDICES(.1) ;



INPUT READING TERMINATED NORMALLY



Trust in institutions equivalence testing GB - configural;

SUMMARY OF ANALYSIS

Number of groups                                                 1
Number of observations                                         641

Number of dependent variables                                   12
Number of independent variables                                  0
Number of continuous latent variables                            2

Observed dependent variables

  Continuous
   TRSTLGL     TRSTPLC     TRSTPLT     TRSTPRT     TRSTEP      TRSTUN
   W6Q9        W6Q10       W6Q11       W6Q12       W6Q13       W6Q14

Continuous latent variables
   TRUST_ES    TRUST_CR


Estimator                                                       ML
Information matrix                                        OBSERVED
Maximum number of iterations                                  1000
Convergence criterion                                    0.500D-04
Maximum number of steepest descent iterations                   20
Maximum number of iterations for H1                           2000
Convergence criterion for H1                             0.100D-03

Input data file(s)
  data4.dat

Input data format  FREE


SUMMARY OF DATA

     Number of missing data patterns            16


COVARIANCE COVERAGE OF DATA

Minimum covariance coverage value   0.100


     PROPORTION OF DATA PRESENT


           Covariance Coverage
              TRSTLGL       TRSTPLC       TRSTPLT       TRSTPRT       TRSTEP
              ________      ________      ________      ________      ________
 TRSTLGL        0.992
 TRSTPLC        0.992         1.000
 TRSTPLT        0.991         0.998         0.998
 TRSTPRT        0.988         0.995         0.995         0.995
 TRSTEP         0.973         0.978         0.978         0.977         0.978
 TRSTUN         0.950         0.955         0.955         0.953         0.949
 W6Q9           0.947         0.953         0.952         0.949         0.934
 W6Q10          0.947         0.953         0.952         0.949         0.934
 W6Q11          0.949         0.955         0.953         0.950         0.936
 W6Q12          0.949         0.955         0.953         0.950         0.936
 W6Q13          0.949         0.955         0.953         0.950         0.936
 W6Q14          0.945         0.952         0.950         0.947         0.933


           Covariance Coverage
              TRSTUN        W6Q9          W6Q10         W6Q11         W6Q12
              ________      ________      ________      ________      ________
 TRSTUN         0.955
 W6Q9           0.914         0.953
 W6Q10          0.914         0.953         0.953
 W6Q11          0.914         0.953         0.953         0.955
 W6Q12          0.914         0.953         0.953         0.955         0.955
 W6Q13          0.914         0.953         0.953         0.955         0.955
 W6Q14          0.913         0.952         0.952         0.952         0.952


           Covariance Coverage
              W6Q13         W6Q14
              ________      ________
 W6Q13          0.955
 W6Q14          0.952         0.952



UNIVARIATE SAMPLE STATISTICS


     UNIVARIATE HIGHER-ORDER MOMENT DESCRIPTIVE STATISTICS

         Variable/         Mean/     Skewness/   Minimum/ % with                Percentiles
        Sample Size      Variance    Kurtosis    Maximum  Min/Max      20%/60%    40%/80%    Median

     TRSTLGL               6.228      -0.708       0.000    1.89%       4.000      6.000      7.000
             636.000       4.607       0.193      10.000    2.83%       7.000      8.000
     TRSTPLC               6.880      -0.946       0.000    0.94%       5.000      7.000      7.000
             641.000       3.931       0.857      10.000    4.99%       8.000      8.000
     TRSTPLT               3.961      -0.013       0.000    7.34%       2.000      3.000      4.000
             640.000       4.653      -0.597      10.000    0.31%       5.000      6.000
     TRSTPRT               4.006      -0.017       0.000    5.49%       2.000      3.000      4.000
             638.000       4.176      -0.452      10.000    0.31%       5.000      6.000
     TRSTEP                3.718       0.031       0.000   14.51%       1.000      3.000      4.000
             627.000       5.628      -0.783      10.000    0.16%       5.000      6.000
     TRSTUN                5.660      -0.641       0.000    3.92%       4.000      5.000      6.000
             612.000       5.087       0.008      10.000    1.47%       7.000      8.000
     W6Q9                  5.424      -0.440       0.000    2.95%       3.000      5.000      6.000
             611.000       5.076      -0.508      10.000    0.82%       6.000      7.000
     W6Q10                 6.214      -0.804       0.000    2.78%       5.000      6.000      7.000
             611.000       5.108       0.235      10.000    3.11%       7.000      8.000
     W6Q11                 3.408       0.154       0.000   14.87%       1.000      3.000      3.000
             612.000       5.157      -0.748      10.000    0.33%       4.000      5.000
     W6Q12                 3.353       0.248       0.000   15.03%       1.000      3.000      3.000
             612.000       5.147      -0.621      10.000    0.49%       4.000      5.000
     W6Q13                 3.286       0.272       0.000   20.59%       0.000      2.000      3.000
             612.000       6.172      -0.795      10.000    0.98%       4.000      5.000
     W6Q14                 4.941      -0.354       0.000    6.56%       3.000      5.000      5.000
             610.000       5.862      -0.592      10.000    0.66%       6.000      7.000


THE MODEL ESTIMATION TERMINATED NORMALLY



MODEL FIT INFORMATION

Number of Free Parameters                       43

Loglikelihood

          H0 Value                      -14443.158
          H1 Value                      -14138.707

Information Criteria

          Akaike (AIC)                   28972.316
          Bayesian (BIC)                 29164.226
          Sample-Size Adjusted BIC       29027.704
            (n* = (n + 2) / 24)

Chi-Square Test of Model Fit

          Value                            608.902
          Degrees of Freedom                    47
          P-Value                           0.0000

RMSEA (Root Mean Square Error Of Approximation)

          Estimate                           0.137
          90 Percent C.I.                    0.127  0.146
          Probability RMSEA <= .05           0.000

CFI/TLI

          CFI                                0.884
          TLI                                0.837

Chi-Square Test of Model Fit for the Baseline Model

          Value                           4910.644
          Degrees of Freedom                    66
          P-Value                           0.0000

SRMR (Standardized Root Mean Square Residual)

          Value                              0.091



MODEL RESULTS

                                                    Two-Tailed
                    Estimate       S.E.  Est./S.E.    P-Value

 TRUST_ES BY
    TRSTLGL            1.000      0.000    999.000    999.000
    TRSTPLC            0.639      0.068      9.398      0.000
    TRSTPLT            1.652      0.106     15.568      0.000
    TRSTPRT            1.579      0.102     15.490      0.000
    TRSTEP             1.243      0.096     12.956      0.000
    TRSTUN             0.941      0.085     11.033      0.000

 TRUST_CR BY
    W6Q9               1.000      0.000    999.000    999.000
    W6Q10              0.785      0.063     12.554      0.000
    W6Q11              1.432      0.076     18.960      0.000
    W6Q12              1.450      0.077     18.941      0.000
    W6Q13              1.181      0.074     16.006      0.000
    W6Q14              0.981      0.070     14.032      0.000

 TRUST_CR WITH
    TRUST_ESS          1.120      0.132      8.491      0.000

 TRSTLGL  WITH
    W6Q9               1.599      0.152     10.505      0.000

 TRSTPLC  WITH
    W6Q10              2.210      0.178     12.431      0.000

 TRSTPLT  WITH
    W6Q11              0.308      0.061      5.069      0.000

 TRSTPRT  WITH
    W6Q12              0.136      0.057      2.401      0.016

 TRSTEP   WITH
    W6Q13              2.214      0.178     12.424      0.000

 TRSTUN   WITH
    W6Q14              1.933      0.180     10.727      0.000

 Intercepts
    TRSTLGL            6.223      0.086     72.354      0.000
    TRSTPLC            6.880      0.079     87.372      0.000
    TRSTPLT            3.957      0.085     46.787      0.000
    TRSTPRT            4.008      0.081     49.498      0.000
    TRSTEP             3.711      0.096     38.811      0.000
    TRSTUN             5.623      0.090     62.687      0.000
    W6Q9               5.426      0.091     59.818      0.000
    W6Q10              6.227      0.092     67.659      0.000
    W6Q11              3.417      0.091     37.650      0.000
    W6Q12              3.359      0.091     36.759      0.000
    W6Q13              3.291      0.101     32.677      0.000
    W6Q14              4.949      0.097     51.272      0.000

 Variances
    TRUST_ESS          1.380      0.184      7.485      0.000
    TRUST_CRO          2.065      0.232      8.908      0.000

 Residual Variances
    TRSTLGL            3.340      0.195     17.112      0.000
    TRSTPLC            3.412      0.194     17.610      0.000
    TRSTPLT            0.817      0.084      9.699      0.000
    TRSTPRT            0.754      0.077      9.775      0.000
    TRSTEP             3.669      0.219     16.784      0.000
    TRSTUN             3.789      0.224     16.940      0.000
    W6Q9               3.039      0.188     16.165      0.000
    W6Q10              3.995      0.238     16.787      0.000
    W6Q11              0.893      0.084     10.629      0.000
    W6Q12              0.854      0.084     10.115      0.000
    W6Q13              3.438      0.212     16.193      0.000
    W6Q14              3.783      0.230     16.441      0.000


STANDARDIZED MODEL RESULTS


STDYX Standardization

                                                    Two-Tailed
                    Estimate       S.E.  Est./S.E.    P-Value

 TRUST_ES BY
    TRSTLGL            0.541      0.028     19.070      0.000
    TRSTPLC            0.376      0.032     11.606      0.000
    TRSTPLT            0.906      0.011     81.479      0.000
    TRSTPRT            0.906      0.011     82.211      0.000
    TRSTEP             0.606      0.025     24.414      0.000
    TRSTUN             0.494      0.031     15.904      0.000

 TRUST_CR BY
    W6Q9               0.636      0.025     25.157      0.000
    W6Q10              0.492      0.030     16.535      0.000
    W6Q11              0.909      0.010     90.422      0.000
    W6Q12              0.914      0.010     93.726      0.000
    W6Q13              0.675      0.022     30.585      0.000
    W6Q14              0.587      0.028     21.140      0.000

 TRUST_CR WITH
    TRUST_ESS          0.663      0.026     25.898      0.000

 TRSTLGL  WITH
    W6Q9               0.502      0.032     15.492      0.000

 TRSTPLC  WITH
    W6Q10              0.599      0.027     22.121      0.000

 TRSTPLT  WITH
    W6Q11              0.361      0.057      6.313      0.000

 TRSTPRT  WITH
    W6Q12              0.170      0.065      2.626      0.009

 TRSTEP   WITH
    W6Q13              0.623      0.027     23.021      0.000

 TRSTUN   WITH
    W6Q14              0.510      0.032     16.100      0.000

 Intercepts
    TRSTLGL            2.864      0.089     32.188      0.000
    TRSTPLC            3.451      0.103     33.560      0.000
    TRSTPLT            1.849      0.065     28.533      0.000
    TRSTPRT            1.957      0.068     28.966      0.000
    TRSTEP             1.541      0.058     26.571      0.000
    TRSTUN             2.512      0.080     31.225      0.000
    W6Q9               2.402      0.078     30.870      0.000
    W6Q10              2.713      0.086     31.624      0.000
    W6Q11              1.509      0.059     25.757      0.000
    W6Q12              1.474      0.058     25.366      0.000
    W6Q13              1.309      0.054     24.379      0.000
    W6Q14              2.060      0.069     29.765      0.000

 Variances
    TRUST_ESS          1.000      0.000    999.000    999.000
    TRUST_CRO          1.000      0.000    999.000    999.000

 Residual Variances
    TRSTLGL            0.708      0.031     23.081      0.000
    TRSTPLC            0.858      0.024     35.193      0.000
    TRSTPLT            0.178      0.020      8.845      0.000
    TRSTPRT            0.180      0.020      9.012      0.000
    TRSTEP             0.633      0.030     21.012      0.000
    TRSTUN             0.756      0.031     24.673      0.000
    W6Q9               0.595      0.032     18.506      0.000
    W6Q10              0.758      0.029     25.923      0.000
    W6Q11              0.174      0.018      9.526      0.000
    W6Q12              0.164      0.018      9.216      0.000
    W6Q13              0.544      0.030     18.242      0.000
    W6Q14              0.656      0.033     20.124      0.000


R-SQUARE

    Observed                                        Two-Tailed
    Variable        Estimate       S.E.  Est./S.E.    P-Value

    TRSTLGL            0.292      0.031      9.535      0.000
    TRSTPLC            0.142      0.024      5.803      0.000
    TRSTPLT            0.822      0.020     40.740      0.000
    TRSTPRT            0.820      0.020     41.105      0.000
    TRSTEP             0.367      0.030     12.207      0.000
    TRSTUN             0.244      0.031      7.952      0.000
    W6Q9               0.405      0.032     12.578      0.000
    W6Q10              0.242      0.029      8.267      0.000
    W6Q11              0.826      0.018     45.211      0.000
    W6Q12              0.836      0.018     46.863      0.000
    W6Q13              0.456      0.030     15.293      0.000
    W6Q14              0.344      0.033     10.570      0.000


QUALITY OF NUMERICAL RESULTS

     Condition Number for the Information Matrix              0.221E-02
       (ratio of smallest to largest eigenvalue)


MODEL MODIFICATION INDICES

NOTE:  Modification indices for direct effects of observed dependent variables
regressed on covariates may not be included.  To include these, request
MODINDICES (ALL).

Minimum M.I. value for printing the modification index     0.100

                                   M.I.     E.P.C.  Std E.P.C.  StdYX E.P.C.

BY Statements

TRUST_ES BY W6Q9                   3.753    -0.163     -0.192       -0.085
TRUST_ES BY W6Q10                  0.818    -0.083     -0.097       -0.042
TRUST_ES BY W6Q11                 10.051     0.208      0.244        0.108
TRUST_ES BY W6Q12                  1.444    -0.079     -0.092       -0.040
TRUST_ES BY W6Q13                  3.625    -0.167     -0.196       -0.078
TRUST_ES BY W6Q14                  1.699     0.121      0.143        0.059
TRUST_CR BY TRSTPLC                1.117    -0.073     -0.104       -0.052
TRUST_CR BY TRSTPLT                4.617     0.114      0.164        0.077
TRUST_CR BY TRSTPRT                3.975    -0.101     -0.146       -0.071
TRUST_CR BY TRSTEP                 1.206    -0.081     -0.116       -0.048
TRUST_CR BY TRSTUN                 4.119     0.155      0.223        0.100

WITH Statements

TRSTPLC  WITH TRSTLGL             92.278     0.936      0.936        0.277
TRSTPLT  WITH TRSTLGL              4.191    -0.161     -0.161       -0.097
TRSTPLT  WITH TRSTPLC              3.111    -0.121     -0.121       -0.073
TRSTPRT  WITH TRSTLGL              4.932    -0.172     -0.172       -0.108
TRSTPRT  WITH TRSTPLC             10.813    -0.223     -0.223       -0.139
TRSTPRT  WITH TRSTPLT             41.495     0.716      0.716        0.912
TRSTEP   WITH TRSTLGL              0.477    -0.071     -0.071       -0.020
TRSTEP   WITH TRSTPLC              1.877     0.130      0.130        0.037
TRSTEP   WITH TRSTPLT              8.005    -0.234     -0.234       -0.135
TRSTEP   WITH TRSTPRT              2.068     0.116      0.116        0.070
TRSTUN   WITH TRSTLGL             17.579     0.475      0.475        0.133
TRSTUN   WITH TRSTPLC              2.209     0.155      0.155        0.043
TRSTUN   WITH TRSTPLT              9.247    -0.250     -0.250       -0.142
TRSTUN   WITH TRSTPRT              6.960    -0.213     -0.213       -0.126
TRSTUN   WITH TRSTEP              18.057     0.468      0.468        0.126
W6Q9     WITH TRSTPLC             15.115    -0.367     -0.367       -0.114
W6Q9     WITH TRSTPLT              0.659     0.058      0.058        0.037
W6Q9     WITH TRSTPRT              6.009    -0.173     -0.173       -0.114
W6Q9     WITH TRSTEP               8.137     0.285      0.285        0.085
W6Q9     WITH TRSTUN               0.103    -0.035     -0.035       -0.010
W6Q10    WITH TRSTLGL             28.583    -0.573     -0.573       -0.157
W6Q10    WITH TRSTPLT              0.657     0.059      0.059        0.033
W6Q10    WITH TRSTEP               0.880     0.098      0.098        0.026
W6Q10    WITH W6Q9               129.862     1.176      1.176        0.337
W6Q11    WITH TRSTLGL              0.301     0.041      0.041        0.024
W6Q11    WITH TRSTPLC              8.778     0.201      0.201        0.115
W6Q11    WITH TRSTPRT              3.580     0.134      0.134        0.163
W6Q11    WITH TRSTEP               0.602    -0.059     -0.059       -0.032
W6Q11    WITH W6Q9                11.380    -0.261     -0.261       -0.158
W6Q11    WITH W6Q10               18.437    -0.331     -0.331       -0.175
W6Q12    WITH TRSTPLT              0.854    -0.068     -0.068       -0.081
W6Q12    WITH TRSTEP               2.620    -0.125     -0.125       -0.071
W6Q12    WITH TRSTUN               3.667     0.157      0.157        0.087
W6Q12    WITH W6Q9                 8.912    -0.239     -0.239       -0.148
W6Q12    WITH W6Q10               11.112    -0.265     -0.265       -0.144
W6Q12    WITH W6Q11               74.038     0.819      0.819        0.939
W6Q13    WITH TRSTLGL              3.600     0.192      0.192        0.057
W6Q13    WITH TRSTPLC              1.464    -0.112     -0.112       -0.033
W6Q13    WITH TRSTPLT              2.755     0.121      0.121        0.072
W6Q13    WITH TRSTPRT             10.530    -0.232     -0.232       -0.144
W6Q13    WITH TRSTUN               0.258    -0.055     -0.055       -0.015
W6Q13    WITH W6Q11                5.239    -0.184     -0.184       -0.105
W6Q13    WITH W6Q12                0.354     0.049      0.049        0.029
W6Q14    WITH TRSTPLC              2.036    -0.149     -0.149       -0.042
W6Q14    WITH TRSTPLT              0.242     0.038      0.038        0.022
W6Q14    WITH TRSTPRT              1.036     0.079      0.079        0.046
W6Q14    WITH TRSTEP               0.153    -0.043     -0.043       -0.012
W6Q14    WITH W6Q9                28.848     0.588      0.588        0.173
W6Q14    WITH W6Q10               18.252     0.487      0.487        0.125
W6Q14    WITH W6Q11               13.985    -0.312     -0.312       -0.170
W6Q14    WITH W6Q12               23.342    -0.417     -0.417       -0.232
W6Q14    WITH W6Q13               27.013     0.561      0.561        0.155


DIAGRAM INFORMATION

  Use View Diagram under the Diagram menu in the Mplus Editor to view the diagram.
  If running Mplus from the Mplus Diagrammer, the diagram opens automatically.

  Diagram output
    c:\users\msassac6\dropbox (the university of manchester)\papers\melanie revilla\ess_cronos\mplus\trust_gb_config.dgm

     Beginning Time:  11:37:36
        Ending Time:  11:37:36
       Elapsed Time:  00:00:00



MUTHEN & MUTHEN
3463 Stoner Ave.
Los Angeles, CA  90066

Tel: (310) 391-9971
Fax: (310) 391-8971
Web: www.StatModel.com
Support: Support@StatModel.com

Copyright (c) 1998-2019 Muthen & Muthen
