Mplus VERSION 8.3
MUTHEN & MUTHEN
05/07/2019  11:38 AM

INPUT INSTRUCTIONS

  TITLE: Trust institutions equivalence testing GB - scalar;

  DATA: FILE = "data4.dat";

  VARIABLE:
  NAMES = idno cntry w6part w5part w5q38 w5q39 w5q40 w5q41 psppsgva actrolga psppipla
       cptppola w5q32 w5q33 w5q34 w5q35 w5q36 w5q37 wrkprty wrkorg badge sgnptit
       pbldmn pstplonl w5q44 w5q46 w5q48 testgc33 testgc34 testgc35 w5q57 w5q58 w5q59
       w6q5 w6q6 w6q7 ppltrst pplfair pplhlp w5q63 w5q64 w5q65 w5q66 sbstrec sbprvpv
       sbeqsoc sbbsntx w6q9 w6q10 w6q11 w6q12 w6q13 w6q14 trstlgl trstplc trstplt
       trstprt trstep trstun comp;

  USEVARIABLES = trstlgl trstplc trstplt
       trstprt trstep trstun
       w6q9 w6q10 w6q11 w6q12 w6q13 w6q14;

  MISSING=.;

  USEOBSERVATIONS ARE w6part EQ 1 AND cntry EQ 2;



   Model:

  trust_ess BY
      trstlgl (a)
      trstplc (b)
      trstplt (c)
      trstprt (d)
      trstep (e)
      trstun (f);

  trust_cro BY
      w6q9 (a)
      w6q10 (b)
      w6q11 (c)
      w6q12 (d)
      w6q13 (e)
      w6q14 (f);

      [trstlgl] (g);
      [trstplc] (h);
      [trstplt] (i);
      [trstprt] (j);
      [trstep] (k);
      [trstun] (l);


      [w6q9] (g);
      [w6q10] (h);
      [w6q11] (i);
      [w6q12] (j);
      [w6q13] (k);
      [w6q14] (l);


      trstlgl WITH w6q9;
      trstplc WITH w6q10;
      trstplt WITH w6q11;
      trstprt WITH w6q12;
      trstep WITH w6q13;
      trstun WITH w6q14;

   Output:
      STANDARDIZED(STDYX) MODINDICES(.1) ;



INPUT READING TERMINATED NORMALLY



Trust institutions equivalence testing GB - scalar;

SUMMARY OF ANALYSIS

Number of groups                                                 1
Number of observations                                         641

Number of dependent variables                                   12
Number of independent variables                                  0
Number of continuous latent variables                            2

Observed dependent variables

  Continuous
   TRSTLGL     TRSTPLC     TRSTPLT     TRSTPRT     TRSTEP      TRSTUN
   W6Q9        W6Q10       W6Q11       W6Q12       W6Q13       W6Q14

Continuous latent variables
   TRUST_ES    TRUST_CR


Estimator                                                       ML
Information matrix                                        OBSERVED
Maximum number of iterations                                  1000
Convergence criterion                                    0.500D-04
Maximum number of steepest descent iterations                   20
Maximum number of iterations for H1                           2000
Convergence criterion for H1                             0.100D-03

Input data file(s)
  data4.dat

Input data format  FREE


SUMMARY OF DATA

     Number of missing data patterns            16


COVARIANCE COVERAGE OF DATA

Minimum covariance coverage value   0.100


     PROPORTION OF DATA PRESENT


           Covariance Coverage
              TRSTLGL       TRSTPLC       TRSTPLT       TRSTPRT       TRSTEP
              ________      ________      ________      ________      ________
 TRSTLGL        0.992
 TRSTPLC        0.992         1.000
 TRSTPLT        0.991         0.998         0.998
 TRSTPRT        0.988         0.995         0.995         0.995
 TRSTEP         0.973         0.978         0.978         0.977         0.978
 TRSTUN         0.950         0.955         0.955         0.953         0.949
 W6Q9           0.947         0.953         0.952         0.949         0.934
 W6Q10          0.947         0.953         0.952         0.949         0.934
 W6Q11          0.949         0.955         0.953         0.950         0.936
 W6Q12          0.949         0.955         0.953         0.950         0.936
 W6Q13          0.949         0.955         0.953         0.950         0.936
 W6Q14          0.945         0.952         0.950         0.947         0.933


           Covariance Coverage
              TRSTUN        W6Q9          W6Q10         W6Q11         W6Q12
              ________      ________      ________      ________      ________
 TRSTUN         0.955
 W6Q9           0.914         0.953
 W6Q10          0.914         0.953         0.953
 W6Q11          0.914         0.953         0.953         0.955
 W6Q12          0.914         0.953         0.953         0.955         0.955
 W6Q13          0.914         0.953         0.953         0.955         0.955
 W6Q14          0.913         0.952         0.952         0.952         0.952


           Covariance Coverage
              W6Q13         W6Q14
              ________      ________
 W6Q13          0.955
 W6Q14          0.952         0.952



UNIVARIATE SAMPLE STATISTICS


     UNIVARIATE HIGHER-ORDER MOMENT DESCRIPTIVE STATISTICS

         Variable/         Mean/     Skewness/   Minimum/ % with                Percentiles
        Sample Size      Variance    Kurtosis    Maximum  Min/Max      20%/60%    40%/80%    Median

     TRSTLGL               6.228      -0.708       0.000    1.89%       4.000      6.000      7.000
             636.000       4.607       0.193      10.000    2.83%       7.000      8.000
     TRSTPLC               6.880      -0.946       0.000    0.94%       5.000      7.000      7.000
             641.000       3.931       0.857      10.000    4.99%       8.000      8.000
     TRSTPLT               3.961      -0.013       0.000    7.34%       2.000      3.000      4.000
             640.000       4.653      -0.597      10.000    0.31%       5.000      6.000
     TRSTPRT               4.006      -0.017       0.000    5.49%       2.000      3.000      4.000
             638.000       4.176      -0.452      10.000    0.31%       5.000      6.000
     TRSTEP                3.718       0.031       0.000   14.51%       1.000      3.000      4.000
             627.000       5.628      -0.783      10.000    0.16%       5.000      6.000
     TRSTUN                5.660      -0.641       0.000    3.92%       4.000      5.000      6.000
             612.000       5.087       0.008      10.000    1.47%       7.000      8.000
     W6Q9                  5.424      -0.440       0.000    2.95%       3.000      5.000      6.000
             611.000       5.076      -0.508      10.000    0.82%       6.000      7.000
     W6Q10                 6.214      -0.804       0.000    2.78%       5.000      6.000      7.000
             611.000       5.108       0.235      10.000    3.11%       7.000      8.000
     W6Q11                 3.408       0.154       0.000   14.87%       1.000      3.000      3.000
             612.000       5.157      -0.748      10.000    0.33%       4.000      5.000
     W6Q12                 3.353       0.248       0.000   15.03%       1.000      3.000      3.000
             612.000       5.147      -0.621      10.000    0.49%       4.000      5.000
     W6Q13                 3.286       0.272       0.000   20.59%       0.000      2.000      3.000
             612.000       6.172      -0.795      10.000    0.98%       4.000      5.000
     W6Q14                 4.941      -0.354       0.000    6.56%       3.000      5.000      5.000
             610.000       5.862      -0.592      10.000    0.66%       6.000      7.000


THE MODEL ESTIMATION TERMINATED NORMALLY



MODEL FIT INFORMATION

Number of Free Parameters                       32

Loglikelihood

          H0 Value                      -14527.405
          H1 Value                      -14138.707

Information Criteria

          Akaike (AIC)                   29118.810
          Bayesian (BIC)                 29261.627
          Sample-Size Adjusted BIC       29160.029
            (n* = (n + 2) / 24)

Chi-Square Test of Model Fit

          Value                            777.396
          Degrees of Freedom                    58
          P-Value                           0.0000

RMSEA (Root Mean Square Error Of Approximation)

          Estimate                           0.139
          90 Percent C.I.                    0.130  0.148
          Probability RMSEA <= .05           0.000

CFI/TLI

          CFI                                0.852
          TLI                                0.831

Chi-Square Test of Model Fit for the Baseline Model

          Value                           4910.644
          Degrees of Freedom                    66
          P-Value                           0.0000

SRMR (Standardized Root Mean Square Residual)

          Value                              0.109



MODEL RESULTS

                                                    Two-Tailed
                    Estimate       S.E.  Est./S.E.    P-Value

 TRUST_ES BY
    TRSTLGL            1.000      0.000    999.000    999.000
    TRSTPLC            0.729      0.051     14.352      0.000
    TRSTPLT            1.434      0.064     22.543      0.000
    TRSTPRT            1.434      0.063     22.642      0.000
    TRSTEP             1.141      0.062     18.510      0.000
    TRSTUN             0.955      0.058     16.542      0.000

 TRUST_CR BY
    W6Q9               1.000      0.000    999.000    999.000
    W6Q10              0.729      0.051     14.352      0.000
    W6Q11              1.434      0.064     22.543      0.000
    W6Q12              1.434      0.063     22.642      0.000
    W6Q13              1.141      0.062     18.510      0.000
    W6Q14              0.955      0.058     16.542      0.000

 TRUST_CR WITH
    TRUST_ESS          1.201      0.138      8.711      0.000

 TRSTLGL  WITH
    W6Q9               1.550      0.154     10.090      0.000

 TRSTPLC  WITH
    W6Q10              2.168      0.180     12.051      0.000

 TRSTPLT  WITH
    W6Q11              0.322      0.062      5.223      0.000

 TRSTPRT  WITH
    W6Q12              0.139      0.057      2.438      0.015

 TRSTEP   WITH
    W6Q13              2.213      0.178     12.441      0.000

 TRSTUN   WITH
    W6Q14              1.896      0.180     10.512      0.000

 Intercepts
    TRSTLGL            5.891      0.082     71.621      0.000
    TRSTPLC            6.650      0.079     83.923      0.000
    TRSTPLT            3.796      0.082     46.434      0.000
    TRSTPRT            3.795      0.080     47.244      0.000
    TRSTEP             3.588      0.091     39.635      0.000
    TRSTUN             5.359      0.085     63.056      0.000
    W6Q9               5.891      0.082     71.621      0.000
    W6Q10              6.650      0.079     83.923      0.000
    W6Q11              3.796      0.082     46.434      0.000
    W6Q12              3.795      0.080     47.244      0.000
    W6Q13              3.588      0.091     39.635      0.000
    W6Q14              5.359      0.085     63.056      0.000

 Variances
    TRUST_ESS          1.690      0.171      9.905      0.000
    TRUST_CRO          2.213      0.226      9.787      0.000

 Residual Variances
    TRSTLGL            3.349      0.200     16.715      0.000
    TRSTPLC            3.431      0.198     17.296      0.000
    TRSTPLT            0.913      0.082     11.087      0.000
    TRSTPRT            0.757      0.076      9.940      0.000
    TRSTEP             3.634      0.218     16.701      0.000
    TRSTUN             3.770      0.225     16.726      0.000
    W6Q9               3.084      0.192     16.083      0.000
    W6Q10              4.066      0.244     16.658      0.000
    W6Q11              0.861      0.082     10.527      0.000
    W6Q12              0.844      0.082     10.240      0.000
    W6Q13              3.455      0.212     16.275      0.000
    W6Q14              3.825      0.233     16.449      0.000


STANDARDIZED MODEL RESULTS


STDYX Standardization

                                                    Two-Tailed
                    Estimate       S.E.  Est./S.E.    P-Value

 TRUST_ES BY
    TRSTLGL            0.579      0.023     25.562      0.000
    TRSTPLC            0.455      0.026     17.789      0.000
    TRSTPLT            0.890      0.012     77.003      0.000
    TRSTPRT            0.906      0.010     87.202      0.000
    TRSTEP             0.614      0.022     28.564      0.000
    TRSTUN             0.539      0.024     22.143      0.000

 TRUST_CR BY
    W6Q9               0.646      0.023     27.783      0.000
    W6Q10              0.474      0.028     16.991      0.000
    W6Q11              0.917      0.009    102.167      0.000
    W6Q12              0.919      0.009    102.279      0.000
    W6Q13              0.674      0.021     31.730      0.000
    W6Q14              0.588      0.026     22.977      0.000

 TRUST_CR WITH
    TRUST_ESS          0.621      0.028     22.169      0.000

 TRSTLGL  WITH
    W6Q9               0.482      0.034     14.385      0.000

 TRSTPLC  WITH
    W6Q10              0.580      0.028     20.527      0.000

 TRSTPLT  WITH
    W6Q11              0.363      0.056      6.503      0.000

 TRSTPRT  WITH
    W6Q12              0.174      0.065      2.667      0.008

 TRSTEP   WITH
    W6Q13              0.625      0.027     23.159      0.000

 TRSTUN   WITH
    W6Q14              0.499      0.032     15.463      0.000

 Intercepts
    TRSTLGL            2.624      0.081     32.364      0.000
    TRSTPLC            3.196      0.098     32.537      0.000
    TRSTPLT            1.812      0.066     27.363      0.000
    TRSTPRT            1.844      0.068     27.088      0.000
    TRSTEP             1.485      0.054     27.601      0.000
    TRSTUN             2.325      0.074     31.511      0.000
    W6Q9               2.560      0.072     35.545      0.000
    W6Q10              2.904      0.081     36.045      0.000
    W6Q11              1.632      0.052     31.101      0.000
    W6Q12              1.634      0.051     31.769      0.000
    W6Q13              1.425      0.049     28.933      0.000
    W6Q14              2.217      0.064     34.808      0.000

 Variances
    TRUST_ESS          1.000      0.000    999.000    999.000
    TRUST_CRO          1.000      0.000    999.000    999.000

 Residual Variances
    TRSTLGL            0.665      0.026     25.320      0.000
    TRSTPLC            0.793      0.023     33.990      0.000
    TRSTPLT            0.208      0.021     10.108      0.000
    TRSTPRT            0.179      0.019      9.487      0.000
    TRSTEP             0.623      0.026     23.579      0.000
    TRSTUN             0.710      0.026     27.061      0.000
    W6Q9               0.582      0.030     19.356      0.000
    W6Q10              0.776      0.026     29.390      0.000
    W6Q11              0.159      0.016      9.666      0.000
    W6Q12              0.156      0.016      9.478      0.000
    W6Q13              0.545      0.029     19.019      0.000
    W6Q14              0.654      0.030     21.762      0.000


R-SQUARE

    Observed                                        Two-Tailed
    Variable        Estimate       S.E.  Est./S.E.    P-Value

    TRSTLGL            0.335      0.026     12.781      0.000
    TRSTPLC            0.207      0.023      8.894      0.000
    TRSTPLT            0.792      0.021     38.501      0.000
    TRSTPRT            0.821      0.019     43.601      0.000
    TRSTEP             0.377      0.026     14.282      0.000
    TRSTUN             0.290      0.026     11.071      0.000
    W6Q9               0.418      0.030     13.892      0.000
    W6Q10              0.224      0.026      8.496      0.000
    W6Q11              0.841      0.016     51.083      0.000
    W6Q12              0.844      0.016     51.140      0.000
    W6Q13              0.455      0.029     15.865      0.000
    W6Q14              0.346      0.030     11.488      0.000


QUALITY OF NUMERICAL RESULTS

     Condition Number for the Information Matrix              0.269E-02
       (ratio of smallest to largest eigenvalue)


MODEL MODIFICATION INDICES

NOTE:  Modification indices for direct effects of observed dependent variables
regressed on covariates may not be included.  To include these, request
MODINDICES (ALL).

Minimum M.I. value for printing the modification index     0.100

                                   M.I.     E.P.C.  Std E.P.C.  StdYX E.P.C.

BY Statements

TRUST_ES BY TRSTLGL                1.671    -0.079     -0.103       -0.046
TRUST_ES BY TRSTPLC               12.612    -0.112     -0.145       -0.070
TRUST_ES BY TRSTPLT                9.768     0.090      0.118        0.056
TRUST_ES BY TRSTEP                 0.232    -0.017     -0.023       -0.009
TRUST_ES BY TRSTUN                 2.738    -0.065     -0.085       -0.037
TRUST_ES BY W6Q9                   1.194    -0.058     -0.076       -0.033
TRUST_ES BY W6Q10                  2.045     0.078      0.102        0.044
TRUST_ES BY W6Q11                  0.474     0.028      0.036        0.016
TRUST_ES BY W6Q12                  1.132    -0.045     -0.058       -0.025
TRUST_ES BY W6Q13                  0.368    -0.031     -0.040       -0.016
TRUST_ES BY W6Q14                  2.719     0.096      0.125        0.052
TRUST_CR BY TRSTLGL                3.366    -0.086     -0.127       -0.057
TRUST_CR BY TRSTPLC               15.227    -0.168     -0.250       -0.120
TRUST_CR BY TRSTPLT               18.808     0.146      0.218        0.104
TRUST_CR BY TRSTPRT                1.346    -0.039     -0.059       -0.029
TRUST_CR BY TRSTEP                 0.748    -0.039     -0.057       -0.024
TRUST_CR BY TRSTUN                 0.168    -0.020     -0.030       -0.013
TRUST_CR BY W6Q9                   1.670     0.079      0.118        0.051
TRUST_CR BY W6Q10                 12.611     0.096      0.143        0.062
TRUST_CR BY W6Q11                  9.770    -0.057     -0.085       -0.037
TRUST_CR BY W6Q13                  0.232     0.010      0.015        0.006
TRUST_CR BY W6Q14                  2.738     0.044      0.065        0.027

WITH Statements

TRSTPLC  WITH TRSTLGL            102.508     1.030      1.030        0.304
TRSTPLT  WITH TRSTLGL              5.814    -0.189     -0.189       -0.108
TRSTPLT  WITH TRSTPLC              7.773    -0.197     -0.197       -0.112
TRSTPRT  WITH TRSTLGL              8.892    -0.234     -0.234       -0.147
TRSTPRT  WITH TRSTPLC             17.091    -0.292     -0.292       -0.181
TRSTPRT  WITH TRSTPLT             62.154     0.694      0.694        0.835
TRSTEP   WITH TRSTLGL              1.161    -0.113     -0.113       -0.032
TRSTEP   WITH TRSTPLC              1.142     0.104      0.104        0.029
TRSTEP   WITH TRSTPLT              5.600    -0.185     -0.185       -0.102
TRSTEP   WITH TRSTPRT              0.520     0.056      0.056        0.034
TRSTUN   WITH TRSTLGL             21.510     0.540      0.540        0.152
TRSTUN   WITH TRSTPLC              3.812     0.211      0.211        0.059
TRSTUN   WITH TRSTPLT             10.672    -0.268     -0.268       -0.145
TRSTUN   WITH TRSTPRT             10.508    -0.266     -0.266       -0.157
TRSTUN   WITH TRSTEP              15.882     0.442      0.442        0.119
W6Q9     WITH TRSTPLC             16.556    -0.401     -0.401       -0.123
W6Q9     WITH TRSTPLT              1.012     0.074      0.074        0.044
W6Q9     WITH TRSTPRT              5.896    -0.177     -0.177       -0.116
W6Q9     WITH TRSTEP               8.921     0.304      0.304        0.091
W6Q9     WITH TRSTUN               0.477    -0.078     -0.078       -0.023
W6Q10    WITH TRSTLGL             32.750    -0.639     -0.639       -0.173
W6Q10    WITH TRSTPLT              2.325     0.115      0.115        0.060
W6Q10    WITH TRSTPRT              0.170     0.031      0.031        0.018
W6Q10    WITH TRSTEP               1.151     0.114      0.114        0.030
W6Q10    WITH TRSTUN               0.199    -0.053     -0.053       -0.014
W6Q10    WITH W6Q9               142.866     1.285      1.285        0.363
W6Q11    WITH TRSTLGL              0.101     0.024      0.024        0.014
W6Q11    WITH TRSTPLC              7.592     0.191      0.191        0.111
W6Q11    WITH TRSTPRT              2.863     0.115      0.115        0.143
W6Q11    WITH TRSTEP               0.670    -0.062     -0.062       -0.035
W6Q11    WITH TRSTUN               0.211    -0.037     -0.037       -0.020
W6Q11    WITH W6Q9                11.726    -0.269     -0.269       -0.165
W6Q11    WITH W6Q10               16.978    -0.320     -0.320       -0.171
W6Q12    WITH TRSTPLC              0.913    -0.068     -0.068       -0.040
W6Q12    WITH TRSTEP               2.335    -0.117     -0.117       -0.067
W6Q12    WITH TRSTUN               2.355     0.126      0.126        0.071
W6Q12    WITH W6Q9                 5.598    -0.190     -0.190       -0.118
W6Q12    WITH W6Q10                6.353    -0.200     -0.200       -0.108
W6Q12    WITH W6Q11               47.069     0.661      0.661        0.775
W6Q13    WITH TRSTLGL              4.541     0.219      0.219        0.064
W6Q13    WITH TRSTPLC              1.105    -0.100     -0.100       -0.029
W6Q13    WITH TRSTPLT              2.470     0.115      0.115        0.065
W6Q13    WITH TRSTPRT              8.231    -0.207     -0.207       -0.128
W6Q13    WITH W6Q11                5.664    -0.190     -0.190       -0.110
W6Q13    WITH W6Q12                0.400     0.051      0.051        0.030
W6Q14    WITH TRSTLGL              0.369    -0.071     -0.071       -0.020
W6Q14    WITH TRSTPLC              4.460    -0.229     -0.229       -0.063
W6Q14    WITH TRSTPLT              0.949     0.078      0.078        0.042
W6Q14    WITH TRSTPRT              1.087     0.082      0.082        0.048
W6Q14    WITH W6Q9                37.062     0.686      0.686        0.200
W6Q14    WITH W6Q10               26.067     0.602      0.602        0.153
W6Q14    WITH W6Q11               14.498    -0.319     -0.319       -0.176
W6Q14    WITH W6Q12               17.951    -0.363     -0.363       -0.202
W6Q14    WITH W6Q13               26.822     0.564      0.564        0.155

Means/Intercepts/Thresholds

[ TRSTLGL  ]                      30.094     0.213      0.213        0.095
[ TRSTPLC  ]                      25.875     0.141      0.141        0.068
[ TRSTPLT  ]                       1.488    -0.028     -0.028       -0.014
[ TRSTPRT  ]                       2.927     0.039      0.039        0.019
[ TRSTEP   ]                       0.473    -0.024     -0.024       -0.010
[ TRSTUN   ]                      13.254     0.144      0.144        0.062
[ W6Q9     ]                      30.094    -0.203     -0.203       -0.088
[ W6Q10    ]                      25.875    -0.229     -0.229       -0.100
[ W6Q11    ]                       1.488     0.036      0.036        0.016
[ W6Q12    ]                       2.927    -0.055     -0.055       -0.024
[ W6Q13    ]                       0.473     0.024      0.024        0.009
[ W6Q14    ]                      13.255    -0.153     -0.153       -0.063
[ TRUST_ES ]                      77.227     0.465      0.358        0.358
[ TRUST_CR ]                      77.235    -0.465     -0.313       -0.313


DIAGRAM INFORMATION

  Use View Diagram under the Diagram menu in the Mplus Editor to view the diagram.
  If running Mplus from the Mplus Diagrammer, the diagram opens automatically.

  Diagram output
    c:\users\msassac6\dropbox (the university of manchester)\papers\melanie revilla\ess_cronos\mplus\trust_gb_scalar.dgm

     Beginning Time:  11:38:18
        Ending Time:  11:38:19
       Elapsed Time:  00:00:01



MUTHEN & MUTHEN
3463 Stoner Ave.
Los Angeles, CA  90066

Tel: (310) 391-9971
Fax: (310) 391-8971
Web: www.StatModel.com
Support: Support@StatModel.com

Copyright (c) 1998-2019 Muthen & Muthen
