Mplus VERSION 8.3
MUTHEN & MUTHEN
05/07/2019  11:43 AM

INPUT INSTRUCTIONS

  TITLE: Trust institutions equivalence testing Estonia - scalar;

  DATA: FILE = "data4.dat";

  VARIABLE:
  NAMES = idno cntry w6part w5part w5q38 w5q39 w5q40 w5q41 psppsgva actrolga psppipla
       cptppola w5q32 w5q33 w5q34 w5q35 w5q36 w5q37 wrkprty wrkorg badge sgnptit
       pbldmn pstplonl w5q44 w5q46 w5q48 testgc33 testgc34 testgc35 w5q57 w5q58 w5q59
       w6q5 w6q6 w6q7 ppltrst pplfair pplhlp w5q63 w5q64 w5q65 w5q66 sbstrec sbprvpv
       sbeqsoc sbbsntx w6q9 w6q10 w6q11 w6q12 w6q13 w6q14 trstlgl trstplc trstplt
       trstprt trstep trstun comp;

  USEVARIABLES = trstlgl trstplc trstplt
       trstprt trstep trstun
       w6q9 w6q10 w6q11 w6q12 w6q13 w6q14;

  MISSING=.;

  USEOBSERVATIONS ARE w6part EQ 1 AND cntry EQ 1;



   Model:

  trust_ess BY
      trstlgl (a)
      trstplc (b)
      trstplt (c)
      trstprt (d)
      trstep (e)
      trstun (f);

  trust_cro BY
      w6q9 (a)
      w6q10 (b)
      w6q11 (c)
      w6q12 (d)
      w6q13 (e)
      w6q14 (f);

      [trstlgl] ;
      [trstplc] ;
      [trstplt] ;
      [trstprt] ;
      [trstep] ;
      [trstun] ;


      [w6q9] (g);
      [w6q10] (h);
      [w6q11] (i);
      [w6q12] (j);
      [w6q13] (k);
      [w6q14] (l);


      trstlgl WITH w6q9;
      trstplc WITH w6q10;
      trstplt WITH w6q11;
      trstprt WITH w6q12;
      trstep WITH w6q13;
      trstun WITH w6q14;

   Output:
      STANDARDIZED(STDYX) MODINDICES(.1) ;



INPUT READING TERMINATED NORMALLY



Trust institutions equivalence testing Estonia - scalar;

SUMMARY OF ANALYSIS

Number of groups                                                 1
Number of observations                                         600

Number of dependent variables                                   12
Number of independent variables                                  0
Number of continuous latent variables                            2

Observed dependent variables

  Continuous
   TRSTLGL     TRSTPLC     TRSTPLT     TRSTPRT     TRSTEP      TRSTUN
   W6Q9        W6Q10       W6Q11       W6Q12       W6Q13       W6Q14

Continuous latent variables
   TRUST_ES    TRUST_CR


Estimator                                                       ML
Information matrix                                        OBSERVED
Maximum number of iterations                                  1000
Convergence criterion                                    0.500D-04
Maximum number of steepest descent iterations                   20
Maximum number of iterations for H1                           2000
Convergence criterion for H1                             0.100D-03

Input data file(s)
  data4.dat

Input data format  FREE


SUMMARY OF DATA

     Number of missing data patterns            20


COVARIANCE COVERAGE OF DATA

Minimum covariance coverage value   0.100


     PROPORTION OF DATA PRESENT


           Covariance Coverage
              TRSTLGL       TRSTPLC       TRSTPLT       TRSTPRT       TRSTEP
              ________      ________      ________      ________      ________
 TRSTLGL        0.992
 TRSTPLC        0.992         0.998
 TRSTPLT        0.992         0.998         0.998
 TRSTPRT        0.988         0.993         0.993         0.993
 TRSTEP         0.963         0.968         0.968         0.965         0.968
 TRSTUN         0.945         0.948         0.948         0.945         0.940
 W6Q9           0.963         0.970         0.970         0.965         0.942
 W6Q10          0.963         0.970         0.970         0.965         0.942
 W6Q11          0.963         0.970         0.970         0.965         0.942
 W6Q12          0.962         0.968         0.968         0.963         0.940
 W6Q13          0.957         0.963         0.963         0.958         0.938
 W6Q14          0.950         0.957         0.957         0.952         0.933


           Covariance Coverage
              TRSTUN        W6Q9          W6Q10         W6Q11         W6Q12
              ________      ________      ________      ________      ________
 TRSTUN         0.948
 W6Q9           0.920         0.972
 W6Q10          0.922         0.970         0.972
 W6Q11          0.920         0.970         0.970         0.972
 W6Q12          0.918         0.968         0.968         0.970         0.970
 W6Q13          0.918         0.963         0.963         0.965         0.965
 W6Q14          0.913         0.958         0.957         0.958         0.958


           Covariance Coverage
              W6Q13         W6Q14
              ________      ________
 W6Q13          0.965
 W6Q14          0.958         0.958



UNIVARIATE SAMPLE STATISTICS


     UNIVARIATE HIGHER-ORDER MOMENT DESCRIPTIVE STATISTICS

         Variable/         Mean/     Skewness/   Minimum/ % with                Percentiles
        Sample Size      Variance    Kurtosis    Maximum  Min/Max      20%/60%    40%/80%    Median

     TRSTLGL               6.145      -0.569       0.000    2.52%       4.000      6.000      7.000
             595.000       5.703      -0.224      10.000    5.04%       7.000      8.000
     TRSTPLC               7.157      -1.035       0.000    0.83%       5.000      7.000      8.000
             599.000       4.212       0.965      10.000    8.51%       8.000      9.000
     TRSTPLT               3.953      -0.223       0.000    6.84%       2.000      3.000      4.000
             599.000       4.131      -0.685       9.000    0.17%       5.000      6.000
     TRSTPRT               3.809      -0.113       0.000    7.89%       2.000      3.000      4.000
             596.000       4.158      -0.610       9.000    0.34%       5.000      5.000
     TRSTEP                4.971      -0.326       0.000    4.48%       3.000      5.000      5.000
             581.000       4.817      -0.245      10.000    0.86%       5.000      7.000
     TRSTUN                5.450      -0.388       0.000    4.75%       3.000      5.000      5.000
             569.000       5.590      -0.246      10.000    2.64%       6.000      8.000
     W6Q9                  5.443      -0.322       0.000    4.12%       3.000      5.000      5.000
             583.000       6.308      -0.648      10.000    2.74%       6.000      8.000
     W6Q10                 6.585      -0.830       0.000    2.06%       5.000      7.000      7.000
             583.000       5.402       0.178      10.000    6.00%       8.000      9.000
     W6Q11                 3.053       0.237       0.000   14.07%       1.000      2.000      3.000
             583.000       4.136      -0.627       9.000    0.17%       4.000      5.000
     W6Q12                 2.928       0.235       0.000   14.60%       1.000      2.000      3.000
             582.000       3.933      -0.696       9.000    0.17%       3.000      5.000
     W6Q13                 4.415      -0.108       0.000    7.94%       2.000      4.000      5.000
             579.000       5.269      -0.401      10.000    0.86%       5.000      6.000
     W6Q14                 4.800      -0.161       0.000    6.61%       3.000      5.000      5.000
             575.000       6.080      -0.588      10.000    1.74%       5.000      7.000


THE MODEL ESTIMATION TERMINATED NORMALLY



MODEL FIT INFORMATION

Number of Free Parameters                       38

Loglikelihood

          H0 Value                      -13414.780
          H1 Value                      -12929.553

Information Criteria

          Akaike (AIC)                   26905.560
          Bayesian (BIC)                 27072.643
          Sample-Size Adjusted BIC       26952.004
            (n* = (n + 2) / 24)

Chi-Square Test of Model Fit

          Value                            970.453
          Degrees of Freedom                    52
          P-Value                           0.0000

RMSEA (Root Mean Square Error Of Approximation)

          Estimate                           0.172
          90 Percent C.I.                    0.162  0.181
          Probability RMSEA <= .05           0.000

CFI/TLI

          CFI                                0.823
          TLI                                0.775

Chi-Square Test of Model Fit for the Baseline Model

          Value                           5245.165
          Degrees of Freedom                    66
          P-Value                           0.0000

SRMR (Standardized Root Mean Square Residual)

          Value                              0.093



MODEL RESULTS

                                                    Two-Tailed
                    Estimate       S.E.  Est./S.E.    P-Value

 TRUST_ES BY
    TRSTLGL            1.000      0.000    999.000    999.000
    TRSTPLC            0.762      0.043     17.529      0.000
    TRSTPLT            1.114      0.050     22.404      0.000
    TRSTPRT            1.070      0.049     21.984      0.000
    TRSTEP             1.048      0.049     21.220      0.000
    TRSTUN             0.930      0.051     18.077      0.000

 TRUST_CR BY
    W6Q9               1.000      0.000    999.000    999.000
    W6Q10              0.762      0.043     17.529      0.000
    W6Q11              1.114      0.050     22.404      0.000
    W6Q12              1.070      0.049     21.984      0.000
    W6Q13              1.048      0.049     21.220      0.000
    W6Q14              0.930      0.051     18.077      0.000

 TRUST_CR WITH
    TRUST_ESS          1.693      0.195      8.696      0.000

 TRSTLGL  WITH
    W6Q9               1.519      0.163      9.311      0.000

 TRSTPLC  WITH
    W6Q10              1.847      0.160     11.566      0.000

 TRSTPLT  WITH
    W6Q11              0.008      0.057      0.146      0.884

 TRSTPRT  WITH
    W6Q12              0.098      0.059      1.657      0.098

 TRSTEP   WITH
    W6Q13              0.989      0.120      8.241      0.000

 TRSTUN   WITH
    W6Q14              1.890      0.186     10.148      0.000

 Intercepts
    TRSTLGL            6.145      0.097     63.652      0.000
    TRSTPLC            7.160      0.084     85.662      0.000
    TRSTPLT            3.955      0.083     47.926      0.000
    TRSTPRT            3.806      0.083     46.086      0.000
    TRSTEP             4.947      0.091     54.630      0.000
    TRSTUN             5.414      0.099     54.914      0.000
    W6Q9               5.439      0.101     53.913      0.000
    W6Q10              6.593      0.095     69.721      0.000
    W6Q11              3.060      0.084     36.277      0.000
    W6Q12              2.938      0.083     35.553      0.000
    W6Q13              4.425      0.096     46.174      0.000
    W6Q14              4.797      0.102     46.944      0.000

 Variances
    TRUST_ESS          2.443      0.239     10.210      0.000
    TRUST_CRO          2.814      0.278     10.107      0.000

 Residual Variances
    TRSTLGL            3.124      0.203     15.359      0.000
    TRSTPLC            2.769      0.172     16.079      0.000
    TRSTPLT            1.048      0.094     11.176      0.000
    TRSTPRT            1.282      0.101     12.702      0.000
    TRSTEP             2.167      0.152     14.264      0.000
    TRSTUN             3.557      0.230     15.494      0.000
    W6Q9               3.176      0.216     14.705      0.000
    W6Q10              3.635      0.228     15.969      0.000
    W6Q11              0.692      0.083      8.328      0.000
    W6Q12              0.793      0.080      9.957      0.000
    W6Q13              2.297      0.165     13.908      0.000
    W6Q14              3.665      0.245     14.950      0.000


STANDARDIZED MODEL RESULTS


STDYX Standardization

                                                    Two-Tailed
                    Estimate       S.E.  Est./S.E.    P-Value

 TRUST_ES BY
    TRSTLGL            0.662      0.023     28.530      0.000
    TRSTPLC            0.582      0.026     22.288      0.000
    TRSTPLT            0.862      0.014     63.098      0.000
    TRSTPRT            0.828      0.015     55.114      0.000
    TRSTEP             0.744      0.020     37.843      0.000
    TRSTUN             0.610      0.025     24.357      0.000

 TRUST_CR BY
    W6Q9               0.685      0.024     28.859      0.000
    W6Q10              0.557      0.027     20.876      0.000
    W6Q11              0.914      0.011     80.951      0.000
    W6Q12              0.896      0.012     76.909      0.000
    W6Q13              0.757      0.019     38.935      0.000
    W6Q14              0.632      0.026     24.538      0.000

 TRUST_CR WITH
    TRUST_ESS          0.646      0.028     22.715      0.000

 TRSTLGL  WITH
    W6Q9               0.482      0.036     13.557      0.000

 TRSTPLC  WITH
    W6Q10              0.582      0.029     19.983      0.000

 TRSTPLT  WITH
    W6Q11              0.010      0.067      0.147      0.883

 TRSTPRT  WITH
    W6Q12              0.097      0.057      1.704      0.088

 TRSTEP   WITH
    W6Q13              0.443      0.040     11.101      0.000

 TRSTUN   WITH
    W6Q14              0.523      0.034     15.553      0.000

 Intercepts
    TRSTLGL            2.604      0.080     32.725      0.000
    TRSTPLC            3.499      0.102     34.379      0.000
    TRSTPLT            1.958      0.067     29.386      0.000
    TRSTPRT            1.885      0.064     29.332      0.000
    TRSTEP             2.247      0.073     30.618      0.000
    TRSTUN             2.274      0.074     30.558      0.000
    W6Q9               2.222      0.072     30.953      0.000
    W6Q10              2.872      0.086     33.397      0.000
    W6Q11              1.495      0.059     25.221      0.000
    W6Q12              1.466      0.059     25.005      0.000
    W6Q13              1.906      0.067     28.601      0.000
    W6Q14              1.942      0.067     28.922      0.000

 Variances
    TRUST_ESS          1.000      0.000    999.000    999.000
    TRUST_CRO          1.000      0.000    999.000    999.000

 Residual Variances
    TRSTLGL            0.561      0.031     18.247      0.000
    TRSTPLC            0.661      0.030     21.764      0.000
    TRSTPLT            0.257      0.024     10.900      0.000
    TRSTPRT            0.314      0.025     12.635      0.000
    TRSTEP             0.447      0.029     15.287      0.000
    TRSTUN             0.627      0.031     20.507      0.000
    W6Q9               0.530      0.033     16.284      0.000
    W6Q10              0.690      0.030     23.223      0.000
    W6Q11              0.165      0.021      8.018      0.000
    W6Q12              0.198      0.021      9.465      0.000
    W6Q13              0.426      0.029     14.474      0.000
    W6Q14              0.601      0.033     18.477      0.000


R-SQUARE

    Observed                                        Two-Tailed
    Variable        Estimate       S.E.  Est./S.E.    P-Value

    TRSTLGL            0.439      0.031     14.265      0.000
    TRSTPLC            0.339      0.030     11.144      0.000
    TRSTPLT            0.743      0.024     31.549      0.000
    TRSTPRT            0.686      0.025     27.557      0.000
    TRSTEP             0.553      0.029     18.921      0.000
    TRSTUN             0.373      0.031     12.179      0.000
    W6Q9               0.470      0.033     14.429      0.000
    W6Q10              0.310      0.030     10.438      0.000
    W6Q11              0.835      0.021     40.476      0.000
    W6Q12              0.802      0.021     38.454      0.000
    W6Q13              0.574      0.029     19.468      0.000
    W6Q14              0.399      0.033     12.269      0.000


QUALITY OF NUMERICAL RESULTS

     Condition Number for the Information Matrix              0.169E-02
       (ratio of smallest to largest eigenvalue)


MODEL MODIFICATION INDICES

NOTE:  Modification indices for direct effects of observed dependent variables
regressed on covariates may not be included.  To include these, request
MODINDICES (ALL).

Minimum M.I. value for printing the modification index     0.100

                                   M.I.     E.P.C.  Std E.P.C.  StdYX E.P.C.

BY Statements

TRUST_ES BY TRSTLGL                0.853    -0.051     -0.079       -0.034
TRUST_ES BY TRSTPLC                0.354    -0.013     -0.021       -0.010
TRUST_ES BY TRSTPLT                0.348     0.016      0.025        0.013
TRUST_ES BY TRSTPRT                0.710     0.024      0.038        0.019
TRUST_ES BY TRSTUN                 0.214    -0.015     -0.023       -0.010
TRUST_ES BY W6Q9                   7.861     0.134      0.210        0.086
TRUST_ES BY W6Q10                  1.215     0.050      0.078        0.034
TRUST_ES BY W6Q11                  1.485    -0.043     -0.067       -0.033
TRUST_ES BY W6Q12                  2.168    -0.052     -0.081       -0.040
TRUST_CR BY TRSTLGL                1.919     0.060      0.100        0.042
TRUST_CR BY TRSTPLT                1.858     0.048      0.080        0.040
TRUST_CR BY TRSTPRT                0.947    -0.035     -0.058       -0.029
TRUST_CR BY TRSTEP                 1.731    -0.051     -0.085       -0.039
TRUST_CR BY TRSTUN                 0.600    -0.035     -0.058       -0.024
TRUST_CR BY W6Q9                   0.853     0.051      0.085        0.035
TRUST_CR BY W6Q10                  0.354     0.016      0.026        0.011
TRUST_CR BY W6Q11                  0.348    -0.010     -0.017       -0.008
TRUST_CR BY W6Q12                  0.710    -0.014     -0.023       -0.012
TRUST_CR BY W6Q14                  0.214     0.012      0.019        0.008

WITH Statements

TRSTPLC  WITH TRSTLGL             98.469     0.963      0.963        0.327
TRSTPLT  WITH TRSTLGL              4.768    -0.194     -0.194       -0.107
TRSTPLT  WITH TRSTPLC             12.930    -0.271     -0.271       -0.159
TRSTPRT  WITH TRSTLGL             19.978    -0.407     -0.407       -0.203
TRSTPRT  WITH TRSTPLC              5.462    -0.181     -0.181       -0.096
TRSTPRT  WITH TRSTPLT             98.828     0.797      0.797        0.688
TRSTEP   WITH TRSTLGL              2.670    -0.166     -0.166       -0.064
TRSTEP   WITH TRSTPLC              1.350    -0.101     -0.101       -0.041
TRSTEP   WITH TRSTPLT             11.530    -0.280     -0.280       -0.186
TRSTEP   WITH TRSTPRT              0.246    -0.041     -0.041       -0.025
TRSTUN   WITH TRSTLGL              0.711    -0.100     -0.100       -0.030
TRSTUN   WITH TRSTPLC              2.399    -0.157     -0.157       -0.050
TRSTUN   WITH TRSTPLT             12.518    -0.324     -0.324       -0.168
TRSTUN   WITH TRSTPRT             12.685    -0.335     -0.335       -0.157
TRSTUN   WITH TRSTEP             108.249     1.092      1.092        0.393
W6Q9     WITH TRSTPLC             10.102    -0.306     -0.306       -0.103
W6Q9     WITH TRSTPLT              1.093     0.090      0.090        0.049
W6Q9     WITH TRSTPRT              3.037     0.155      0.155        0.077
W6Q9     WITH TRSTEP               1.745     0.132      0.132        0.050
W6Q9     WITH TRSTUN               1.901     0.162      0.162        0.048
W6Q10    WITH TRSTLGL              9.252    -0.334     -0.334       -0.099
W6Q10    WITH TRSTPLT              7.398     0.226      0.226        0.116
W6Q10    WITH TRSTPRT              0.524     0.062      0.062        0.029
W6Q10    WITH TRSTUN               0.365    -0.069     -0.069       -0.019
W6Q10    WITH W6Q9               116.277     1.181      1.181        0.348
W6Q11    WITH TRSTLGL              0.246     0.037      0.037        0.025
W6Q11    WITH TRSTPLC              0.585     0.048      0.048        0.035
W6Q11    WITH TRSTPRT              5.804    -0.160     -0.160       -0.169
W6Q11    WITH TRSTEP               0.324     0.038      0.038        0.031
W6Q11    WITH TRSTUN               0.155    -0.030     -0.030       -0.019
W6Q11    WITH W6Q9                23.943    -0.382     -0.382       -0.258
W6Q11    WITH W6Q10               16.858    -0.299     -0.299       -0.188
W6Q12    WITH TRSTPLC              0.618     0.049      0.049        0.033
W6Q12    WITH TRSTPLT              7.668    -0.177     -0.177       -0.194
W6Q12    WITH TRSTEP               0.384    -0.041     -0.041       -0.031
W6Q12    WITH TRSTUN               5.605     0.182      0.182        0.108
W6Q12    WITH W6Q9                29.202    -0.418     -0.418       -0.263
W6Q12    WITH W6Q10               48.348    -0.504     -0.504       -0.297
W6Q12    WITH W6Q11              372.644     1.393      1.393        1.881
W6Q13    WITH TRSTLGL              6.092     0.249      0.249        0.093
W6Q13    WITH TRSTPLC              0.537     0.063      0.063        0.025
W6Q13    WITH TRSTPLT              2.547     0.125      0.125        0.081
W6Q13    WITH TRSTPRT              1.171    -0.087     -0.087       -0.051
W6Q13    WITH TRSTUN              17.867    -0.445     -0.445       -0.156
W6Q13    WITH W6Q9                 6.270     0.254      0.254        0.094
W6Q13    WITH W6Q10                4.979     0.219      0.219        0.076
W6Q13    WITH W6Q11               43.348    -0.484     -0.484       -0.384
W6Q13    WITH W6Q12               18.112    -0.307     -0.307       -0.228
W6Q14    WITH TRSTLGL              4.460     0.248      0.248        0.073
W6Q14    WITH TRSTPLC              0.464     0.069      0.069        0.022
W6Q14    WITH TRSTPLT              0.337     0.052      0.052        0.026
W6Q14    WITH TRSTPRT              0.166     0.038      0.038        0.017
W6Q14    WITH TRSTEP              13.099    -0.377     -0.377       -0.134
W6Q14    WITH W6Q9                13.625     0.434      0.434        0.127
W6Q14    WITH W6Q10               24.759     0.570      0.570        0.156
W6Q14    WITH W6Q11               47.243    -0.548     -0.548       -0.344
W6Q14    WITH W6Q12               54.863    -0.587     -0.587       -0.344
W6Q14    WITH W6Q13              184.541     1.430      1.430        0.493


DIAGRAM INFORMATION

  Use View Diagram under the Diagram menu in the Mplus Editor to view the diagram.
  If running Mplus from the Mplus Diagrammer, the diagram opens automatically.

  Diagram output
    c:\users\msassac6\dropbox (the university of manchester)\papers\melanie revilla\ess_cronos\mplus\trust_ee_scalar2.dg

     Beginning Time:  11:43:16
        Ending Time:  11:43:16
       Elapsed Time:  00:00:00



MUTHEN & MUTHEN
3463 Stoner Ave.
Los Angeles, CA  90066

Tel: (310) 391-9971
Fax: (310) 391-8971
Web: www.StatModel.com
Support: Support@StatModel.com

Copyright (c) 1998-2019 Muthen & Muthen
